<?xml version="1.0" encoding="UTF-8"?>
<testsuite xmlns:xsi="http://www.w3.org/2001/XMLSchema-instance" xsi:noNamespaceSchemaLocation="https://maven.apache.org/surefire/maven-surefire-plugin/xsd/surefire-test-report-3.0.xsd" version="3.0" name="TestSuite" time="426.241" tests="254" errors="0" skipped="0" failures="0">
  <properties>
    <property name="java.specification.version" value="17"/>
    <property name="webdriver.chrome.driver" value="C:\Users\subas\.cache\selenium\chromedriver\win32\114.0.5735.90\chromedriver.exe"/>
    <property name="sun.cpu.isalist" value="amd64"/>
    <property name="sun.jnu.encoding" value="Cp1252"/>
    <property name="java.class.path" value="C:\Users\subas\eclipse-workspace-new\ADsAlgo_Final\target\test-classes;C:\Users\subas\eclipse-workspace-new\ADsAlgo_Final\target\classes;C:\Users\subas\.m2\repository\org\apache\maven\plugins\maven-surefire-plugin\3.1.0\maven-surefire-plugin-3.1.0.jar;C:\Users\subas\.m2\repository\org\apache\maven\surefire\maven-surefire-common\3.1.0\maven-surefire-common-3.1.0.jar;C:\Users\subas\.m2\repository\org\apache\maven\surefire\surefire-api\3.1.0\surefire-api-3.1.0.jar;C:\Users\subas\.m2\repository\org\apache\maven\surefire\surefire-logger-api\3.1.0\surefire-logger-api-3.1.0.jar;C:\Users\subas\.m2\repository\org\apache\maven\surefire\surefire-extensions-api\3.1.0\surefire-extensions-api-3.1.0.jar;C:\Users\subas\.m2\repository\org\apache\maven\surefire\surefire-booter\3.1.0\surefire-booter-3.1.0.jar;C:\Users\subas\.m2\repository\org\apache\maven\surefire\surefire-extensions-spi\3.1.0\surefire-extensions-spi-3.1.0.jar;C:\Users\subas\.m2\repository\org\eclipse\aether\aether-util\1.0.0.v20140518\aether-util-1.0.0.v20140518.jar;C:\Users\subas\.m2\repository\org\eclipse\aether\aether-api\1.0.0.v20140518\aether-api-1.0.0.v20140518.jar;C:\Users\subas\.m2\repository\org\apache\maven\shared\maven-common-artifact-filters\3.1.1\maven-common-artifact-filters-3.1.1.jar;C:\Users\subas\.m2\repository\org\apache\maven\maven-artifact\3.1.0\maven-artifact-3.1.0.jar;C:\Users\subas\.m2\repository\org\codehaus\plexus\plexus-utils\3.0.10\plexus-utils-3.0.10.jar;C:\Users\subas\.m2\repository\org\apache\maven\maven-core\3.1.0\maven-core-3.1.0.jar;C:\Users\subas\.m2\repository\org\apache\maven\maven-settings\3.1.0\maven-settings-3.1.0.jar;C:\Users\subas\.m2\repository\org\apache\maven\maven-settings-builder\3.1.0\maven-settings-builder-3.1.0.jar;C:\Users\subas\.m2\repository\org\apache\maven\maven-repository-metadata\3.1.0\maven-repository-metadata-3.1.0.jar;C:\Users\subas\.m2\repository\org\apache\maven\maven-model-builder\3.1.0\maven-model-builder-3.1.0.jar;C:\Users\subas\.m2\repository\org\apache\maven\maven-aether-provider\3.1.0\maven-aether-provider-3.1.0.jar;C:\Users\subas\.m2\repository\org\eclipse\aether\aether-spi\0.9.0.M2\aether-spi-0.9.0.M2.jar;C:\Users\subas\.m2\repository\org\eclipse\aether\aether-impl\0.9.0.M2\aether-impl-0.9.0.M2.jar;C:\Users\subas\.m2\repository\org\eclipse\sisu\org.eclipse.sisu.plexus\0.0.0.M2a\org.eclipse.sisu.plexus-0.0.0.M2a.jar;C:\Users\subas\.m2\repository\javax\enterprise\cdi-api\1.0\cdi-api-1.0.jar;C:\Users\subas\.m2\repository\javax\annotation\jsr250-api\1.0\jsr250-api-1.0.jar;C:\Users\subas\.m2\repository\javax\inject\javax.inject\1\javax.inject-1.jar;C:\Users\subas\.m2\repository\org\sonatype\sisu\sisu-guice\3.1.0\sisu-guice-3.1.0-no_aop.jar;C:\Users\subas\.m2\repository\aopalliance\aopalliance\1.0\aopalliance-1.0.jar;C:\Users\subas\.m2\repository\org\eclipse\sisu\org.eclipse.sisu.inject\0.0.0.M2a\org.eclipse.sisu.inject-0.0.0.M2a.jar;C:\Users\subas\.m2\repository\asm\asm\3.3.1\asm-3.3.1.jar;C:\Users\subas\.m2\repository\org\codehaus\plexus\plexus-interpolation\1.16\plexus-interpolation-1.16.jar;C:\Users\subas\.m2\repository\org\codehaus\plexus\plexus-classworlds\2.4.2\plexus-classworlds-2.4.2.jar;C:\Users\subas\.m2\repository\org\codehaus\plexus\plexus-component-annotations\1.5.5\plexus-component-annotations-1.5.5.jar;C:\Users\subas\.m2\repository\org\sonatype\plexus\plexus-sec-dispatcher\1.3\plexus-sec-dispatcher-1.3.jar;C:\Users\subas\.m2\repository\org\sonatype\plexus\plexus-cipher\1.4\plexus-cipher-1.4.jar;C:\Users\subas\.m2\repository\org\apache\maven\maven-plugin-api\3.1.0\maven-plugin-api-3.1.0.jar;C:\Users\subas\.m2\repository\org\codehaus\plexus\plexus-java\1.1.2\plexus-java-1.1.2.jar;C:\Users\subas\.m2\repository\org\ow2\asm\asm\9.4\asm-9.4.jar;C:\Users\subas\.m2\repository\com\thoughtworks\qdox\qdox\2.0.3\qdox-2.0.3.jar;C:\Users\subas\.m2\repository\org\apache\maven\surefire\surefire-shared-utils\3.1.0\surefire-shared-utils-3.1.0.jar;C:\Users\subas\.m2\repository\org\apache\maven\plugins\maven-failsafe-plugin\3.1.0\maven-failsafe-plugin-3.1.0.jar;C:\Users\subas\.m2\repository\io\cucumber\cucumber-java\7.2.3\cucumber-java-7.2.3.jar;C:\Users\subas\.m2\repository\io\cucumber\cucumber-core\7.2.3\cucumber-core-7.2.3.jar;C:\Users\subas\.m2\repository\io\cucumber\cucumber-gherkin\7.2.3\cucumber-gherkin-7.2.3.jar;C:\Users\subas\.m2\repository\io\cucumber\cucumber-gherkin-messages\7.2.3\cucumber-gherkin-messages-7.2.3.jar;C:\Users\subas\.m2\repository\io\cucumber\messages\17.1.1\messages-17.1.1.jar;C:\Users\subas\.m2\repository\io\cucumber\tag-expressions\4.1.0\tag-expressions-4.1.0.jar;C:\Users\subas\.m2\repository\io\cucumber\cucumber-expressions\15.0.1\cucumber-expressions-15.0.1.jar;C:\Users\subas\.m2\repository\io\cucumber\datatable\7.2.3\datatable-7.2.3.jar;C:\Users\subas\.m2\repository\io\cucumber\cucumber-plugin\7.2.3\cucumber-plugin-7.2.3.jar;C:\Users\subas\.m2\repository\io\cucumber\docstring\7.2.3\docstring-7.2.3.jar;C:\Users\subas\.m2\repository\io\cucumber\html-formatter\17.0.0\html-formatter-17.0.0.jar;C:\Users\subas\.m2\repository\io\cucumber\ci-environment\8.1.0\ci-environment-8.1.0.jar;C:\Users\subas\.m2\repository\org\apiguardian\apiguardian-api\1.1.2\apiguardian-api-1.1.2.jar;C:\Users\subas\.m2\repository\io\cucumber\cucumber-junit\7.2.3\cucumber-junit-7.2.3.jar;C:\Users\subas\.m2\repository\io\cucumber\cucumber-testng\7.2.3\cucumber-testng-7.2.3.jar;C:\Users\subas\.m2\repository\junit\junit\4.13.2\junit-4.13.2.jar;C:\Users\subas\.m2\repository\org\hamcrest\hamcrest-core\1.3\hamcrest-core-1.3.jar;C:\Users\subas\.m2\repository\org\seleniumhq\selenium\selenium-java\4.9.1\selenium-java-4.9.1.jar;C:\Users\subas\.m2\repository\org\seleniumhq\selenium\selenium-api\4.9.1\selenium-api-4.9.1.jar;C:\Users\subas\.m2\repository\org\seleniumhq\selenium\selenium-chrome-driver\4.9.1\selenium-chrome-driver-4.9.1.jar;C:\Users\subas\.m2\repository\com\google\auto\service\auto-service-annotations\1.0.1\auto-service-annotations-1.0.1.jar;C:\Users\subas\.m2\repository\com\google\auto\service\auto-service\1.0.1\auto-service-1.0.1.jar;C:\Users\subas\.m2\repository\com\google\auto\auto-common\1.2\auto-common-1.2.jar;C:\Users\subas\.m2\repository\com\google\guava\guava\31.1-jre\guava-31.1-jre.jar;C:\Users\subas\.m2\repository\com\google\guava\failureaccess\1.0.1\failureaccess-1.0.1.jar;C:\Users\subas\.m2\repository\com\google\guava\listenablefuture\9999.0-empty-to-avoid-conflict-with-guava\listenablefuture-9999.0-empty-to-avoid-conflict-with-guava.jar;C:\Users\subas\.m2\repository\com\google\code\findbugs\jsr305\3.0.2\jsr305-3.0.2.jar;C:\Users\subas\.m2\repository\org\checkerframework\checker-qual\3.12.0\checker-qual-3.12.0.jar;C:\Users\subas\.m2\repository\com\google\errorprone\error_prone_annotations\2.11.0\error_prone_annotations-2.11.0.jar;C:\Users\subas\.m2\repository\com\google\j2objc\j2objc-annotations\1.3\j2objc-annotations-1.3.jar;C:\Users\subas\.m2\repository\org\seleniumhq\selenium\selenium-chromium-driver\4.9.1\selenium-chromium-driver-4.9.1.jar;C:\Users\subas\.m2\repository\org\seleniumhq\selenium\selenium-json\4.9.1\selenium-json-4.9.1.jar;C:\Users\subas\.m2\repository\org\seleniumhq\selenium\selenium-manager\4.9.1\selenium-manager-4.9.1.jar;C:\Users\subas\.m2\repository\org\seleniumhq\selenium\selenium-devtools-v111\4.9.1\selenium-devtools-v111-4.9.1.jar;C:\Users\subas\.m2\repository\org\seleniumhq\selenium\selenium-devtools-v112\4.9.1\selenium-devtools-v112-4.9.1.jar;C:\Users\subas\.m2\repository\org\seleniumhq\selenium\selenium-devtools-v113\4.9.1\selenium-devtools-v113-4.9.1.jar;C:\Users\subas\.m2\repository\org\seleniumhq\selenium\selenium-devtools-v85\4.9.1\selenium-devtools-v85-4.9.1.jar;C:\Users\subas\.m2\repository\org\seleniumhq\selenium\selenium-edge-driver\4.9.1\selenium-edge-driver-4.9.1.jar;C:\Users\subas\.m2\repository\org\seleniumhq\selenium\selenium-firefox-driver\4.9.1\selenium-firefox-driver-4.9.1.jar;C:\Users\subas\.m2\repository\org\seleniumhq\selenium\selenium-http\4.9.1\selenium-http-4.9.1.jar;C:\Users\subas\.m2\repository\dev\failsafe\failsafe\3.3.1\failsafe-3.3.1.jar;C:\Users\subas\.m2\repository\org\seleniumhq\selenium\selenium-ie-driver\4.9.1\selenium-ie-driver-4.9.1.jar;C:\Users\subas\.m2\repository\org\seleniumhq\selenium\selenium-remote-driver\4.9.1\selenium-remote-driver-4.9.1.jar;C:\Users\subas\.m2\repository\io\netty\netty-buffer\4.1.91.Final\netty-buffer-4.1.91.Final.jar;C:\Users\subas\.m2\repository\io\netty\netty-codec-http\4.1.91.Final\netty-codec-http-4.1.91.Final.jar;C:\Users\subas\.m2\repository\io\netty\netty-codec\4.1.91.Final\netty-codec-4.1.91.Final.jar;C:\Users\subas\.m2\repository\io\netty\netty-handler\4.1.91.Final\netty-handler-4.1.91.Final.jar;C:\Users\subas\.m2\repository\io\netty\netty-common\4.1.91.Final\netty-common-4.1.91.Final.jar;C:\Users\subas\.m2\repository\io\netty\netty-transport-classes-epoll\4.1.91.Final\netty-transport-classes-epoll-4.1.91.Final.jar;C:\Users\subas\.m2\repository\io\netty\netty-transport-classes-kqueue\4.1.91.Final\netty-transport-classes-kqueue-4.1.91.Final.jar;C:\Users\subas\.m2\repository\io\netty\netty-transport-native-epoll\4.1.91.Final\netty-transport-native-epoll-4.1.91.Final.jar;C:\Users\subas\.m2\repository\io\netty\netty-transport-native-kqueue\4.1.91.Final\netty-transport-native-kqueue-4.1.91.Final.jar;C:\Users\subas\.m2\repository\io\netty\netty-transport-native-unix-common\4.1.91.Final\netty-transport-native-unix-common-4.1.91.Final.jar;C:\Users\subas\.m2\repository\io\netty\netty-transport\4.1.91.Final\netty-transport-4.1.91.Final.jar;C:\Users\subas\.m2\repository\io\netty\netty-resolver\4.1.91.Final\netty-resolver-4.1.91.Final.jar;C:\Users\subas\.m2\repository\io\opentelemetry\opentelemetry-api\1.25.0\opentelemetry-api-1.25.0.jar;C:\Users\subas\.m2\repository\io\opentelemetry\opentelemetry-context\1.25.0\opentelemetry-context-1.25.0.jar;C:\Users\subas\.m2\repository\io\opentelemetry\opentelemetry-exporter-logging\1.25.0\opentelemetry-exporter-logging-1.25.0.jar;C:\Users\subas\.m2\repository\io\opentelemetry\opentelemetry-sdk-metrics\1.25.0\opentelemetry-sdk-metrics-1.25.0.jar;C:\Users\subas\.m2\repository\io\opentelemetry\opentelemetry-sdk-logs\1.25.0-alpha\opentelemetry-sdk-logs-1.25.0-alpha.jar;C:\Users\subas\.m2\repository\io\opentelemetry\opentelemetry-api-logs\1.25.0-alpha\opentelemetry-api-logs-1.25.0-alpha.jar;C:\Users\subas\.m2\repository\io\opentelemetry\opentelemetry-api-events\1.25.0-alpha\opentelemetry-api-events-1.25.0-alpha.jar;C:\Users\subas\.m2\repository\io\opentelemetry\opentelemetry-sdk-common\1.25.0\opentelemetry-sdk-common-1.25.0.jar;C:\Users\subas\.m2\repository\io\opentelemetry\opentelemetry-sdk-extension-autoconfigure-spi\1.25.0\opentelemetry-sdk-extension-autoconfigure-spi-1.25.0.jar;C:\Users\subas\.m2\repository\io\opentelemetry\opentelemetry-sdk-extension-autoconfigure\1.25.0-alpha\opentelemetry-sdk-extension-autoconfigure-1.25.0-alpha.jar;C:\Users\subas\.m2\repository\io\opentelemetry\opentelemetry-sdk-trace\1.25.0\opentelemetry-sdk-trace-1.25.0.jar;C:\Users\subas\.m2\repository\io\opentelemetry\opentelemetry-sdk\1.25.0\opentelemetry-sdk-1.25.0.jar;C:\Users\subas\.m2\repository\io\opentelemetry\opentelemetry-semconv\1.25.0-alpha\opentelemetry-semconv-1.25.0-alpha.jar;C:\Users\subas\.m2\repository\io\ous\jtoml\2.0.0\jtoml-2.0.0.jar;C:\Users\subas\.m2\repository\net\bytebuddy\byte-buddy\1.14.4\byte-buddy-1.14.4.jar;C:\Users\subas\.m2\repository\org\apache\commons\commons-exec\1.3\commons-exec-1.3.jar;C:\Users\subas\.m2\repository\org\asynchttpclient\async-http-client\2.12.3\async-http-client-2.12.3.jar;C:\Users\subas\.m2\repository\org\asynchttpclient\async-http-client-netty-utils\2.12.3\async-http-client-netty-utils-2.12.3.jar;C:\Users\subas\.m2\repository\io\netty\netty-codec-socks\4.1.60.Final\netty-codec-socks-4.1.60.Final.jar;C:\Users\subas\.m2\repository\io\netty\netty-handler-proxy\4.1.60.Final\netty-handler-proxy-4.1.60.Final.jar;C:\Users\subas\.m2\repository\io\netty\netty-transport-native-epoll\4.1.60.Final\netty-transport-native-epoll-4.1.60.Final-linux-x86_64.jar;C:\Users\subas\.m2\repository\io\netty\netty-transport-native-kqueue\4.1.60.Final\netty-transport-native-kqueue-4.1.60.Final-osx-x86_64.jar;C:\Users\subas\.m2\repository\org\reactivestreams\reactive-streams\1.0.3\reactive-streams-1.0.3.jar;C:\Users\subas\.m2\repository\com\typesafe\netty\netty-reactive-streams\2.0.4\netty-reactive-streams-2.0.4.jar;C:\Users\subas\.m2\repository\com\sun\activation\jakarta.activation\1.2.2\jakarta.activation-1.2.2.jar;C:\Users\subas\.m2\repository\org\seleniumhq\selenium\selenium-safari-driver\4.9.1\selenium-safari-driver-4.9.1.jar;C:\Users\subas\.m2\repository\org\seleniumhq\selenium\selenium-support\4.9.1\selenium-support-4.9.1.jar;C:\Users\subas\.m2\repository\org\testng\testng\7.7.1\testng-7.7.1.jar;C:\Users\subas\.m2\repository\org\slf4j\slf4j-api\1.7.36\slf4j-api-1.7.36.jar;C:\Users\subas\.m2\repository\com\beust\jcommander\1.82\jcommander-1.82.jar;C:\Users\subas\.m2\repository\org\webjars\jquery\3.6.1\jquery-3.6.1.jar;C:\Users\subas\.m2\repository\io\github\bonigarcia\webdrivermanager\5.3.3\webdrivermanager-5.3.3.jar;C:\Users\subas\.m2\repository\com\google\code\gson\gson\2.10.1\gson-2.10.1.jar;C:\Users\subas\.m2\repository\com\github\docker-java\docker-java\3.3.0\docker-java-3.3.0.jar;C:\Users\subas\.m2\repository\com\github\docker-java\docker-java-core\3.3.0\docker-java-core-3.3.0.jar;C:\Users\subas\.m2\repository\com\github\docker-java\docker-java-api\3.3.0\docker-java-api-3.3.0.jar;C:\Users\subas\.m2\repository\com\fasterxml\jackson\core\jackson-annotations\2.10.3\jackson-annotations-2.10.3.jar;C:\Users\subas\.m2\repository\com\fasterxml\jackson\core\jackson-databind\2.10.3\jackson-databind-2.10.3.jar;C:\Users\subas\.m2\repository\com\fasterxml\jackson\core\jackson-core\2.10.3\jackson-core-2.10.3.jar;C:\Users\subas\.m2\repository\org\bouncycastle\bcpkix-jdk15on\1.64\bcpkix-jdk15on-1.64.jar;C:\Users\subas\.m2\repository\org\bouncycastle\bcprov-jdk15on\1.64\bcprov-jdk15on-1.64.jar;C:\Users\subas\.m2\repository\org\slf4j\jcl-over-slf4j\1.7.30\jcl-over-slf4j-1.7.30.jar;C:\Users\subas\.m2\repository\com\github\docker-java\docker-java-transport-httpclient5\3.3.0\docker-java-transport-httpclient5-3.3.0.jar;C:\Users\subas\.m2\repository\com\github\docker-java\docker-java-transport\3.3.0\docker-java-transport-3.3.0.jar;C:\Users\subas\.m2\repository\net\java\dev\jna\jna\5.12.1\jna-5.12.1.jar;C:\Users\subas\.m2\repository\org\brotli\dec\0.1.2\dec-0.1.2.jar;C:\Users\subas\.m2\repository\org\apache\commons\commons-lang3\3.12.0\commons-lang3-3.12.0.jar;C:\Users\subas\.m2\repository\org\apache\httpcomponents\client5\httpclient5\5.2.1\httpclient5-5.2.1.jar;C:\Users\subas\.m2\repository\org\apache\httpcomponents\core5\httpcore5\5.2\httpcore5-5.2.jar;C:\Users\subas\.m2\repository\org\apache\httpcomponents\core5\httpcore5-h2\5.2\httpcore5-h2-5.2.jar;C:\Users\subas\.m2\repository\tech\grasshopper\extentreports-cucumber7-adapter\1.13.0\extentreports-cucumber7-adapter-1.13.0.jar;C:\Users\subas\.m2\repository\com\aventstack\extentreports\5.0.9\extentreports-5.0.9.jar;C:\Users\subas\.m2\repository\io\reactivex\rxjava3\rxjava\3.0.4\rxjava-3.0.4.jar;C:\Users\subas\.m2\repository\org\freemarker\freemarker\2.3.30\freemarker-2.3.30.jar;C:\Users\subas\.m2\repository\tech\grasshopper\extent-pdf-report\2.11.0\extent-pdf-report-2.11.0.jar;C:\Users\subas\.m2\repository\tech\grasshopper\cucumber-pdf-report\2.13.0\cucumber-pdf-report-2.13.0.jar;C:\Users\subas\.m2\repository\org\apache\pdfbox\pdfbox\2.0.26\pdfbox-2.0.26.jar;C:\Users\subas\.m2\repository\org\apache\pdfbox\fontbox\2.0.26\fontbox-2.0.26.jar;C:\Users\subas\.m2\repository\org\knowm\xchart\xchart\3.8.0\xchart-3.8.0.jar;C:\Users\subas\.m2\repository\de\erichseifert\vectorgraphics2d\VectorGraphics2D\0.13\VectorGraphics2D-0.13.jar;C:\Users\subas\.m2\repository\de\rototor\pdfbox\graphics2d\0.30\graphics2d-0.30.jar;C:\Users\subas\.m2\repository\com\madgag\animated-gif-lib\1.4\animated-gif-lib-1.4.jar;C:\Users\subas\.m2\repository\org\yaml\snakeyaml\2.0\snakeyaml-2.0.jar;C:\Users\subas\.m2\repository\tech\grasshopper\table-layout\1.5.1\table-layout-1.5.1.jar;C:\Users\subas\.m2\repository\tech\grasshopper\rest-assured-cucumber-pdf-report\1.4.1\rest-assured-cucumber-pdf-report-1.4.1.jar;C:\Users\subas\.m2\repository\org\jsoup\jsoup\1.15.3\jsoup-1.15.3.jar;C:\Users\subas\.m2\repository\com\aventstack\klov-reporter\5.0.9\klov-reporter-5.0.9.jar;C:\Users\subas\.m2\repository\org\mongodb\bson\3.6.4\bson-3.6.4.jar;C:\Users\subas\.m2\repository\org\apache\httpcomponents\httpclient\4.5.13\httpclient-4.5.13.jar;C:\Users\subas\.m2\repository\org\apache\httpcomponents\httpcore\4.4.13\httpcore-4.4.13.jar;C:\Users\subas\.m2\repository\commons-logging\commons-logging\1.2\commons-logging-1.2.jar;C:\Users\subas\.m2\repository\org\apache\httpcomponents\httpmime\4.5.13\httpmime-4.5.13.jar;C:\Users\subas\.m2\repository\tech\grasshopper\htmlextentreporter\1.0.1\htmlextentreporter-1.0.1.jar;C:\Users\subas\.m2\repository\tech\grasshopper\extent-excel-report\1.3.0\extent-excel-report-1.3.0.jar;C:\Users\subas\.m2\repository\tech\grasshopper\extentreports-cucumber6-adapter\2.17.0\extentreports-cucumber6-adapter-2.17.0.jar;C:\Users\subas\.m2\repository\org\mongodb\mongodb-driver\3.3.0\mongodb-driver-3.3.0.jar;C:\Users\subas\.m2\repository\org\mongodb\mongodb-driver-core\3.3.0\mongodb-driver-core-3.3.0.jar;C:\Users\subas\.m2\repository\org\apache\logging\log4j\log4j-core\2.19.0\log4j-core-2.19.0.jar;C:\Users\subas\.m2\repository\org\apache\logging\log4j\log4j-api\2.19.0\log4j-api-2.19.0.jar;C:\Users\subas\.m2\repository\org\apache\poi\poi\5.2.3\poi-5.2.3.jar;C:\Users\subas\.m2\repository\commons-codec\commons-codec\1.15\commons-codec-1.15.jar;C:\Users\subas\.m2\repository\org\apache\commons\commons-collections4\4.4\commons-collections4-4.4.jar;C:\Users\subas\.m2\repository\org\apache\commons\commons-math3\3.6.1\commons-math3-3.6.1.jar;C:\Users\subas\.m2\repository\commons-io\commons-io\2.11.0\commons-io-2.11.0.jar;C:\Users\subas\.m2\repository\com\zaxxer\SparseBitSet\1.2\SparseBitSet-1.2.jar;C:\Users\subas\.m2\repository\org\apache\poi\poi-ooxml\5.2.3\poi-ooxml-5.2.3.jar;C:\Users\subas\.m2\repository\org\apache\poi\poi-ooxml-lite\5.2.3\poi-ooxml-lite-5.2.3.jar;C:\Users\subas\.m2\repository\org\apache\xmlbeans\xmlbeans\5.1.1\xmlbeans-5.1.1.jar;C:\Users\subas\.m2\repository\org\apache\commons\commons-compress\1.21\commons-compress-1.21.jar;C:\Users\subas\.m2\repository\com\github\virtuald\curvesapi\1.07\curvesapi-1.07.jar;C:\Users\subas\.m2\repository\io\qameta\allure\allure-testng\2.22.0\allure-testng-2.22.0.jar;C:\Users\subas\.m2\repository\io\qameta\allure\allure-java-commons\2.22.0\allure-java-commons-2.22.0.jar;C:\Users\subas\.m2\repository\io\qameta\allure\allure-model\2.22.0\allure-model-2.22.0.jar;C:\Users\subas\.m2\repository\io\qameta\allure\allure-test-filter\2.22.0\allure-test-filter-2.22.0.jar;C:\Users\subas\.m2\repository\io\qameta\allure\allure-cucumber7-jvm\2.17.3\allure-cucumber7-jvm-2.17.3.jar;C:\Users\subas\.m2\repository\io\cucumber\gherkin\22.0.0\gherkin-22.0.0.jar;C:\Users\subas\.m2\repository\org\projectlombok\lombok\1.18.24\lombok-1.18.24.jar;"/>
    <property name="java.vm.vendor" value="Eclipse Adoptium"/>
    <property name="sun.arch.data.model" value="64"/>
    <property name="user.variant" value=""/>
    <property name="java.vendor.url" value="https://adoptium.net/"/>
    <property name="user.timezone" value="America/New_York"/>
    <property name="os.name" value="Windows 11"/>
    <property name="java.vm.specification.version" value="17"/>
    <property name="sun.java.launcher" value="SUN_STANDARD"/>
    <property name="user.country" value="US"/>
    <property name="sun.boot.library.path" value="C:\Users\subas\.p2\pool\plugins\org.eclipse.justj.openjdk.hotspot.jre.full.win32.x86_64_17.0.7.v20230425-1502\jre\bin"/>
    <property name="sun.java.command" value="C:\Users\subas\AppData\Local\Temp\surefire3056647507133493665\surefirebooter-20230718053309410_3.jar C:\Users\subas\AppData\Local\Temp\surefire3056647507133493665 2023-07-18T05-33-09_172-jvmRun1 surefire-20230718053309410_1tmp surefire_0-20230718053309410_2tmp"/>
    <property name="jdk.debug" value="release"/>
    <property name="surefire.test.class.path" value="C:\Users\subas\eclipse-workspace-new\ADsAlgo_Final\target\test-classes;C:\Users\subas\eclipse-workspace-new\ADsAlgo_Final\target\classes;C:\Users\subas\.m2\repository\org\apache\maven\plugins\maven-surefire-plugin\3.1.0\maven-surefire-plugin-3.1.0.jar;C:\Users\subas\.m2\repository\org\apache\maven\surefire\maven-surefire-common\3.1.0\maven-surefire-common-3.1.0.jar;C:\Users\subas\.m2\repository\org\apache\maven\surefire\surefire-api\3.1.0\surefire-api-3.1.0.jar;C:\Users\subas\.m2\repository\org\apache\maven\surefire\surefire-logger-api\3.1.0\surefire-logger-api-3.1.0.jar;C:\Users\subas\.m2\repository\org\apache\maven\surefire\surefire-extensions-api\3.1.0\surefire-extensions-api-3.1.0.jar;C:\Users\subas\.m2\repository\org\apache\maven\surefire\surefire-booter\3.1.0\surefire-booter-3.1.0.jar;C:\Users\subas\.m2\repository\org\apache\maven\surefire\surefire-extensions-spi\3.1.0\surefire-extensions-spi-3.1.0.jar;C:\Users\subas\.m2\repository\org\eclipse\aether\aether-util\1.0.0.v20140518\aether-util-1.0.0.v20140518.jar;C:\Users\subas\.m2\repository\org\eclipse\aether\aether-api\1.0.0.v20140518\aether-api-1.0.0.v20140518.jar;C:\Users\subas\.m2\repository\org\apache\maven\shared\maven-common-artifact-filters\3.1.1\maven-common-artifact-filters-3.1.1.jar;C:\Users\subas\.m2\repository\org\apache\maven\maven-artifact\3.1.0\maven-artifact-3.1.0.jar;C:\Users\subas\.m2\repository\org\codehaus\plexus\plexus-utils\3.0.10\plexus-utils-3.0.10.jar;C:\Users\subas\.m2\repository\org\apache\maven\maven-core\3.1.0\maven-core-3.1.0.jar;C:\Users\subas\.m2\repository\org\apache\maven\maven-settings\3.1.0\maven-settings-3.1.0.jar;C:\Users\subas\.m2\repository\org\apache\maven\maven-settings-builder\3.1.0\maven-settings-builder-3.1.0.jar;C:\Users\subas\.m2\repository\org\apache\maven\maven-repository-metadata\3.1.0\maven-repository-metadata-3.1.0.jar;C:\Users\subas\.m2\repository\org\apache\maven\maven-model-builder\3.1.0\maven-model-builder-3.1.0.jar;C:\Users\subas\.m2\repository\org\apache\maven\maven-aether-provider\3.1.0\maven-aether-provider-3.1.0.jar;C:\Users\subas\.m2\repository\org\eclipse\aether\aether-spi\0.9.0.M2\aether-spi-0.9.0.M2.jar;C:\Users\subas\.m2\repository\org\eclipse\aether\aether-impl\0.9.0.M2\aether-impl-0.9.0.M2.jar;C:\Users\subas\.m2\repository\org\eclipse\sisu\org.eclipse.sisu.plexus\0.0.0.M2a\org.eclipse.sisu.plexus-0.0.0.M2a.jar;C:\Users\subas\.m2\repository\javax\enterprise\cdi-api\1.0\cdi-api-1.0.jar;C:\Users\subas\.m2\repository\javax\annotation\jsr250-api\1.0\jsr250-api-1.0.jar;C:\Users\subas\.m2\repository\javax\inject\javax.inject\1\javax.inject-1.jar;C:\Users\subas\.m2\repository\org\sonatype\sisu\sisu-guice\3.1.0\sisu-guice-3.1.0-no_aop.jar;C:\Users\subas\.m2\repository\aopalliance\aopalliance\1.0\aopalliance-1.0.jar;C:\Users\subas\.m2\repository\org\eclipse\sisu\org.eclipse.sisu.inject\0.0.0.M2a\org.eclipse.sisu.inject-0.0.0.M2a.jar;C:\Users\subas\.m2\repository\asm\asm\3.3.1\asm-3.3.1.jar;C:\Users\subas\.m2\repository\org\codehaus\plexus\plexus-interpolation\1.16\plexus-interpolation-1.16.jar;C:\Users\subas\.m2\repository\org\codehaus\plexus\plexus-classworlds\2.4.2\plexus-classworlds-2.4.2.jar;C:\Users\subas\.m2\repository\org\codehaus\plexus\plexus-component-annotations\1.5.5\plexus-component-annotations-1.5.5.jar;C:\Users\subas\.m2\repository\org\sonatype\plexus\plexus-sec-dispatcher\1.3\plexus-sec-dispatcher-1.3.jar;C:\Users\subas\.m2\repository\org\sonatype\plexus\plexus-cipher\1.4\plexus-cipher-1.4.jar;C:\Users\subas\.m2\repository\org\apache\maven\maven-plugin-api\3.1.0\maven-plugin-api-3.1.0.jar;C:\Users\subas\.m2\repository\org\codehaus\plexus\plexus-java\1.1.2\plexus-java-1.1.2.jar;C:\Users\subas\.m2\repository\org\ow2\asm\asm\9.4\asm-9.4.jar;C:\Users\subas\.m2\repository\com\thoughtworks\qdox\qdox\2.0.3\qdox-2.0.3.jar;C:\Users\subas\.m2\repository\org\apache\maven\surefire\surefire-shared-utils\3.1.0\surefire-shared-utils-3.1.0.jar;C:\Users\subas\.m2\repository\org\apache\maven\plugins\maven-failsafe-plugin\3.1.0\maven-failsafe-plugin-3.1.0.jar;C:\Users\subas\.m2\repository\io\cucumber\cucumber-java\7.2.3\cucumber-java-7.2.3.jar;C:\Users\subas\.m2\repository\io\cucumber\cucumber-core\7.2.3\cucumber-core-7.2.3.jar;C:\Users\subas\.m2\repository\io\cucumber\cucumber-gherkin\7.2.3\cucumber-gherkin-7.2.3.jar;C:\Users\subas\.m2\repository\io\cucumber\cucumber-gherkin-messages\7.2.3\cucumber-gherkin-messages-7.2.3.jar;C:\Users\subas\.m2\repository\io\cucumber\messages\17.1.1\messages-17.1.1.jar;C:\Users\subas\.m2\repository\io\cucumber\tag-expressions\4.1.0\tag-expressions-4.1.0.jar;C:\Users\subas\.m2\repository\io\cucumber\cucumber-expressions\15.0.1\cucumber-expressions-15.0.1.jar;C:\Users\subas\.m2\repository\io\cucumber\datatable\7.2.3\datatable-7.2.3.jar;C:\Users\subas\.m2\repository\io\cucumber\cucumber-plugin\7.2.3\cucumber-plugin-7.2.3.jar;C:\Users\subas\.m2\repository\io\cucumber\docstring\7.2.3\docstring-7.2.3.jar;C:\Users\subas\.m2\repository\io\cucumber\html-formatter\17.0.0\html-formatter-17.0.0.jar;C:\Users\subas\.m2\repository\io\cucumber\ci-environment\8.1.0\ci-environment-8.1.0.jar;C:\Users\subas\.m2\repository\org\apiguardian\apiguardian-api\1.1.2\apiguardian-api-1.1.2.jar;C:\Users\subas\.m2\repository\io\cucumber\cucumber-junit\7.2.3\cucumber-junit-7.2.3.jar;C:\Users\subas\.m2\repository\io\cucumber\cucumber-testng\7.2.3\cucumber-testng-7.2.3.jar;C:\Users\subas\.m2\repository\junit\junit\4.13.2\junit-4.13.2.jar;C:\Users\subas\.m2\repository\org\hamcrest\hamcrest-core\1.3\hamcrest-core-1.3.jar;C:\Users\subas\.m2\repository\org\seleniumhq\selenium\selenium-java\4.9.1\selenium-java-4.9.1.jar;C:\Users\subas\.m2\repository\org\seleniumhq\selenium\selenium-api\4.9.1\selenium-api-4.9.1.jar;C:\Users\subas\.m2\repository\org\seleniumhq\selenium\selenium-chrome-driver\4.9.1\selenium-chrome-driver-4.9.1.jar;C:\Users\subas\.m2\repository\com\google\auto\service\auto-service-annotations\1.0.1\auto-service-annotations-1.0.1.jar;C:\Users\subas\.m2\repository\com\google\auto\service\auto-service\1.0.1\auto-service-1.0.1.jar;C:\Users\subas\.m2\repository\com\google\auto\auto-common\1.2\auto-common-1.2.jar;C:\Users\subas\.m2\repository\com\google\guava\guava\31.1-jre\guava-31.1-jre.jar;C:\Users\subas\.m2\repository\com\google\guava\failureaccess\1.0.1\failureaccess-1.0.1.jar;C:\Users\subas\.m2\repository\com\google\guava\listenablefuture\9999.0-empty-to-avoid-conflict-with-guava\listenablefuture-9999.0-empty-to-avoid-conflict-with-guava.jar;C:\Users\subas\.m2\repository\com\google\code\findbugs\jsr305\3.0.2\jsr305-3.0.2.jar;C:\Users\subas\.m2\repository\org\checkerframework\checker-qual\3.12.0\checker-qual-3.12.0.jar;C:\Users\subas\.m2\repository\com\google\errorprone\error_prone_annotations\2.11.0\error_prone_annotations-2.11.0.jar;C:\Users\subas\.m2\repository\com\google\j2objc\j2objc-annotations\1.3\j2objc-annotations-1.3.jar;C:\Users\subas\.m2\repository\org\seleniumhq\selenium\selenium-chromium-driver\4.9.1\selenium-chromium-driver-4.9.1.jar;C:\Users\subas\.m2\repository\org\seleniumhq\selenium\selenium-json\4.9.1\selenium-json-4.9.1.jar;C:\Users\subas\.m2\repository\org\seleniumhq\selenium\selenium-manager\4.9.1\selenium-manager-4.9.1.jar;C:\Users\subas\.m2\repository\org\seleniumhq\selenium\selenium-devtools-v111\4.9.1\selenium-devtools-v111-4.9.1.jar;C:\Users\subas\.m2\repository\org\seleniumhq\selenium\selenium-devtools-v112\4.9.1\selenium-devtools-v112-4.9.1.jar;C:\Users\subas\.m2\repository\org\seleniumhq\selenium\selenium-devtools-v113\4.9.1\selenium-devtools-v113-4.9.1.jar;C:\Users\subas\.m2\repository\org\seleniumhq\selenium\selenium-devtools-v85\4.9.1\selenium-devtools-v85-4.9.1.jar;C:\Users\subas\.m2\repository\org\seleniumhq\selenium\selenium-edge-driver\4.9.1\selenium-edge-driver-4.9.1.jar;C:\Users\subas\.m2\repository\org\seleniumhq\selenium\selenium-firefox-driver\4.9.1\selenium-firefox-driver-4.9.1.jar;C:\Users\subas\.m2\repository\org\seleniumhq\selenium\selenium-http\4.9.1\selenium-http-4.9.1.jar;C:\Users\subas\.m2\repository\dev\failsafe\failsafe\3.3.1\failsafe-3.3.1.jar;C:\Users\subas\.m2\repository\org\seleniumhq\selenium\selenium-ie-driver\4.9.1\selenium-ie-driver-4.9.1.jar;C:\Users\subas\.m2\repository\org\seleniumhq\selenium\selenium-remote-driver\4.9.1\selenium-remote-driver-4.9.1.jar;C:\Users\subas\.m2\repository\io\netty\netty-buffer\4.1.91.Final\netty-buffer-4.1.91.Final.jar;C:\Users\subas\.m2\repository\io\netty\netty-codec-http\4.1.91.Final\netty-codec-http-4.1.91.Final.jar;C:\Users\subas\.m2\repository\io\netty\netty-codec\4.1.91.Final\netty-codec-4.1.91.Final.jar;C:\Users\subas\.m2\repository\io\netty\netty-handler\4.1.91.Final\netty-handler-4.1.91.Final.jar;C:\Users\subas\.m2\repository\io\netty\netty-common\4.1.91.Final\netty-common-4.1.91.Final.jar;C:\Users\subas\.m2\repository\io\netty\netty-transport-classes-epoll\4.1.91.Final\netty-transport-classes-epoll-4.1.91.Final.jar;C:\Users\subas\.m2\repository\io\netty\netty-transport-classes-kqueue\4.1.91.Final\netty-transport-classes-kqueue-4.1.91.Final.jar;C:\Users\subas\.m2\repository\io\netty\netty-transport-native-epoll\4.1.91.Final\netty-transport-native-epoll-4.1.91.Final.jar;C:\Users\subas\.m2\repository\io\netty\netty-transport-native-kqueue\4.1.91.Final\netty-transport-native-kqueue-4.1.91.Final.jar;C:\Users\subas\.m2\repository\io\netty\netty-transport-native-unix-common\4.1.91.Final\netty-transport-native-unix-common-4.1.91.Final.jar;C:\Users\subas\.m2\repository\io\netty\netty-transport\4.1.91.Final\netty-transport-4.1.91.Final.jar;C:\Users\subas\.m2\repository\io\netty\netty-resolver\4.1.91.Final\netty-resolver-4.1.91.Final.jar;C:\Users\subas\.m2\repository\io\opentelemetry\opentelemetry-api\1.25.0\opentelemetry-api-1.25.0.jar;C:\Users\subas\.m2\repository\io\opentelemetry\opentelemetry-context\1.25.0\opentelemetry-context-1.25.0.jar;C:\Users\subas\.m2\repository\io\opentelemetry\opentelemetry-exporter-logging\1.25.0\opentelemetry-exporter-logging-1.25.0.jar;C:\Users\subas\.m2\repository\io\opentelemetry\opentelemetry-sdk-metrics\1.25.0\opentelemetry-sdk-metrics-1.25.0.jar;C:\Users\subas\.m2\repository\io\opentelemetry\opentelemetry-sdk-logs\1.25.0-alpha\opentelemetry-sdk-logs-1.25.0-alpha.jar;C:\Users\subas\.m2\repository\io\opentelemetry\opentelemetry-api-logs\1.25.0-alpha\opentelemetry-api-logs-1.25.0-alpha.jar;C:\Users\subas\.m2\repository\io\opentelemetry\opentelemetry-api-events\1.25.0-alpha\opentelemetry-api-events-1.25.0-alpha.jar;C:\Users\subas\.m2\repository\io\opentelemetry\opentelemetry-sdk-common\1.25.0\opentelemetry-sdk-common-1.25.0.jar;C:\Users\subas\.m2\repository\io\opentelemetry\opentelemetry-sdk-extension-autoconfigure-spi\1.25.0\opentelemetry-sdk-extension-autoconfigure-spi-1.25.0.jar;C:\Users\subas\.m2\repository\io\opentelemetry\opentelemetry-sdk-extension-autoconfigure\1.25.0-alpha\opentelemetry-sdk-extension-autoconfigure-1.25.0-alpha.jar;C:\Users\subas\.m2\repository\io\opentelemetry\opentelemetry-sdk-trace\1.25.0\opentelemetry-sdk-trace-1.25.0.jar;C:\Users\subas\.m2\repository\io\opentelemetry\opentelemetry-sdk\1.25.0\opentelemetry-sdk-1.25.0.jar;C:\Users\subas\.m2\repository\io\opentelemetry\opentelemetry-semconv\1.25.0-alpha\opentelemetry-semconv-1.25.0-alpha.jar;C:\Users\subas\.m2\repository\io\ous\jtoml\2.0.0\jtoml-2.0.0.jar;C:\Users\subas\.m2\repository\net\bytebuddy\byte-buddy\1.14.4\byte-buddy-1.14.4.jar;C:\Users\subas\.m2\repository\org\apache\commons\commons-exec\1.3\commons-exec-1.3.jar;C:\Users\subas\.m2\repository\org\asynchttpclient\async-http-client\2.12.3\async-http-client-2.12.3.jar;C:\Users\subas\.m2\repository\org\asynchttpclient\async-http-client-netty-utils\2.12.3\async-http-client-netty-utils-2.12.3.jar;C:\Users\subas\.m2\repository\io\netty\netty-codec-socks\4.1.60.Final\netty-codec-socks-4.1.60.Final.jar;C:\Users\subas\.m2\repository\io\netty\netty-handler-proxy\4.1.60.Final\netty-handler-proxy-4.1.60.Final.jar;C:\Users\subas\.m2\repository\io\netty\netty-transport-native-epoll\4.1.60.Final\netty-transport-native-epoll-4.1.60.Final-linux-x86_64.jar;C:\Users\subas\.m2\repository\io\netty\netty-transport-native-kqueue\4.1.60.Final\netty-transport-native-kqueue-4.1.60.Final-osx-x86_64.jar;C:\Users\subas\.m2\repository\org\reactivestreams\reactive-streams\1.0.3\reactive-streams-1.0.3.jar;C:\Users\subas\.m2\repository\com\typesafe\netty\netty-reactive-streams\2.0.4\netty-reactive-streams-2.0.4.jar;C:\Users\subas\.m2\repository\com\sun\activation\jakarta.activation\1.2.2\jakarta.activation-1.2.2.jar;C:\Users\subas\.m2\repository\org\seleniumhq\selenium\selenium-safari-driver\4.9.1\selenium-safari-driver-4.9.1.jar;C:\Users\subas\.m2\repository\org\seleniumhq\selenium\selenium-support\4.9.1\selenium-support-4.9.1.jar;C:\Users\subas\.m2\repository\org\testng\testng\7.7.1\testng-7.7.1.jar;C:\Users\subas\.m2\repository\org\slf4j\slf4j-api\1.7.36\slf4j-api-1.7.36.jar;C:\Users\subas\.m2\repository\com\beust\jcommander\1.82\jcommander-1.82.jar;C:\Users\subas\.m2\repository\org\webjars\jquery\3.6.1\jquery-3.6.1.jar;C:\Users\subas\.m2\repository\io\github\bonigarcia\webdrivermanager\5.3.3\webdrivermanager-5.3.3.jar;C:\Users\subas\.m2\repository\com\google\code\gson\gson\2.10.1\gson-2.10.1.jar;C:\Users\subas\.m2\repository\com\github\docker-java\docker-java\3.3.0\docker-java-3.3.0.jar;C:\Users\subas\.m2\repository\com\github\docker-java\docker-java-core\3.3.0\docker-java-core-3.3.0.jar;C:\Users\subas\.m2\repository\com\github\docker-java\docker-java-api\3.3.0\docker-java-api-3.3.0.jar;C:\Users\subas\.m2\repository\com\fasterxml\jackson\core\jackson-annotations\2.10.3\jackson-annotations-2.10.3.jar;C:\Users\subas\.m2\repository\com\fasterxml\jackson\core\jackson-databind\2.10.3\jackson-databind-2.10.3.jar;C:\Users\subas\.m2\repository\com\fasterxml\jackson\core\jackson-core\2.10.3\jackson-core-2.10.3.jar;C:\Users\subas\.m2\repository\org\bouncycastle\bcpkix-jdk15on\1.64\bcpkix-jdk15on-1.64.jar;C:\Users\subas\.m2\repository\org\bouncycastle\bcprov-jdk15on\1.64\bcprov-jdk15on-1.64.jar;C:\Users\subas\.m2\repository\org\slf4j\jcl-over-slf4j\1.7.30\jcl-over-slf4j-1.7.30.jar;C:\Users\subas\.m2\repository\com\github\docker-java\docker-java-transport-httpclient5\3.3.0\docker-java-transport-httpclient5-3.3.0.jar;C:\Users\subas\.m2\repository\com\github\docker-java\docker-java-transport\3.3.0\docker-java-transport-3.3.0.jar;C:\Users\subas\.m2\repository\net\java\dev\jna\jna\5.12.1\jna-5.12.1.jar;C:\Users\subas\.m2\repository\org\brotli\dec\0.1.2\dec-0.1.2.jar;C:\Users\subas\.m2\repository\org\apache\commons\commons-lang3\3.12.0\commons-lang3-3.12.0.jar;C:\Users\subas\.m2\repository\org\apache\httpcomponents\client5\httpclient5\5.2.1\httpclient5-5.2.1.jar;C:\Users\subas\.m2\repository\org\apache\httpcomponents\core5\httpcore5\5.2\httpcore5-5.2.jar;C:\Users\subas\.m2\repository\org\apache\httpcomponents\core5\httpcore5-h2\5.2\httpcore5-h2-5.2.jar;C:\Users\subas\.m2\repository\tech\grasshopper\extentreports-cucumber7-adapter\1.13.0\extentreports-cucumber7-adapter-1.13.0.jar;C:\Users\subas\.m2\repository\com\aventstack\extentreports\5.0.9\extentreports-5.0.9.jar;C:\Users\subas\.m2\repository\io\reactivex\rxjava3\rxjava\3.0.4\rxjava-3.0.4.jar;C:\Users\subas\.m2\repository\org\freemarker\freemarker\2.3.30\freemarker-2.3.30.jar;C:\Users\subas\.m2\repository\tech\grasshopper\extent-pdf-report\2.11.0\extent-pdf-report-2.11.0.jar;C:\Users\subas\.m2\repository\tech\grasshopper\cucumber-pdf-report\2.13.0\cucumber-pdf-report-2.13.0.jar;C:\Users\subas\.m2\repository\org\apache\pdfbox\pdfbox\2.0.26\pdfbox-2.0.26.jar;C:\Users\subas\.m2\repository\org\apache\pdfbox\fontbox\2.0.26\fontbox-2.0.26.jar;C:\Users\subas\.m2\repository\org\knowm\xchart\xchart\3.8.0\xchart-3.8.0.jar;C:\Users\subas\.m2\repository\de\erichseifert\vectorgraphics2d\VectorGraphics2D\0.13\VectorGraphics2D-0.13.jar;C:\Users\subas\.m2\repository\de\rototor\pdfbox\graphics2d\0.30\graphics2d-0.30.jar;C:\Users\subas\.m2\repository\com\madgag\animated-gif-lib\1.4\animated-gif-lib-1.4.jar;C:\Users\subas\.m2\repository\org\yaml\snakeyaml\2.0\snakeyaml-2.0.jar;C:\Users\subas\.m2\repository\tech\grasshopper\table-layout\1.5.1\table-layout-1.5.1.jar;C:\Users\subas\.m2\repository\tech\grasshopper\rest-assured-cucumber-pdf-report\1.4.1\rest-assured-cucumber-pdf-report-1.4.1.jar;C:\Users\subas\.m2\repository\org\jsoup\jsoup\1.15.3\jsoup-1.15.3.jar;C:\Users\subas\.m2\repository\com\aventstack\klov-reporter\5.0.9\klov-reporter-5.0.9.jar;C:\Users\subas\.m2\repository\org\mongodb\bson\3.6.4\bson-3.6.4.jar;C:\Users\subas\.m2\repository\org\apache\httpcomponents\httpclient\4.5.13\httpclient-4.5.13.jar;C:\Users\subas\.m2\repository\org\apache\httpcomponents\httpcore\4.4.13\httpcore-4.4.13.jar;C:\Users\subas\.m2\repository\commons-logging\commons-logging\1.2\commons-logging-1.2.jar;C:\Users\subas\.m2\repository\org\apache\httpcomponents\httpmime\4.5.13\httpmime-4.5.13.jar;C:\Users\subas\.m2\repository\tech\grasshopper\htmlextentreporter\1.0.1\htmlextentreporter-1.0.1.jar;C:\Users\subas\.m2\repository\tech\grasshopper\extent-excel-report\1.3.0\extent-excel-report-1.3.0.jar;C:\Users\subas\.m2\repository\tech\grasshopper\extentreports-cucumber6-adapter\2.17.0\extentreports-cucumber6-adapter-2.17.0.jar;C:\Users\subas\.m2\repository\org\mongodb\mongodb-driver\3.3.0\mongodb-driver-3.3.0.jar;C:\Users\subas\.m2\repository\org\mongodb\mongodb-driver-core\3.3.0\mongodb-driver-core-3.3.0.jar;C:\Users\subas\.m2\repository\org\apache\logging\log4j\log4j-core\2.19.0\log4j-core-2.19.0.jar;C:\Users\subas\.m2\repository\org\apache\logging\log4j\log4j-api\2.19.0\log4j-api-2.19.0.jar;C:\Users\subas\.m2\repository\org\apache\poi\poi\5.2.3\poi-5.2.3.jar;C:\Users\subas\.m2\repository\commons-codec\commons-codec\1.15\commons-codec-1.15.jar;C:\Users\subas\.m2\repository\org\apache\commons\commons-collections4\4.4\commons-collections4-4.4.jar;C:\Users\subas\.m2\repository\org\apache\commons\commons-math3\3.6.1\commons-math3-3.6.1.jar;C:\Users\subas\.m2\repository\commons-io\commons-io\2.11.0\commons-io-2.11.0.jar;C:\Users\subas\.m2\repository\com\zaxxer\SparseBitSet\1.2\SparseBitSet-1.2.jar;C:\Users\subas\.m2\repository\org\apache\poi\poi-ooxml\5.2.3\poi-ooxml-5.2.3.jar;C:\Users\subas\.m2\repository\org\apache\poi\poi-ooxml-lite\5.2.3\poi-ooxml-lite-5.2.3.jar;C:\Users\subas\.m2\repository\org\apache\xmlbeans\xmlbeans\5.1.1\xmlbeans-5.1.1.jar;C:\Users\subas\.m2\repository\org\apache\commons\commons-compress\1.21\commons-compress-1.21.jar;C:\Users\subas\.m2\repository\com\github\virtuald\curvesapi\1.07\curvesapi-1.07.jar;C:\Users\subas\.m2\repository\io\qameta\allure\allure-testng\2.22.0\allure-testng-2.22.0.jar;C:\Users\subas\.m2\repository\io\qameta\allure\allure-java-commons\2.22.0\allure-java-commons-2.22.0.jar;C:\Users\subas\.m2\repository\io\qameta\allure\allure-model\2.22.0\allure-model-2.22.0.jar;C:\Users\subas\.m2\repository\io\qameta\allure\allure-test-filter\2.22.0\allure-test-filter-2.22.0.jar;C:\Users\subas\.m2\repository\io\qameta\allure\allure-cucumber7-jvm\2.17.3\allure-cucumber7-jvm-2.17.3.jar;C:\Users\subas\.m2\repository\io\cucumber\gherkin\22.0.0\gherkin-22.0.0.jar;C:\Users\subas\.m2\repository\org\projectlombok\lombok\1.18.24\lombok-1.18.24.jar;"/>
    <property name="sun.cpu.endian" value="little"/>
    <property name="user.home" value="C:\Users\subas"/>
    <property name="user.language" value="en"/>
    <property name="java.specification.vendor" value="Oracle Corporation"/>
    <property name="java.version.date" value="2023-04-18"/>
    <property name="java.home" value="C:\Users\subas\.p2\pool\plugins\org.eclipse.justj.openjdk.hotspot.jre.full.win32.x86_64_17.0.7.v20230425-1502\jre"/>
    <property name="file.separator" value="\"/>
    <property name="style.color" value="always"/>
    <property name="basedir" value="C:\Users\subas\eclipse-workspace-new\ADsAlgo_Final"/>
    <property name="java.vm.compressedOopsMode" value="Zero based"/>
    <property name="line.separator" value="&#10;"/>
    <property name="java.vm.specification.vendor" value="Oracle Corporation"/>
    <property name="java.specification.name" value="Java Platform API Specification"/>
    <property name="surefire.real.class.path" value="C:\Users\subas\AppData\Local\Temp\surefire3056647507133493665\surefirebooter-20230718053309410_3.jar"/>
    <property name="user.script" value=""/>
    <property name="sun.management.compiler" value="HotSpot 64-Bit Tiered Compilers"/>
    <property name="java.runtime.version" value="17.0.7+7"/>
    <property name="webdriver.edge.driver" value="C:\Users\subas\.cache\selenium\msedgedriver\win64\114.0.1823.86\msedgedriver.exe"/>
    <property name="user.name" value="subas"/>
    <property name="path.separator" value=";"/>
    <property name="os.version" value="10.0"/>
    <property name="java.runtime.name" value="OpenJDK Runtime Environment"/>
    <property name="file.encoding" value="Cp1252"/>
    <property name="java.vm.name" value="OpenJDK 64-Bit Server VM"/>
    <property name="java.vendor.version" value="Temurin-17.0.7+7"/>
    <property name="localRepository" value="C:\Users\subas\.m2\repository"/>
    <property name="java.vendor.url.bug" value="https://github.com/adoptium/adoptium-support/issues"/>
    <property name="java.io.tmpdir" value="C:\Users\subas\AppData\Local\Temp\"/>
    <property name="java.version" value="17.0.7"/>
    <property name="user.dir" value="C:\Users\subas\eclipse-workspace-new\ADsAlgo_Final"/>
    <property name="os.arch" value="amd64"/>
    <property name="java.vm.specification.name" value="Java Virtual Machine Specification"/>
    <property name="sun.os.patch.level" value=""/>
    <property name="native.encoding" value="Cp1252"/>
    <property name="java.library.path" value="C:\Users\subas\.p2\pool\plugins\org.eclipse.justj.openjdk.hotspot.jre.full.win32.x86_64_17.0.7.v20230425-1502\jre\bin;C:\WINDOWS\Sun\Java\bin;C:\WINDOWS\system32;C:\WINDOWS;C:/Users/subas/.p2/pool/plugins/org.eclipse.justj.openjdk.hotspot.jre.full.win32.x86_64_17.0.7.v20230425-1502/jre/bin/server;C:/Users/subas/.p2/pool/plugins/org.eclipse.justj.openjdk.hotspot.jre.full.win32.x86_64_17.0.7.v20230425-1502/jre/bin;C:\Program Files\Common Files\Oracle\Java\javapath;C:\app\subas\product\21c\dbhomeXE\bin;C:\Maven\apache-maven-3.9.0\bin;C:\Program Files\Git\cmd;C:\Program Files (x86)\nodejs\;C:\Users\subas\eclipse-workspace23\allure-2.23.0\bin;C:\Program Files\nodejs\node_modules\npm\bin;C:\Users\subas\AppData\Local\Microsoft\WindowsApps;C:\Users\subas\AppData\Local\Programs\Microsoft VS Code\bin;C:\Users\subas\AppData\Local\GitHubDesktop\bin;C:\Users\subas\AppData\Roaming\npm;C:\WINDOWS\System32;;."/>
    <property name="java.vm.info" value="mixed mode"/>
    <property name="java.vendor" value="Eclipse Adoptium"/>
    <property name="java.vm.version" value="17.0.7+7"/>
    <property name="sun.io.unicode.encoding" value="UnicodeLittle"/>
    <property name="java.class.version" value="61.0"/>
  </properties>
  <testcase name="runScenario[&quot;User is on Home Page and clicks on any dropdown &quot;&lt;value&gt;&quot; without sign in&quot;, &quot;Optional[Launch Browser and Test Home Page]&quot;](1)" classname="dsAlgo_TestRunner.TestRunner" time="1.643">
    <system-out><![CDATA[[INFO ]2023-07-18 05:33:12.026 [TestNG-tests-1]LoggerLoad-setting the browser type from test runner class Edge
[INFO ]2023-07-18 05:33:12.026 [TestNG-tests-2]LoggerLoad-setting the browser type from test runner class chrome
[INFO ]2023-07-18 05:33:13.178 [TestNG-tests-2]LoggerLoad-Launching the URL :https://dsportalapp.herokuapp.com/
[INFO ]2023-07-18 05:33:13.178 [TestNG-tests-1]LoggerLoad-Launching the URL :https://dsportalapp.herokuapp.com/
[INFO ]2023-07-18 05:33:13.180 [TestNG-tests-1]LoggerLoad-Driver : Initializing the driver first
[INFO ]2023-07-18 05:33:13.180 [TestNG-tests-2]LoggerLoad-Driver : Initializing the driver first
[INFO ]2023-07-18 05:33:13.180 [TestNG-tests-1]LoggerLoad-Edge Browser is Opening
[INFO ]2023-07-18 05:33:13.181 [TestNG-tests-2]LoggerLoad-chrome Browser is Opening
[INFO ]2023-07-18 05:33:26.418 [TestNG-tests-1]LoggerLoad-inTestStart
[INFO ]2023-07-18 05:33:26.753 [TestNG-tests-2]LoggerLoad-inTestStart


@HomePageTest @HomePage_Before_SignIN
@HomePageTest @HomePage_Before_SignIN
Scenario Outline: User is on Home Page and clicks on any dropdown "<value>" without sign in &amp#27;[90m# src/test/resources/Features/BHomePage.feature:13&amp#27;[0m
Scenario Outline: User is on Home Page and clicks on any dropdown "<value>" without sign in &amp#27;[90m# src/test/resources/Features/BHomePage.feature:13&amp#27;[0m
[INFO ]2023-07-18 05:33:27.439 [TestNG-tests-1]LoggerLoad-Navigated to HomePage:  https://dsportalapp.herokuapp.com/home
  &amp#27;[32mGiven &amp#27;[0m&amp#27;[32muser is on Home Page&amp#27;[0m                                                                &amp#27;[90m# dsAlgo_StepDefinition.BHomePage_SD.user_is_on_home_page()&amp#27;[0m
[INFO ]2023-07-18 05:33:27.470 [TestNG-tests-2]LoggerLoad-Navigated to HomePage:  https://dsportalapp.herokuapp.com/home
  &amp#27;[32mGiven &amp#27;[0m&amp#27;[32muser is on Home Page&amp#27;[0m                                                                &amp#27;[90m# dsAlgo_StepDefinition.BHomePage_SD.user_is_on_home_page()&amp#27;[0m
[INFO ]2023-07-18 05:33:27.487 [TestNG-tests-2]LoggerLoad-User Clicks on Drop Down DataStructures Button
[INFO ]2023-07-18 05:33:27.487 [TestNG-tests-1]LoggerLoad-User Clicks on Drop Down DataStructures Button
  &amp#27;[32mWhen &amp#27;[0m&amp#27;[32mThe user clicks on data structure dropdown before signin&amp#27;[0m                             &amp#27;[90m# dsAlgo_StepDefinition.BHomePage_SD.the_user_clicks_on_data_structure_dropdown_before_signin()&amp#27;[0m
  &amp#27;[32mWhen &amp#27;[0m&amp#27;[32mThe user clicks on data structure dropdown before signin&amp#27;[0m                             &amp#27;[90m# dsAlgo_StepDefinition.BHomePage_SD.the_user_clicks_on_data_structure_dropdown_before_signin()&amp#27;[0m
  &amp#27;[32mThen &amp#27;[0m&amp#27;[32mThe user select any dropdown menu &amp#27;[0m&amp#27;[32m&amp#27;[1m"Arrays"&amp#27;[0m                                           &amp#27;[90m# dsAlgo_StepDefinition.BHomePage_SD.The_user_select_any_dropdown_menu(java.lang.String)&amp#27;[0m
  &amp#27;[32mThen &amp#27;[0m&amp#27;[32mThe user select any dropdown menu &amp#27;[0m&amp#27;[32m&amp#27;[1m"Arrays"&amp#27;[0m                                           &amp#27;[90m# dsAlgo_StepDefinition.BHomePage_SD.The_user_select_any_dropdown_menu(java.lang.String)&amp#27;[0m
  &amp#27;[32mThen &amp#27;[0m&amp#27;[32mThe user should get the error message &amp#27;[0m&amp#27;[32m&amp#27;[1m"You are not logged in"&amp#27;[0m                        &amp#27;[90m# dsAlgo_StepDefinition.BHomePage_SD.The_user_should_get_the_error_message(java.lang.String)&amp#27;[0m
  &amp#27;[32mThen &amp#27;[0m&amp#27;[32mThe user should get the error message &amp#27;[0m&amp#27;[32m&amp#27;[1m"You are not logged in"&amp#27;[0m                        &amp#27;[90m# dsAlgo_StepDefinition.BHomePage_SD.The_user_should_get_the_error_message(java.lang.String)&amp#27;[0m
[INFO ]2023-07-18 05:33:28.385 [TestNG-tests-1]LoggerLoad-Test Success
[INFO ]2023-07-18 05:33:28.385 [TestNG-tests-2]LoggerLoad-Test Success
]]></system-out>
    <system-err><![CDATA[SLF4J: Failed to load class "org.slf4j.impl.StaticLoggerBinder".
SLF4J: Defaulting to no-operation (NOP) logger implementation
SLF4J: See http://www.slf4j.org/codes.html#StaticLoggerBinder for further details.
Starting ChromeDriver 114.0.5735.90 (386bc09e8f4f2e025eddae123f36f6263096ae49-refs/branch-heads/5735@{#1052}) on port 4710
Only local connections are allowed.
Please see https://chromedriver.chromium.org/security-considerations for suggestions on keeping ChromeDriver safe.
ChromeDriver was started successfully.
Starting Microsoft Edge WebDriver 114.0.1823.86 (189c43916f87ed374906f367729c0f1eff2e9beb) on port 9103
To submit feedback, report a bug, or suggest new features, please visit https://github.com/MicrosoftEdge/EdgeWebDriver

Only local connections are allowed.
Please see https://aka.ms/WebDriverSecurity for suggestions on keeping Microsoft Edge WebDriver safe.

Microsoft Edge WebDriver was started successfully.
Jul 18, 2023 5:33:17 AM org.openqa.selenium.devtools.CdpVersionFinder findNearestMatch
WARNING: Unable to find an exact match for CDP version 114, so returning the closest version found: 113
Jul 18, 2023 5:33:19 AM org.openqa.selenium.devtools.CdpVersionFinder findNearestMatch
WARNING: Unable to find an exact match for CDP version 114, so returning the closest version found: 113
]]></system-err>
  </testcase>
  <testcase name="runScenario[&quot;User is on Home Page and clicks on any dropdown &quot;&lt;value&gt;&quot; without sign in&quot;, &quot;Optional[Launch Browser and Test Home Page]&quot;](1)" classname="dsAlgo_TestRunner.TestRunner" time="1.649"/>
  <testcase name="runScenario[&quot;User is on Home Page and clicks on any dropdown &quot;&lt;value&gt;&quot; without sign in&quot;, &quot;Optional[Launch Browser and Test Home Page]&quot;](2)" classname="dsAlgo_TestRunner.TestRunner" time="1.047">
    <system-out><![CDATA[[INFO ]2023-07-18 05:33:28.398 [TestNG-tests-1]LoggerLoad-inTestStart
[INFO ]2023-07-18 05:33:28.399 [TestNG-tests-2]LoggerLoad-inTestStart

@HomePageTest @HomePage_Before_SignIN
Scenario Outline: User is on Home Page and clicks on any dropdown "<value>" without sign in &amp#27;[90m# src/test/resources/Features/BHomePage.feature:14&amp#27;[0m

@HomePageTest @HomePage_Before_SignIN
Scenario Outline: User is on Home Page and clicks on any dropdown "<value>" without sign in &amp#27;[90m# src/test/resources/Features/BHomePage.feature:14&amp#27;[0m
[INFO ]2023-07-18 05:33:28.762 [TestNG-tests-1]LoggerLoad-Navigated to HomePage:  https://dsportalapp.herokuapp.com/home
  &amp#27;[32mGiven &amp#27;[0m&amp#27;[32muser is on Home Page&amp#27;[0m                                                                &amp#27;[90m# dsAlgo_StepDefinition.BHomePage_SD.user_is_on_home_page()&amp#27;[0m
[INFO ]2023-07-18 05:33:28.770 [TestNG-tests-1]LoggerLoad-User Clicks on Drop Down DataStructures Button
  &amp#27;[32mWhen &amp#27;[0m&amp#27;[32mThe user clicks on data structure dropdown before signin&amp#27;[0m                             &amp#27;[90m# dsAlgo_StepDefinition.BHomePage_SD.the_user_clicks_on_data_structure_dropdown_before_signin()&amp#27;[0m
[INFO ]2023-07-18 05:33:28.804 [TestNG-tests-2]LoggerLoad-Navigated to HomePage:  https://dsportalapp.herokuapp.com/home
  &amp#27;[32mGiven &amp#27;[0m&amp#27;[32muser is on Home Page&amp#27;[0m                                                                &amp#27;[90m# dsAlgo_StepDefinition.BHomePage_SD.user_is_on_home_page()&amp#27;[0m
[INFO ]2023-07-18 05:33:28.809 [TestNG-tests-2]LoggerLoad-User Clicks on Drop Down DataStructures Button
  &amp#27;[32mWhen &amp#27;[0m&amp#27;[32mThe user clicks on data structure dropdown before signin&amp#27;[0m                             &amp#27;[90m# dsAlgo_StepDefinition.BHomePage_SD.the_user_clicks_on_data_structure_dropdown_before_signin()&amp#27;[0m
  &amp#27;[32mThen &amp#27;[0m&amp#27;[32mThe user select any dropdown menu &amp#27;[0m&amp#27;[32m&amp#27;[1m"Linked List"&amp#27;[0m                                      &amp#27;[90m# dsAlgo_StepDefinition.BHomePage_SD.The_user_select_any_dropdown_menu(java.lang.String)&amp#27;[0m
  &amp#27;[32mThen &amp#27;[0m&amp#27;[32mThe user should get the error message &amp#27;[0m&amp#27;[32m&amp#27;[1m"You are not logged in"&amp#27;[0m                        &amp#27;[90m# dsAlgo_StepDefinition.BHomePage_SD.The_user_should_get_the_error_message(java.lang.String)&amp#27;[0m
[INFO ]2023-07-18 05:33:29.440 [TestNG-tests-1]LoggerLoad-Test Success
]]></system-out>
  </testcase>
  <testcase name="runScenario[&quot;User is on Home Page and clicks on any dropdown &quot;&lt;value&gt;&quot; without sign in&quot;, &quot;Optional[Launch Browser and Test Home Page]&quot;](2)" classname="dsAlgo_TestRunner.TestRunner" time="0.105">
    <system-out><![CDATA[[INFO ]2023-07-18 05:33:29.450 [TestNG-tests-1]LoggerLoad-inTestStart
  &amp#27;[32mThen &amp#27;[0m&amp#27;[32mThe user select any dropdown menu &amp#27;[0m&amp#27;[32m&amp#27;[1m"Linked List"&amp#27;[0m                                      &amp#27;[90m# dsAlgo_StepDefinition.BHomePage_SD.The_user_select_any_dropdown_menu(java.lang.String)&amp#27;[0m
  &amp#27;[32mThen &amp#27;[0m&amp#27;[32mThe user should get the error message &amp#27;[0m&amp#27;[32m&amp#27;[1m"You are not logged in"&amp#27;[0m                        &amp#27;[90m# dsAlgo_StepDefinition.BHomePage_SD.The_user_should_get_the_error_message(java.lang.String)&amp#27;[0m

@HomePageTest @HomePage_Before_SignIN
Scenario Outline: User is on Home Page and clicks on any dropdown "<value>" without sign in &amp#27;[90m# src/test/resources/Features/BHomePage.feature:15&amp#27;[0m
[INFO ]2023-07-18 05:33:29.543 [TestNG-tests-2]LoggerLoad-Test Success
]]></system-out>
  </testcase>
  <testcase name="runScenario[&quot;User is on Home Page and clicks on any dropdown &quot;&lt;value&gt;&quot; without sign in&quot;, &quot;Optional[Launch Browser and Test Home Page]&quot;](3)" classname="dsAlgo_TestRunner.TestRunner" time="0.834">
    <system-out><![CDATA[[INFO ]2023-07-18 05:33:29.560 [TestNG-tests-2]LoggerLoad-inTestStart

@HomePageTest @HomePage_Before_SignIN
Scenario Outline: User is on Home Page and clicks on any dropdown "<value>" without sign in &amp#27;[90m# src/test/resources/Features/BHomePage.feature:15&amp#27;[0m
[INFO ]2023-07-18 05:33:29.689 [TestNG-tests-1]LoggerLoad-Navigated to HomePage:  https://dsportalapp.herokuapp.com/home
  &amp#27;[32mGiven &amp#27;[0m&amp#27;[32muser is on Home Page&amp#27;[0m                                                                &amp#27;[90m# dsAlgo_StepDefinition.BHomePage_SD.user_is_on_home_page()&amp#27;[0m
[INFO ]2023-07-18 05:33:29.691 [TestNG-tests-1]LoggerLoad-User Clicks on Drop Down DataStructures Button
  &amp#27;[32mWhen &amp#27;[0m&amp#27;[32mThe user clicks on data structure dropdown before signin&amp#27;[0m                             &amp#27;[90m# dsAlgo_StepDefinition.BHomePage_SD.the_user_clicks_on_data_structure_dropdown_before_signin()&amp#27;[0m
[INFO ]2023-07-18 05:33:29.820 [TestNG-tests-2]LoggerLoad-Navigated to HomePage:  https://dsportalapp.herokuapp.com/home
  &amp#27;[32mGiven &amp#27;[0m&amp#27;[32muser is on Home Page&amp#27;[0m                                                                &amp#27;[90m# dsAlgo_StepDefinition.BHomePage_SD.user_is_on_home_page()&amp#27;[0m
[INFO ]2023-07-18 05:33:29.825 [TestNG-tests-2]LoggerLoad-User Clicks on Drop Down DataStructures Button
  &amp#27;[32mWhen &amp#27;[0m&amp#27;[32mThe user clicks on data structure dropdown before signin&amp#27;[0m                             &amp#27;[90m# dsAlgo_StepDefinition.BHomePage_SD.the_user_clicks_on_data_structure_dropdown_before_signin()&amp#27;[0m
  &amp#27;[32mThen &amp#27;[0m&amp#27;[32mThe user select any dropdown menu &amp#27;[0m&amp#27;[32m&amp#27;[1m"Stack"&amp#27;[0m                                            &amp#27;[90m# dsAlgo_StepDefinition.BHomePage_SD.The_user_select_any_dropdown_menu(java.lang.String)&amp#27;[0m
  &amp#27;[32mThen &amp#27;[0m&amp#27;[32mThe user should get the error message &amp#27;[0m&amp#27;[32m&amp#27;[1m"You are not logged in"&amp#27;[0m                        &amp#27;[90m# dsAlgo_StepDefinition.BHomePage_SD.The_user_should_get_the_error_message(java.lang.String)&amp#27;[0m
[INFO ]2023-07-18 05:33:30.383 [TestNG-tests-1]LoggerLoad-Test Success
]]></system-out>
  </testcase>
  <testcase name="runScenario[&quot;User is on Home Page and clicks on any dropdown &quot;&lt;value&gt;&quot; without sign in&quot;, &quot;Optional[Launch Browser and Test Home Page]&quot;](3)" classname="dsAlgo_TestRunner.TestRunner" time="0.237">
    <system-out><![CDATA[[INFO ]2023-07-18 05:33:30.392 [TestNG-tests-1]LoggerLoad-inTestStart

@HomePageTest @HomePage_Before_SignIN
Scenario Outline: User is on Home Page and clicks on any dropdown "<value>" without sign in &amp#27;[90m# src/test/resources/Features/BHomePage.feature:16&amp#27;[0m
  &amp#27;[32mThen &amp#27;[0m&amp#27;[32mThe user select any dropdown menu &amp#27;[0m&amp#27;[32m&amp#27;[1m"Stack"&amp#27;[0m                                            &amp#27;[90m# dsAlgo_StepDefinition.BHomePage_SD.The_user_select_any_dropdown_menu(java.lang.String)&amp#27;[0m
  &amp#27;[32mThen &amp#27;[0m&amp#27;[32mThe user should get the error message &amp#27;[0m&amp#27;[32m&amp#27;[1m"You are not logged in"&amp#27;[0m                        &amp#27;[90m# dsAlgo_StepDefinition.BHomePage_SD.The_user_should_get_the_error_message(java.lang.String)&amp#27;[0m
[INFO ]2023-07-18 05:33:30.622 [TestNG-tests-2]LoggerLoad-Test Success
]]></system-out>
  </testcase>
  <testcase name="runScenario[&quot;User is on Home Page and clicks on any dropdown &quot;&lt;value&gt;&quot; without sign in&quot;, &quot;Optional[Launch Browser and Test Home Page]&quot;](4)" classname="dsAlgo_TestRunner.TestRunner" time="0.714">
    <system-out><![CDATA[[INFO ]2023-07-18 05:33:30.630 [TestNG-tests-1]LoggerLoad-Navigated to HomePage:  https://dsportalapp.herokuapp.com/home
  &amp#27;[32mGiven &amp#27;[0m&amp#27;[32muser is on Home Page&amp#27;[0m                                                                &amp#27;[90m# dsAlgo_StepDefinition.BHomePage_SD.user_is_on_home_page()&amp#27;[0m
[INFO ]2023-07-18 05:33:30.633 [TestNG-tests-2]LoggerLoad-inTestStart
[INFO ]2023-07-18 05:33:30.634 [TestNG-tests-1]LoggerLoad-User Clicks on Drop Down DataStructures Button
  &amp#27;[32mWhen &amp#27;[0m&amp#27;[32mThe user clicks on data structure dropdown before signin&amp#27;[0m                             &amp#27;[90m# dsAlgo_StepDefinition.BHomePage_SD.the_user_clicks_on_data_structure_dropdown_before_signin()&amp#27;[0m

@HomePageTest @HomePage_Before_SignIN
Scenario Outline: User is on Home Page and clicks on any dropdown "<value>" without sign in &amp#27;[90m# src/test/resources/Features/BHomePage.feature:16&amp#27;[0m
[INFO ]2023-07-18 05:33:30.890 [TestNG-tests-2]LoggerLoad-Navigated to HomePage:  https://dsportalapp.herokuapp.com/home
  &amp#27;[32mGiven &amp#27;[0m&amp#27;[32muser is on Home Page&amp#27;[0m                                                                &amp#27;[90m# dsAlgo_StepDefinition.BHomePage_SD.user_is_on_home_page()&amp#27;[0m
[INFO ]2023-07-18 05:33:30.893 [TestNG-tests-2]LoggerLoad-User Clicks on Drop Down DataStructures Button
  &amp#27;[32mWhen &amp#27;[0m&amp#27;[32mThe user clicks on data structure dropdown before signin&amp#27;[0m                             &amp#27;[90m# dsAlgo_StepDefinition.BHomePage_SD.the_user_clicks_on_data_structure_dropdown_before_signin()&amp#27;[0m
  &amp#27;[32mThen &amp#27;[0m&amp#27;[32mThe user select any dropdown menu &amp#27;[0m&amp#27;[32m&amp#27;[1m"Queue"&amp#27;[0m                                            &amp#27;[90m# dsAlgo_StepDefinition.BHomePage_SD.The_user_select_any_dropdown_menu(java.lang.String)&amp#27;[0m
  &amp#27;[32mThen &amp#27;[0m&amp#27;[32mThe user should get the error message &amp#27;[0m&amp#27;[32m&amp#27;[1m"You are not logged in"&amp#27;[0m                        &amp#27;[90m# dsAlgo_StepDefinition.BHomePage_SD.The_user_should_get_the_error_message(java.lang.String)&amp#27;[0m
[INFO ]2023-07-18 05:33:31.337 [TestNG-tests-1]LoggerLoad-Test Success
]]></system-out>
  </testcase>
  <testcase name="runScenario[&quot;User is on Home Page and clicks on any dropdown &quot;&lt;value&gt;&quot; without sign in&quot;, &quot;Optional[Launch Browser and Test Home Page]&quot;](4)" classname="dsAlgo_TestRunner.TestRunner" time="0.326">
    <system-out><![CDATA[[INFO ]2023-07-18 05:33:31.346 [TestNG-tests-1]LoggerLoad-inTestStart

@HomePageTest @HomePage_Before_SignIN
Scenario Outline: User is on Home Page and clicks on any dropdown "<value>" without sign in &amp#27;[90m# src/test/resources/Features/BHomePage.feature:17&amp#27;[0m
[INFO ]2023-07-18 05:33:31.575 [TestNG-tests-1]LoggerLoad-Navigated to HomePage:  https://dsportalapp.herokuapp.com/home
  &amp#27;[32mGiven &amp#27;[0m&amp#27;[32muser is on Home Page&amp#27;[0m                                                                &amp#27;[90m# dsAlgo_StepDefinition.BHomePage_SD.user_is_on_home_page()&amp#27;[0m
[INFO ]2023-07-18 05:33:31.576 [TestNG-tests-1]LoggerLoad-User Clicks on Drop Down DataStructures Button
  &amp#27;[32mWhen &amp#27;[0m&amp#27;[32mThe user clicks on data structure dropdown before signin&amp#27;[0m                             &amp#27;[90m# dsAlgo_StepDefinition.BHomePage_SD.the_user_clicks_on_data_structure_dropdown_before_signin()&amp#27;[0m
  &amp#27;[32mThen &amp#27;[0m&amp#27;[32mThe user select any dropdown menu &amp#27;[0m&amp#27;[32m&amp#27;[1m"Queue"&amp#27;[0m                                            &amp#27;[90m# dsAlgo_StepDefinition.BHomePage_SD.The_user_select_any_dropdown_menu(java.lang.String)&amp#27;[0m
  &amp#27;[32mThen &amp#27;[0m&amp#27;[32mThe user should get the error message &amp#27;[0m&amp#27;[32m&amp#27;[1m"You are not logged in"&amp#27;[0m                        &amp#27;[90m# dsAlgo_StepDefinition.BHomePage_SD.The_user_should_get_the_error_message(java.lang.String)&amp#27;[0m
[INFO ]2023-07-18 05:33:31.665 [TestNG-tests-2]LoggerLoad-Test Success
]]></system-out>
  </testcase>
  <testcase name="runScenario[&quot;User is on Home Page and clicks on any dropdown &quot;&lt;value&gt;&quot; without sign in&quot;, &quot;Optional[Launch Browser and Test Home Page]&quot;](5)" classname="dsAlgo_TestRunner.TestRunner" time="0.599">
    <system-out><![CDATA[[INFO ]2023-07-18 05:33:31.675 [TestNG-tests-2]LoggerLoad-inTestStart

@HomePageTest @HomePage_Before_SignIN
Scenario Outline: User is on Home Page and clicks on any dropdown "<value>" without sign in &amp#27;[90m# src/test/resources/Features/BHomePage.feature:17&amp#27;[0m
[INFO ]2023-07-18 05:33:31.852 [TestNG-tests-2]LoggerLoad-Navigated to HomePage:  https://dsportalapp.herokuapp.com/home
  &amp#27;[32mGiven &amp#27;[0m&amp#27;[32muser is on Home Page&amp#27;[0m                                                                &amp#27;[90m# dsAlgo_StepDefinition.BHomePage_SD.user_is_on_home_page()&amp#27;[0m
[INFO ]2023-07-18 05:33:31.855 [TestNG-tests-2]LoggerLoad-User Clicks on Drop Down DataStructures Button
  &amp#27;[32mWhen &amp#27;[0m&amp#27;[32mThe user clicks on data structure dropdown before signin&amp#27;[0m                             &amp#27;[90m# dsAlgo_StepDefinition.BHomePage_SD.the_user_clicks_on_data_structure_dropdown_before_signin()&amp#27;[0m
  &amp#27;[32mThen &amp#27;[0m&amp#27;[32mThe user select any dropdown menu &amp#27;[0m&amp#27;[32m&amp#27;[1m"Tree"&amp#27;[0m                                             &amp#27;[90m# dsAlgo_StepDefinition.BHomePage_SD.The_user_select_any_dropdown_menu(java.lang.String)&amp#27;[0m
  &amp#27;[32mThen &amp#27;[0m&amp#27;[32mThe user should get the error message &amp#27;[0m&amp#27;[32m&amp#27;[1m"You are not logged in"&amp#27;[0m                        &amp#27;[90m# dsAlgo_StepDefinition.BHomePage_SD.The_user_should_get_the_error_message(java.lang.String)&amp#27;[0m
[INFO ]2023-07-18 05:33:32.267 [TestNG-tests-1]LoggerLoad-Test Success
]]></system-out>
  </testcase>
  <testcase name="runScenario[&quot;User is on Home Page and clicks on any dropdown &quot;&lt;value&gt;&quot; without sign in&quot;, &quot;Optional[Launch Browser and Test Home Page]&quot;](5)" classname="dsAlgo_TestRunner.TestRunner" time="0.336">
    <system-out><![CDATA[[INFO ]2023-07-18 05:33:32.277 [TestNG-tests-1]LoggerLoad-inTestStart

@HomePageTest @HomePage_Before_SignIN
Scenario Outline: User is on Home Page and clicks on any dropdown "<value>" without sign in &amp#27;[90m# src/test/resources/Features/BHomePage.feature:18&amp#27;[0m
[INFO ]2023-07-18 05:33:32.454 [TestNG-tests-1]LoggerLoad-Navigated to HomePage:  https://dsportalapp.herokuapp.com/home
  &amp#27;[32mGiven &amp#27;[0m&amp#27;[32muser is on Home Page&amp#27;[0m                                                                &amp#27;[90m# dsAlgo_StepDefinition.BHomePage_SD.user_is_on_home_page()&amp#27;[0m
[INFO ]2023-07-18 05:33:32.456 [TestNG-tests-1]LoggerLoad-User Clicks on Drop Down DataStructures Button
  &amp#27;[32mWhen &amp#27;[0m&amp#27;[32mThe user clicks on data structure dropdown before signin&amp#27;[0m                             &amp#27;[90m# dsAlgo_StepDefinition.BHomePage_SD.the_user_clicks_on_data_structure_dropdown_before_signin()&amp#27;[0m
  &amp#27;[32mThen &amp#27;[0m&amp#27;[32mThe user select any dropdown menu &amp#27;[0m&amp#27;[32m&amp#27;[1m"Tree"&amp#27;[0m                                             &amp#27;[90m# dsAlgo_StepDefinition.BHomePage_SD.The_user_select_any_dropdown_menu(java.lang.String)&amp#27;[0m
  &amp#27;[32mThen &amp#27;[0m&amp#27;[32mThe user should get the error message &amp#27;[0m&amp#27;[32m&amp#27;[1m"You are not logged in"&amp#27;[0m                        &amp#27;[90m# dsAlgo_StepDefinition.BHomePage_SD.The_user_should_get_the_error_message(java.lang.String)&amp#27;[0m
[INFO ]2023-07-18 05:33:32.603 [TestNG-tests-2]LoggerLoad-Test Success
]]></system-out>
  </testcase>
  <testcase name="runScenario[&quot;User is on Home Page and clicks on any dropdown &quot;&lt;value&gt;&quot; without sign in&quot;, &quot;Optional[Launch Browser and Test Home Page]&quot;](6)" classname="dsAlgo_TestRunner.TestRunner" time="0.553">
    <system-out><![CDATA[[INFO ]2023-07-18 05:33:32.611 [TestNG-tests-2]LoggerLoad-inTestStart

@HomePageTest @HomePage_Before_SignIN
Scenario Outline: User is on Home Page and clicks on any dropdown "<value>" without sign in &amp#27;[90m# src/test/resources/Features/BHomePage.feature:18&amp#27;[0m
[INFO ]2023-07-18 05:33:32.788 [TestNG-tests-2]LoggerLoad-Navigated to HomePage:  https://dsportalapp.herokuapp.com/home
  &amp#27;[32mGiven &amp#27;[0m&amp#27;[32muser is on Home Page&amp#27;[0m                                                                &amp#27;[90m# dsAlgo_StepDefinition.BHomePage_SD.user_is_on_home_page()&amp#27;[0m
[INFO ]2023-07-18 05:33:32.790 [TestNG-tests-2]LoggerLoad-User Clicks on Drop Down DataStructures Button
  &amp#27;[32mWhen &amp#27;[0m&amp#27;[32mThe user clicks on data structure dropdown before signin&amp#27;[0m                             &amp#27;[90m# dsAlgo_StepDefinition.BHomePage_SD.the_user_clicks_on_data_structure_dropdown_before_signin()&amp#27;[0m
  &amp#27;[32mThen &amp#27;[0m&amp#27;[32mThe user select any dropdown menu &amp#27;[0m&amp#27;[32m&amp#27;[1m"Graph"&amp#27;[0m                                            &amp#27;[90m# dsAlgo_StepDefinition.BHomePage_SD.The_user_select_any_dropdown_menu(java.lang.String)&amp#27;[0m
  &amp#27;[32mThen &amp#27;[0m&amp#27;[32mThe user should get the error message &amp#27;[0m&amp#27;[32m&amp#27;[1m"You are not logged in"&amp#27;[0m                        &amp#27;[90m# dsAlgo_StepDefinition.BHomePage_SD.The_user_should_get_the_error_message(java.lang.String)&amp#27;[0m
[INFO ]2023-07-18 05:33:33.158 [TestNG-tests-1]LoggerLoad-Test Success
]]></system-out>
  </testcase>
  <testcase name="runScenario[&quot;User is on Home Page and clicks on any dropdown &quot;&lt;value&gt;&quot; without sign in&quot;, &quot;Optional[Launch Browser and Test Home Page]&quot;](6)" classname="dsAlgo_TestRunner.TestRunner" time="0.325">
    <system-out><![CDATA[[INFO ]2023-07-18 05:33:33.166 [TestNG-tests-1]LoggerLoad-inTestStart

@HomePageTest
Scenario Outline: User is on Home Page and clicks on any getStarted link "Data Structures-Introduction" without sign in &amp#27;[90m# src/test/resources/Features/BHomePage.feature:27&amp#27;[0m
[INFO ]2023-07-18 05:33:33.342 [TestNG-tests-1]LoggerLoad-Navigated to HomePage:  https://dsportalapp.herokuapp.com/home
  &amp#27;[32mGiven &amp#27;[0m&amp#27;[32muser is on Home Page&amp#27;[0m                                                                                            &amp#27;[90m# dsAlgo_StepDefinition.BHomePage_SD.user_is_on_home_page()&amp#27;[0m
  &amp#27;[32mThen &amp#27;[0m&amp#27;[32mThe user select any dropdown menu &amp#27;[0m&amp#27;[32m&amp#27;[1m"Graph"&amp#27;[0m                                            &amp#27;[90m# dsAlgo_StepDefinition.BHomePage_SD.The_user_select_any_dropdown_menu(java.lang.String)&amp#27;[0m
  &amp#27;[32mThen &amp#27;[0m&amp#27;[32mThe user should get the error message &amp#27;[0m&amp#27;[32m&amp#27;[1m"You are not logged in"&amp#27;[0m                        &amp#27;[90m# dsAlgo_StepDefinition.BHomePage_SD.The_user_should_get_the_error_message(java.lang.String)&amp#27;[0m
[INFO ]2023-07-18 05:33:33.484 [TestNG-tests-2]LoggerLoad-Test Success
]]></system-out>
  </testcase>
  <testcase name="runScenario[&quot;User is on Home Page and clicks on any getStarted link &quot;Data Structures-Introduction&quot; without sign in&quot;, &quot;Optional[Launch Browser and Test Home Page]&quot;](7)" classname="dsAlgo_TestRunner.TestRunner" time="0.263">
    <system-out><![CDATA[[INFO ]2023-07-18 05:33:33.492 [TestNG-tests-2]LoggerLoad-inTestStart

@HomePageTest
Scenario Outline: User is on Home Page and clicks on any getStarted link "Data Structures-Introduction" without sign in &amp#27;[90m# src/test/resources/Features/BHomePage.feature:27&amp#27;[0m
  &amp#27;[32mWhen &amp#27;[0m&amp#27;[32mThe user click any of the Get started link before signin &amp#27;[0m&amp#27;[32m&amp#27;[1m"Data Structures-Introduction"&amp#27;[0m&amp#27;[32m in home page&amp#27;[0m             &amp#27;[90m# dsAlgo_StepDefinition.BHomePage_SD.the_user_click_any_of_the_get_started_link_before_signin_in_home_page(java.lang.String)&amp#27;[0m
[INFO ]2023-07-18 05:33:33.720 [TestNG-tests-2]LoggerLoad-Navigated to HomePage:  https://dsportalapp.herokuapp.com/home
  &amp#27;[32mGiven &amp#27;[0m&amp#27;[32muser is on Home Page&amp#27;[0m                                                                                            &amp#27;[90m# dsAlgo_StepDefinition.BHomePage_SD.user_is_on_home_page()&amp#27;[0m
  &amp#27;[32mThen &amp#27;[0m&amp#27;[32mThe user should get the error message &amp#27;[0m&amp#27;[32m&amp#27;[1m"You are not logged in"&amp#27;[0m                                                    &amp#27;[90m# dsAlgo_StepDefinition.BHomePage_SD.The_user_should_get_the_error_message(java.lang.String)&amp#27;[0m
[INFO ]2023-07-18 05:33:33.747 [TestNG-tests-1]LoggerLoad-Test Success
]]></system-out>
  </testcase>
  <testcase name="runScenario[&quot;User is on Home Page and clicks on any getStarted link &quot;Data Structures-Introduction&quot; without sign in&quot;, &quot;Optional[Launch Browser and Test Home Page]&quot;](7)" classname="dsAlgo_TestRunner.TestRunner" time="0.6">
    <system-out><![CDATA[[INFO ]2023-07-18 05:33:33.755 [TestNG-tests-1]LoggerLoad-inTestStart

@HomePageTest
Scenario Outline: User is on Home Page and clicks on any getStarted link "Arrays" without sign in &amp#27;[90m# src/test/resources/Features/BHomePage.feature:28&amp#27;[0m
[INFO ]2023-07-18 05:33:34.173 [TestNG-tests-1]LoggerLoad-Navigated to HomePage:  https://dsportalapp.herokuapp.com/home
  &amp#27;[32mGiven &amp#27;[0m&amp#27;[32muser is on Home Page&amp#27;[0m                                                                      &amp#27;[90m# dsAlgo_StepDefinition.BHomePage_SD.user_is_on_home_page()&amp#27;[0m
  &amp#27;[32mWhen &amp#27;[0m&amp#27;[32mThe user click any of the Get started link before signin &amp#27;[0m&amp#27;[32m&amp#27;[1m"Data Structures-Introduction"&amp#27;[0m&amp#27;[32m in home page&amp#27;[0m             &amp#27;[90m# dsAlgo_StepDefinition.BHomePage_SD.the_user_click_any_of_the_get_started_link_before_signin_in_home_page(java.lang.String)&amp#27;[0m
  &amp#27;[32mThen &amp#27;[0m&amp#27;[32mThe user should get the error message &amp#27;[0m&amp#27;[32m&amp#27;[1m"You are not logged in"&amp#27;[0m                                                    &amp#27;[90m# dsAlgo_StepDefinition.BHomePage_SD.The_user_should_get_the_error_message(java.lang.String)&amp#27;[0m
[INFO ]2023-07-18 05:33:34.349 [TestNG-tests-2]LoggerLoad-Test Success
]]></system-out>
  </testcase>
  <testcase name="runScenario[&quot;User is on Home Page and clicks on any getStarted link &quot;Arrays&quot; without sign in&quot;, &quot;Optional[Launch Browser and Test Home Page]&quot;](8)" classname="dsAlgo_TestRunner.TestRunner" time="0.297">
    <system-out><![CDATA[[INFO ]2023-07-18 05:33:34.357 [TestNG-tests-2]LoggerLoad-inTestStart

@HomePageTest
Scenario Outline: User is on Home Page and clicks on any getStarted link "Arrays" without sign in &amp#27;[90m# src/test/resources/Features/BHomePage.feature:28&amp#27;[0m
  &amp#27;[32mWhen &amp#27;[0m&amp#27;[32mThe user click any of the Get started link before signin &amp#27;[0m&amp#27;[32m&amp#27;[1m"Arrays"&amp#27;[0m&amp#27;[32m in home page&amp#27;[0m             &amp#27;[90m# dsAlgo_StepDefinition.BHomePage_SD.the_user_click_any_of_the_get_started_link_before_signin_in_home_page(java.lang.String)&amp#27;[0m
[INFO ]2023-07-18 05:33:34.598 [TestNG-tests-2]LoggerLoad-Navigated to HomePage:  https://dsportalapp.herokuapp.com/home
  &amp#27;[32mGiven &amp#27;[0m&amp#27;[32muser is on Home Page&amp#27;[0m                                                                      &amp#27;[90m# dsAlgo_StepDefinition.BHomePage_SD.user_is_on_home_page()&amp#27;[0m
  &amp#27;[32mThen &amp#27;[0m&amp#27;[32mThe user should get the error message &amp#27;[0m&amp#27;[32m&amp#27;[1m"You are not logged in"&amp#27;[0m                              &amp#27;[90m# dsAlgo_StepDefinition.BHomePage_SD.The_user_should_get_the_error_message(java.lang.String)&amp#27;[0m
[INFO ]2023-07-18 05:33:34.648 [TestNG-tests-1]LoggerLoad-Test Success
]]></system-out>
  </testcase>
  <testcase name="runScenario[&quot;User is on Home Page and clicks on any getStarted link &quot;Arrays&quot; without sign in&quot;, &quot;Optional[Launch Browser and Test Home Page]&quot;](8)" classname="dsAlgo_TestRunner.TestRunner" time="0.4">
    <system-out><![CDATA[[INFO ]2023-07-18 05:33:34.656 [TestNG-tests-1]LoggerLoad-inTestStart

@HomePageTest
Scenario Outline: User is on Home Page and clicks on any getStarted link "Linked List" without sign in &amp#27;[90m# src/test/resources/Features/BHomePage.feature:29&amp#27;[0m
[INFO ]2023-07-18 05:33:34.898 [TestNG-tests-1]LoggerLoad-Navigated to HomePage:  https://dsportalapp.herokuapp.com/home
  &amp#27;[32mGiven &amp#27;[0m&amp#27;[32muser is on Home Page&amp#27;[0m                                                                           &amp#27;[90m# dsAlgo_StepDefinition.BHomePage_SD.user_is_on_home_page()&amp#27;[0m
  &amp#27;[32mWhen &amp#27;[0m&amp#27;[32mThe user click any of the Get started link before signin &amp#27;[0m&amp#27;[32m&amp#27;[1m"Arrays"&amp#27;[0m&amp#27;[32m in home page&amp#27;[0m             &amp#27;[90m# dsAlgo_StepDefinition.BHomePage_SD.the_user_click_any_of_the_get_started_link_before_signin_in_home_page(java.lang.String)&amp#27;[0m
  &amp#27;[32mThen &amp#27;[0m&amp#27;[32mThe user should get the error message &amp#27;[0m&amp#27;[32m&amp#27;[1m"You are not logged in"&amp#27;[0m                              &amp#27;[90m# dsAlgo_StepDefinition.BHomePage_SD.The_user_should_get_the_error_message(java.lang.String)&amp#27;[0m
[INFO ]2023-07-18 05:33:35.050 [TestNG-tests-2]LoggerLoad-Test Success
]]></system-out>
  </testcase>
  <testcase name="runScenario[&quot;User is on Home Page and clicks on any getStarted link &quot;Linked List&quot; without sign in&quot;, &quot;Optional[Launch Browser and Test Home Page]&quot;](9)" classname="dsAlgo_TestRunner.TestRunner" time="0.374">
    <system-out><![CDATA[[INFO ]2023-07-18 05:33:35.059 [TestNG-tests-2]LoggerLoad-inTestStart

@HomePageTest
Scenario Outline: User is on Home Page and clicks on any getStarted link "Linked List" without sign in &amp#27;[90m# src/test/resources/Features/BHomePage.feature:29&amp#27;[0m
[INFO ]2023-07-18 05:33:35.339 [TestNG-tests-2]LoggerLoad-Navigated to HomePage:  https://dsportalapp.herokuapp.com/home
  &amp#27;[32mGiven &amp#27;[0m&amp#27;[32muser is on Home Page&amp#27;[0m                                                                           &amp#27;[90m# dsAlgo_StepDefinition.BHomePage_SD.user_is_on_home_page()&amp#27;[0m
  &amp#27;[32mWhen &amp#27;[0m&amp#27;[32mThe user click any of the Get started link before signin &amp#27;[0m&amp#27;[32m&amp#27;[1m"Linked List"&amp#27;[0m&amp#27;[32m in home page&amp#27;[0m             &amp#27;[90m# dsAlgo_StepDefinition.BHomePage_SD.the_user_click_any_of_the_get_started_link_before_signin_in_home_page(java.lang.String)&amp#27;[0m
  &amp#27;[32mThen &amp#27;[0m&amp#27;[32mThe user should get the error message &amp#27;[0m&amp#27;[32m&amp#27;[1m"You are not logged in"&amp#27;[0m                                   &amp#27;[90m# dsAlgo_StepDefinition.BHomePage_SD.The_user_should_get_the_error_message(java.lang.String)&amp#27;[0m
[INFO ]2023-07-18 05:33:35.425 [TestNG-tests-1]LoggerLoad-Test Success
]]></system-out>
  </testcase>
  <testcase name="runScenario[&quot;User is on Home Page and clicks on any getStarted link &quot;Linked List&quot; without sign in&quot;, &quot;Optional[Launch Browser and Test Home Page]&quot;](9)" classname="dsAlgo_TestRunner.TestRunner" time="0.37">
    <system-out><![CDATA[[INFO ]2023-07-18 05:33:35.436 [TestNG-tests-1]LoggerLoad-inTestStart

@HomePageTest
Scenario Outline: User is on Home Page and clicks on any getStarted link "Stack" without sign in &amp#27;[90m# src/test/resources/Features/BHomePage.feature:30&amp#27;[0m
[INFO ]2023-07-18 05:33:35.720 [TestNG-tests-1]LoggerLoad-Navigated to HomePage:  https://dsportalapp.herokuapp.com/home
  &amp#27;[32mGiven &amp#27;[0m&amp#27;[32muser is on Home Page&amp#27;[0m                                                                     &amp#27;[90m# dsAlgo_StepDefinition.BHomePage_SD.user_is_on_home_page()&amp#27;[0m
  &amp#27;[32mWhen &amp#27;[0m&amp#27;[32mThe user click any of the Get started link before signin &amp#27;[0m&amp#27;[32m&amp#27;[1m"Linked List"&amp#27;[0m&amp#27;[32m in home page&amp#27;[0m             &amp#27;[90m# dsAlgo_StepDefinition.BHomePage_SD.the_user_click_any_of_the_get_started_link_before_signin_in_home_page(java.lang.String)&amp#27;[0m
  &amp#27;[32mThen &amp#27;[0m&amp#27;[32mThe user should get the error message &amp#27;[0m&amp#27;[32m&amp#27;[1m"You are not logged in"&amp#27;[0m                                   &amp#27;[90m# dsAlgo_StepDefinition.BHomePage_SD.The_user_should_get_the_error_message(java.lang.String)&amp#27;[0m
[INFO ]2023-07-18 05:33:35.797 [TestNG-tests-2]LoggerLoad-Test Success
]]></system-out>
  </testcase>
  <testcase name="runScenario[&quot;User is on Home Page and clicks on any getStarted link &quot;Stack&quot; without sign in&quot;, &quot;Optional[Launch Browser and Test Home Page]&quot;](10)" classname="dsAlgo_TestRunner.TestRunner" time="0.431">
    <system-out><![CDATA[[INFO ]2023-07-18 05:33:35.806 [TestNG-tests-2]LoggerLoad-inTestStart

@HomePageTest
Scenario Outline: User is on Home Page and clicks on any getStarted link "Stack" without sign in &amp#27;[90m# src/test/resources/Features/BHomePage.feature:30&amp#27;[0m
[INFO ]2023-07-18 05:33:36.134 [TestNG-tests-2]LoggerLoad-Navigated to HomePage:  https://dsportalapp.herokuapp.com/home
  &amp#27;[32mGiven &amp#27;[0m&amp#27;[32muser is on Home Page&amp#27;[0m                                                                     &amp#27;[90m# dsAlgo_StepDefinition.BHomePage_SD.user_is_on_home_page()&amp#27;[0m
  &amp#27;[32mWhen &amp#27;[0m&amp#27;[32mThe user click any of the Get started link before signin &amp#27;[0m&amp#27;[32m&amp#27;[1m"Stack"&amp#27;[0m&amp#27;[32m in home page&amp#27;[0m             &amp#27;[90m# dsAlgo_StepDefinition.BHomePage_SD.the_user_click_any_of_the_get_started_link_before_signin_in_home_page(java.lang.String)&amp#27;[0m
  &amp#27;[32mThen &amp#27;[0m&amp#27;[32mThe user should get the error message &amp#27;[0m&amp#27;[32m&amp#27;[1m"You are not logged in"&amp#27;[0m                             &amp#27;[90m# dsAlgo_StepDefinition.BHomePage_SD.The_user_should_get_the_error_message(java.lang.String)&amp#27;[0m
[INFO ]2023-07-18 05:33:36.229 [TestNG-tests-1]LoggerLoad-Test Success
]]></system-out>
  </testcase>
  <testcase name="runScenario[&quot;User is on Home Page and clicks on any getStarted link &quot;Stack&quot; without sign in&quot;, &quot;Optional[Launch Browser and Test Home Page]&quot;](10)" classname="dsAlgo_TestRunner.TestRunner" time="0.429">
    <system-out><![CDATA[[INFO ]2023-07-18 05:33:36.237 [TestNG-tests-1]LoggerLoad-inTestStart

@HomePageTest
Scenario Outline: User is on Home Page and clicks on any getStarted link "Queue" without sign in &amp#27;[90m# src/test/resources/Features/BHomePage.feature:31&amp#27;[0m
[INFO ]2023-07-18 05:33:36.552 [TestNG-tests-1]LoggerLoad-Navigated to HomePage:  https://dsportalapp.herokuapp.com/home
  &amp#27;[32mGiven &amp#27;[0m&amp#27;[32muser is on Home Page&amp#27;[0m                                                                     &amp#27;[90m# dsAlgo_StepDefinition.BHomePage_SD.user_is_on_home_page()&amp#27;[0m
  &amp#27;[32mWhen &amp#27;[0m&amp#27;[32mThe user click any of the Get started link before signin &amp#27;[0m&amp#27;[32m&amp#27;[1m"Stack"&amp#27;[0m&amp#27;[32m in home page&amp#27;[0m             &amp#27;[90m# dsAlgo_StepDefinition.BHomePage_SD.the_user_click_any_of_the_get_started_link_before_signin_in_home_page(java.lang.String)&amp#27;[0m
  &amp#27;[32mThen &amp#27;[0m&amp#27;[32mThe user should get the error message &amp#27;[0m&amp#27;[32m&amp#27;[1m"You are not logged in"&amp#27;[0m                             &amp#27;[90m# dsAlgo_StepDefinition.BHomePage_SD.The_user_should_get_the_error_message(java.lang.String)&amp#27;[0m
[INFO ]2023-07-18 05:33:36.660 [TestNG-tests-2]LoggerLoad-Test Success
]]></system-out>
  </testcase>
  <testcase name="runScenario[&quot;User is on Home Page and clicks on any getStarted link &quot;Queue&quot; without sign in&quot;, &quot;Optional[Launch Browser and Test Home Page]&quot;](11)" classname="dsAlgo_TestRunner.TestRunner" time="0.406">
    <system-out><![CDATA[[INFO ]2023-07-18 05:33:36.670 [TestNG-tests-2]LoggerLoad-inTestStart

@HomePageTest
Scenario Outline: User is on Home Page and clicks on any getStarted link "Queue" without sign in &amp#27;[90m# src/test/resources/Features/BHomePage.feature:31&amp#27;[0m
[INFO ]2023-07-18 05:33:36.942 [TestNG-tests-2]LoggerLoad-Navigated to HomePage:  https://dsportalapp.herokuapp.com/home
  &amp#27;[32mGiven &amp#27;[0m&amp#27;[32muser is on Home Page&amp#27;[0m                                                                     &amp#27;[90m# dsAlgo_StepDefinition.BHomePage_SD.user_is_on_home_page()&amp#27;[0m
  &amp#27;[32mWhen &amp#27;[0m&amp#27;[32mThe user click any of the Get started link before signin &amp#27;[0m&amp#27;[32m&amp#27;[1m"Queue"&amp#27;[0m&amp#27;[32m in home page&amp#27;[0m             &amp#27;[90m# dsAlgo_StepDefinition.BHomePage_SD.the_user_click_any_of_the_get_started_link_before_signin_in_home_page(java.lang.String)&amp#27;[0m
  &amp#27;[32mThen &amp#27;[0m&amp#27;[32mThe user should get the error message &amp#27;[0m&amp#27;[32m&amp#27;[1m"You are not logged in"&amp#27;[0m                             &amp#27;[90m# dsAlgo_StepDefinition.BHomePage_SD.The_user_should_get_the_error_message(java.lang.String)&amp#27;[0m
[INFO ]2023-07-18 05:33:37.066 [TestNG-tests-1]LoggerLoad-Test Success
]]></system-out>
  </testcase>
  <testcase name="runScenario[&quot;User is on Home Page and clicks on any getStarted link &quot;Queue&quot; without sign in&quot;, &quot;Optional[Launch Browser and Test Home Page]&quot;](11)" classname="dsAlgo_TestRunner.TestRunner" time="0.295">
    <system-out><![CDATA[[INFO ]2023-07-18 05:33:37.076 [TestNG-tests-1]LoggerLoad-inTestStart

@HomePageTest
Scenario Outline: User is on Home Page and clicks on any getStarted link "Tree" without sign in &amp#27;[90m# src/test/resources/Features/BHomePage.feature:32&amp#27;[0m
[INFO ]2023-07-18 05:33:37.307 [TestNG-tests-1]LoggerLoad-Navigated to HomePage:  https://dsportalapp.herokuapp.com/home
  &amp#27;[32mGiven &amp#27;[0m&amp#27;[32muser is on Home Page&amp#27;[0m                                                                    &amp#27;[90m# dsAlgo_StepDefinition.BHomePage_SD.user_is_on_home_page()&amp#27;[0m
  &amp#27;[32mWhen &amp#27;[0m&amp#27;[32mThe user click any of the Get started link before signin &amp#27;[0m&amp#27;[32m&amp#27;[1m"Queue"&amp#27;[0m&amp#27;[32m in home page&amp#27;[0m             &amp#27;[90m# dsAlgo_StepDefinition.BHomePage_SD.the_user_click_any_of_the_get_started_link_before_signin_in_home_page(java.lang.String)&amp#27;[0m
  &amp#27;[32mThen &amp#27;[0m&amp#27;[32mThe user should get the error message &amp#27;[0m&amp#27;[32m&amp#27;[1m"You are not logged in"&amp#27;[0m                             &amp#27;[90m# dsAlgo_StepDefinition.BHomePage_SD.The_user_should_get_the_error_message(java.lang.String)&amp#27;[0m
[INFO ]2023-07-18 05:33:37.365 [TestNG-tests-2]LoggerLoad-Test Success
]]></system-out>
  </testcase>
  <testcase name="runScenario[&quot;User is on Home Page and clicks on any getStarted link &quot;Tree&quot; without sign in&quot;, &quot;Optional[Launch Browser and Test Home Page]&quot;](12)" classname="dsAlgo_TestRunner.TestRunner" time="0.449">
    <system-out><![CDATA[[INFO ]2023-07-18 05:33:37.373 [TestNG-tests-2]LoggerLoad-inTestStart

@HomePageTest
Scenario Outline: User is on Home Page and clicks on any getStarted link "Tree" without sign in &amp#27;[90m# src/test/resources/Features/BHomePage.feature:32&amp#27;[0m
[INFO ]2023-07-18 05:33:37.645 [TestNG-tests-2]LoggerLoad-Navigated to HomePage:  https://dsportalapp.herokuapp.com/home
  &amp#27;[32mGiven &amp#27;[0m&amp#27;[32muser is on Home Page&amp#27;[0m                                                                    &amp#27;[90m# dsAlgo_StepDefinition.BHomePage_SD.user_is_on_home_page()&amp#27;[0m
  &amp#27;[32mWhen &amp#27;[0m&amp#27;[32mThe user click any of the Get started link before signin &amp#27;[0m&amp#27;[32m&amp#27;[1m"Tree"&amp#27;[0m&amp#27;[32m in home page&amp#27;[0m             &amp#27;[90m# dsAlgo_StepDefinition.BHomePage_SD.the_user_click_any_of_the_get_started_link_before_signin_in_home_page(java.lang.String)&amp#27;[0m
  &amp#27;[32mThen &amp#27;[0m&amp#27;[32mThe user should get the error message &amp#27;[0m&amp#27;[32m&amp#27;[1m"You are not logged in"&amp#27;[0m                            &amp#27;[90m# dsAlgo_StepDefinition.BHomePage_SD.The_user_should_get_the_error_message(java.lang.String)&amp#27;[0m
[INFO ]2023-07-18 05:33:37.814 [TestNG-tests-1]LoggerLoad-Test Success
]]></system-out>
  </testcase>
  <testcase name="runScenario[&quot;User is on Home Page and clicks on any getStarted link &quot;Tree&quot; without sign in&quot;, &quot;Optional[Launch Browser and Test Home Page]&quot;](12)" classname="dsAlgo_TestRunner.TestRunner" time="0.334">
    <system-out><![CDATA[[INFO ]2023-07-18 05:33:37.823 [TestNG-tests-1]LoggerLoad-inTestStart

@HomePageTest
Scenario Outline: User is on Home Page and clicks on any getStarted link "Graph" without sign in &amp#27;[90m# src/test/resources/Features/BHomePage.feature:33&amp#27;[0m
  &amp#27;[32mWhen &amp#27;[0m&amp#27;[32mThe user click any of the Get started link before signin &amp#27;[0m&amp#27;[32m&amp#27;[1m"Tree"&amp#27;[0m&amp#27;[32m in home page&amp#27;[0m             &amp#27;[90m# dsAlgo_StepDefinition.BHomePage_SD.the_user_click_any_of_the_get_started_link_before_signin_in_home_page(java.lang.String)&amp#27;[0m
[INFO ]2023-07-18 05:33:38.119 [TestNG-tests-1]LoggerLoad-Navigated to HomePage:  https://dsportalapp.herokuapp.com/home
  &amp#27;[32mGiven &amp#27;[0m&amp#27;[32muser is on Home Page&amp#27;[0m                                                                     &amp#27;[90m# dsAlgo_StepDefinition.BHomePage_SD.user_is_on_home_page()&amp#27;[0m
  &amp#27;[32mThen &amp#27;[0m&amp#27;[32mThe user should get the error message &amp#27;[0m&amp#27;[32m&amp#27;[1m"You are not logged in"&amp#27;[0m                            &amp#27;[90m# dsAlgo_StepDefinition.BHomePage_SD.The_user_should_get_the_error_message(java.lang.String)&amp#27;[0m
[INFO ]2023-07-18 05:33:38.151 [TestNG-tests-2]LoggerLoad-Test Success
]]></system-out>
  </testcase>
  <testcase name="runScenario[&quot;User is on Home Page and clicks on any getStarted link &quot;Graph&quot; without sign in&quot;, &quot;Optional[Launch Browser and Test Home Page]&quot;](13)" classname="dsAlgo_TestRunner.TestRunner" time="0.477">
    <system-out><![CDATA[[INFO ]2023-07-18 05:33:38.158 [TestNG-tests-2]LoggerLoad-inTestStart

@HomePageTest
Scenario Outline: User is on Home Page and clicks on any getStarted link "Graph" without sign in &amp#27;[90m# src/test/resources/Features/BHomePage.feature:33&amp#27;[0m
[INFO ]2023-07-18 05:33:38.428 [TestNG-tests-2]LoggerLoad-Navigated to HomePage:  https://dsportalapp.herokuapp.com/home
  &amp#27;[32mGiven &amp#27;[0m&amp#27;[32muser is on Home Page&amp#27;[0m                                                                     &amp#27;[90m# dsAlgo_StepDefinition.BHomePage_SD.user_is_on_home_page()&amp#27;[0m
  &amp#27;[32mWhen &amp#27;[0m&amp#27;[32mThe user click any of the Get started link before signin &amp#27;[0m&amp#27;[32m&amp#27;[1m"Graph"&amp#27;[0m&amp#27;[32m in home page&amp#27;[0m             &amp#27;[90m# dsAlgo_StepDefinition.BHomePage_SD.the_user_click_any_of_the_get_started_link_before_signin_in_home_page(java.lang.String)&amp#27;[0m
  &amp#27;[32mThen &amp#27;[0m&amp#27;[32mThe user should get the error message &amp#27;[0m&amp#27;[32m&amp#27;[1m"You are not logged in"&amp#27;[0m                             &amp#27;[90m# dsAlgo_StepDefinition.BHomePage_SD.The_user_should_get_the_error_message(java.lang.String)&amp#27;[0m
[INFO ]2023-07-18 05:33:38.627 [TestNG-tests-1]LoggerLoad-Test Success
]]></system-out>
  </testcase>
  <testcase name="runScenario[&quot;User is on Home Page and clicks on any getStarted link &quot;Graph&quot; without sign in&quot;, &quot;Optional[Launch Browser and Test Home Page]&quot;](13)" classname="dsAlgo_TestRunner.TestRunner" time="0.394">
    <system-out><![CDATA[[INFO ]2023-07-18 05:33:38.637 [TestNG-tests-1]LoggerLoad-inTestStart

@HomePageTest @SignIn_from_Homepage
Scenario: User is on Home page and Clicks on Signin              &amp#27;[90m# src/test/resources/Features/BHomePage.feature:36&amp#27;[0m
[INFO ]2023-07-18 05:33:38.967 [TestNG-tests-1]LoggerLoad-Navigated to HomePage:  https://dsportalapp.herokuapp.com/home
  &amp#27;[32mGiven &amp#27;[0m&amp#27;[32muser is on Home Page&amp#27;[0m                                     &amp#27;[90m# dsAlgo_StepDefinition.BHomePage_SD.user_is_on_home_page()&amp#27;[0m
  &amp#27;[32mWhen &amp#27;[0m&amp#27;[32mThe user click any of the Get started link before signin &amp#27;[0m&amp#27;[32m&amp#27;[1m"Graph"&amp#27;[0m&amp#27;[32m in home page&amp#27;[0m             &amp#27;[90m# dsAlgo_StepDefinition.BHomePage_SD.the_user_click_any_of_the_get_started_link_before_signin_in_home_page(java.lang.String)&amp#27;[0m
  &amp#27;[32mThen &amp#27;[0m&amp#27;[32mThe user should get the error message &amp#27;[0m&amp#27;[32m&amp#27;[1m"You are not logged in"&amp#27;[0m                             &amp#27;[90m# dsAlgo_StepDefinition.BHomePage_SD.The_user_should_get_the_error_message(java.lang.String)&amp#27;[0m
[INFO ]2023-07-18 05:33:39.023 [TestNG-tests-2]LoggerLoad-Test Success
]]></system-out>
  </testcase>
  <testcase name="runScenario[&quot;User is on Home page and Clicks on Signin&quot;, &quot;Optional[Launch Browser and Test Home Page]&quot;](14)" classname="dsAlgo_TestRunner.TestRunner" time="0.429">
    <system-out><![CDATA[[INFO ]2023-07-18 05:33:39.033 [TestNG-tests-2]LoggerLoad-inTestStart

@HomePageTest @SignIn_from_Homepage
Scenario: User is on Home page and Clicks on Signin              &amp#27;[90m# src/test/resources/Features/BHomePage.feature:36&amp#27;[0m
[INFO ]2023-07-18 05:33:39.344 [TestNG-tests-2]LoggerLoad-Navigated to HomePage:  https://dsportalapp.herokuapp.com/home
  &amp#27;[32mGiven &amp#27;[0m&amp#27;[32muser is on Home Page&amp#27;[0m                                     &amp#27;[90m# dsAlgo_StepDefinition.BHomePage_SD.user_is_on_home_page()&amp#27;[0m
[INFO ]2023-07-18 05:33:39.417 [TestNG-tests-1]LoggerLoad-user should be navigated to sign page : https://dsportalapp.herokuapp.com/login
  &amp#27;[32mWhen &amp#27;[0m&amp#27;[32muser clicks on SignIn button he is directed to login page&amp#27;[0m &amp#27;[90m# dsAlgo_StepDefinition.BHomePage_SD.user_clicks_on_sign_in_link()&amp#27;[0m
[INFO ]2023-07-18 05:33:39.442 [TestNG-tests-1]LoggerLoad-Login page check https://dsportalapp.herokuapp.com/login
  &amp#27;[32mThen &amp#27;[0m&amp#27;[32muser validates the login page&amp#27;[0m                             &amp#27;[90m# dsAlgo_StepDefinition.BHomePage_SD.user_validates_the_login_page()&amp#27;[0m
[INFO ]2023-07-18 05:33:39.456 [TestNG-tests-1]LoggerLoad-Test Success
]]></system-out>
  </testcase>
  <testcase name="runScenario[&quot;User is on Home page and Clicks on Signin&quot;, &quot;Optional[Launch Browser and Test Home Page]&quot;](14)" classname="dsAlgo_TestRunner.TestRunner" time="0.403">
    <system-out><![CDATA[[INFO ]2023-07-18 05:33:39.464 [TestNG-tests-1]LoggerLoad-inTestStart

@HomePageTest @RegisterBtn_from_Homepage
Scenario: User is on Home page and Clicks on Register                 &amp#27;[90m# src/test/resources/Features/BHomePage.feature:42&amp#27;[0m
[INFO ]2023-07-18 05:33:39.750 [TestNG-tests-1]LoggerLoad-Navigated to HomePage:  https://dsportalapp.herokuapp.com/home
  &amp#27;[32mGiven &amp#27;[0m&amp#27;[32muser is on Home Page&amp#27;[0m                                          &amp#27;[90m# dsAlgo_StepDefinition.BHomePage_SD.user_is_on_home_page()&amp#27;[0m
[INFO ]2023-07-18 05:33:39.824 [TestNG-tests-2]LoggerLoad-user should be navigated to sign page : https://dsportalapp.herokuapp.com/login
  &amp#27;[32mWhen &amp#27;[0m&amp#27;[32muser clicks on SignIn button he is directed to login page&amp#27;[0m &amp#27;[90m# dsAlgo_StepDefinition.BHomePage_SD.user_clicks_on_sign_in_link()&amp#27;[0m
[INFO ]2023-07-18 05:33:39.843 [TestNG-tests-2]LoggerLoad-Login page check https://dsportalapp.herokuapp.com/login
  &amp#27;[32mThen &amp#27;[0m&amp#27;[32muser validates the login page&amp#27;[0m                             &amp#27;[90m# dsAlgo_StepDefinition.BHomePage_SD.user_validates_the_login_page()&amp#27;[0m
[INFO ]2023-07-18 05:33:39.860 [TestNG-tests-2]LoggerLoad-Test Success
]]></system-out>
  </testcase>
  <testcase name="runScenario[&quot;User is on Home page and Clicks on Register&quot;, &quot;Optional[Launch Browser and Test Home Page]&quot;](15)" classname="dsAlgo_TestRunner.TestRunner" time="0.405">
    <system-out><![CDATA[[INFO ]2023-07-18 05:33:39.872 [TestNG-tests-2]LoggerLoad-inTestStart

@HomePageTest @RegisterBtn_from_Homepage
Scenario: User is on Home page and Clicks on Register                 &amp#27;[90m# src/test/resources/Features/BHomePage.feature:42&amp#27;[0m
[INFO ]2023-07-18 05:33:40.096 [TestNG-tests-2]LoggerLoad-Navigated to HomePage:  https://dsportalapp.herokuapp.com/home
  &amp#27;[32mGiven &amp#27;[0m&amp#27;[32muser is on Home Page&amp#27;[0m                                          &amp#27;[90m# dsAlgo_StepDefinition.BHomePage_SD.user_is_on_home_page()&amp#27;[0m
  &amp#27;[32mWhen &amp#27;[0m&amp#27;[32muser clicks on Register button he is directed to register page&amp#27;[0m &amp#27;[90m# dsAlgo_StepDefinition.BHomePage_SD.user_clicks_on_register_link()&amp#27;[0m
  &amp#27;[32mThen &amp#27;[0m&amp#27;[32muser validates the register page&amp#27;[0m                               &amp#27;[90m# dsAlgo_StepDefinition.BHomePage_SD.user_validates_the_register_page()&amp#27;[0m
[INFO ]2023-07-18 05:33:40.271 [TestNG-tests-1]LoggerLoad-Test Success
]]></system-out>
  </testcase>
  <testcase name="runScenario[&quot;User is on Home page and Clicks on Register&quot;, &quot;Optional[Launch Browser and Test Home Page]&quot;](15)" classname="dsAlgo_TestRunner.TestRunner" time="0.258">
    <system-out><![CDATA[[INFO ]2023-07-18 05:33:40.278 [TestNG-tests-1]LoggerLoad-inTestStart

@RegisterPageTest @RegisterTest_Emptyfields
Scenario: To verify Register Form with Empty fields                                    &amp#27;[90m# src/test/resources/Features/CRegisterPage.feature:6&amp#27;[0m
  &amp#27;[32mWhen &amp#27;[0m&amp#27;[32muser clicks on Register button he is directed to register page&amp#27;[0m &amp#27;[90m# dsAlgo_StepDefinition.BHomePage_SD.user_clicks_on_register_link()&amp#27;[0m
  &amp#27;[32mThen &amp#27;[0m&amp#27;[32muser validates the register page&amp#27;[0m                               &amp#27;[90m# dsAlgo_StepDefinition.BHomePage_SD.user_validates_the_register_page()&amp#27;[0m
[INFO ]2023-07-18 05:33:40.528 [TestNG-tests-2]LoggerLoad-Test Success
]]></system-out>
  </testcase>
  <testcase name="runScenario[&quot;To verify Register Form with Empty fields&quot;, &quot;Optional[Registration verification and validation]&quot;](16)" classname="dsAlgo_TestRunner.TestRunner" time="0.572">
    <system-out><![CDATA[[INFO ]2023-07-18 05:33:40.537 [TestNG-tests-2]LoggerLoad-inTestStart

@RegisterPageTest @RegisterTest_Emptyfields
Scenario: To verify Register Form with Empty fields                                    &amp#27;[90m# src/test/resources/Features/CRegisterPage.feature:6&amp#27;[0m
[INFO ]2023-07-18 05:33:40.729 [TestNG-tests-1]LoggerLoad-Navigated to registerurl https://dsportalapp.herokuapp.com/register
  &amp#27;[32mGiven &amp#27;[0m&amp#27;[32mThe user opens Register Page&amp#27;[0m                                                   &amp#27;[90m# dsAlgo_StepDefinition.CRegisterPage_SD.the_user_opens_register_page()&amp#27;[0m
[INFO ]2023-07-18 05:33:40.835 [TestNG-tests-2]LoggerLoad-Navigated to registerurl https://dsportalapp.herokuapp.com/register
  &amp#27;[32mGiven &amp#27;[0m&amp#27;[32mThe user opens Register Page&amp#27;[0m                                                   &amp#27;[90m# dsAlgo_StepDefinition.CRegisterPage_SD.the_user_opens_register_page()&amp#27;[0m
  &amp#27;[32mWhen &amp#27;[0m&amp#27;[32mUser click Register with all empty field&amp#27;[0m                                        &amp#27;[90m# dsAlgo_StepDefinition.CRegisterPage_SD.the_user_clicks_register_button_with_all_fields_empty()&amp#27;[0m
  &amp#27;[32mWhen &amp#27;[0m&amp#27;[32mUser click Register with all empty field&amp#27;[0m                                        &amp#27;[90m# dsAlgo_StepDefinition.CRegisterPage_SD.the_user_clicks_register_button_with_all_fields_empty()&amp#27;[0m
  &amp#27;[32mThen &amp#27;[0m&amp#27;[32mIt should display an error &amp#27;[0m&amp#27;[32m&amp#27;[1m"Please fill out this field."&amp#27;[0m&amp#27;[32m below username textbox&amp#27;[0m &amp#27;[90m# dsAlgo_StepDefinition.CRegisterPage_SD.it_should_display_an_error_below_username_textbox(java.lang.String)&amp#27;[0m
[INFO ]2023-07-18 05:33:41.103 [TestNG-tests-1]LoggerLoad-Test Success
]]></system-out>
  </testcase>
  <testcase name="runScenario[&quot;To verify Register Form with Empty fields&quot;, &quot;Optional[Registration verification and validation]&quot;](16)" classname="dsAlgo_TestRunner.TestRunner" time="0.17">
    <system-out><![CDATA[[INFO ]2023-07-18 05:33:41.113 [TestNG-tests-1]LoggerLoad-inTestStart

@RegisterPageTest @RegisterTest_withonly_username
Scenario: The user is presented with error message for empty fields below password textbox &amp#27;[90m# src/test/resources/Features/CRegisterPage.feature:12&amp#27;[0m
  &amp#27;[32mThen &amp#27;[0m&amp#27;[32mIt should display an error &amp#27;[0m&amp#27;[32m&amp#27;[1m"Please fill out this field."&amp#27;[0m&amp#27;[32m below username textbox&amp#27;[0m &amp#27;[90m# dsAlgo_StepDefinition.CRegisterPage_SD.it_should_display_an_error_below_username_textbox(java.lang.String)&amp#27;[0m
[INFO ]2023-07-18 05:33:41.266 [TestNG-tests-2]LoggerLoad-Test Success
]]></system-out>
  </testcase>
  <testcase name="runScenario[&quot;The user is presented with error message for empty fields below password textbox&quot;, &quot;Optional[Registration verification and validation]&quot;](17)" classname="dsAlgo_TestRunner.TestRunner" time="0.727">
    <system-out><![CDATA[[INFO ]2023-07-18 05:33:41.288 [TestNG-tests-2]LoggerLoad-inTestStart

@RegisterPageTest @RegisterTest_withonly_username
Scenario: The user is presented with error message for empty fields below password textbox &amp#27;[90m# src/test/resources/Features/CRegisterPage.feature:12&amp#27;[0m
[INFO ]2023-07-18 05:33:41.671 [TestNG-tests-1]LoggerLoad-Navigated to registerurl https://dsportalapp.herokuapp.com/register
  &amp#27;[32mGiven &amp#27;[0m&amp#27;[32mThe user opens Register Page&amp#27;[0m                                                       &amp#27;[90m# dsAlgo_StepDefinition.CRegisterPage_SD.the_user_opens_register_page()&amp#27;[0m
[INFO ]2023-07-18 05:33:41.732 [TestNG-tests-2]LoggerLoad-Navigated to registerurl https://dsportalapp.herokuapp.com/register
  &amp#27;[32mGiven &amp#27;[0m&amp#27;[32mThe user opens Register Page&amp#27;[0m                                                       &amp#27;[90m# dsAlgo_StepDefinition.CRegisterPage_SD.the_user_opens_register_page()&amp#27;[0m
  &amp#27;[32mWhen &amp#27;[0m&amp#27;[32mThe user clicks Register button after entering username with other fields empty&amp#27;[0m     &amp#27;[90m# dsAlgo_StepDefinition.CRegisterPage_SD.the_user_clicks_register_button_after_entering_username_with_other_fields_empty(io.cucumber.datatable.DataTable)&amp#27;[0m
    | username  |
    | Sdet@1234 |
  &amp#27;[32mThen &amp#27;[0m&amp#27;[32mIt should display an error &amp#27;[0m&amp#27;[32m&amp#27;[1m"Please fill out this field."&amp#27;[0m&amp#27;[32m below password textbox&amp#27;[0m     &amp#27;[90m# dsAlgo_StepDefinition.CRegisterPage_SD.it_should_display_an_error_below_password_textbox(java.lang.String)&amp#27;[0m
[INFO ]2023-07-18 05:33:42.006 [TestNG-tests-1]LoggerLoad-Test Success
]]></system-out>
  </testcase>
  <testcase name="runScenario[&quot;The user is presented with error message for empty fields below password textbox&quot;, &quot;Optional[Registration verification and validation]&quot;](17)" classname="dsAlgo_TestRunner.TestRunner" time="0.064">
    <system-out><![CDATA[[INFO ]2023-07-18 05:33:42.022 [TestNG-tests-1]LoggerLoad-inTestStart
  &amp#27;[32mWhen &amp#27;[0m&amp#27;[32mThe user clicks Register button after entering username with other fields empty&amp#27;[0m     &amp#27;[90m# dsAlgo_StepDefinition.CRegisterPage_SD.the_user_clicks_register_button_after_entering_username_with_other_fields_empty(io.cucumber.datatable.DataTable)&amp#27;[0m
    | username  |
    | Sdet@1234 |
  &amp#27;[32mThen &amp#27;[0m&amp#27;[32mIt should display an error &amp#27;[0m&amp#27;[32m&amp#27;[1m"Please fill out this field."&amp#27;[0m&amp#27;[32m below password textbox&amp#27;[0m     &amp#27;[90m# dsAlgo_StepDefinition.CRegisterPage_SD.it_should_display_an_error_below_password_textbox(java.lang.String)&amp#27;[0m
[INFO ]2023-07-18 05:33:42.072 [TestNG-tests-2]LoggerLoad-Test Success

@RegisterPageTest @RegisterTest_withonly_password
Scenario Outline: The user is presented with error message for empty fields below username textbox &amp#27;[90m# src/test/resources/Features/CRegisterPage.feature:20&amp#27;[0m
]]></system-out>
  </testcase>
  <testcase name="runScenario[&quot;The user is presented with error message for empty fields below username textbox&quot;, &quot;Optional[Registration verification and validation]&quot;](18)" classname="dsAlgo_TestRunner.TestRunner" time="0.986">
    <system-out><![CDATA[[INFO ]2023-07-18 05:33:42.089 [TestNG-tests-2]LoggerLoad-inTestStart

@RegisterPageTest @RegisterTest_withonly_password
Scenario Outline: The user is presented with error message for empty fields below username textbox &amp#27;[90m# src/test/resources/Features/CRegisterPage.feature:20&amp#27;[0m
[INFO ]2023-07-18 05:33:42.493 [TestNG-tests-1]LoggerLoad-Navigated to registerurl https://dsportalapp.herokuapp.com/register
  &amp#27;[32mGiven &amp#27;[0m&amp#27;[32mThe user opens Register Page&amp#27;[0m                                                               &amp#27;[90m# dsAlgo_StepDefinition.CRegisterPage_SD.the_user_opens_register_page()&amp#27;[0m
[INFO ]2023-07-18 05:33:42.504 [TestNG-tests-2]LoggerLoad-Navigated to registerurl https://dsportalapp.herokuapp.com/register
  &amp#27;[32mGiven &amp#27;[0m&amp#27;[32mThe user opens Register Page&amp#27;[0m                                                               &amp#27;[90m# dsAlgo_StepDefinition.CRegisterPage_SD.the_user_opens_register_page()&amp#27;[0m
  &amp#27;[32mWhen &amp#27;[0m&amp#27;[32mThe user clicks Register button after entering password with other fields empty&amp#27;[0m             &amp#27;[90m# dsAlgo_StepDefinition.CRegisterPage_SD.the_user_clicks_register_button_after_entering_password_with_other_fields_empty(io.cucumber.datatable.DataTable)&amp#27;[0m
    | password |
    | Sdet1234 |
  &amp#27;[32mWhen &amp#27;[0m&amp#27;[32mThe user clicks Register button after entering password with other fields empty&amp#27;[0m             &amp#27;[90m# dsAlgo_StepDefinition.CRegisterPage_SD.the_user_clicks_register_button_after_entering_password_with_other_fields_empty(io.cucumber.datatable.DataTable)&amp#27;[0m
    | password |
    | Sdet1234 |
  &amp#27;[32mThen &amp#27;[0m&amp#27;[32mIt should display an error &amp#27;[0m&amp#27;[32m&amp#27;[1m"Please fill out this field."&amp#27;[0m&amp#27;[32m below username textbox&amp#27;[0m             &amp#27;[90m# dsAlgo_StepDefinition.CRegisterPage_SD.it_should_display_an_error_below_username_textbox(java.lang.String)&amp#27;[0m
[INFO ]2023-07-18 05:33:43.066 [TestNG-tests-2]LoggerLoad-Test Success
]]></system-out>
  </testcase>
  <testcase name="runScenario[&quot;The user is presented with error message for empty fields below username textbox&quot;, &quot;Optional[Registration verification and validation]&quot;](18)" classname="dsAlgo_TestRunner.TestRunner" time="0.038">
    <system-out><![CDATA[  &amp#27;[32mThen &amp#27;[0m&amp#27;[32mIt should display an error &amp#27;[0m&amp#27;[32m&amp#27;[1m"Please fill out this field."&amp#27;[0m&amp#27;[32m below username textbox&amp#27;[0m             &amp#27;[90m# dsAlgo_StepDefinition.CRegisterPage_SD.it_should_display_an_error_below_username_textbox(java.lang.String)&amp#27;[0m
[INFO ]2023-07-18 05:33:43.075 [TestNG-tests-2]LoggerLoad-inTestStart
[INFO ]2023-07-18 05:33:43.096 [TestNG-tests-1]LoggerLoad-Test Success
]]></system-out>
  </testcase>
  <testcase name="runScenario[&quot;The user is presented with error message for empty fields above Password Confirmation textbox&quot;, &quot;Optional[Registration verification and validation]&quot;](19)" classname="dsAlgo_TestRunner.TestRunner" time="0.823">
    <system-out><![CDATA[[INFO ]2023-07-18 05:33:43.109 [TestNG-tests-1]LoggerLoad-inTestStart

@RegisterPageTest @RegisterTest_withonly_confirmpassword
Scenario Outline: The user is presented with error message for empty fields above Password Confirmation textbox &amp#27;[90m# src/test/resources/Features/CRegisterPage.feature:28&amp#27;[0m

@RegisterPageTest @RegisterTest_withonly_confirmpassword
Scenario Outline: The user is presented with error message for empty fields above Password Confirmation textbox &amp#27;[90m# src/test/resources/Features/CRegisterPage.feature:28&amp#27;[0m
[INFO ]2023-07-18 05:33:43.584 [TestNG-tests-2]LoggerLoad-Navigated to registerurl https://dsportalapp.herokuapp.com/register
  &amp#27;[32mGiven &amp#27;[0m&amp#27;[32mThe user opens Register Page&amp#27;[0m                                                                            &amp#27;[90m# dsAlgo_StepDefinition.CRegisterPage_SD.the_user_opens_register_page()&amp#27;[0m
[INFO ]2023-07-18 05:33:43.697 [TestNG-tests-1]LoggerLoad-Navigated to registerurl https://dsportalapp.herokuapp.com/register
  &amp#27;[32mGiven &amp#27;[0m&amp#27;[32mThe user opens Register Page&amp#27;[0m                                                                            &amp#27;[90m# dsAlgo_StepDefinition.CRegisterPage_SD.the_user_opens_register_page()&amp#27;[0m
  &amp#27;[32mWhen &amp#27;[0m&amp#27;[32mThe user clicks Register button after entering confirmation password with other fields empty&amp#27;[0m             &amp#27;[90m# dsAlgo_StepDefinition.CRegisterPage_SD.the_user_clicks_register_button_after_entering_confirmation_password_with_other_fields_empty(io.cucumber.datatable.DataTable)&amp#27;[0m
    | confirm password |
    | Sdet1234         |
  &amp#27;[32mThen &amp#27;[0m&amp#27;[32mIt should display an error &amp#27;[0m&amp#27;[32m&amp#27;[1m"Please fill out this field."&amp#27;[0m&amp#27;[32m below Password Confirmation textbox&amp#27;[0m             &amp#27;[90m# dsAlgo_StepDefinition.CRegisterPage_SD.it_should_display_an_error_below_password_confirmation_textbox(java.lang.String)&amp#27;[0m
[INFO ]2023-07-18 05:33:43.929 [TestNG-tests-2]LoggerLoad-Test Success
]]></system-out>
  </testcase>
  <testcase name="runScenario[&quot;The user is presented with error message for empty fields above Password Confirmation textbox&quot;, &quot;Optional[Registration verification and validation]&quot;](19)" classname="dsAlgo_TestRunner.TestRunner" time="0.223">
    <system-out><![CDATA[[INFO ]2023-07-18 05:33:43.944 [TestNG-tests-2]LoggerLoad-inTestStart

@RegisterPageTest @RegisterTest_withonly_username&pwd
Scenario Outline: To verify Register Form with username and password only                           &amp#27;[90m# src/test/resources/Features/CRegisterPage.feature:37&amp#27;[0m
  &amp#27;[32mWhen &amp#27;[0m&amp#27;[32mThe user clicks Register button after entering confirmation password with other fields empty&amp#27;[0m             &amp#27;[90m# dsAlgo_StepDefinition.CRegisterPage_SD.the_user_clicks_register_button_after_entering_confirmation_password_with_other_fields_empty(io.cucumber.datatable.DataTable)&amp#27;[0m
    | confirm password |
    | Sdet1234         |
  &amp#27;[32mThen &amp#27;[0m&amp#27;[32mIt should display an error &amp#27;[0m&amp#27;[32m&amp#27;[1m"Please fill out this field."&amp#27;[0m&amp#27;[32m below Password Confirmation textbox&amp#27;[0m             &amp#27;[90m# dsAlgo_StepDefinition.CRegisterPage_SD.it_should_display_an_error_below_password_confirmation_textbox(java.lang.String)&amp#27;[0m
[INFO ]2023-07-18 05:33:44.143 [TestNG-tests-1]LoggerLoad-Test Success
]]></system-out>
  </testcase>
  <testcase name="runScenario[&quot;To verify Register Form with username and password only&quot;, &quot;Optional[Registration verification and validation]&quot;](20)" classname="dsAlgo_TestRunner.TestRunner" time="0.902">
    <system-out><![CDATA[[INFO ]2023-07-18 05:33:44.175 [TestNG-tests-1]LoggerLoad-inTestStart

@RegisterPageTest @RegisterTest_withonly_username&pwd
Scenario Outline: To verify Register Form with username and password only                           &amp#27;[90m# src/test/resources/Features/CRegisterPage.feature:37&amp#27;[0m
[INFO ]2023-07-18 05:33:44.639 [TestNG-tests-2]LoggerLoad-Navigated to registerurl https://dsportalapp.herokuapp.com/register
  &amp#27;[32mGiven &amp#27;[0m&amp#27;[32mThe user opens Register Page&amp#27;[0m                                                                &amp#27;[90m# dsAlgo_StepDefinition.CRegisterPage_SD.the_user_opens_register_page()&amp#27;[0m
[INFO ]2023-07-18 05:33:44.806 [TestNG-tests-1]LoggerLoad-Navigated to registerurl https://dsportalapp.herokuapp.com/register
  &amp#27;[32mGiven &amp#27;[0m&amp#27;[32mThe user opens Register Page&amp#27;[0m                                                                &amp#27;[90m# dsAlgo_StepDefinition.CRegisterPage_SD.the_user_opens_register_page()&amp#27;[0m
  &amp#27;[32mWhen &amp#27;[0m&amp#27;[32mUser enters username and password only and click register&amp#27;[0m                                    &amp#27;[90m# dsAlgo_StepDefinition.CRegisterPage_SD.User_enters_username_and_password_only_and_click_register(io.cucumber.datatable.DataTable)&amp#27;[0m
    | username | password |
    | Unumpy   | Pnumpy   |
  &amp#27;[32mThen &amp#27;[0m&amp#27;[32mUser verify the message at confirmpassword on Register Page as &amp#27;[0m&amp#27;[32m&amp#27;[1m"Please fill out this field."&amp#27;[0m &amp#27;[90m# dsAlgo_StepDefinition.CRegisterPage_SD.user_verify_the_message_at_confirmpassword_on_register_page_as(java.lang.String)&amp#27;[0m
[INFO ]2023-07-18 05:33:45.065 [TestNG-tests-2]LoggerLoad-Test Success
]]></system-out>
  </testcase>
  <testcase name="runScenario[&quot;To verify Register Form with username and password only&quot;, &quot;Optional[Registration verification and validation]&quot;](20)" classname="dsAlgo_TestRunner.TestRunner" time="0.233">
    <system-out><![CDATA[[INFO ]2023-07-18 05:33:45.076 [TestNG-tests-2]LoggerLoad-inTestStart

@RegisterPageTest @RegisterTest_with_invalidcredentials
Scenario Outline: To verify Register Form with invalid Credentials                                            &amp#27;[90m# src/test/resources/Features/CRegisterPage.feature:52&amp#27;[0m
  &amp#27;[32mWhen &amp#27;[0m&amp#27;[32mUser enters username and password only and click register&amp#27;[0m                                    &amp#27;[90m# dsAlgo_StepDefinition.CRegisterPage_SD.User_enters_username_and_password_only_and_click_register(io.cucumber.datatable.DataTable)&amp#27;[0m
    | username | password |
    | Unumpy   | Pnumpy   |
  &amp#27;[32mThen &amp#27;[0m&amp#27;[32mUser verify the message at confirmpassword on Register Page as &amp#27;[0m&amp#27;[32m&amp#27;[1m"Please fill out this field."&amp#27;[0m &amp#27;[90m# dsAlgo_StepDefinition.CRegisterPage_SD.user_verify_the_message_at_confirmpassword_on_register_page_as(java.lang.String)&amp#27;[0m
[INFO ]2023-07-18 05:33:45.292 [TestNG-tests-1]LoggerLoad-Test Success
]]></system-out>
  </testcase>
  <testcase name="runScenario[&quot;To verify Register Form with invalid Credentials&quot;, &quot;Optional[Registration verification and validation]&quot;](21)" classname="dsAlgo_TestRunner.TestRunner" time="1.028">
    <system-out><![CDATA[[INFO ]2023-07-18 05:33:45.321 [TestNG-tests-1]LoggerLoad-inTestStart

@RegisterPageTest @RegisterTest_with_invalidcredentials
Scenario Outline: To verify Register Form with invalid Credentials                                            &amp#27;[90m# src/test/resources/Features/CRegisterPage.feature:52&amp#27;[0m
[INFO ]2023-07-18 05:33:45.627 [TestNG-tests-2]LoggerLoad-Navigated to registerurl https://dsportalapp.herokuapp.com/register
  &amp#27;[32mGiven &amp#27;[0m&amp#27;[32mThe user opens Register Page&amp#27;[0m                                                                          &amp#27;[90m# dsAlgo_StepDefinition.CRegisterPage_SD.the_user_opens_register_page()&amp#27;[0m
[INFO ]2023-07-18 05:33:45.906 [TestNG-tests-1]LoggerLoad-Navigated to registerurl https://dsportalapp.herokuapp.com/register
  &amp#27;[32mGiven &amp#27;[0m&amp#27;[32mThe user opens Register Page&amp#27;[0m                                                                          &amp#27;[90m# dsAlgo_StepDefinition.CRegisterPage_SD.the_user_opens_register_page()&amp#27;[0m
  &amp#27;[32mWhen &amp#27;[0m&amp#27;[32muser enter invalid &amp#27;[0m&amp#27;[32m&amp#27;[1m"Nu$$@"&amp#27;[0m&amp#27;[32m,&amp#27;[0m&amp#27;[32m&amp#27;[1m"sdet"&amp#27;[0m&amp#27;[32m and &amp#27;[0m&amp#27;[32m&amp#27;[1m"sdet1"&amp#27;[0m                                                          &amp#27;[90m# dsAlgo_StepDefinition.CRegisterPage_SD.user_enter_username_password_and_confirmpassword(java.lang.String,java.lang.String,java.lang.String)&amp#27;[0m
  &amp#27;[32mThen &amp#27;[0m&amp#27;[32mUser verifies for the mismatch error message &amp#27;[0m&amp#27;[32m&amp#27;[1m"password_mismatch:The two password fields didnâ€™t match."&amp#27;[0m &amp#27;[90m# dsAlgo_StepDefinition.CRegisterPage_SD.user_verifies_for_the_mismatch_error_message(java.lang.String)&amp#27;[0m
[INFO ]2023-07-18 05:33:46.334 [TestNG-tests-2]LoggerLoad-Test Success
]]></system-out>
  </testcase>
  <testcase name="runScenario[&quot;To verify Register Form with invalid Credentials&quot;, &quot;Optional[Registration verification and validation]&quot;](21)" classname="dsAlgo_TestRunner.TestRunner" time="0.377">
    <system-out><![CDATA[[INFO ]2023-07-18 05:33:46.342 [TestNG-tests-2]LoggerLoad-inTestStart

@RegisterPageTest @RegisterTest_with_invalidcredentials
Scenario Outline: To verify Register Form with invalid Credentials                                            &amp#27;[90m# src/test/resources/Features/CRegisterPage.feature:53&amp#27;[0m
  &amp#27;[32mWhen &amp#27;[0m&amp#27;[32muser enter invalid &amp#27;[0m&amp#27;[32m&amp#27;[1m"Nu$$@"&amp#27;[0m&amp#27;[32m,&amp#27;[0m&amp#27;[32m&amp#27;[1m"sdet"&amp#27;[0m&amp#27;[32m and &amp#27;[0m&amp#27;[32m&amp#27;[1m"sdet1"&amp#27;[0m                                                          &amp#27;[90m# dsAlgo_StepDefinition.CRegisterPage_SD.user_enter_username_password_and_confirmpassword(java.lang.String,java.lang.String,java.lang.String)&amp#27;[0m
  &amp#27;[32mThen &amp#27;[0m&amp#27;[32mUser verifies for the mismatch error message &amp#27;[0m&amp#27;[32m&amp#27;[1m"password_mismatch:The two password fields didnâ€™t match."&amp#27;[0m &amp#27;[90m# dsAlgo_StepDefinition.CRegisterPage_SD.user_verifies_for_the_mismatch_error_message(java.lang.String)&amp#27;[0m
[INFO ]2023-07-18 05:33:46.709 [TestNG-tests-1]LoggerLoad-Test Success
]]></system-out>
  </testcase>
  <testcase name="runScenario[&quot;To verify Register Form with invalid Credentials&quot;, &quot;Optional[Registration verification and validation]&quot;](22)" classname="dsAlgo_TestRunner.TestRunner" time="0.83">
    <system-out><![CDATA[[INFO ]2023-07-18 05:33:46.717 [TestNG-tests-1]LoggerLoad-inTestStart

@RegisterPageTest @RegisterTest_with_invalidcredentials
Scenario Outline: To verify Register Form with invalid Credentials                                            &amp#27;[90m# src/test/resources/Features/CRegisterPage.feature:53&amp#27;[0m
[INFO ]2023-07-18 05:33:46.790 [TestNG-tests-2]LoggerLoad-Navigated to registerurl https://dsportalapp.herokuapp.com/register
  &amp#27;[32mGiven &amp#27;[0m&amp#27;[32mThe user opens Register Page&amp#27;[0m                                                                          &amp#27;[90m# dsAlgo_StepDefinition.CRegisterPage_SD.the_user_opens_register_page()&amp#27;[0m
[INFO ]2023-07-18 05:33:47.096 [TestNG-tests-1]LoggerLoad-Navigated to registerurl https://dsportalapp.herokuapp.com/register
  &amp#27;[32mGiven &amp#27;[0m&amp#27;[32mThe user opens Register Page&amp#27;[0m                                                                          &amp#27;[90m# dsAlgo_StepDefinition.CRegisterPage_SD.the_user_opens_register_page()&amp#27;[0m
  &amp#27;[32mWhen &amp#27;[0m&amp#27;[32muser enter invalid &amp#27;[0m&amp#27;[32m&amp#27;[1m"Numpy@sdet"&amp#27;[0m&amp#27;[32m,&amp#27;[0m&amp#27;[32m&amp#27;[1m"password12"&amp#27;[0m&amp#27;[32m and &amp#27;[0m&amp#27;[32m&amp#27;[1m"password"&amp#27;[0m                                            &amp#27;[90m# dsAlgo_StepDefinition.CRegisterPage_SD.user_enter_username_password_and_confirmpassword(java.lang.String,java.lang.String,java.lang.String)&amp#27;[0m
  &amp#27;[32mThen &amp#27;[0m&amp#27;[32mUser verifies for the mismatch error message &amp#27;[0m&amp#27;[32m&amp#27;[1m"password_mismatch:The two password fields didnâ€™t match."&amp#27;[0m &amp#27;[90m# dsAlgo_StepDefinition.CRegisterPage_SD.user_verifies_for_the_mismatch_error_message(java.lang.String)&amp#27;[0m
[INFO ]2023-07-18 05:33:47.552 [TestNG-tests-2]LoggerLoad-Test Success
]]></system-out>
  </testcase>
  <testcase name="runScenario[&quot;To verify Register Form with invalid Credentials&quot;, &quot;Optional[Registration verification and validation]&quot;](22)" classname="dsAlgo_TestRunner.TestRunner" time="0.239">
    <system-out><![CDATA[[INFO ]2023-07-18 05:33:47.565 [TestNG-tests-2]LoggerLoad-inTestStart

@RegisterPageTest @RegisterTest_with_invalidcredentials
Scenario Outline: To verify Register Form with invalid Credentials                                            &amp#27;[90m# src/test/resources/Features/CRegisterPage.feature:54&amp#27;[0m
  &amp#27;[32mWhen &amp#27;[0m&amp#27;[32muser enter invalid &amp#27;[0m&amp#27;[32m&amp#27;[1m"Numpy@sdet"&amp#27;[0m&amp#27;[32m,&amp#27;[0m&amp#27;[32m&amp#27;[1m"password12"&amp#27;[0m&amp#27;[32m and &amp#27;[0m&amp#27;[32m&amp#27;[1m"password"&amp#27;[0m                                            &amp#27;[90m# dsAlgo_StepDefinition.CRegisterPage_SD.user_enter_username_password_and_confirmpassword(java.lang.String,java.lang.String,java.lang.String)&amp#27;[0m
  &amp#27;[32mThen &amp#27;[0m&amp#27;[32mUser verifies for the mismatch error message &amp#27;[0m&amp#27;[32m&amp#27;[1m"password_mismatch:The two password fields didnâ€™t match."&amp#27;[0m &amp#27;[90m# dsAlgo_StepDefinition.CRegisterPage_SD.user_verifies_for_the_mismatch_error_message(java.lang.String)&amp#27;[0m
[INFO ]2023-07-18 05:33:47.794 [TestNG-tests-1]LoggerLoad-Test Success
]]></system-out>
  </testcase>
  <testcase name="runScenario[&quot;To verify Register Form with invalid Credentials&quot;, &quot;Optional[Registration verification and validation]&quot;](23)" classname="dsAlgo_TestRunner.TestRunner" time="0.629">
    <system-out><![CDATA[[INFO ]2023-07-18 05:33:47.803 [TestNG-tests-1]LoggerLoad-inTestStart
[INFO ]2023-07-18 05:33:47.804 [TestNG-tests-2]LoggerLoad-Navigated to registerurl https://dsportalapp.herokuapp.com/register
  &amp#27;[32mGiven &amp#27;[0m&amp#27;[32mThe user opens Register Page&amp#27;[0m                                                                          &amp#27;[90m# dsAlgo_StepDefinition.CRegisterPage_SD.the_user_opens_register_page()&amp#27;[0m

@RegisterPageTest @RegisterTest_with_invalidcredentials
Scenario Outline: To verify Register Form with invalid Credentials                                            &amp#27;[90m# src/test/resources/Features/CRegisterPage.feature:54&amp#27;[0m
[INFO ]2023-07-18 05:33:48.089 [TestNG-tests-1]LoggerLoad-Navigated to registerurl https://dsportalapp.herokuapp.com/register
  &amp#27;[32mGiven &amp#27;[0m&amp#27;[32mThe user opens Register Page&amp#27;[0m                                                                          &amp#27;[90m# dsAlgo_StepDefinition.CRegisterPage_SD.the_user_opens_register_page()&amp#27;[0m
  &amp#27;[32mWhen &amp#27;[0m&amp#27;[32muser enter invalid &amp#27;[0m&amp#27;[32m&amp#27;[1m"Numpy@sdet"&amp#27;[0m&amp#27;[32m,&amp#27;[0m&amp#27;[32m&amp#27;[1m"1010101010"&amp#27;[0m&amp#27;[32m and &amp#27;[0m&amp#27;[32m&amp#27;[1m"1010101010"&amp#27;[0m                                          &amp#27;[90m# dsAlgo_StepDefinition.CRegisterPage_SD.user_enter_username_password_and_confirmpassword(java.lang.String,java.lang.String,java.lang.String)&amp#27;[0m
  &amp#27;[32mThen &amp#27;[0m&amp#27;[32mUser verifies for the mismatch error message &amp#27;[0m&amp#27;[32m&amp#27;[1m"password_mismatch:The two password fields didnâ€™t match."&amp#27;[0m &amp#27;[90m# dsAlgo_StepDefinition.CRegisterPage_SD.user_verifies_for_the_mismatch_error_message(java.lang.String)&amp#27;[0m
[INFO ]2023-07-18 05:33:48.427 [TestNG-tests-2]LoggerLoad-Test Success
]]></system-out>
  </testcase>
  <testcase name="runScenario[&quot;To verify Register Form with invalid Credentials&quot;, &quot;Optional[Registration verification and validation]&quot;](23)" classname="dsAlgo_TestRunner.TestRunner" time="0.298">
    <system-out><![CDATA[[INFO ]2023-07-18 05:33:48.434 [TestNG-tests-2]LoggerLoad-inTestStart

@RegisterPageTest @RegisterTest_with_invalidcredentials
Scenario Outline: To verify Register Form with invalid Credentials                                            &amp#27;[90m# src/test/resources/Features/CRegisterPage.feature:55&amp#27;[0m
[INFO ]2023-07-18 05:33:48.688 [TestNG-tests-2]LoggerLoad-Navigated to registerurl https://dsportalapp.herokuapp.com/register
  &amp#27;[32mGiven &amp#27;[0m&amp#27;[32mThe user opens Register Page&amp#27;[0m                                                                          &amp#27;[90m# dsAlgo_StepDefinition.CRegisterPage_SD.the_user_opens_register_page()&amp#27;[0m
  &amp#27;[32mWhen &amp#27;[0m&amp#27;[32muser enter invalid &amp#27;[0m&amp#27;[32m&amp#27;[1m"Numpy@sdet"&amp#27;[0m&amp#27;[32m,&amp#27;[0m&amp#27;[32m&amp#27;[1m"1010101010"&amp#27;[0m&amp#27;[32m and &amp#27;[0m&amp#27;[32m&amp#27;[1m"1010101010"&amp#27;[0m                                          &amp#27;[90m# dsAlgo_StepDefinition.CRegisterPage_SD.user_enter_username_password_and_confirmpassword(java.lang.String,java.lang.String,java.lang.String)&amp#27;[0m
  &amp#27;[32mThen &amp#27;[0m&amp#27;[32mUser verifies for the mismatch error message &amp#27;[0m&amp#27;[32m&amp#27;[1m"password_mismatch:The two password fields didnâ€™t match."&amp#27;[0m &amp#27;[90m# dsAlgo_StepDefinition.CRegisterPage_SD.user_verifies_for_the_mismatch_error_message(java.lang.String)&amp#27;[0m
[INFO ]2023-07-18 05:33:48.725 [TestNG-tests-1]LoggerLoad-Test Success
]]></system-out>
  </testcase>
  <testcase name="runScenario[&quot;To verify Register Form with invalid Credentials&quot;, &quot;Optional[Registration verification and validation]&quot;](24)" classname="dsAlgo_TestRunner.TestRunner" time="0.532">
    <system-out><![CDATA[[INFO ]2023-07-18 05:33:48.733 [TestNG-tests-1]LoggerLoad-inTestStart

@RegisterPageTest @RegisterTest_with_invalidcredentials
Scenario Outline: To verify Register Form with invalid Credentials                                            &amp#27;[90m# src/test/resources/Features/CRegisterPage.feature:55&amp#27;[0m
[INFO ]2023-07-18 05:33:49.019 [TestNG-tests-1]LoggerLoad-Navigated to registerurl https://dsportalapp.herokuapp.com/register
  &amp#27;[32mGiven &amp#27;[0m&amp#27;[32mThe user opens Register Page&amp#27;[0m                                                                          &amp#27;[90m# dsAlgo_StepDefinition.CRegisterPage_SD.the_user_opens_register_page()&amp#27;[0m
  &amp#27;[32mWhen &amp#27;[0m&amp#27;[32muser enter invalid &amp#27;[0m&amp#27;[32m&amp#27;[1m"Numpy@sdet"&amp#27;[0m&amp#27;[32m,&amp#27;[0m&amp#27;[32m&amp#27;[1m"Numpy@sdet"&amp#27;[0m&amp#27;[32m and &amp#27;[0m&amp#27;[32m&amp#27;[1m"Numpy@sdet"&amp#27;[0m                                          &amp#27;[90m# dsAlgo_StepDefinition.CRegisterPage_SD.user_enter_username_password_and_confirmpassword(java.lang.String,java.lang.String,java.lang.String)&amp#27;[0m
  &amp#27;[32mThen &amp#27;[0m&amp#27;[32mUser verifies for the mismatch error message &amp#27;[0m&amp#27;[32m&amp#27;[1m"password_mismatch:The two password fields didnâ€™t match."&amp#27;[0m &amp#27;[90m# dsAlgo_StepDefinition.CRegisterPage_SD.user_verifies_for_the_mismatch_error_message(java.lang.String)&amp#27;[0m
[INFO ]2023-07-18 05:33:49.260 [TestNG-tests-2]LoggerLoad-Test Success
]]></system-out>
  </testcase>
  <testcase name="runScenario[&quot;To verify Register Form with invalid Credentials&quot;, &quot;Optional[Registration verification and validation]&quot;](24)" classname="dsAlgo_TestRunner.TestRunner" time="0.384">
    <system-out><![CDATA[[INFO ]2023-07-18 05:33:49.266 [TestNG-tests-2]LoggerLoad-inTestStart

@RegisterPageTest @RegisterTest_with_invalidcredentials
Scenario Outline: To verify Register Form with invalid Credentials                                            &amp#27;[90m# src/test/resources/Features/CRegisterPage.feature:56&amp#27;[0m
[INFO ]2023-07-18 05:33:49.520 [TestNG-tests-2]LoggerLoad-Navigated to registerurl https://dsportalapp.herokuapp.com/register
  &amp#27;[32mGiven &amp#27;[0m&amp#27;[32mThe user opens Register Page&amp#27;[0m                                                                          &amp#27;[90m# dsAlgo_StepDefinition.CRegisterPage_SD.the_user_opens_register_page()&amp#27;[0m
  &amp#27;[32mWhen &amp#27;[0m&amp#27;[32muser enter invalid &amp#27;[0m&amp#27;[32m&amp#27;[1m"Numpy@sdet"&amp#27;[0m&amp#27;[32m,&amp#27;[0m&amp#27;[32m&amp#27;[1m"Numpy@sdet"&amp#27;[0m&amp#27;[32m and &amp#27;[0m&amp#27;[32m&amp#27;[1m"Numpy@sdet"&amp#27;[0m                                          &amp#27;[90m# dsAlgo_StepDefinition.CRegisterPage_SD.user_enter_username_password_and_confirmpassword(java.lang.String,java.lang.String,java.lang.String)&amp#27;[0m
  &amp#27;[32mThen &amp#27;[0m&amp#27;[32mUser verifies for the mismatch error message &amp#27;[0m&amp#27;[32m&amp#27;[1m"password_mismatch:The two password fields didnâ€™t match."&amp#27;[0m &amp#27;[90m# dsAlgo_StepDefinition.CRegisterPage_SD.user_verifies_for_the_mismatch_error_message(java.lang.String)&amp#27;[0m
[INFO ]2023-07-18 05:33:49.644 [TestNG-tests-1]LoggerLoad-Test Success
]]></system-out>
  </testcase>
  <testcase name="runScenario[&quot;To verify Register Form with invalid Credentials&quot;, &quot;Optional[Registration verification and validation]&quot;](25)" classname="dsAlgo_TestRunner.TestRunner" time="0.461">
    <system-out><![CDATA[[INFO ]2023-07-18 05:33:49.652 [TestNG-tests-1]LoggerLoad-inTestStart

@RegisterPageTest @RegisterTest_with_invalidcredentials
Scenario Outline: To verify Register Form with invalid Credentials                                            &amp#27;[90m# src/test/resources/Features/CRegisterPage.feature:56&amp#27;[0m
[INFO ]2023-07-18 05:33:49.938 [TestNG-tests-1]LoggerLoad-Navigated to registerurl https://dsportalapp.herokuapp.com/register
  &amp#27;[32mGiven &amp#27;[0m&amp#27;[32mThe user opens Register Page&amp#27;[0m                                                                          &amp#27;[90m# dsAlgo_StepDefinition.CRegisterPage_SD.the_user_opens_register_page()&amp#27;[0m
  &amp#27;[32mWhen &amp#27;[0m&amp#27;[32muser enter invalid &amp#27;[0m&amp#27;[32m&amp#27;[1m"suba"&amp#27;[0m&amp#27;[32m,&amp#27;[0m&amp#27;[32m&amp#27;[1m"Numpy@sdet"&amp#27;[0m&amp#27;[32m and &amp#27;[0m&amp#27;[32m&amp#27;[1m"Numpy@sdet"&amp#27;[0m                                                &amp#27;[90m# dsAlgo_StepDefinition.CRegisterPage_SD.user_enter_username_password_and_confirmpassword(java.lang.String,java.lang.String,java.lang.String)&amp#27;[0m
  &amp#27;[32mThen &amp#27;[0m&amp#27;[32mUser verifies for the mismatch error message &amp#27;[0m&amp#27;[32m&amp#27;[1m"password_mismatch:The two password fields didnâ€™t match."&amp#27;[0m &amp#27;[90m# dsAlgo_StepDefinition.CRegisterPage_SD.user_verifies_for_the_mismatch_error_message(java.lang.String)&amp#27;[0m
[INFO ]2023-07-18 05:33:50.105 [TestNG-tests-2]LoggerLoad-Test Success
]]></system-out>
  </testcase>
  <testcase name="runScenario[&quot;To verify Register Form with invalid Credentials&quot;, &quot;Optional[Registration verification and validation]&quot;](25)" classname="dsAlgo_TestRunner.TestRunner" time="0.478">
    <system-out><![CDATA[[INFO ]2023-07-18 05:33:50.112 [TestNG-tests-2]LoggerLoad-inTestStart

@RegisterPageTest @RegisterTest_with_invalidcredentials
Scenario Outline: To verify Register Form with invalid Credentials                                            &amp#27;[90m# src/test/resources/Features/CRegisterPage.feature:57&amp#27;[0m
[INFO ]2023-07-18 05:33:50.365 [TestNG-tests-2]LoggerLoad-Navigated to registerurl https://dsportalapp.herokuapp.com/register
  &amp#27;[32mGiven &amp#27;[0m&amp#27;[32mThe user opens Register Page&amp#27;[0m                                                                          &amp#27;[90m# dsAlgo_StepDefinition.CRegisterPage_SD.the_user_opens_register_page()&amp#27;[0m
  &amp#27;[32mWhen &amp#27;[0m&amp#27;[32muser enter invalid &amp#27;[0m&amp#27;[32m&amp#27;[1m"suba"&amp#27;[0m&amp#27;[32m,&amp#27;[0m&amp#27;[32m&amp#27;[1m"Numpy@sdet"&amp#27;[0m&amp#27;[32m and &amp#27;[0m&amp#27;[32m&amp#27;[1m"Numpy@sdet"&amp#27;[0m                                                &amp#27;[90m# dsAlgo_StepDefinition.CRegisterPage_SD.user_enter_username_password_and_confirmpassword(java.lang.String,java.lang.String,java.lang.String)&amp#27;[0m
  &amp#27;[32mThen &amp#27;[0m&amp#27;[32mUser verifies for the mismatch error message &amp#27;[0m&amp#27;[32m&amp#27;[1m"password_mismatch:The two password fields didnâ€™t match."&amp#27;[0m &amp#27;[90m# dsAlgo_StepDefinition.CRegisterPage_SD.user_verifies_for_the_mismatch_error_message(java.lang.String)&amp#27;[0m
[INFO ]2023-07-18 05:33:50.585 [TestNG-tests-1]LoggerLoad-Test Success
]]></system-out>
  </testcase>
  <testcase name="runScenario[&quot;To verify Register Form with invalid Credentials&quot;, &quot;Optional[Registration verification and validation]&quot;](26)" classname="dsAlgo_TestRunner.TestRunner" time="0.34">
    <system-out><![CDATA[[INFO ]2023-07-18 05:33:50.592 [TestNG-tests-1]LoggerLoad-inTestStart

@RegisterPageTest @RegisterTest_with_invalidcredentials
Scenario Outline: To verify Register Form with invalid Credentials                                            &amp#27;[90m# src/test/resources/Features/CRegisterPage.feature:57&amp#27;[0m
[INFO ]2023-07-18 05:33:50.869 [TestNG-tests-1]LoggerLoad-Navigated to registerurl https://dsportalapp.herokuapp.com/register
  &amp#27;[32mGiven &amp#27;[0m&amp#27;[32mThe user opens Register Page&amp#27;[0m                                                                          &amp#27;[90m# dsAlgo_StepDefinition.CRegisterPage_SD.the_user_opens_register_page()&amp#27;[0m
  &amp#27;[32mWhen &amp#27;[0m&amp#27;[32muser enter invalid &amp#27;[0m&amp#27;[32m&amp#27;[1m"Numpy@sdet"&amp#27;[0m&amp#27;[32m,&amp#27;[0m&amp#27;[32m&amp#27;[1m"asdf"&amp#27;[0m&amp#27;[32m and &amp#27;[0m&amp#27;[32m&amp#27;[1m"asdf"&amp#27;[0m                                                      &amp#27;[90m# dsAlgo_StepDefinition.CRegisterPage_SD.user_enter_username_password_and_confirmpassword(java.lang.String,java.lang.String,java.lang.String)&amp#27;[0m
  &amp#27;[32mThen &amp#27;[0m&amp#27;[32mUser verifies for the mismatch error message &amp#27;[0m&amp#27;[32m&amp#27;[1m"password_mismatch:The two password fields didnâ€™t match."&amp#27;[0m &amp#27;[90m# dsAlgo_StepDefinition.CRegisterPage_SD.user_verifies_for_the_mismatch_error_message(java.lang.String)&amp#27;[0m
[INFO ]2023-07-18 05:33:50.926 [TestNG-tests-2]LoggerLoad-Test Success
]]></system-out>
  </testcase>
  <testcase name="runScenario[&quot;To verify Register Form with invalid Credentials&quot;, &quot;Optional[Registration verification and validation]&quot;](26)" classname="dsAlgo_TestRunner.TestRunner" time="0.513">
    <system-out><![CDATA[[INFO ]2023-07-18 05:33:50.933 [TestNG-tests-2]LoggerLoad-inTestStart

@RegisterPageTest @RegisterTest_with_invalidcredentials
Scenario Outline: To verify Register Form with invalid Credentials                                            &amp#27;[90m# src/test/resources/Features/CRegisterPage.feature:58&amp#27;[0m
[INFO ]2023-07-18 05:33:51.166 [TestNG-tests-2]LoggerLoad-Navigated to registerurl https://dsportalapp.herokuapp.com/register
  &amp#27;[32mGiven &amp#27;[0m&amp#27;[32mThe user opens Register Page&amp#27;[0m                                                                          &amp#27;[90m# dsAlgo_StepDefinition.CRegisterPage_SD.the_user_opens_register_page()&amp#27;[0m
  &amp#27;[32mWhen &amp#27;[0m&amp#27;[32muser enter invalid &amp#27;[0m&amp#27;[32m&amp#27;[1m"Numpy@sdet"&amp#27;[0m&amp#27;[32m,&amp#27;[0m&amp#27;[32m&amp#27;[1m"asdf"&amp#27;[0m&amp#27;[32m and &amp#27;[0m&amp#27;[32m&amp#27;[1m"asdf"&amp#27;[0m                                                      &amp#27;[90m# dsAlgo_StepDefinition.CRegisterPage_SD.user_enter_username_password_and_confirmpassword(java.lang.String,java.lang.String,java.lang.String)&amp#27;[0m
  &amp#27;[32mThen &amp#27;[0m&amp#27;[32mUser verifies for the mismatch error message &amp#27;[0m&amp#27;[32m&amp#27;[1m"password_mismatch:The two password fields didnâ€™t match."&amp#27;[0m &amp#27;[90m# dsAlgo_StepDefinition.CRegisterPage_SD.user_verifies_for_the_mismatch_error_message(java.lang.String)&amp#27;[0m
[INFO ]2023-07-18 05:33:51.438 [TestNG-tests-1]LoggerLoad-Test Success
]]></system-out>
  </testcase>
  <testcase name="runScenario[&quot;To verify Register Form with invalid Credentials&quot;, &quot;Optional[Registration verification and validation]&quot;](27)" classname="dsAlgo_TestRunner.TestRunner" time="0.294">
    <system-out><![CDATA[[INFO ]2023-07-18 05:33:51.447 [TestNG-tests-1]LoggerLoad-inTestStart

@RegisterPageTest @RegisterTest_with_invalidcredentials
Scenario Outline: To verify Register Form with invalid Credentials                                            &amp#27;[90m# src/test/resources/Features/CRegisterPage.feature:58&amp#27;[0m
[INFO ]2023-07-18 05:33:51.719 [TestNG-tests-1]LoggerLoad-Navigated to registerurl https://dsportalapp.herokuapp.com/register
  &amp#27;[32mGiven &amp#27;[0m&amp#27;[32mThe user opens Register Page&amp#27;[0m                                                                          &amp#27;[90m# dsAlgo_StepDefinition.CRegisterPage_SD.the_user_opens_register_page()&amp#27;[0m
  &amp#27;[32mWhen &amp#27;[0m&amp#27;[32muser enter invalid &amp#27;[0m&amp#27;[32m&amp#27;[1m"Numpy@sdet"&amp#27;[0m&amp#27;[32m,&amp#27;[0m&amp#27;[32m&amp#27;[1m"welcome1"&amp#27;[0m&amp#27;[32m and &amp#27;[0m&amp#27;[32m&amp#27;[1m"welcome1"&amp#27;[0m                                              &amp#27;[90m# dsAlgo_StepDefinition.CRegisterPage_SD.user_enter_username_password_and_confirmpassword(java.lang.String,java.lang.String,java.lang.String)&amp#27;[0m
  &amp#27;[32mThen &amp#27;[0m&amp#27;[32mUser verifies for the mismatch error message &amp#27;[0m&amp#27;[32m&amp#27;[1m"password_mismatch:The two password fields didnâ€™t match."&amp#27;[0m &amp#27;[90m# dsAlgo_StepDefinition.CRegisterPage_SD.user_verifies_for_the_mismatch_error_message(java.lang.String)&amp#27;[0m
[INFO ]2023-07-18 05:33:51.736 [TestNG-tests-2]LoggerLoad-Test Success
]]></system-out>
  </testcase>
  <testcase name="runScenario[&quot;To verify Register Form with invalid Credentials&quot;, &quot;Optional[Registration verification and validation]&quot;](27)" classname="dsAlgo_TestRunner.TestRunner" time="0.616">
    <system-out><![CDATA[[INFO ]2023-07-18 05:33:51.743 [TestNG-tests-2]LoggerLoad-inTestStart

@RegisterPageTest @RegisterTest_with_validdata
Scenario Outline: to register with all the data                     &amp#27;[90m# src/test/resources/Features/CRegisterPage.feature:68&amp#27;[0m
[INFO ]2023-07-18 05:33:51.985 [TestNG-tests-2]LoggerLoad-Navigated to registerurl https://dsportalapp.herokuapp.com/register
  &amp#27;[32mGiven &amp#27;[0m&amp#27;[32mThe user opens Register Page&amp#27;[0m                                &amp#27;[90m# dsAlgo_StepDefinition.CRegisterPage_SD.the_user_opens_register_page()&amp#27;[0m
  &amp#27;[32mWhen &amp#27;[0m&amp#27;[32muser enter invalid &amp#27;[0m&amp#27;[32m&amp#27;[1m"Numpy@sdet"&amp#27;[0m&amp#27;[32m,&amp#27;[0m&amp#27;[32m&amp#27;[1m"welcome1"&amp#27;[0m&amp#27;[32m and &amp#27;[0m&amp#27;[32m&amp#27;[1m"welcome1"&amp#27;[0m                                              &amp#27;[90m# dsAlgo_StepDefinition.CRegisterPage_SD.user_enter_username_password_and_confirmpassword(java.lang.String,java.lang.String,java.lang.String)&amp#27;[0m
  &amp#27;[32mThen &amp#27;[0m&amp#27;[32mUser verifies for the mismatch error message &amp#27;[0m&amp#27;[32m&amp#27;[1m"password_mismatch:The two password fields didnâ€™t match."&amp#27;[0m &amp#27;[90m# dsAlgo_StepDefinition.CRegisterPage_SD.user_verifies_for_the_mismatch_error_message(java.lang.String)&amp#27;[0m
[INFO ]2023-07-18 05:33:52.353 [TestNG-tests-1]LoggerLoad-Test Success
]]></system-out>
  </testcase>
  <testcase name="runScenario[&quot;to register with all the data&quot;, &quot;Optional[Registration verification and validation]&quot;](28)" classname="dsAlgo_TestRunner.TestRunner" time="4.664">
    <system-out><![CDATA[[INFO ]2023-07-18 05:33:52.360 [TestNG-tests-1]LoggerLoad-inTestStart

@RegisterPageTest @RegisterTest_with_validdata
Scenario Outline: to register with all the data                     &amp#27;[90m# src/test/resources/Features/CRegisterPage.feature:68&amp#27;[0m
[INFO ]2023-07-18 05:33:52.618 [TestNG-tests-1]LoggerLoad-Navigated to registerurl https://dsportalapp.herokuapp.com/register
  &amp#27;[32mGiven &amp#27;[0m&amp#27;[32mThe user opens Register Page&amp#27;[0m                                &amp#27;[90m# dsAlgo_StepDefinition.CRegisterPage_SD.the_user_opens_register_page()&amp#27;[0m
[INFO ]2023-07-18 05:33:53.797 [TestNG-tests-2]LoggerLoad-LandingPage after register https://dsportalapp.herokuapp.com/home
  &amp#27;[32mWhen &amp#27;[0m&amp#27;[32muser enter the sheetname &amp#27;[0m&amp#27;[32m&amp#27;[1m"validcredentials"&amp#27;[0m&amp#27;[32m and row number &amp#27;[0m&amp#27;[32m&amp#27;[1m0&amp#27;[0m &amp#27;[90m# dsAlgo_StepDefinition.CRegisterPage_SD.user_enter_the_sheetname_and_row_number(java.lang.String,java.lang.Integer)&amp#27;[0m
[INFO ]2023-07-18 05:33:53.830 [TestNG-tests-1]LoggerLoad-LandingPage after register https://dsportalapp.herokuapp.com/home
  &amp#27;[32mWhen &amp#27;[0m&amp#27;[32muser enter the sheetname &amp#27;[0m&amp#27;[32m&amp#27;[1m"validcredentials"&amp#27;[0m&amp#27;[32m and row number &amp#27;[0m&amp#27;[32m&amp#27;[1m0&amp#27;[0m &amp#27;[90m# dsAlgo_StepDefinition.CRegisterPage_SD.user_enter_the_sheetname_and_row_number(java.lang.String,java.lang.Integer)&amp#27;[0m
  &amp#27;[32mThen &amp#27;[0m&amp#27;[32mUser verifies for the successful registration message&amp#27;[0m        &amp#27;[90m# dsAlgo_StepDefinition.CRegisterPage_SD.user_verifies_for_the_mismatch_error_message()&amp#27;[0m
[INFO ]2023-07-18 05:33:57.020 [TestNG-tests-2]LoggerLoad-Test Success
]]></system-out>
  </testcase>
  <testcase name="runScenario[&quot;to register with all the data&quot;, &quot;Optional[Registration verification and validation]&quot;](28)" classname="dsAlgo_TestRunner.TestRunner" time="0.047">
    <system-out><![CDATA[[INFO ]2023-07-18 05:33:57.027 [TestNG-tests-2]LoggerLoad-inTestStart

@logIn @LogIn
Scenario: User is on Home page and Clicks on Signins             &amp#27;[90m# src/test/resources/Features/DLoginPage.feature:5&amp#27;[0m
  &amp#27;[32mThen &amp#27;[0m&amp#27;[32mUser verifies for the successful registration message&amp#27;[0m        &amp#27;[90m# dsAlgo_StepDefinition.CRegisterPage_SD.user_verifies_for_the_mismatch_error_message()&amp#27;[0m
[INFO ]2023-07-18 05:33:57.068 [TestNG-tests-1]LoggerLoad-Test Success
]]></system-out>
  </testcase>
  <testcase name="runScenario[&quot;User is on Home page and Clicks on Signins&quot;, &quot;Optional[Login Action]&quot;](29)" classname="dsAlgo_TestRunner.TestRunner" time="0.401">
    <system-out><![CDATA[[INFO ]2023-07-18 05:33:57.071 [TestNG-tests-1]LoggerLoad-inTestStart

@logIn @LogIn
Scenario: User is on Home page and Clicks on Signins             &amp#27;[90m# src/test/resources/Features/DLoginPage.feature:5&amp#27;[0m
[INFO ]2023-07-18 05:33:57.168 [TestNG-tests-2]LoggerLoad-Navigated to HomePage:  https://dsportalapp.herokuapp.com/home
  &amp#27;[32mGiven &amp#27;[0m&amp#27;[32muser is on Home Page&amp#27;[0m                                     &amp#27;[90m# dsAlgo_StepDefinition.BHomePage_SD.user_is_on_home_page()&amp#27;[0m
[INFO ]2023-07-18 05:33:57.232 [TestNG-tests-1]LoggerLoad-Navigated to HomePage:  https://dsportalapp.herokuapp.com/home
  &amp#27;[32mGiven &amp#27;[0m&amp#27;[32muser is on Home Page&amp#27;[0m                                     &amp#27;[90m# dsAlgo_StepDefinition.BHomePage_SD.user_is_on_home_page()&amp#27;[0m
[INFO ]2023-07-18 05:33:57.446 [TestNG-tests-2]LoggerLoad-user should be navigated to sign page : https://dsportalapp.herokuapp.com/login
  &amp#27;[32mWhen &amp#27;[0m&amp#27;[32muser clicks on SignIn button he is directed to login page&amp#27;[0m &amp#27;[90m# dsAlgo_StepDefinition.BHomePage_SD.user_clicks_on_sign_in_link()&amp#27;[0m
[INFO ]2023-07-18 05:33:57.453 [TestNG-tests-2]LoggerLoad-Login page check https://dsportalapp.herokuapp.com/login
  &amp#27;[32mThen &amp#27;[0m&amp#27;[32muser validates the login page&amp#27;[0m                             &amp#27;[90m# dsAlgo_StepDefinition.BHomePage_SD.user_validates_the_login_page()&amp#27;[0m
[INFO ]2023-07-18 05:33:57.467 [TestNG-tests-2]LoggerLoad-Test Success
]]></system-out>
  </testcase>
  <testcase name="runScenario[&quot;User is on Home page and Clicks on Signins&quot;, &quot;Optional[Login Action]&quot;](29)" classname="dsAlgo_TestRunner.TestRunner" time="0.058">
    <system-out><![CDATA[[INFO ]2023-07-18 05:33:57.483 [TestNG-tests-2]LoggerLoad-inTestStart
[INFO ]2023-07-18 05:33:57.499 [TestNG-tests-1]LoggerLoad-user should be navigated to sign page : https://dsportalapp.herokuapp.com/login
  &amp#27;[32mWhen &amp#27;[0m&amp#27;[32muser clicks on SignIn button he is directed to login page&amp#27;[0m &amp#27;[90m# dsAlgo_StepDefinition.BHomePage_SD.user_clicks_on_sign_in_link()&amp#27;[0m

@logIn
Scenario: To verify SignIn with Empty fields                                &amp#27;[90m# src/test/resources/Features/DLoginPage.feature:11&amp#27;[0m
[INFO ]2023-07-18 05:33:57.512 [TestNG-tests-1]LoggerLoad-Login page check https://dsportalapp.herokuapp.com/login
  &amp#27;[32mThen &amp#27;[0m&amp#27;[32muser validates the login page&amp#27;[0m                             &amp#27;[90m# dsAlgo_StepDefinition.BHomePage_SD.user_validates_the_login_page()&amp#27;[0m
[INFO ]2023-07-18 05:33:57.520 [TestNG-tests-1]LoggerLoad-Test Success
]]></system-out>
    <system-err><![CDATA[Cleaning up unclosed ZipFile for archive C:\Users\subas\eclipse-workspace-new\ADsAlgo_Final\src\test\resources\Excel_Register\register.xlsx
Cleaning up unclosed ZipFile for archive C:\Users\subas\eclipse-workspace-new\ADsAlgo_Final\src\test\resources\Excel_Register\register.xlsx
]]></system-err>
  </testcase>
  <testcase name="runScenario[&quot;To verify SignIn with Empty fields&quot;, &quot;Optional[Login Action]&quot;](30)" classname="dsAlgo_TestRunner.TestRunner" time="0.547">
    <system-out><![CDATA[[INFO ]2023-07-18 05:33:57.527 [TestNG-tests-1]LoggerLoad-inTestStart

@logIn
Scenario: To verify SignIn with Empty fields                                &amp#27;[90m# src/test/resources/Features/DLoginPage.feature:11&amp#27;[0m
[INFO ]2023-07-18 05:33:57.851 [TestNG-tests-2]LoggerLoad-User is on login page https://dsportalapp.herokuapp.com/login
  &amp#27;[32mGiven &amp#27;[0m&amp#27;[32mUser is on Login page&amp#27;[0m                                               &amp#27;[90m# dsAlgo_StepDefinition.DLoginPage_Sd.user_is_on_login_page()&amp#27;[0m
[INFO ]2023-07-18 05:33:57.892 [TestNG-tests-1]LoggerLoad-User is on login page https://dsportalapp.herokuapp.com/login
  &amp#27;[32mGiven &amp#27;[0m&amp#27;[32mUser is on Login page&amp#27;[0m                                               &amp#27;[90m# dsAlgo_StepDefinition.DLoginPage_Sd.user_is_on_login_page()&amp#27;[0m
[INFO ]2023-07-18 05:33:58.049 [TestNG-tests-2]LoggerLoad-empty field error chek  Please fill out this field.
  &amp#27;[32mWhen &amp#27;[0m&amp#27;[32mUser clicks on login button with all empty field&amp#27;[0m                     &amp#27;[90m# dsAlgo_StepDefinition.DLoginPage_Sd.user_clicks_on_login_button_with_all_empty_field()&amp#27;[0m
  &amp#27;[32mThen &amp#27;[0m&amp#27;[32mUser verify the message at username as &amp#27;[0m&amp#27;[32m&amp#27;[1m"Please fill out this field."&amp#27;[0m &amp#27;[90m# dsAlgo_StepDefinition.DLoginPage_Sd.user_verify_the_message_at_username_as(java.lang.String)&amp#27;[0m
[INFO ]2023-07-18 05:33:58.070 [TestNG-tests-2]LoggerLoad-Test Success
]]></system-out>
  </testcase>
  <testcase name="runScenario[&quot;To verify SignIn with Empty fields&quot;, &quot;Optional[Login Action]&quot;](30)" classname="dsAlgo_TestRunner.TestRunner" time="0.078">
    <system-out><![CDATA[[INFO ]2023-07-18 05:33:58.084 [TestNG-tests-2]LoggerLoad-inTestStart
[INFO ]2023-07-18 05:33:58.126 [TestNG-tests-1]LoggerLoad-empty field error chek  Please fill out this field.
  &amp#27;[32mWhen &amp#27;[0m&amp#27;[32mUser clicks on login button with all empty field&amp#27;[0m                     &amp#27;[90m# dsAlgo_StepDefinition.DLoginPage_Sd.user_clicks_on_login_button_with_all_empty_field()&amp#27;[0m

@logIn
Scenario Outline: To verify SignIn with invalid "abcdefgh" and "zxyu1234 and gets the result "Invalid Username and Password"     &amp#27;[90m# src/test/resources/Features/DLoginPage.feature:25&amp#27;[0m
  &amp#27;[32mThen &amp#27;[0m&amp#27;[32mUser verify the message at username as &amp#27;[0m&amp#27;[32m&amp#27;[1m"Please fill out this field."&amp#27;[0m &amp#27;[90m# dsAlgo_StepDefinition.DLoginPage_Sd.user_verify_the_message_at_username_as(java.lang.String)&amp#27;[0m
[INFO ]2023-07-18 05:33:58.150 [TestNG-tests-1]LoggerLoad-Test Success
]]></system-out>
  </testcase>
  <testcase name="runScenario[&quot;To verify SignIn with invalid &quot;abcdefgh&quot; and &quot;zxyu1234 and gets the result &quot;Invalid Username and Password&quot;&quot;, &quot;Optional[Login Action]&quot;](31)" classname="dsAlgo_TestRunner.TestRunner" time="0.744">
    <system-out><![CDATA[[INFO ]2023-07-18 05:33:58.160 [TestNG-tests-1]LoggerLoad-inTestStart

@logIn
Scenario Outline: To verify SignIn with invalid "abcdefgh" and "zxyu1234 and gets the result "Invalid Username and Password"     &amp#27;[90m# src/test/resources/Features/DLoginPage.feature:25&amp#27;[0m
[INFO ]2023-07-18 05:33:58.478 [TestNG-tests-2]LoggerLoad-User is on login page https://dsportalapp.herokuapp.com/login
  &amp#27;[32mGiven &amp#27;[0m&amp#27;[32mUser is on Login page&amp#27;[0m                                                                                                    &amp#27;[90m# dsAlgo_StepDefinition.DLoginPage_Sd.user_is_on_login_page()&amp#27;[0m
[INFO ]2023-07-18 05:33:58.510 [TestNG-tests-1]LoggerLoad-User is on login page https://dsportalapp.herokuapp.com/login
  &amp#27;[32mGiven &amp#27;[0m&amp#27;[32mUser is on Login page&amp#27;[0m                                                                                                    &amp#27;[90m# dsAlgo_StepDefinition.DLoginPage_Sd.user_is_on_login_page()&amp#27;[0m
  &amp#27;[32mWhen &amp#27;[0m&amp#27;[32mUser enters invalid username as &amp#27;[0m&amp#27;[32m&amp#27;[1m"abcdefgh"&amp#27;[0m&amp#27;[32m and password as &amp#27;[0m&amp#27;[32m&amp#27;[1m"zxyu1234"&amp#27;[0m&amp#27;[32m and gets the result &amp#27;[0m&amp#27;[32m&amp#27;[1m"Invalid Username and Password"&amp#27;[0m &amp#27;[90m# dsAlgo_StepDefinition.DLoginPage_Sd.user_enters_invalid_username_as_and_password_as_and_gets_the_result(java.lang.String,java.lang.String,java.lang.String)&amp#27;[0m
  &amp#27;[32mWhen &amp#27;[0m&amp#27;[32mUser enters invalid username as &amp#27;[0m&amp#27;[32m&amp#27;[1m"abcdefgh"&amp#27;[0m&amp#27;[32m and password as &amp#27;[0m&amp#27;[32m&amp#27;[1m"zxyu1234"&amp#27;[0m&amp#27;[32m and gets the result &amp#27;[0m&amp#27;[32m&amp#27;[1m"Invalid Username and Password"&amp#27;[0m &amp#27;[90m# dsAlgo_StepDefinition.DLoginPage_Sd.user_enters_invalid_username_as_and_password_as_and_gets_the_result(java.lang.String,java.lang.String,java.lang.String)&amp#27;[0m
  &amp#27;[32mAnd &amp#27;[0m&amp#27;[32mUser clicks login button&amp#27;[0m                                                                                                   &amp#27;[90m# dsAlgo_StepDefinition.DLoginPage_Sd.user_clicks_login_button()&amp#27;[0m
  &amp#27;[32mThen &amp#27;[0m&amp#27;[32mUser verify the message as &amp#27;[0m&amp#27;[32m&amp#27;[1m"Invalid Username and Password"&amp#27;[0m                                                                &amp#27;[90m# dsAlgo_StepDefinition.DLoginPage_Sd.user_verify_the_message_as(java.lang.String)&amp#27;[0m
[INFO ]2023-07-18 05:33:58.902 [TestNG-tests-2]LoggerLoad-Test Success
]]></system-out>
  </testcase>
  <testcase name="runScenario[&quot;To verify SignIn with invalid &quot;abcdefgh&quot; and &quot;zxyu1234 and gets the result &quot;Invalid Username and Password&quot;&quot;, &quot;Optional[Login Action]&quot;](31)" classname="dsAlgo_TestRunner.TestRunner" time="0.044">
    <system-out><![CDATA[[INFO ]2023-07-18 05:33:58.913 [TestNG-tests-2]LoggerLoad-inTestStart

@logIn
Scenario Outline: To verify SignIn with invalid "asdfger" and "@@@@ and gets the result "Invalid Username and Password"     &amp#27;[90m# src/test/resources/Features/DLoginPage.feature:26&amp#27;[0m
  &amp#27;[32mAnd &amp#27;[0m&amp#27;[32mUser clicks login button&amp#27;[0m                                                                                                   &amp#27;[90m# dsAlgo_StepDefinition.DLoginPage_Sd.user_clicks_login_button()&amp#27;[0m
  &amp#27;[32mThen &amp#27;[0m&amp#27;[32mUser verify the message as &amp#27;[0m&amp#27;[32m&amp#27;[1m"Invalid Username and Password"&amp#27;[0m                                                                &amp#27;[90m# dsAlgo_StepDefinition.DLoginPage_Sd.user_verify_the_message_as(java.lang.String)&amp#27;[0m
[INFO ]2023-07-18 05:33:58.947 [TestNG-tests-1]LoggerLoad-Test Success
]]></system-out>
  </testcase>
  <testcase name="runScenario[&quot;To verify SignIn with invalid &quot;asdfger&quot; and &quot;@@@@ and gets the result &quot;Invalid Username and Password&quot;&quot;, &quot;Optional[Login Action]&quot;](32)" classname="dsAlgo_TestRunner.TestRunner" time="0.923">
    <system-out><![CDATA[[INFO ]2023-07-18 05:33:58.955 [TestNG-tests-1]LoggerLoad-inTestStart

@logIn
Scenario Outline: To verify SignIn with invalid "asdfger" and "@@@@ and gets the result "Invalid Username and Password"     &amp#27;[90m# src/test/resources/Features/DLoginPage.feature:26&amp#27;[0m
[INFO ]2023-07-18 05:33:59.291 [TestNG-tests-2]LoggerLoad-User is on login page https://dsportalapp.herokuapp.com/login
  &amp#27;[32mGiven &amp#27;[0m&amp#27;[32mUser is on Login page&amp#27;[0m                                                                                               &amp#27;[90m# dsAlgo_StepDefinition.DLoginPage_Sd.user_is_on_login_page()&amp#27;[0m
[INFO ]2023-07-18 05:33:59.357 [TestNG-tests-1]LoggerLoad-User is on login page https://dsportalapp.herokuapp.com/login
  &amp#27;[32mGiven &amp#27;[0m&amp#27;[32mUser is on Login page&amp#27;[0m                                                                                               &amp#27;[90m# dsAlgo_StepDefinition.DLoginPage_Sd.user_is_on_login_page()&amp#27;[0m
  &amp#27;[32mWhen &amp#27;[0m&amp#27;[32mUser enters invalid username as &amp#27;[0m&amp#27;[32m&amp#27;[1m"asdfger"&amp#27;[0m&amp#27;[32m and password as &amp#27;[0m&amp#27;[32m&amp#27;[1m"@@@@"&amp#27;[0m&amp#27;[32m and gets the result &amp#27;[0m&amp#27;[32m&amp#27;[1m"Invalid Username and Password"&amp#27;[0m &amp#27;[90m# dsAlgo_StepDefinition.DLoginPage_Sd.user_enters_invalid_username_as_and_password_as_and_gets_the_result(java.lang.String,java.lang.String,java.lang.String)&amp#27;[0m
  &amp#27;[32mWhen &amp#27;[0m&amp#27;[32mUser enters invalid username as &amp#27;[0m&amp#27;[32m&amp#27;[1m"asdfger"&amp#27;[0m&amp#27;[32m and password as &amp#27;[0m&amp#27;[32m&amp#27;[1m"@@@@"&amp#27;[0m&amp#27;[32m and gets the result &amp#27;[0m&amp#27;[32m&amp#27;[1m"Invalid Username and Password"&amp#27;[0m &amp#27;[90m# dsAlgo_StepDefinition.DLoginPage_Sd.user_enters_invalid_username_as_and_password_as_and_gets_the_result(java.lang.String,java.lang.String,java.lang.String)&amp#27;[0m
  &amp#27;[32mAnd &amp#27;[0m&amp#27;[32mUser clicks login button&amp#27;[0m                                                                                              &amp#27;[90m# dsAlgo_StepDefinition.DLoginPage_Sd.user_clicks_login_button()&amp#27;[0m
  &amp#27;[32mThen &amp#27;[0m&amp#27;[32mUser verify the message as &amp#27;[0m&amp#27;[32m&amp#27;[1m"Invalid Username and Password"&amp#27;[0m                                                           &amp#27;[90m# dsAlgo_StepDefinition.DLoginPage_Sd.user_verify_the_message_as(java.lang.String)&amp#27;[0m
[INFO ]2023-07-18 05:33:59.875 [TestNG-tests-2]LoggerLoad-Test Success
]]></system-out>
  </testcase>
  <testcase name="runScenario[&quot;To verify SignIn with invalid &quot;asdfger&quot; and &quot;@@@@ and gets the result &quot;Invalid Username and Password&quot;&quot;, &quot;Optional[Login Action]&quot;](32)" classname="dsAlgo_TestRunner.TestRunner" time="0.073">
    <system-out><![CDATA[[INFO ]2023-07-18 05:33:59.882 [TestNG-tests-2]LoggerLoad-inTestStart

@logIn
Scenario Outline: To verify SignIn with invalid "ER@$" and "sdkfsk12 and gets the result "Invalid Username and Password"     &amp#27;[90m# src/test/resources/Features/DLoginPage.feature:27&amp#27;[0m
  &amp#27;[32mAnd &amp#27;[0m&amp#27;[32mUser clicks login button&amp#27;[0m                                                                                              &amp#27;[90m# dsAlgo_StepDefinition.DLoginPage_Sd.user_clicks_login_button()&amp#27;[0m
  &amp#27;[32mThen &amp#27;[0m&amp#27;[32mUser verify the message as &amp#27;[0m&amp#27;[32m&amp#27;[1m"Invalid Username and Password"&amp#27;[0m                                                           &amp#27;[90m# dsAlgo_StepDefinition.DLoginPage_Sd.user_verify_the_message_as(java.lang.String)&amp#27;[0m
[INFO ]2023-07-18 05:33:59.948 [TestNG-tests-1]LoggerLoad-Test Success
]]></system-out>
  </testcase>
  <testcase name="runScenario[&quot;To verify SignIn with invalid &quot;ER@$&quot; and &quot;sdkfsk12 and gets the result &quot;Invalid Username and Password&quot;&quot;, &quot;Optional[Login Action]&quot;](33)" classname="dsAlgo_TestRunner.TestRunner" time="1.053">
    <system-out><![CDATA[[INFO ]2023-07-18 05:33:59.957 [TestNG-tests-1]LoggerLoad-inTestStart

@logIn
Scenario Outline: To verify SignIn with invalid "ER@$" and "sdkfsk12 and gets the result "Invalid Username and Password"     &amp#27;[90m# src/test/resources/Features/DLoginPage.feature:27&amp#27;[0m
[INFO ]2023-07-18 05:34:00.389 [TestNG-tests-2]LoggerLoad-User is on login page https://dsportalapp.herokuapp.com/login
  &amp#27;[32mGiven &amp#27;[0m&amp#27;[32mUser is on Login page&amp#27;[0m                                                                                                &amp#27;[90m# dsAlgo_StepDefinition.DLoginPage_Sd.user_is_on_login_page()&amp#27;[0m
[INFO ]2023-07-18 05:34:00.459 [TestNG-tests-1]LoggerLoad-User is on login page https://dsportalapp.herokuapp.com/login
  &amp#27;[32mGiven &amp#27;[0m&amp#27;[32mUser is on Login page&amp#27;[0m                                                                                                &amp#27;[90m# dsAlgo_StepDefinition.DLoginPage_Sd.user_is_on_login_page()&amp#27;[0m
  &amp#27;[32mWhen &amp#27;[0m&amp#27;[32mUser enters invalid username as &amp#27;[0m&amp#27;[32m&amp#27;[1m"ER@$"&amp#27;[0m&amp#27;[32m and password as &amp#27;[0m&amp#27;[32m&amp#27;[1m"sdkfsk12"&amp#27;[0m&amp#27;[32m and gets the result &amp#27;[0m&amp#27;[32m&amp#27;[1m"Invalid Username and Password"&amp#27;[0m &amp#27;[90m# dsAlgo_StepDefinition.DLoginPage_Sd.user_enters_invalid_username_as_and_password_as_and_gets_the_result(java.lang.String,java.lang.String,java.lang.String)&amp#27;[0m
  &amp#27;[32mWhen &amp#27;[0m&amp#27;[32mUser enters invalid username as &amp#27;[0m&amp#27;[32m&amp#27;[1m"ER@$"&amp#27;[0m&amp#27;[32m and password as &amp#27;[0m&amp#27;[32m&amp#27;[1m"sdkfsk12"&amp#27;[0m&amp#27;[32m and gets the result &amp#27;[0m&amp#27;[32m&amp#27;[1m"Invalid Username and Password"&amp#27;[0m &amp#27;[90m# dsAlgo_StepDefinition.DLoginPage_Sd.user_enters_invalid_username_as_and_password_as_and_gets_the_result(java.lang.String,java.lang.String,java.lang.String)&amp#27;[0m
  &amp#27;[32mAnd &amp#27;[0m&amp#27;[32mUser clicks login button&amp#27;[0m                                                                                               &amp#27;[90m# dsAlgo_StepDefinition.DLoginPage_Sd.user_clicks_login_button()&amp#27;[0m
  &amp#27;[32mThen &amp#27;[0m&amp#27;[32mUser verify the message as &amp#27;[0m&amp#27;[32m&amp#27;[1m"Invalid Username and Password"&amp#27;[0m                                                            &amp#27;[90m# dsAlgo_StepDefinition.DLoginPage_Sd.user_verify_the_message_as(java.lang.String)&amp#27;[0m
[INFO ]2023-07-18 05:34:01.004 [TestNG-tests-2]LoggerLoad-Test Success
]]></system-out>
  </testcase>
  <testcase name="runScenario[&quot;To verify SignIn with invalid &quot;ER@$&quot; and &quot;sdkfsk12 and gets the result &quot;Invalid Username and Password&quot;&quot;, &quot;Optional[Login Action]&quot;](33)" classname="dsAlgo_TestRunner.TestRunner" time="0.069">
    <system-out><![CDATA[[INFO ]2023-07-18 05:34:01.011 [TestNG-tests-2]LoggerLoad-inTestStart

@logIn
Scenario: To verify SignIn with username only                               &amp#27;[90m# src/test/resources/Features/DLoginPage.feature:30&amp#27;[0m
  &amp#27;[32mAnd &amp#27;[0m&amp#27;[32mUser clicks login button&amp#27;[0m                                                                                               &amp#27;[90m# dsAlgo_StepDefinition.DLoginPage_Sd.user_clicks_login_button()&amp#27;[0m
  &amp#27;[32mThen &amp#27;[0m&amp#27;[32mUser verify the message as &amp#27;[0m&amp#27;[32m&amp#27;[1m"Invalid Username and Password"&amp#27;[0m                                                            &amp#27;[90m# dsAlgo_StepDefinition.DLoginPage_Sd.user_verify_the_message_as(java.lang.String)&amp#27;[0m
[INFO ]2023-07-18 05:34:01.074 [TestNG-tests-1]LoggerLoad-Test Success
]]></system-out>
  </testcase>
  <testcase name="runScenario[&quot;To verify SignIn with username only&quot;, &quot;Optional[Login Action]&quot;](34)" classname="dsAlgo_TestRunner.TestRunner" time="0.936">
    <system-out><![CDATA[[INFO ]2023-07-18 05:34:01.084 [TestNG-tests-1]LoggerLoad-inTestStart

@logIn
Scenario: To verify SignIn with username only                               &amp#27;[90m# src/test/resources/Features/DLoginPage.feature:30&amp#27;[0m
[INFO ]2023-07-18 05:34:01.520 [TestNG-tests-2]LoggerLoad-User is on login page https://dsportalapp.herokuapp.com/login
  &amp#27;[32mGiven &amp#27;[0m&amp#27;[32mUser is on Login page&amp#27;[0m                                               &amp#27;[90m# dsAlgo_StepDefinition.DLoginPage_Sd.user_is_on_login_page()&amp#27;[0m
[INFO ]2023-07-18 05:34:01.679 [TestNG-tests-1]LoggerLoad-User is on login page https://dsportalapp.herokuapp.com/login
  &amp#27;[32mGiven &amp#27;[0m&amp#27;[32mUser is on Login page&amp#27;[0m                                               &amp#27;[90m# dsAlgo_StepDefinition.DLoginPage_Sd.user_is_on_login_page()&amp#27;[0m
  &amp#27;[32mWhen &amp#27;[0m&amp#27;[32mUser clicks on login button with username as &amp#27;[0m&amp#27;[32m&amp#27;[1m"numpy"&amp#27;[0m&amp#27;[32m only&amp#27;[0m            &amp#27;[90m# dsAlgo_StepDefinition.DLoginPage_Sd.user_clicks_on_login_button_with_username_as_only(java.lang.String)&amp#27;[0m
  &amp#27;[32mThen &amp#27;[0m&amp#27;[32mUser verify the message at password as &amp#27;[0m&amp#27;[32m&amp#27;[1m"Please fill out this field."&amp#27;[0m &amp#27;[90m# dsAlgo_StepDefinition.DLoginPage_Sd.user_verify_the_message_at_password_as(java.lang.String)&amp#27;[0m
[INFO ]2023-07-18 05:34:02.010 [TestNG-tests-2]LoggerLoad-Test Success
]]></system-out>
  </testcase>
  <testcase name="runScenario[&quot;To verify SignIn with username only&quot;, &quot;Optional[Login Action]&quot;](34)" classname="dsAlgo_TestRunner.TestRunner" time="0.191">
    <system-out><![CDATA[[INFO ]2023-07-18 05:34:02.021 [TestNG-tests-2]LoggerLoad-inTestStart

@logIn
Scenario: To verify SignIn with password only                           &amp#27;[90m# src/test/resources/Features/DLoginPage.feature:36&amp#27;[0m
  &amp#27;[32mWhen &amp#27;[0m&amp#27;[32mUser clicks on login button with username as &amp#27;[0m&amp#27;[32m&amp#27;[1m"numpy"&amp#27;[0m&amp#27;[32m only&amp#27;[0m            &amp#27;[90m# dsAlgo_StepDefinition.DLoginPage_Sd.user_clicks_on_login_button_with_username_as_only(java.lang.String)&amp#27;[0m
  &amp#27;[32mThen &amp#27;[0m&amp#27;[32mUser verify the message at password as &amp#27;[0m&amp#27;[32m&amp#27;[1m"Please fill out this field."&amp#27;[0m &amp#27;[90m# dsAlgo_StepDefinition.DLoginPage_Sd.user_verify_the_message_at_password_as(java.lang.String)&amp#27;[0m
[INFO ]2023-07-18 05:34:02.205 [TestNG-tests-1]LoggerLoad-Test Success
]]></system-out>
  </testcase>
  <testcase name="runScenario[&quot;To verify SignIn with password only&quot;, &quot;Optional[Login Action]&quot;](35)" classname="dsAlgo_TestRunner.TestRunner" time="0.989">
    <system-out><![CDATA[[INFO ]2023-07-18 05:34:02.224 [TestNG-tests-1]LoggerLoad-inTestStart

@logIn
Scenario: To verify SignIn with password only                           &amp#27;[90m# src/test/resources/Features/DLoginPage.feature:36&amp#27;[0m
[INFO ]2023-07-18 05:34:02.789 [TestNG-tests-2]LoggerLoad-User is on login page https://dsportalapp.herokuapp.com/login
  &amp#27;[32mGiven &amp#27;[0m&amp#27;[32mUser is on Login page&amp#27;[0m                                           &amp#27;[90m# dsAlgo_StepDefinition.DLoginPage_Sd.user_is_on_login_page()&amp#27;[0m
[INFO ]2023-07-18 05:34:02.925 [TestNG-tests-1]LoggerLoad-User is on login page https://dsportalapp.herokuapp.com/login
  &amp#27;[32mGiven &amp#27;[0m&amp#27;[32mUser is on Login page&amp#27;[0m                                           &amp#27;[90m# dsAlgo_StepDefinition.DLoginPage_Sd.user_is_on_login_page()&amp#27;[0m
  &amp#27;[32mWhen &amp#27;[0m&amp#27;[32mUser clicks on login button with password as &amp#27;[0m&amp#27;[32m&amp#27;[1m"numpy"&amp#27;[0m&amp#27;[32m only&amp#27;[0m        &amp#27;[90m# dsAlgo_StepDefinition.DLoginPage_Sd.user_clicks_on_login_button_with_password_as_only(java.lang.String)&amp#27;[0m
  &amp#27;[32mThen &amp#27;[0m&amp#27;[32mUser verify the message at user as &amp#27;[0m&amp#27;[32m&amp#27;[1m"Please fill out this field."&amp#27;[0m &amp#27;[90m# dsAlgo_StepDefinition.DLoginPage_Sd.user_verify_the_message_at_user_as(java.lang.String)&amp#27;[0m
[INFO ]2023-07-18 05:34:03.197 [TestNG-tests-2]LoggerLoad-Test Success
]]></system-out>
  </testcase>
  <testcase name="runScenario[&quot;To verify SignIn with password only&quot;, &quot;Optional[Login Action]&quot;](35)" classname="dsAlgo_TestRunner.TestRunner" time="0.188">
    <system-out><![CDATA[[INFO ]2023-07-18 05:34:03.208 [TestNG-tests-2]LoggerLoad-inTestStart

@logIn
Scenario Outline: User  Login with  valid "sdet" and "sdet1234"               &amp#27;[90m# src/test/resources/Features/DLoginPage.feature:50&amp#27;[0m
  &amp#27;[32mWhen &amp#27;[0m&amp#27;[32mUser clicks on login button with password as &amp#27;[0m&amp#27;[32m&amp#27;[1m"numpy"&amp#27;[0m&amp#27;[32m only&amp#27;[0m        &amp#27;[90m# dsAlgo_StepDefinition.DLoginPage_Sd.user_clicks_on_login_button_with_password_as_only(java.lang.String)&amp#27;[0m
  &amp#27;[32mThen &amp#27;[0m&amp#27;[32mUser verify the message at user as &amp#27;[0m&amp#27;[32m&amp#27;[1m"Please fill out this field."&amp#27;[0m &amp#27;[90m# dsAlgo_StepDefinition.DLoginPage_Sd.user_verify_the_message_at_user_as(java.lang.String)&amp#27;[0m
[INFO ]2023-07-18 05:34:03.386 [TestNG-tests-1]LoggerLoad-Test Success
]]></system-out>
  </testcase>
  <testcase name="runScenario[&quot;User  Login with  valid &quot;sdet&quot; and &quot;sdet1234&quot;&quot;, &quot;Optional[Login Action]&quot;](36)" classname="dsAlgo_TestRunner.TestRunner" time="1.036">
    <system-out><![CDATA[[INFO ]2023-07-18 05:34:03.401 [TestNG-tests-1]LoggerLoad-inTestStart

@logIn
Scenario Outline: User  Login with  valid "sdet" and "sdet1234"               &amp#27;[90m# src/test/resources/Features/DLoginPage.feature:50&amp#27;[0m
[INFO ]2023-07-18 05:34:03.808 [TestNG-tests-2]LoggerLoad-User is on login page https://dsportalapp.herokuapp.com/login
  &amp#27;[32mGiven &amp#27;[0m&amp#27;[32mUser is on Login page&amp#27;[0m                                                 &amp#27;[90m# dsAlgo_StepDefinition.DLoginPage_Sd.user_is_on_login_page()&amp#27;[0m
[INFO ]2023-07-18 05:34:03.886 [TestNG-tests-1]LoggerLoad-User is on login page https://dsportalapp.herokuapp.com/login
  &amp#27;[32mGiven &amp#27;[0m&amp#27;[32mUser is on Login page&amp#27;[0m                                                 &amp#27;[90m# dsAlgo_StepDefinition.DLoginPage_Sd.user_is_on_login_page()&amp#27;[0m
  &amp#27;[32mWhen &amp#27;[0m&amp#27;[32mUser enters valid username &amp#27;[0m&amp#27;[32m&amp#27;[1m"sdet"&amp#27;[0m&amp#27;[32m and password &amp#27;[0m&amp#27;[32m&amp#27;[1m"sdet1234"&amp#27;[0m              &amp#27;[90m# dsAlgo_StepDefinition.DLoginPage_Sd.user_enters_username_and_password(java.lang.String,java.lang.String)&amp#27;[0m
  &amp#27;[32mWhen &amp#27;[0m&amp#27;[32mUser enters valid username &amp#27;[0m&amp#27;[32m&amp#27;[1m"sdet"&amp#27;[0m&amp#27;[32m and password &amp#27;[0m&amp#27;[32m&amp#27;[1m"sdet1234"&amp#27;[0m              &amp#27;[90m# dsAlgo_StepDefinition.DLoginPage_Sd.user_enters_username_and_password(java.lang.String,java.lang.String)&amp#27;[0m
  &amp#27;[32mAnd &amp#27;[0m&amp#27;[32mUser clicks on login button&amp#27;[0m                                             &amp#27;[90m# dsAlgo_StepDefinition.DLoginPage_Sd.user_clicks_on_login_button()&amp#27;[0m
  &amp#27;[32mThen &amp#27;[0m&amp#27;[32mIt should navigate to the home page with a message &amp#27;[0m&amp#27;[32m&amp#27;[1m"You are logged in"&amp#27;[0m &amp#27;[90m# dsAlgo_StepDefinition.DLoginPage_Sd.it_should_navigate_to_the_home_page_with_a_message(java.lang.String)&amp#27;[0m
[INFO ]2023-07-18 05:34:04.429 [TestNG-tests-2]LoggerLoad-Test Success
]]></system-out>
  </testcase>
  <testcase name="runScenario[&quot;User  Login with  valid &quot;sdet&quot; and &quot;sdet1234&quot;&quot;, &quot;Optional[Login Action]&quot;](36)" classname="dsAlgo_TestRunner.TestRunner" time="0.069">
    <system-out><![CDATA[[INFO ]2023-07-18 05:34:04.435 [TestNG-tests-2]LoggerLoad-inTestStart

@DataStructureTest
Scenario Outline: The user is able to navigate to all options in datastructure page &amp#27;[90m# src/test/resources/Features/EDataStructurePage.feature:10&amp#27;[0m
  &amp#27;[32mAnd &amp#27;[0m&amp#27;[32mUser clicks on login button&amp#27;[0m                                             &amp#27;[90m# dsAlgo_StepDefinition.DLoginPage_Sd.user_clicks_on_login_button()&amp#27;[0m
  &amp#27;[32mThen &amp#27;[0m&amp#27;[32mIt should navigate to the home page with a message &amp#27;[0m&amp#27;[32m&amp#27;[1m"You are logged in"&amp#27;[0m &amp#27;[90m# dsAlgo_StepDefinition.DLoginPage_Sd.it_should_navigate_to_the_home_page_with_a_message(java.lang.String)&amp#27;[0m
[INFO ]2023-07-18 05:34:04.495 [TestNG-tests-1]LoggerLoad-Test Success
]]></system-out>
  </testcase>
  <testcase name="runScenario[&quot;The user is able to navigate to all options in datastructure page&quot;, &quot;Optional[Test DataStructure  page]&quot;](37)" classname="dsAlgo_TestRunner.TestRunner" time="0.761">
    <system-out><![CDATA[[INFO ]2023-07-18 05:34:04.502 [TestNG-tests-1]LoggerLoad-inTestStart

@DataStructureTest
Scenario Outline: The user is able to navigate to all options in datastructure page &amp#27;[90m# src/test/resources/Features/EDataStructurePage.feature:10&amp#27;[0m
[INFO ]2023-07-18 05:34:04.881 [TestNG-tests-2]LoggerLoad-User is in :Data Structures-Introduction
  &amp#27;[32mGiven &amp#27;[0m&amp#27;[32mThe user is on the &amp#27;[0m&amp#27;[32m&amp#27;[1m"DataStructure"&amp#27;[0m&amp#27;[32m page&amp#27;[0m                                     &amp#27;[90m# dsAlgo_StepDefinition.EDataStructurePage_SD.the_user_is_on_the_ds_after_logged_in(java.lang.String)&amp#27;[0m
[INFO ]2023-07-18 05:34:04.975 [TestNG-tests-1]LoggerLoad-User is in :Data Structures-Introduction
  &amp#27;[32mGiven &amp#27;[0m&amp#27;[32mThe user is on the &amp#27;[0m&amp#27;[32m&amp#27;[1m"DataStructure"&amp#27;[0m&amp#27;[32m page&amp#27;[0m                                     &amp#27;[90m# dsAlgo_StepDefinition.EDataStructurePage_SD.the_user_is_on_the_ds_after_logged_in(java.lang.String)&amp#27;[0m
  &amp#27;[32mWhen &amp#27;[0m&amp#27;[32mThe user clicks &amp#27;[0m&amp#27;[32m&amp#27;[1m"Time Complexity"&amp#27;[0m&amp#27;[32m button of Datastructure page&amp#27;[0m               &amp#27;[90m# dsAlgo_StepDefinition.EDataStructurePage_SD.the_user_clicks_button_of_datastructure_page(java.lang.String)&amp#27;[0m
  &amp#27;[32mThen &amp#27;[0m&amp#27;[32mThe user in  &amp#27;[0m&amp#27;[32m&amp#27;[1m"Time Complexity"&amp#27;[0m&amp#27;[32m of Datastructure page&amp#27;[0m                         &amp#27;[90m# dsAlgo_StepDefinition.EDataStructurePage_SD.the_user_in_of_datastructure_page(java.lang.String)&amp#27;[0m
[INFO ]2023-07-18 05:34:05.260 [TestNG-tests-2]LoggerLoad-Test Success
]]></system-out>
  </testcase>
  <testcase name="runScenario[&quot;The user is able to navigate to all options in datastructure page&quot;, &quot;Optional[Test DataStructure  page]&quot;](37)" classname="dsAlgo_TestRunner.TestRunner" time="0.08">
    <system-out><![CDATA[[INFO ]2023-07-18 05:34:05.267 [TestNG-tests-2]LoggerLoad-inTestStart

@DataStructureTest
Scenario Outline: The user is able run code in tryEditor                                             &amp#27;[90m# src/test/resources/Features/EDataStructurePage.feature:19&amp#27;[0m
  &amp#27;[32mWhen &amp#27;[0m&amp#27;[32mThe user clicks &amp#27;[0m&amp#27;[32m&amp#27;[1m"Time Complexity"&amp#27;[0m&amp#27;[32m button of Datastructure page&amp#27;[0m               &amp#27;[90m# dsAlgo_StepDefinition.EDataStructurePage_SD.the_user_clicks_button_of_datastructure_page(java.lang.String)&amp#27;[0m
  &amp#27;[32mThen &amp#27;[0m&amp#27;[32mThe user in  &amp#27;[0m&amp#27;[32m&amp#27;[1m"Time Complexity"&amp#27;[0m&amp#27;[32m of Datastructure page&amp#27;[0m                         &amp#27;[90m# dsAlgo_StepDefinition.EDataStructurePage_SD.the_user_in_of_datastructure_page(java.lang.String)&amp#27;[0m
[INFO ]2023-07-18 05:34:05.340 [TestNG-tests-1]LoggerLoad-Test Success
]]></system-out>
  </testcase>
  <testcase name="runScenario[&quot;The user is able run code in tryEditor&quot;, &quot;Optional[Test DataStructure  page]&quot;](38)" classname="dsAlgo_TestRunner.TestRunner" time="3.496">
    <system-out><![CDATA[[INFO ]2023-07-18 05:34:05.348 [TestNG-tests-1]LoggerLoad-inTestStart

@DataStructureTest
Scenario Outline: The user is able run code in tryEditor                                             &amp#27;[90m# src/test/resources/Features/EDataStructurePage.feature:19&amp#27;[0m
  &amp#27;[32mGiven &amp#27;[0m&amp#27;[32mThe user is in a &amp#27;[0m&amp#27;[32m&amp#27;[1m"Time Complexity"&amp#27;[0m&amp#27;[32m page having an tryEditor with a Run button to test for DS&amp#27;[0m &amp#27;[90m# dsAlgo_StepDefinition.EDataStructurePage_SD.the_user_is_in_a_page_having_an_try_editor_with_a_run_button_to_test_for_ds(java.lang.String)&amp#27;[0m
  &amp#27;[32mGiven &amp#27;[0m&amp#27;[32mThe user is in a &amp#27;[0m&amp#27;[32m&amp#27;[1m"Time Complexity"&amp#27;[0m&amp#27;[32m page having an tryEditor with a Run button to test for DS&amp#27;[0m &amp#27;[90m# dsAlgo_StepDefinition.EDataStructurePage_SD.the_user_is_in_a_page_having_an_try_editor_with_a_run_button_to_test_for_ds(java.lang.String)&amp#27;[0m
  &amp#27;[32mWhen &amp#27;[0m&amp#27;[32mThe user enter valid python DS code in tryEditor from sheet &amp#27;[0m&amp#27;[32m&amp#27;[1m"pythoncode"&amp#27;[0m&amp#27;[32m and &amp#27;[0m&amp#27;[32m&amp#27;[1m0&amp#27;[0m                &amp#27;[90m# dsAlgo_StepDefinition.EDataStructurePage_SD.the_user_enter_valid_python_ds_code_in_try_editor_from_sheet_and(java.lang.String,java.lang.Integer)&amp#27;[0m
  &amp#27;[32mAnd &amp#27;[0m&amp#27;[32mThe user clicks on run button for DS&amp#27;[0m                                                           &amp#27;[90m# dsAlgo_StepDefinition.EDataStructurePage_SD.the_user_clicks_on_run_button_for_ds()&amp#27;[0m
  &amp#27;[32mWhen &amp#27;[0m&amp#27;[32mThe user enter valid python DS code in tryEditor from sheet &amp#27;[0m&amp#27;[32m&amp#27;[1m"pythoncode"&amp#27;[0m&amp#27;[32m and &amp#27;[0m&amp#27;[32m&amp#27;[1m0&amp#27;[0m                &amp#27;[90m# dsAlgo_StepDefinition.EDataStructurePage_SD.the_user_enter_valid_python_ds_code_in_try_editor_from_sheet_and(java.lang.String,java.lang.Integer)&amp#27;[0m
  &amp#27;[32mThen &amp#27;[0m&amp#27;[32mThe user should be presented with Run result for DS&amp#27;[0m                                           &amp#27;[90m# dsAlgo_StepDefinition.EDataStructurePage_SD.the_user_should_be_presented_with_run_result_for_ds()&amp#27;[0m
[INFO ]2023-07-18 05:34:08.840 [TestNG-tests-2]LoggerLoad-Test Success
]]></system-out>
  </testcase>
  <testcase name="runScenario[&quot;The user is able run code in tryEditor&quot;, &quot;Optional[Test DataStructure  page]&quot;](38)" classname="dsAlgo_TestRunner.TestRunner" time="0.098">
    <system-out><![CDATA[[INFO ]2023-07-18 05:34:08.846 [TestNG-tests-2]LoggerLoad-inTestStart

@DataStructureTest @Tag
Scenario Outline: The user is able run code in tryEditor                                             &amp#27;[90m# src/test/resources/Features/EDataStructurePage.feature:29&amp#27;[0m
  &amp#27;[32mAnd &amp#27;[0m&amp#27;[32mThe user clicks on run button for DS&amp#27;[0m                                                           &amp#27;[90m# dsAlgo_StepDefinition.EDataStructurePage_SD.the_user_clicks_on_run_button_for_ds()&amp#27;[0m
  &amp#27;[32mThen &amp#27;[0m&amp#27;[32mThe user should be presented with Run result for DS&amp#27;[0m                                           &amp#27;[90m# dsAlgo_StepDefinition.EDataStructurePage_SD.the_user_should_be_presented_with_run_result_for_ds()&amp#27;[0m
[INFO ]2023-07-18 05:34:08.940 [TestNG-tests-1]LoggerLoad-Test Success
]]></system-out>
  </testcase>
  <testcase name="runScenario[&quot;The user is able run code in tryEditor&quot;, &quot;Optional[Test DataStructure  page]&quot;](39)" classname="dsAlgo_TestRunner.TestRunner" time="2.692">
    <system-out><![CDATA[[INFO ]2023-07-18 05:34:08.944 [TestNG-tests-1]LoggerLoad-inTestStart

@DataStructureTest @Tag
Scenario Outline: The user is able run code in tryEditor                                             &amp#27;[90m# src/test/resources/Features/EDataStructurePage.feature:29&amp#27;[0m
  &amp#27;[32mGiven &amp#27;[0m&amp#27;[32mThe user is in a &amp#27;[0m&amp#27;[32m&amp#27;[1m"Time Complexity"&amp#27;[0m&amp#27;[32m page having an tryEditor with a Run button to test for DS&amp#27;[0m &amp#27;[90m# dsAlgo_StepDefinition.EDataStructurePage_SD.the_user_is_in_a_page_having_an_try_editor_with_a_run_button_to_test_for_ds(java.lang.String)&amp#27;[0m
  &amp#27;[32mGiven &amp#27;[0m&amp#27;[32mThe user is in a &amp#27;[0m&amp#27;[32m&amp#27;[1m"Time Complexity"&amp#27;[0m&amp#27;[32m page having an tryEditor with a Run button to test for DS&amp#27;[0m &amp#27;[90m# dsAlgo_StepDefinition.EDataStructurePage_SD.the_user_is_in_a_page_having_an_try_editor_with_a_run_button_to_test_for_ds(java.lang.String)&amp#27;[0m
prin("Hello")NameError: name 'prin' is not defined on line 1code check
  &amp#27;[32mWhen &amp#27;[0m&amp#27;[32mThe user enter python DS code with invalid syntax in tryEditor from sheet &amp#27;[0m&amp#27;[32m&amp#27;[1m"pythoncode"&amp#27;[0m&amp#27;[32m and &amp#27;[0m&amp#27;[32m&amp#27;[1m1&amp#27;[0m  &amp#27;[90m# dsAlgo_StepDefinition.EDataStructurePage_SD.the_user_enter_python_ds_code_with_invalid_syntax_in_try_editor_from_sheet_and(java.lang.String,java.lang.Integer)&amp#27;[0m
  &amp#27;[32mAnd &amp#27;[0m&amp#27;[32mThe user clicks on run button for DS&amp#27;[0m                                                           &amp#27;[90m# dsAlgo_StepDefinition.EDataStructurePage_SD.the_user_clicks_on_run_button_for_ds()&amp#27;[0m
prin("Hello")NameError: name 'prin' is not defined on line 1code check
  &amp#27;[32mWhen &amp#27;[0m&amp#27;[32mThe user enter python DS code with invalid syntax in tryEditor from sheet &amp#27;[0m&amp#27;[32m&amp#27;[1m"pythoncode"&amp#27;[0m&amp#27;[32m and &amp#27;[0m&amp#27;[32m&amp#27;[1m1&amp#27;[0m  &amp#27;[90m# dsAlgo_StepDefinition.EDataStructurePage_SD.the_user_enter_python_ds_code_with_invalid_syntax_in_try_editor_from_sheet_and(java.lang.String,java.lang.Integer)&amp#27;[0m
NameError: name 'prin' is not defined on line 1NameError: name 'prin' is not defined on line 1code check
  &amp#27;[32mThen &amp#27;[0m&amp#27;[32mThe user should be presented with error message for DS&amp#27;[0m                                        &amp#27;[90m# dsAlgo_StepDefinition.EDataStructurePage_SD.the_user_should_be_presented_with_error_message_for_ds()&amp#27;[0m
[INFO ]2023-07-18 05:34:11.631 [TestNG-tests-2]LoggerLoad-Test Success
]]></system-out>
  </testcase>
  <testcase name="runScenario[&quot;The user is able run code in tryEditor&quot;, &quot;Optional[Test DataStructure  page]&quot;](39)" classname="dsAlgo_TestRunner.TestRunner" time="0.103">
    <system-out><![CDATA[[INFO ]2023-07-18 05:34:11.637 [TestNG-tests-2]LoggerLoad-inTestStart

@ArrayTest
Scenario Outline: The user is able to navigate to all options in array page &amp#27;[90m# src/test/resources/Features/FArrayPage.feature:10&amp#27;[0m
  &amp#27;[32mAnd &amp#27;[0m&amp#27;[32mThe user clicks on run button for DS&amp#27;[0m                                                           &amp#27;[90m# dsAlgo_StepDefinition.EDataStructurePage_SD.the_user_clicks_on_run_button_for_ds()&amp#27;[0m
NameError: name 'prin' is not defined on line 1NameError: name 'prin' is not defined on line 1code check
  &amp#27;[32mThen &amp#27;[0m&amp#27;[32mThe user should be presented with error message for DS&amp#27;[0m                                        &amp#27;[90m# dsAlgo_StepDefinition.EDataStructurePage_SD.the_user_should_be_presented_with_error_message_for_ds()&amp#27;[0m
[INFO ]2023-07-18 05:34:11.727 [TestNG-tests-1]LoggerLoad-Test Success
]]></system-out>
  </testcase>
  <testcase name="runScenario[&quot;The user is able to navigate to all options in array page&quot;, &quot;Optional[Test Array page]&quot;](40)" classname="dsAlgo_TestRunner.TestRunner" time="0.775">
    <system-out><![CDATA[[INFO ]2023-07-18 05:34:11.738 [TestNG-tests-1]LoggerLoad-inTestStart

@ArrayTest
Scenario Outline: The user is able to navigate to all options in array page &amp#27;[90m# src/test/resources/Features/FArrayPage.feature:10&amp#27;[0m
  &amp#27;[32mGiven &amp#27;[0m&amp#27;[32mThe user is on the &amp#27;[0m&amp#27;[32m&amp#27;[1m"Array"&amp#27;[0m&amp#27;[32m after logged in&amp#27;[0m                          &amp#27;[90m# dsAlgo_StepDefinition.FArrayPage_SD.the_user_is_on_the_after_logged_in(java.lang.String)&amp#27;[0m
  &amp#27;[32mGiven &amp#27;[0m&amp#27;[32mThe user is on the &amp#27;[0m&amp#27;[32m&amp#27;[1m"Array"&amp#27;[0m&amp#27;[32m after logged in&amp#27;[0m                          &amp#27;[90m# dsAlgo_StepDefinition.FArrayPage_SD.the_user_is_on_the_after_logged_in(java.lang.String)&amp#27;[0m
  &amp#27;[32mWhen &amp#27;[0m&amp#27;[32mThe user clicks &amp#27;[0m&amp#27;[32m&amp#27;[1m"Arrays in Python"&amp#27;[0m&amp#27;[32m button&amp#27;[0m                            &amp#27;[90m# dsAlgo_StepDefinition.FArrayPage_SD.the_user_clicks_button(java.lang.String)&amp#27;[0m
  &amp#27;[32mThen &amp#27;[0m&amp#27;[32mThe user in  &amp#27;[0m&amp#27;[32m&amp#27;[1m"Arrays in Python"&amp#27;[0m&amp#27;[32m page&amp#27;[0m                                 &amp#27;[90m# dsAlgo_StepDefinition.FArrayPage_SD.the_user_in_page(java.lang.String)&amp#27;[0m
[INFO ]2023-07-18 05:34:12.510 [TestNG-tests-1]LoggerLoad-Test Success
]]></system-out>
    <system-err><![CDATA[Cleaning up unclosed ZipFile for archive C:\Users\subas\eclipse-workspace-new\ADsAlgo_Final\src\test\resources\Excel_Register\programdata.xlsx
Cleaning up unclosed ZipFile for archive C:\Users\subas\eclipse-workspace-new\ADsAlgo_Final\src\test\resources\Excel_Register\programdata.xlsx
Cleaning up unclosed ZipFile for archive C:\Users\subas\eclipse-workspace-new\ADsAlgo_Final\src\test\resources\Excel_Register\programdata.xlsx
Cleaning up unclosed ZipFile for archive C:\Users\subas\eclipse-workspace-new\ADsAlgo_Final\src\test\resources\Excel_Register\programdata.xlsx
]]></system-err>
  </testcase>
  <testcase name="runScenario[&quot;The user is able to navigate to all options in array page&quot;, &quot;Optional[Test Array page]&quot;](40)" classname="dsAlgo_TestRunner.TestRunner" time="0.066">
    <system-out><![CDATA[[INFO ]2023-07-18 05:34:12.516 [TestNG-tests-1]LoggerLoad-inTestStart

@ArrayTest
Scenario Outline: The user is able to navigate to all options in array page &amp#27;[90m# src/test/resources/Features/FArrayPage.feature:11&amp#27;[0m
  &amp#27;[32mWhen &amp#27;[0m&amp#27;[32mThe user clicks &amp#27;[0m&amp#27;[32m&amp#27;[1m"Arrays in Python"&amp#27;[0m&amp#27;[32m button&amp#27;[0m                            &amp#27;[90m# dsAlgo_StepDefinition.FArrayPage_SD.the_user_clicks_button(java.lang.String)&amp#27;[0m
  &amp#27;[32mThen &amp#27;[0m&amp#27;[32mThe user in  &amp#27;[0m&amp#27;[32m&amp#27;[1m"Arrays in Python"&amp#27;[0m&amp#27;[32m page&amp#27;[0m                                 &amp#27;[90m# dsAlgo_StepDefinition.FArrayPage_SD.the_user_in_page(java.lang.String)&amp#27;[0m
[INFO ]2023-07-18 05:34:12.575 [TestNG-tests-2]LoggerLoad-Test Success
]]></system-out>
  </testcase>
  <testcase name="runScenario[&quot;The user is able to navigate to all options in array page&quot;, &quot;Optional[Test Array page]&quot;](41)" classname="dsAlgo_TestRunner.TestRunner" time="0.54">
    <system-out><![CDATA[[INFO ]2023-07-18 05:34:12.580 [TestNG-tests-2]LoggerLoad-inTestStart

@ArrayTest
Scenario Outline: The user is able to navigate to all options in array page &amp#27;[90m# src/test/resources/Features/FArrayPage.feature:11&amp#27;[0m
  &amp#27;[32mGiven &amp#27;[0m&amp#27;[32mThe user is on the &amp#27;[0m&amp#27;[32m&amp#27;[1m"Array"&amp#27;[0m&amp#27;[32m after logged in&amp#27;[0m                          &amp#27;[90m# dsAlgo_StepDefinition.FArrayPage_SD.the_user_is_on_the_after_logged_in(java.lang.String)&amp#27;[0m
  &amp#27;[32mGiven &amp#27;[0m&amp#27;[32mThe user is on the &amp#27;[0m&amp#27;[32m&amp#27;[1m"Array"&amp#27;[0m&amp#27;[32m after logged in&amp#27;[0m                          &amp#27;[90m# dsAlgo_StepDefinition.FArrayPage_SD.the_user_is_on_the_after_logged_in(java.lang.String)&amp#27;[0m
  &amp#27;[32mWhen &amp#27;[0m&amp#27;[32mThe user clicks &amp#27;[0m&amp#27;[32m&amp#27;[1m"Arrays Using List"&amp#27;[0m&amp#27;[32m button&amp#27;[0m                           &amp#27;[90m# dsAlgo_StepDefinition.FArrayPage_SD.the_user_clicks_button(java.lang.String)&amp#27;[0m
  &amp#27;[32mThen &amp#27;[0m&amp#27;[32mThe user in  &amp#27;[0m&amp#27;[32m&amp#27;[1m"Arrays Using List"&amp#27;[0m&amp#27;[32m page&amp#27;[0m                                &amp#27;[90m# dsAlgo_StepDefinition.FArrayPage_SD.the_user_in_page(java.lang.String)&amp#27;[0m
[INFO ]2023-07-18 05:34:13.112 [TestNG-tests-1]LoggerLoad-Test Success
]]></system-out>
  </testcase>
  <testcase name="runScenario[&quot;The user is able to navigate to all options in array page&quot;, &quot;Optional[Test Array page]&quot;](41)" classname="dsAlgo_TestRunner.TestRunner" time="0.162">
    <system-out><![CDATA[[INFO ]2023-07-18 05:34:13.125 [TestNG-tests-1]LoggerLoad-inTestStart

@ArrayTest
Scenario Outline: The user is able to navigate to all options in array page &amp#27;[90m# src/test/resources/Features/FArrayPage.feature:12&amp#27;[0m
  &amp#27;[32mWhen &amp#27;[0m&amp#27;[32mThe user clicks &amp#27;[0m&amp#27;[32m&amp#27;[1m"Arrays Using List"&amp#27;[0m&amp#27;[32m button&amp#27;[0m                           &amp#27;[90m# dsAlgo_StepDefinition.FArrayPage_SD.the_user_clicks_button(java.lang.String)&amp#27;[0m
  &amp#27;[32mThen &amp#27;[0m&amp#27;[32mThe user in  &amp#27;[0m&amp#27;[32m&amp#27;[1m"Arrays Using List"&amp#27;[0m&amp#27;[32m page&amp#27;[0m                                &amp#27;[90m# dsAlgo_StepDefinition.FArrayPage_SD.the_user_in_page(java.lang.String)&amp#27;[0m
[INFO ]2023-07-18 05:34:13.282 [TestNG-tests-2]LoggerLoad-Test Success
]]></system-out>
  </testcase>
  <testcase name="runScenario[&quot;The user is able to navigate to all options in array page&quot;, &quot;Optional[Test Array page]&quot;](42)" classname="dsAlgo_TestRunner.TestRunner" time="0.805">
    <system-out><![CDATA[[INFO ]2023-07-18 05:34:13.288 [TestNG-tests-2]LoggerLoad-inTestStart

@ArrayTest
Scenario Outline: The user is able to navigate to all options in array page &amp#27;[90m# src/test/resources/Features/FArrayPage.feature:12&amp#27;[0m
  &amp#27;[32mGiven &amp#27;[0m&amp#27;[32mThe user is on the &amp#27;[0m&amp#27;[32m&amp#27;[1m"Array"&amp#27;[0m&amp#27;[32m after logged in&amp#27;[0m                          &amp#27;[90m# dsAlgo_StepDefinition.FArrayPage_SD.the_user_is_on_the_after_logged_in(java.lang.String)&amp#27;[0m
  &amp#27;[32mGiven &amp#27;[0m&amp#27;[32mThe user is on the &amp#27;[0m&amp#27;[32m&amp#27;[1m"Array"&amp#27;[0m&amp#27;[32m after logged in&amp#27;[0m                          &amp#27;[90m# dsAlgo_StepDefinition.FArrayPage_SD.the_user_is_on_the_after_logged_in(java.lang.String)&amp#27;[0m
  &amp#27;[32mWhen &amp#27;[0m&amp#27;[32mThe user clicks &amp#27;[0m&amp#27;[32m&amp#27;[1m"Basic Operations in Lists"&amp#27;[0m&amp#27;[32m button&amp#27;[0m                   &amp#27;[90m# dsAlgo_StepDefinition.FArrayPage_SD.the_user_clicks_button(java.lang.String)&amp#27;[0m
  &amp#27;[32mThen &amp#27;[0m&amp#27;[32mThe user in  &amp#27;[0m&amp#27;[32m&amp#27;[1m"Basic Operations in Lists"&amp#27;[0m&amp#27;[32m page&amp#27;[0m                        &amp#27;[90m# dsAlgo_StepDefinition.FArrayPage_SD.the_user_in_page(java.lang.String)&amp#27;[0m
[INFO ]2023-07-18 05:34:14.086 [TestNG-tests-1]LoggerLoad-Test Success
]]></system-out>
  </testcase>
  <testcase name="runScenario[&quot;The user is able to navigate to all options in array page&quot;, &quot;Optional[Test Array page]&quot;](42)" classname="dsAlgo_TestRunner.TestRunner" time="0.214">
    <system-out><![CDATA[[INFO ]2023-07-18 05:34:14.096 [TestNG-tests-1]LoggerLoad-inTestStart

@ArrayTest
Scenario Outline: The user is able to navigate to all options in array page &amp#27;[90m# src/test/resources/Features/FArrayPage.feature:22&amp#27;[0m
  &amp#27;[32mWhen &amp#27;[0m&amp#27;[32mThe user clicks &amp#27;[0m&amp#27;[32m&amp#27;[1m"Basic Operations in Lists"&amp#27;[0m&amp#27;[32m button&amp#27;[0m                   &amp#27;[90m# dsAlgo_StepDefinition.FArrayPage_SD.the_user_clicks_button(java.lang.String)&amp#27;[0m
  &amp#27;[32mThen &amp#27;[0m&amp#27;[32mThe user in  &amp#27;[0m&amp#27;[32m&amp#27;[1m"Basic Operations in Lists"&amp#27;[0m&amp#27;[32m page&amp#27;[0m                        &amp#27;[90m# dsAlgo_StepDefinition.FArrayPage_SD.the_user_in_page(java.lang.String)&amp#27;[0m
[INFO ]2023-07-18 05:34:14.298 [TestNG-tests-2]LoggerLoad-Test Success
]]></system-out>
  </testcase>
  <testcase name="runScenario[&quot;The user is able to navigate to all options in array page&quot;, &quot;Optional[Test Array page]&quot;](43)" classname="dsAlgo_TestRunner.TestRunner" time="1.421">
    <system-out><![CDATA[[INFO ]2023-07-18 05:34:14.314 [TestNG-tests-2]LoggerLoad-inTestStart

@ArrayTest
Scenario Outline: The user is able to navigate to all options in array page &amp#27;[90m# src/test/resources/Features/FArrayPage.feature:22&amp#27;[0m
  &amp#27;[32mGiven &amp#27;[0m&amp#27;[32mThe user is on the &amp#27;[0m&amp#27;[32m&amp#27;[1m"Array"&amp#27;[0m&amp#27;[32m after logged in&amp#27;[0m                          &amp#27;[90m# dsAlgo_StepDefinition.FArrayPage_SD.the_user_is_on_the_after_logged_in(java.lang.String)&amp#27;[0m
  &amp#27;[32mGiven &amp#27;[0m&amp#27;[32mThe user is on the &amp#27;[0m&amp#27;[32m&amp#27;[1m"Array"&amp#27;[0m&amp#27;[32m after logged in&amp#27;[0m                          &amp#27;[90m# dsAlgo_StepDefinition.FArrayPage_SD.the_user_is_on_the_after_logged_in(java.lang.String)&amp#27;[0m
  &amp#27;[32mWhen &amp#27;[0m&amp#27;[32mThe user clicks &amp#27;[0m&amp#27;[32m&amp#27;[1m"Arrays in Python"&amp#27;[0m&amp#27;[32m button&amp#27;[0m                            &amp#27;[90m# dsAlgo_StepDefinition.FArrayPage_SD.the_user_clicks_button(java.lang.String)&amp#27;[0m
  &amp#27;[32mWhen &amp#27;[0m&amp#27;[32mThe user clicks &amp#27;[0m&amp#27;[32m&amp#27;[1m"Arrays in Python"&amp#27;[0m&amp#27;[32m button&amp#27;[0m                            &amp#27;[90m# dsAlgo_StepDefinition.FArrayPage_SD.the_user_clicks_button(java.lang.String)&amp#27;[0m
  &amp#27;[32mAnd &amp#27;[0m&amp#27;[32mThe user clicks tryEditor with a Run button to test on Arraypage&amp#27;[0m      &amp#27;[90m# dsAlgo_StepDefinition.FArrayPage_SD.the_user_clicks_tryEditor_with_a_Run_button_to_test_on_arraypage()&amp#27;[0m
  &amp#27;[32mThen &amp#27;[0m&amp#27;[32mThe user in &amp#27;[0m&amp#27;[32m&amp#27;[1m"tryEditor"&amp#27;[0m&amp#27;[32m page&amp#27;[0m                                         &amp#27;[90m# dsAlgo_StepDefinition.HStackPage_SD.the_user_in_page(java.lang.String)&amp#27;[0m
[INFO ]2023-07-18 05:34:15.725 [TestNG-tests-1]LoggerLoad-Test Success
]]></system-out>
  </testcase>
  <testcase name="runScenario[&quot;The user is able to navigate to all options in array page&quot;, &quot;Optional[Test Array page]&quot;](43)" classname="dsAlgo_TestRunner.TestRunner" time="0.106">
    <system-out><![CDATA[[INFO ]2023-07-18 05:34:15.735 [TestNG-tests-1]LoggerLoad-inTestStart

@ArrayTest
Scenario Outline: The user is able to navigate to all options in array page &amp#27;[90m# src/test/resources/Features/FArrayPage.feature:23&amp#27;[0m
  &amp#27;[32mAnd &amp#27;[0m&amp#27;[32mThe user clicks tryEditor with a Run button to test on Arraypage&amp#27;[0m      &amp#27;[90m# dsAlgo_StepDefinition.FArrayPage_SD.the_user_clicks_tryEditor_with_a_Run_button_to_test_on_arraypage()&amp#27;[0m
  &amp#27;[32mThen &amp#27;[0m&amp#27;[32mThe user in &amp#27;[0m&amp#27;[32m&amp#27;[1m"tryEditor"&amp#27;[0m&amp#27;[32m page&amp#27;[0m                                         &amp#27;[90m# dsAlgo_StepDefinition.HStackPage_SD.the_user_in_page(java.lang.String)&amp#27;[0m
[INFO ]2023-07-18 05:34:15.829 [TestNG-tests-2]LoggerLoad-Test Success
]]></system-out>
  </testcase>
  <testcase name="runScenario[&quot;The user is able to navigate to all options in array page&quot;, &quot;Optional[Test Array page]&quot;](44)" classname="dsAlgo_TestRunner.TestRunner" time="1.389">
    <system-out><![CDATA[[INFO ]2023-07-18 05:34:15.840 [TestNG-tests-2]LoggerLoad-inTestStart

@ArrayTest
Scenario Outline: The user is able to navigate to all options in array page &amp#27;[90m# src/test/resources/Features/FArrayPage.feature:23&amp#27;[0m
  &amp#27;[32mGiven &amp#27;[0m&amp#27;[32mThe user is on the &amp#27;[0m&amp#27;[32m&amp#27;[1m"Array"&amp#27;[0m&amp#27;[32m after logged in&amp#27;[0m                          &amp#27;[90m# dsAlgo_StepDefinition.FArrayPage_SD.the_user_is_on_the_after_logged_in(java.lang.String)&amp#27;[0m
  &amp#27;[32mGiven &amp#27;[0m&amp#27;[32mThe user is on the &amp#27;[0m&amp#27;[32m&amp#27;[1m"Array"&amp#27;[0m&amp#27;[32m after logged in&amp#27;[0m                          &amp#27;[90m# dsAlgo_StepDefinition.FArrayPage_SD.the_user_is_on_the_after_logged_in(java.lang.String)&amp#27;[0m
  &amp#27;[32mWhen &amp#27;[0m&amp#27;[32mThe user clicks &amp#27;[0m&amp#27;[32m&amp#27;[1m"Arrays Using List"&amp#27;[0m&amp#27;[32m button&amp#27;[0m                           &amp#27;[90m# dsAlgo_StepDefinition.FArrayPage_SD.the_user_clicks_button(java.lang.String)&amp#27;[0m
  &amp#27;[32mWhen &amp#27;[0m&amp#27;[32mThe user clicks &amp#27;[0m&amp#27;[32m&amp#27;[1m"Arrays Using List"&amp#27;[0m&amp#27;[32m button&amp#27;[0m                           &amp#27;[90m# dsAlgo_StepDefinition.FArrayPage_SD.the_user_clicks_button(java.lang.String)&amp#27;[0m
  &amp#27;[32mAnd &amp#27;[0m&amp#27;[32mThe user clicks tryEditor with a Run button to test on Arraypage&amp#27;[0m      &amp#27;[90m# dsAlgo_StepDefinition.FArrayPage_SD.the_user_clicks_tryEditor_with_a_Run_button_to_test_on_arraypage()&amp#27;[0m
  &amp#27;[32mThen &amp#27;[0m&amp#27;[32mThe user in &amp#27;[0m&amp#27;[32m&amp#27;[1m"tryEditor"&amp#27;[0m&amp#27;[32m page&amp#27;[0m                                         &amp#27;[90m# dsAlgo_StepDefinition.HStackPage_SD.the_user_in_page(java.lang.String)&amp#27;[0m
[INFO ]2023-07-18 05:34:17.223 [TestNG-tests-1]LoggerLoad-Test Success
]]></system-out>
  </testcase>
  <testcase name="runScenario[&quot;The user is able to navigate to all options in array page&quot;, &quot;Optional[Test Array page]&quot;](44)" classname="dsAlgo_TestRunner.TestRunner" time="0.088">
    <system-out><![CDATA[[INFO ]2023-07-18 05:34:17.231 [TestNG-tests-1]LoggerLoad-inTestStart

@ArrayTest
Scenario Outline: The user is able to navigate to all options in array page &amp#27;[90m# src/test/resources/Features/FArrayPage.feature:24&amp#27;[0m
  &amp#27;[32mAnd &amp#27;[0m&amp#27;[32mThe user clicks tryEditor with a Run button to test on Arraypage&amp#27;[0m      &amp#27;[90m# dsAlgo_StepDefinition.FArrayPage_SD.the_user_clicks_tryEditor_with_a_Run_button_to_test_on_arraypage()&amp#27;[0m
  &amp#27;[32mThen &amp#27;[0m&amp#27;[32mThe user in &amp#27;[0m&amp#27;[32m&amp#27;[1m"tryEditor"&amp#27;[0m&amp#27;[32m page&amp#27;[0m                                         &amp#27;[90m# dsAlgo_StepDefinition.HStackPage_SD.the_user_in_page(java.lang.String)&amp#27;[0m
[INFO ]2023-07-18 05:34:17.312 [TestNG-tests-2]LoggerLoad-Test Success
]]></system-out>
  </testcase>
  <testcase name="runScenario[&quot;The user is able to navigate to all options in array page&quot;, &quot;Optional[Test Array page]&quot;](45)" classname="dsAlgo_TestRunner.TestRunner" time="1.468">
    <system-out><![CDATA[[INFO ]2023-07-18 05:34:17.320 [TestNG-tests-2]LoggerLoad-inTestStart

@ArrayTest
Scenario Outline: The user is able to navigate to all options in array page &amp#27;[90m# src/test/resources/Features/FArrayPage.feature:24&amp#27;[0m
  &amp#27;[32mGiven &amp#27;[0m&amp#27;[32mThe user is on the &amp#27;[0m&amp#27;[32m&amp#27;[1m"Array"&amp#27;[0m&amp#27;[32m after logged in&amp#27;[0m                          &amp#27;[90m# dsAlgo_StepDefinition.FArrayPage_SD.the_user_is_on_the_after_logged_in(java.lang.String)&amp#27;[0m
  &amp#27;[32mGiven &amp#27;[0m&amp#27;[32mThe user is on the &amp#27;[0m&amp#27;[32m&amp#27;[1m"Array"&amp#27;[0m&amp#27;[32m after logged in&amp#27;[0m                          &amp#27;[90m# dsAlgo_StepDefinition.FArrayPage_SD.the_user_is_on_the_after_logged_in(java.lang.String)&amp#27;[0m
  &amp#27;[32mWhen &amp#27;[0m&amp#27;[32mThe user clicks &amp#27;[0m&amp#27;[32m&amp#27;[1m"Basic Operations in Lists"&amp#27;[0m&amp#27;[32m button&amp#27;[0m                   &amp#27;[90m# dsAlgo_StepDefinition.FArrayPage_SD.the_user_clicks_button(java.lang.String)&amp#27;[0m
  &amp#27;[32mWhen &amp#27;[0m&amp#27;[32mThe user clicks &amp#27;[0m&amp#27;[32m&amp#27;[1m"Basic Operations in Lists"&amp#27;[0m&amp#27;[32m button&amp#27;[0m                   &amp#27;[90m# dsAlgo_StepDefinition.FArrayPage_SD.the_user_clicks_button(java.lang.String)&amp#27;[0m
  &amp#27;[32mAnd &amp#27;[0m&amp#27;[32mThe user clicks tryEditor with a Run button to test on Arraypage&amp#27;[0m      &amp#27;[90m# dsAlgo_StepDefinition.FArrayPage_SD.the_user_clicks_tryEditor_with_a_Run_button_to_test_on_arraypage()&amp#27;[0m
  &amp#27;[32mAnd &amp#27;[0m&amp#27;[32mThe user clicks tryEditor with a Run button to test on Arraypage&amp#27;[0m      &amp#27;[90m# dsAlgo_StepDefinition.FArrayPage_SD.the_user_clicks_tryEditor_with_a_Run_button_to_test_on_arraypage()&amp#27;[0m
  &amp#27;[32mThen &amp#27;[0m&amp#27;[32mThe user in &amp#27;[0m&amp#27;[32m&amp#27;[1m"tryEditor"&amp#27;[0m&amp#27;[32m page&amp#27;[0m                                         &amp#27;[90m# dsAlgo_StepDefinition.HStackPage_SD.the_user_in_page(java.lang.String)&amp#27;[0m
[INFO ]2023-07-18 05:34:18.781 [TestNG-tests-2]LoggerLoad-Test Success
  &amp#27;[32mThen &amp#27;[0m&amp#27;[32mThe user in &amp#27;[0m&amp#27;[32m&amp#27;[1m"tryEditor"&amp#27;[0m&amp#27;[32m page&amp#27;[0m                                         &amp#27;[90m# dsAlgo_StepDefinition.HStackPage_SD.the_user_in_page(java.lang.String)&amp#27;[0m
]]></system-out>
  </testcase>
  <testcase name="runScenario[&quot;The user is able to navigate to all options in array page&quot;, &quot;Optional[Test Array page]&quot;](45)" classname="dsAlgo_TestRunner.TestRunner" time="0.016">
    <system-out><![CDATA[[INFO ]2023-07-18 05:34:18.789 [TestNG-tests-2]LoggerLoad-inTestStart
[INFO ]2023-07-18 05:34:18.795 [TestNG-tests-1]LoggerLoad-Test Success
]]></system-out>
  </testcase>
  <testcase name="runScenario[&quot;The user is able run code in tryEditor&quot;, &quot;Optional[Test Array page]&quot;](46)" classname="dsAlgo_TestRunner.TestRunner" time="3.701">
    <system-out><![CDATA[[INFO ]2023-07-18 05:34:18.802 [TestNG-tests-1]LoggerLoad-inTestStart

@ArrayTest
Scenario Outline: The user is able run code in tryEditor                                       &amp#27;[90m# src/test/resources/Features/FArrayPage.feature:34&amp#27;[0m

@ArrayTest
Scenario Outline: The user is able run code in tryEditor                                       &amp#27;[90m# src/test/resources/Features/FArrayPage.feature:34&amp#27;[0m
  &amp#27;[32mGiven &amp#27;[0m&amp#27;[32mThe user is in a &amp#27;[0m&amp#27;[32m&amp#27;[1m"Arrays in Python"&amp#27;[0m&amp#27;[32m page having an tryEditor with a Run button to test&amp#27;[0m &amp#27;[90m# dsAlgo_StepDefinition.FArrayPage_SD.the_user_is_in_a_page_having_an_try_editor_with_a_run_button_to_test(java.lang.String)&amp#27;[0m
  &amp#27;[32mGiven &amp#27;[0m&amp#27;[32mThe user is in a &amp#27;[0m&amp#27;[32m&amp#27;[1m"Arrays in Python"&amp#27;[0m&amp#27;[32m page having an tryEditor with a Run button to test&amp#27;[0m &amp#27;[90m# dsAlgo_StepDefinition.FArrayPage_SD.the_user_is_in_a_page_having_an_try_editor_with_a_run_button_to_test(java.lang.String)&amp#27;[0m
  &amp#27;[32mWhen &amp#27;[0m&amp#27;[32mThe user enter valid python code in tryEditor from sheet &amp#27;[0m&amp#27;[32m&amp#27;[1m"pythoncode"&amp#27;[0m&amp#27;[32m and &amp#27;[0m&amp#27;[32m&amp#27;[1m0&amp#27;[0m             &amp#27;[90m# dsAlgo_StepDefinition.FArrayPage_SD.the_user_enter_valid_python_code_in_try_editor_from_sheet_and(java.lang.String,java.lang.Integer)&amp#27;[0m
  &amp#27;[32mWhen &amp#27;[0m&amp#27;[32mThe user enter valid python code in tryEditor from sheet &amp#27;[0m&amp#27;[32m&amp#27;[1m"pythoncode"&amp#27;[0m&amp#27;[32m and &amp#27;[0m&amp#27;[32m&amp#27;[1m0&amp#27;[0m             &amp#27;[90m# dsAlgo_StepDefinition.FArrayPage_SD.the_user_enter_valid_python_code_in_try_editor_from_sheet_and(java.lang.String,java.lang.Integer)&amp#27;[0m
  &amp#27;[32mAnd &amp#27;[0m&amp#27;[32mThe user clicks on run button&amp#27;[0m                                                            &amp#27;[90m# dsAlgo_StepDefinition.FArrayPage_SD.the_user_clicks_on_run_button()&amp#27;[0m
  &amp#27;[32mAnd &amp#27;[0m&amp#27;[32mThe user clicks on run button&amp#27;[0m                                                            &amp#27;[90m# dsAlgo_StepDefinition.FArrayPage_SD.the_user_clicks_on_run_button()&amp#27;[0m
  &amp#27;[32mThen &amp#27;[0m&amp#27;[32mThe user should be presented with Run result&amp#27;[0m                                            &amp#27;[90m# dsAlgo_StepDefinition.FArrayPage_SD.the_user_should_be_presented_with_run_result()&amp#27;[0m
[INFO ]2023-07-18 05:34:22.505 [TestNG-tests-1]LoggerLoad-Test Success
]]></system-out>
  </testcase>
  <testcase name="runScenario[&quot;The user is able run code in tryEditor&quot;, &quot;Optional[Test Array page]&quot;](46)" classname="dsAlgo_TestRunner.TestRunner" time="0.01">
    <system-out><![CDATA[[INFO ]2023-07-18 05:34:22.509 [TestNG-tests-1]LoggerLoad-inTestStart
  &amp#27;[32mThen &amp#27;[0m&amp#27;[32mThe user should be presented with Run result&amp#27;[0m                                            &amp#27;[90m# dsAlgo_StepDefinition.FArrayPage_SD.the_user_should_be_presented_with_run_result()&amp#27;[0m
[INFO ]2023-07-18 05:34:22.514 [TestNG-tests-2]LoggerLoad-Test Success
]]></system-out>
  </testcase>
  <testcase name="runScenario[&quot;The user is able run code in tryEditor&quot;, &quot;Optional[Test Array page]&quot;](47)" classname="dsAlgo_TestRunner.TestRunner" time="2.919">
    <system-out><![CDATA[
@ArrayTest
Scenario Outline: The user is able run code in tryEditor                                        &amp#27;[90m# src/test/resources/Features/FArrayPage.feature:35&amp#27;[0m
[INFO ]2023-07-18 05:34:22.517 [TestNG-tests-2]LoggerLoad-inTestStart

@ArrayTest
Scenario Outline: The user is able run code in tryEditor                                        &amp#27;[90m# src/test/resources/Features/FArrayPage.feature:35&amp#27;[0m
  &amp#27;[32mGiven &amp#27;[0m&amp#27;[32mThe user is in a &amp#27;[0m&amp#27;[32m&amp#27;[1m"Arrays Using List"&amp#27;[0m&amp#27;[32m page having an tryEditor with a Run button to test&amp#27;[0m &amp#27;[90m# dsAlgo_StepDefinition.FArrayPage_SD.the_user_is_in_a_page_having_an_try_editor_with_a_run_button_to_test(java.lang.String)&amp#27;[0m
  &amp#27;[32mGiven &amp#27;[0m&amp#27;[32mThe user is in a &amp#27;[0m&amp#27;[32m&amp#27;[1m"Arrays Using List"&amp#27;[0m&amp#27;[32m page having an tryEditor with a Run button to test&amp#27;[0m &amp#27;[90m# dsAlgo_StepDefinition.FArrayPage_SD.the_user_is_in_a_page_having_an_try_editor_with_a_run_button_to_test(java.lang.String)&amp#27;[0m
  &amp#27;[32mWhen &amp#27;[0m&amp#27;[32mThe user enter valid python code in tryEditor from sheet &amp#27;[0m&amp#27;[32m&amp#27;[1m"pythoncode"&amp#27;[0m&amp#27;[32m and &amp#27;[0m&amp#27;[32m&amp#27;[1m0&amp#27;[0m              &amp#27;[90m# dsAlgo_StepDefinition.FArrayPage_SD.the_user_enter_valid_python_code_in_try_editor_from_sheet_and(java.lang.String,java.lang.Integer)&amp#27;[0m
  &amp#27;[32mWhen &amp#27;[0m&amp#27;[32mThe user enter valid python code in tryEditor from sheet &amp#27;[0m&amp#27;[32m&amp#27;[1m"pythoncode"&amp#27;[0m&amp#27;[32m and &amp#27;[0m&amp#27;[32m&amp#27;[1m0&amp#27;[0m              &amp#27;[90m# dsAlgo_StepDefinition.FArrayPage_SD.the_user_enter_valid_python_code_in_try_editor_from_sheet_and(java.lang.String,java.lang.Integer)&amp#27;[0m
  &amp#27;[32mAnd &amp#27;[0m&amp#27;[32mThe user clicks on run button&amp#27;[0m                                                             &amp#27;[90m# dsAlgo_StepDefinition.FArrayPage_SD.the_user_clicks_on_run_button()&amp#27;[0m
  &amp#27;[32mAnd &amp#27;[0m&amp#27;[32mThe user clicks on run button&amp#27;[0m                                                             &amp#27;[90m# dsAlgo_StepDefinition.FArrayPage_SD.the_user_clicks_on_run_button()&amp#27;[0m
  &amp#27;[32mThen &amp#27;[0m&amp#27;[32mThe user should be presented with Run result&amp#27;[0m                                             &amp#27;[90m# dsAlgo_StepDefinition.FArrayPage_SD.the_user_should_be_presented_with_run_result()&amp#27;[0m
[INFO ]2023-07-18 05:34:25.438 [TestNG-tests-1]LoggerLoad-Test Success
]]></system-out>
  </testcase>
  <testcase name="runScenario[&quot;The user is able run code in tryEditor&quot;, &quot;Optional[Test Array page]&quot;](47)" classname="dsAlgo_TestRunner.TestRunner" time="0.011">
    <system-out><![CDATA[[INFO ]2023-07-18 05:34:25.441 [TestNG-tests-1]LoggerLoad-inTestStart
  &amp#27;[32mThen &amp#27;[0m&amp#27;[32mThe user should be presented with Run result&amp#27;[0m                                             &amp#27;[90m# dsAlgo_StepDefinition.FArrayPage_SD.the_user_should_be_presented_with_run_result()&amp#27;[0m
[INFO ]2023-07-18 05:34:25.448 [TestNG-tests-2]LoggerLoad-Test Success

@ArrayTest
Scenario Outline: The user is able run code in tryEditor                                                &amp#27;[90m# src/test/resources/Features/FArrayPage.feature:36&amp#27;[0m
]]></system-out>
  </testcase>
  <testcase name="runScenario[&quot;The user is able run code in tryEditor&quot;, &quot;Optional[Test Array page]&quot;](48)" classname="dsAlgo_TestRunner.TestRunner" time="3.082">
    <system-out><![CDATA[[INFO ]2023-07-18 05:34:25.451 [TestNG-tests-2]LoggerLoad-inTestStart

@ArrayTest
Scenario Outline: The user is able run code in tryEditor                                                &amp#27;[90m# src/test/resources/Features/FArrayPage.feature:36&amp#27;[0m
  &amp#27;[32mGiven &amp#27;[0m&amp#27;[32mThe user is in a &amp#27;[0m&amp#27;[32m&amp#27;[1m"Basic Operations in Lists"&amp#27;[0m&amp#27;[32m page having an tryEditor with a Run button to test&amp#27;[0m &amp#27;[90m# dsAlgo_StepDefinition.FArrayPage_SD.the_user_is_in_a_page_having_an_try_editor_with_a_run_button_to_test(java.lang.String)&amp#27;[0m
  &amp#27;[32mGiven &amp#27;[0m&amp#27;[32mThe user is in a &amp#27;[0m&amp#27;[32m&amp#27;[1m"Basic Operations in Lists"&amp#27;[0m&amp#27;[32m page having an tryEditor with a Run button to test&amp#27;[0m &amp#27;[90m# dsAlgo_StepDefinition.FArrayPage_SD.the_user_is_in_a_page_having_an_try_editor_with_a_run_button_to_test(java.lang.String)&amp#27;[0m
  &amp#27;[32mWhen &amp#27;[0m&amp#27;[32mThe user enter valid python code in tryEditor from sheet &amp#27;[0m&amp#27;[32m&amp#27;[1m"pythoncode"&amp#27;[0m&amp#27;[32m and &amp#27;[0m&amp#27;[32m&amp#27;[1m0&amp#27;[0m                      &amp#27;[90m# dsAlgo_StepDefinition.FArrayPage_SD.the_user_enter_valid_python_code_in_try_editor_from_sheet_and(java.lang.String,java.lang.Integer)&amp#27;[0m
  &amp#27;[32mWhen &amp#27;[0m&amp#27;[32mThe user enter valid python code in tryEditor from sheet &amp#27;[0m&amp#27;[32m&amp#27;[1m"pythoncode"&amp#27;[0m&amp#27;[32m and &amp#27;[0m&amp#27;[32m&amp#27;[1m0&amp#27;[0m                      &amp#27;[90m# dsAlgo_StepDefinition.FArrayPage_SD.the_user_enter_valid_python_code_in_try_editor_from_sheet_and(java.lang.String,java.lang.Integer)&amp#27;[0m
  &amp#27;[32mAnd &amp#27;[0m&amp#27;[32mThe user clicks on run button&amp#27;[0m                                                                     &amp#27;[90m# dsAlgo_StepDefinition.FArrayPage_SD.the_user_clicks_on_run_button()&amp#27;[0m
  &amp#27;[32mThen &amp#27;[0m&amp#27;[32mThe user should be presented with Run result&amp#27;[0m                                                     &amp#27;[90m# dsAlgo_StepDefinition.FArrayPage_SD.the_user_should_be_presented_with_run_result()&amp#27;[0m
[INFO ]2023-07-18 05:34:28.530 [TestNG-tests-1]LoggerLoad-Test Success
]]></system-out>
  </testcase>
  <testcase name="runScenario[&quot;The user is able run code in tryEditor&quot;, &quot;Optional[Test Array page]&quot;](48)" classname="dsAlgo_TestRunner.TestRunner" time="0.031">
    <system-out><![CDATA[  &amp#27;[32mAnd &amp#27;[0m&amp#27;[32mThe user clicks on run button&amp#27;[0m                                                                     &amp#27;[90m# dsAlgo_StepDefinition.FArrayPage_SD.the_user_clicks_on_run_button()&amp#27;[0m
[INFO ]2023-07-18 05:34:28.537 [TestNG-tests-1]LoggerLoad-inTestStart

@ArrayTest
Scenario Outline: The user is able run code in tryEditor                                         &amp#27;[90m# src/test/resources/Features/FArrayPage.feature:46&amp#27;[0m
  &amp#27;[32mThen &amp#27;[0m&amp#27;[32mThe user should be presented with Run result&amp#27;[0m                                                     &amp#27;[90m# dsAlgo_StepDefinition.FArrayPage_SD.the_user_should_be_presented_with_run_result()&amp#27;[0m
[INFO ]2023-07-18 05:34:28.567 [TestNG-tests-2]LoggerLoad-Test Success
]]></system-out>
  </testcase>
  <testcase name="runScenario[&quot;The user is able run code in tryEditor&quot;, &quot;Optional[Test Array page]&quot;](49)" classname="dsAlgo_TestRunner.TestRunner" time="3.019">
    <system-out><![CDATA[[INFO ]2023-07-18 05:34:28.571 [TestNG-tests-2]LoggerLoad-inTestStart

@ArrayTest
Scenario Outline: The user is able run code in tryEditor                                         &amp#27;[90m# src/test/resources/Features/FArrayPage.feature:46&amp#27;[0m
  &amp#27;[32mGiven &amp#27;[0m&amp#27;[32mThe user is in a &amp#27;[0m&amp#27;[32m&amp#27;[1m"Arrays in Python"&amp#27;[0m&amp#27;[32m page having an tryEditor with a Run button to test&amp#27;[0m   &amp#27;[90m# dsAlgo_StepDefinition.FArrayPage_SD.the_user_is_in_a_page_having_an_try_editor_with_a_run_button_to_test(java.lang.String)&amp#27;[0m
  &amp#27;[32mGiven &amp#27;[0m&amp#27;[32mThe user is in a &amp#27;[0m&amp#27;[32m&amp#27;[1m"Arrays in Python"&amp#27;[0m&amp#27;[32m page having an tryEditor with a Run button to test&amp#27;[0m   &amp#27;[90m# dsAlgo_StepDefinition.FArrayPage_SD.the_user_is_in_a_page_having_an_try_editor_with_a_run_button_to_test(java.lang.String)&amp#27;[0m
  &amp#27;[32mWhen &amp#27;[0m&amp#27;[32mThe user enter python code with invalid syntax in tryEditor from sheet &amp#27;[0m&amp#27;[32m&amp#27;[1m"pythoncode"&amp#27;[0m&amp#27;[32m and &amp#27;[0m&amp#27;[32m&amp#27;[1m1&amp#27;[0m &amp#27;[90m# dsAlgo_StepDefinition.FArrayPage_SD.the_user_enter_python_code_with_invalid_syntax_in_try_editor_from_sheet_and(java.lang.String,java.lang.Integer)&amp#27;[0m
  &amp#27;[32mWhen &amp#27;[0m&amp#27;[32mThe user enter python code with invalid syntax in tryEditor from sheet &amp#27;[0m&amp#27;[32m&amp#27;[1m"pythoncode"&amp#27;[0m&amp#27;[32m and &amp#27;[0m&amp#27;[32m&amp#27;[1m1&amp#27;[0m &amp#27;[90m# dsAlgo_StepDefinition.FArrayPage_SD.the_user_enter_python_code_with_invalid_syntax_in_try_editor_from_sheet_and(java.lang.String,java.lang.Integer)&amp#27;[0m
  &amp#27;[32mAnd &amp#27;[0m&amp#27;[32mThe user clicks on run button&amp#27;[0m                                                              &amp#27;[90m# dsAlgo_StepDefinition.FArrayPage_SD.the_user_clicks_on_run_button()&amp#27;[0m
  &amp#27;[32mThen &amp#27;[0m&amp#27;[32mThe user should be presented with error message&amp#27;[0m                                           &amp#27;[90m# dsAlgo_StepDefinition.FArrayPage_SD.the_user_should_be_presented_with_error_message()&amp#27;[0m
  &amp#27;[32mAnd &amp#27;[0m&amp#27;[32mThe user clicks on run button&amp#27;[0m                                                              &amp#27;[90m# dsAlgo_StepDefinition.FArrayPage_SD.the_user_clicks_on_run_button()&amp#27;[0m
[INFO ]2023-07-18 05:34:31.582 [TestNG-tests-2]LoggerLoad-Test Success
]]></system-out>
  </testcase>
  <testcase name="runScenario[&quot;The user is able run code in tryEditor&quot;, &quot;Optional[Test Array page]&quot;](49)" classname="dsAlgo_TestRunner.TestRunner" time="0.024">
    <system-out><![CDATA[[INFO ]2023-07-18 05:34:31.596 [TestNG-tests-2]LoggerLoad-inTestStart
  &amp#27;[32mThen &amp#27;[0m&amp#27;[32mThe user should be presented with error message&amp#27;[0m                                           &amp#27;[90m# dsAlgo_StepDefinition.FArrayPage_SD.the_user_should_be_presented_with_error_message()&amp#27;[0m
[INFO ]2023-07-18 05:34:31.609 [TestNG-tests-1]LoggerLoad-Test Success

@ArrayTest
Scenario Outline: The user is able run code in tryEditor                                         &amp#27;[90m# src/test/resources/Features/FArrayPage.feature:47&amp#27;[0m
]]></system-out>
  </testcase>
  <testcase name="runScenario[&quot;The user is able run code in tryEditor&quot;, &quot;Optional[Test Array page]&quot;](50)" classname="dsAlgo_TestRunner.TestRunner" time="3.033">
    <system-out><![CDATA[[INFO ]2023-07-18 05:34:31.620 [TestNG-tests-1]LoggerLoad-inTestStart

@ArrayTest
Scenario Outline: The user is able run code in tryEditor                                         &amp#27;[90m# src/test/resources/Features/FArrayPage.feature:47&amp#27;[0m
  &amp#27;[32mGiven &amp#27;[0m&amp#27;[32mThe user is in a &amp#27;[0m&amp#27;[32m&amp#27;[1m"Arrays Using List"&amp#27;[0m&amp#27;[32m page having an tryEditor with a Run button to test&amp#27;[0m  &amp#27;[90m# dsAlgo_StepDefinition.FArrayPage_SD.the_user_is_in_a_page_having_an_try_editor_with_a_run_button_to_test(java.lang.String)&amp#27;[0m
  &amp#27;[32mGiven &amp#27;[0m&amp#27;[32mThe user is in a &amp#27;[0m&amp#27;[32m&amp#27;[1m"Arrays Using List"&amp#27;[0m&amp#27;[32m page having an tryEditor with a Run button to test&amp#27;[0m  &amp#27;[90m# dsAlgo_StepDefinition.FArrayPage_SD.the_user_is_in_a_page_having_an_try_editor_with_a_run_button_to_test(java.lang.String)&amp#27;[0m
  &amp#27;[32mWhen &amp#27;[0m&amp#27;[32mThe user enter python code with invalid syntax in tryEditor from sheet &amp#27;[0m&amp#27;[32m&amp#27;[1m"pythoncode"&amp#27;[0m&amp#27;[32m and &amp#27;[0m&amp#27;[32m&amp#27;[1m1&amp#27;[0m &amp#27;[90m# dsAlgo_StepDefinition.FArrayPage_SD.the_user_enter_python_code_with_invalid_syntax_in_try_editor_from_sheet_and(java.lang.String,java.lang.Integer)&amp#27;[0m
  &amp#27;[32mAnd &amp#27;[0m&amp#27;[32mThe user clicks on run button&amp#27;[0m                                                              &amp#27;[90m# dsAlgo_StepDefinition.FArrayPage_SD.the_user_clicks_on_run_button()&amp#27;[0m
  &amp#27;[32mThen &amp#27;[0m&amp#27;[32mThe user should be presented with error message&amp#27;[0m                                           &amp#27;[90m# dsAlgo_StepDefinition.FArrayPage_SD.the_user_should_be_presented_with_error_message()&amp#27;[0m
[INFO ]2023-07-18 05:34:34.651 [TestNG-tests-1]LoggerLoad-Test Success
  &amp#27;[32mWhen &amp#27;[0m&amp#27;[32mThe user enter python code with invalid syntax in tryEditor from sheet &amp#27;[0m&amp#27;[32m&amp#27;[1m"pythoncode"&amp#27;[0m&amp#27;[32m and &amp#27;[0m&amp#27;[32m&amp#27;[1m1&amp#27;[0m &amp#27;[90m# dsAlgo_StepDefinition.FArrayPage_SD.the_user_enter_python_code_with_invalid_syntax_in_try_editor_from_sheet_and(java.lang.String,java.lang.Integer)&amp#27;[0m
]]></system-out>
    <system-err><![CDATA[Cleaning up unclosed ZipFile for archive C:\Users\subas\eclipse-workspace-new\ADsAlgo_Final\src\test\resources\Excel_Register\programdata.xlsx
Cleaning up unclosed ZipFile for archive C:\Users\subas\eclipse-workspace-new\ADsAlgo_Final\src\test\resources\Excel_Register\programdata.xlsx
Cleaning up unclosed ZipFile for archive C:\Users\subas\eclipse-workspace-new\ADsAlgo_Final\src\test\resources\Excel_Register\programdata.xlsx
Cleaning up unclosed ZipFile for archive C:\Users\subas\eclipse-workspace-new\ADsAlgo_Final\src\test\resources\Excel_Register\programdata.xlsx
Cleaning up unclosed ZipFile for archive C:\Users\subas\eclipse-workspace-new\ADsAlgo_Final\src\test\resources\Excel_Register\programdata.xlsx
Cleaning up unclosed ZipFile for archive C:\Users\subas\eclipse-workspace-new\ADsAlgo_Final\src\test\resources\Excel_Register\programdata.xlsx
Cleaning up unclosed ZipFile for archive C:\Users\subas\eclipse-workspace-new\ADsAlgo_Final\src\test\resources\Excel_Register\programdata.xlsx
Cleaning up unclosed ZipFile for archive C:\Users\subas\eclipse-workspace-new\ADsAlgo_Final\src\test\resources\Excel_Register\programdata.xlsx
]]></system-err>
  </testcase>
  <testcase name="runScenario[&quot;The user is able run code in tryEditor&quot;, &quot;Optional[Test Array page]&quot;](50)" classname="dsAlgo_TestRunner.TestRunner" time="0.108">
    <system-out><![CDATA[[INFO ]2023-07-18 05:34:34.659 [TestNG-tests-1]LoggerLoad-inTestStart

@ArrayTest
Scenario Outline: The user is able run code in tryEditor                                                &amp#27;[90m# src/test/resources/Features/FArrayPage.feature:48&amp#27;[0m
  &amp#27;[32mAnd &amp#27;[0m&amp#27;[32mThe user clicks on run button&amp#27;[0m                                                              &amp#27;[90m# dsAlgo_StepDefinition.FArrayPage_SD.the_user_clicks_on_run_button()&amp#27;[0m
  &amp#27;[32mThen &amp#27;[0m&amp#27;[32mThe user should be presented with error message&amp#27;[0m                                           &amp#27;[90m# dsAlgo_StepDefinition.FArrayPage_SD.the_user_should_be_presented_with_error_message()&amp#27;[0m
[INFO ]2023-07-18 05:34:34.757 [TestNG-tests-2]LoggerLoad-Test Success
]]></system-out>
  </testcase>
  <testcase name="runScenario[&quot;The user is able run code in tryEditor&quot;, &quot;Optional[Test Array page]&quot;](51)" classname="dsAlgo_TestRunner.TestRunner" time="3.231">
    <system-out><![CDATA[[INFO ]2023-07-18 05:34:34.770 [TestNG-tests-2]LoggerLoad-inTestStart

@ArrayTest
Scenario Outline: The user is able run code in tryEditor                                                &amp#27;[90m# src/test/resources/Features/FArrayPage.feature:48&amp#27;[0m
  &amp#27;[32mGiven &amp#27;[0m&amp#27;[32mThe user is in a &amp#27;[0m&amp#27;[32m&amp#27;[1m"Basic Operations in Lists"&amp#27;[0m&amp#27;[32m page having an tryEditor with a Run button to test&amp#27;[0m &amp#27;[90m# dsAlgo_StepDefinition.FArrayPage_SD.the_user_is_in_a_page_having_an_try_editor_with_a_run_button_to_test(java.lang.String)&amp#27;[0m
  &amp#27;[32mGiven &amp#27;[0m&amp#27;[32mThe user is in a &amp#27;[0m&amp#27;[32m&amp#27;[1m"Basic Operations in Lists"&amp#27;[0m&amp#27;[32m page having an tryEditor with a Run button to test&amp#27;[0m &amp#27;[90m# dsAlgo_StepDefinition.FArrayPage_SD.the_user_is_in_a_page_having_an_try_editor_with_a_run_button_to_test(java.lang.String)&amp#27;[0m
  &amp#27;[32mWhen &amp#27;[0m&amp#27;[32mThe user enter python code with invalid syntax in tryEditor from sheet &amp#27;[0m&amp#27;[32m&amp#27;[1m"pythoncode"&amp#27;[0m&amp#27;[32m and &amp#27;[0m&amp#27;[32m&amp#27;[1m1&amp#27;[0m        &amp#27;[90m# dsAlgo_StepDefinition.FArrayPage_SD.the_user_enter_python_code_with_invalid_syntax_in_try_editor_from_sheet_and(java.lang.String,java.lang.Integer)&amp#27;[0m
  &amp#27;[32mWhen &amp#27;[0m&amp#27;[32mThe user enter python code with invalid syntax in tryEditor from sheet &amp#27;[0m&amp#27;[32m&amp#27;[1m"pythoncode"&amp#27;[0m&amp#27;[32m and &amp#27;[0m&amp#27;[32m&amp#27;[1m1&amp#27;[0m        &amp#27;[90m# dsAlgo_StepDefinition.FArrayPage_SD.the_user_enter_python_code_with_invalid_syntax_in_try_editor_from_sheet_and(java.lang.String,java.lang.Integer)&amp#27;[0m
  &amp#27;[32mAnd &amp#27;[0m&amp#27;[32mThe user clicks on run button&amp#27;[0m                                                                     &amp#27;[90m# dsAlgo_StepDefinition.FArrayPage_SD.the_user_clicks_on_run_button()&amp#27;[0m
  &amp#27;[32mThen &amp#27;[0m&amp#27;[32mThe user should be presented with error message&amp#27;[0m                                                  &amp#27;[90m# dsAlgo_StepDefinition.FArrayPage_SD.the_user_should_be_presented_with_error_message()&amp#27;[0m
[INFO ]2023-07-18 05:34:37.996 [TestNG-tests-1]LoggerLoad-Test Success
]]></system-out>
  </testcase>
  <testcase name="runScenario[&quot;The user is able run code in tryEditor&quot;, &quot;Optional[Test Array page]&quot;](51)" classname="dsAlgo_TestRunner.TestRunner" time="0.046">
    <system-out><![CDATA[[INFO ]2023-07-18 05:34:38.003 [TestNG-tests-1]LoggerLoad-inTestStart
  &amp#27;[32mAnd &amp#27;[0m&amp#27;[32mThe user clicks on run button&amp#27;[0m                                                                     &amp#27;[90m# dsAlgo_StepDefinition.FArrayPage_SD.the_user_clicks_on_run_button()&amp#27;[0m

@ArrayTest @Tag
Scenario: The user is able to navigate to Practice page     &amp#27;[90m# src/test/resources/Features/FArrayPage.feature:51&amp#27;[0m
  &amp#27;[32mThen &amp#27;[0m&amp#27;[32mThe user should be presented with error message&amp#27;[0m                                                  &amp#27;[90m# dsAlgo_StepDefinition.FArrayPage_SD.the_user_should_be_presented_with_error_message()&amp#27;[0m
[INFO ]2023-07-18 05:34:38.039 [TestNG-tests-2]LoggerLoad-Test Success
]]></system-out>
  </testcase>
  <testcase name="runScenario[&quot;The user is able to navigate to Practice page&quot;, &quot;Optional[Test Array page]&quot;](52)" classname="dsAlgo_TestRunner.TestRunner" time="0.542">
    <system-out><![CDATA[[INFO ]2023-07-18 05:34:38.045 [TestNG-tests-2]LoggerLoad-inTestStart

@ArrayTest @Tag
Scenario: The user is able to navigate to Practice page     &amp#27;[90m# src/test/resources/Features/FArrayPage.feature:51&amp#27;[0m
  &amp#27;[32mGiven &amp#27;[0m&amp#27;[32mThe user is on the Arrays in Python after logged in&amp#27;[0m &amp#27;[90m# dsAlgo_StepDefinition.FArrayPage_SD.the_user_is_on_the_arrays_in_python_after_logged_in()&amp#27;[0m
  &amp#27;[32mGiven &amp#27;[0m&amp#27;[32mThe user is on the Arrays in Python after logged in&amp#27;[0m &amp#27;[90m# dsAlgo_StepDefinition.FArrayPage_SD.the_user_is_on_the_arrays_in_python_after_logged_in()&amp#27;[0m
  &amp#27;[32mWhen &amp#27;[0m&amp#27;[32mThe user clicks Practice Questions link&amp#27;[0m              &amp#27;[90m# dsAlgo_StepDefinition.FArrayPage_SD.the_user_clicks_practice_questions_link()&amp#27;[0m
  &amp#27;[32mWhen &amp#27;[0m&amp#27;[32mThe user clicks Practice Questions link&amp#27;[0m              &amp#27;[90m# dsAlgo_StepDefinition.FArrayPage_SD.the_user_clicks_practice_questions_link()&amp#27;[0m
  &amp#27;[32mThen &amp#27;[0m&amp#27;[32mThe user should be redirected to &amp#27;[0m&amp#27;[32m&amp#27;[1m"practice"&amp#27;[0m&amp#27;[32m page&amp#27;[0m     &amp#27;[90m# dsAlgo_StepDefinition.FArrayPage_SD.the_user_should_be_redirected_to_practice_page(java.lang.String)&amp#27;[0m
  &amp#27;[32mThen &amp#27;[0m&amp#27;[32mThe user should be redirected to &amp#27;[0m&amp#27;[32m&amp#27;[1m"practice"&amp#27;[0m&amp#27;[32m page&amp#27;[0m     &amp#27;[90m# dsAlgo_StepDefinition.FArrayPage_SD.the_user_should_be_redirected_to_practice_page(java.lang.String)&amp#27;[0m
[INFO ]2023-07-18 05:34:38.589 [TestNG-tests-1]LoggerLoad-Test Success
]]></system-out>
  </testcase>
  <testcase name="runScenario[&quot;The user is able to navigate to Practice page&quot;, &quot;Optional[Test Array page]&quot;](52)" classname="dsAlgo_TestRunner.TestRunner" time="0.006">
    <system-out><![CDATA[[INFO ]2023-07-18 05:34:38.595 [TestNG-tests-1]LoggerLoad-inTestStart
[INFO ]2023-07-18 05:34:38.596 [TestNG-tests-2]LoggerLoad-Test Success
]]></system-out>
  </testcase>
  <testcase name="runScenario[&quot;The user is able to navigate to all practice questions&quot;, &quot;Optional[Test Array page]&quot;](53)" classname="dsAlgo_TestRunner.TestRunner" time="1.029">
    <system-out><![CDATA[[INFO ]2023-07-18 05:34:38.600 [TestNG-tests-2]LoggerLoad-inTestStart

@ArrayTest
Scenario Outline: The user is able to navigate to all practice questions    &amp#27;[90m# src/test/resources/Features/FArrayPage.feature:64&amp#27;[0m

@ArrayTest
Scenario Outline: The user is able to navigate to all practice questions    &amp#27;[90m# src/test/resources/Features/FArrayPage.feature:64&amp#27;[0m
  &amp#27;[32mGiven &amp#27;[0m&amp#27;[32mThe user is on the Arrays in Python after logged in&amp#27;[0m                 &amp#27;[90m# dsAlgo_StepDefinition.FArrayPage_SD.the_user_is_on_the_arrays_in_python_after_logged_in()&amp#27;[0m
  &amp#27;[32mGiven &amp#27;[0m&amp#27;[32mThe user is on the Arrays in Python after logged in&amp#27;[0m                 &amp#27;[90m# dsAlgo_StepDefinition.FArrayPage_SD.the_user_is_on_the_arrays_in_python_after_logged_in()&amp#27;[0m
  &amp#27;[32mWhen &amp#27;[0m&amp#27;[32mThe user clicks Practice Questions link&amp#27;[0m                              &amp#27;[90m# dsAlgo_StepDefinition.FArrayPage_SD.the_user_clicks_practice_questions_link()&amp#27;[0m
  &amp#27;[32mThen &amp#27;[0m&amp#27;[32mThe user should be redirected to &amp#27;[0m&amp#27;[32m&amp#27;[1m"practice"&amp#27;[0m&amp#27;[32m page&amp#27;[0m                     &amp#27;[90m# dsAlgo_StepDefinition.FArrayPage_SD.the_user_should_be_redirected_to_practice_page(java.lang.String)&amp#27;[0m
  &amp#27;[32mWhen &amp#27;[0m&amp#27;[32mThe user clicks Practice Questions link&amp#27;[0m                              &amp#27;[90m# dsAlgo_StepDefinition.FArrayPage_SD.the_user_clicks_practice_questions_link()&amp#27;[0m
  &amp#27;[32mThen &amp#27;[0m&amp#27;[32mThe user should be redirected to &amp#27;[0m&amp#27;[32m&amp#27;[1m"practice"&amp#27;[0m&amp#27;[32m page&amp#27;[0m                     &amp#27;[90m# dsAlgo_StepDefinition.FArrayPage_SD.the_user_should_be_redirected_to_practice_page(java.lang.String)&amp#27;[0m
  &amp#27;[32mAnd &amp#27;[0m&amp#27;[32mThe user should redirect to &amp#27;[0m&amp#27;[32m&amp#27;[1m"Search the array"&amp#27;[0m&amp#27;[32m practice question page&amp#27;[0m &amp#27;[90m# dsAlgo_StepDefinition.FArrayPage_SD.the_user_should_redirect_to_practice_question_page(java.lang.String)&amp#27;[0m
[INFO ]2023-07-18 05:34:39.621 [TestNG-tests-1]LoggerLoad-Test Success
]]></system-out>
  </testcase>
  <testcase name="runScenario[&quot;The user is able to navigate to all practice questions&quot;, &quot;Optional[Test Array page]&quot;](53)" classname="dsAlgo_TestRunner.TestRunner" time="0.062">
    <system-out><![CDATA[[INFO ]2023-07-18 05:34:39.631 [TestNG-tests-1]LoggerLoad-inTestStart

@ArrayTest
Scenario Outline: The user is able to navigate to all practice questions        &amp#27;[90m# src/test/resources/Features/FArrayPage.feature:65&amp#27;[0m
  &amp#27;[32mAnd &amp#27;[0m&amp#27;[32mThe user should redirect to &amp#27;[0m&amp#27;[32m&amp#27;[1m"Search the array"&amp#27;[0m&amp#27;[32m practice question page&amp#27;[0m &amp#27;[90m# dsAlgo_StepDefinition.FArrayPage_SD.the_user_should_redirect_to_practice_question_page(java.lang.String)&amp#27;[0m
[INFO ]2023-07-18 05:34:39.682 [TestNG-tests-2]LoggerLoad-Test Success
]]></system-out>
  </testcase>
  <testcase name="runScenario[&quot;The user is able to navigate to all practice questions&quot;, &quot;Optional[Test Array page]&quot;](54)" classname="dsAlgo_TestRunner.TestRunner" time="1.24">
    <system-out><![CDATA[[INFO ]2023-07-18 05:34:39.691 [TestNG-tests-2]LoggerLoad-inTestStart

@ArrayTest
Scenario Outline: The user is able to navigate to all practice questions        &amp#27;[90m# src/test/resources/Features/FArrayPage.feature:65&amp#27;[0m
  &amp#27;[32mGiven &amp#27;[0m&amp#27;[32mThe user is on the Arrays in Python after logged in&amp#27;[0m                     &amp#27;[90m# dsAlgo_StepDefinition.FArrayPage_SD.the_user_is_on_the_arrays_in_python_after_logged_in()&amp#27;[0m
  &amp#27;[32mGiven &amp#27;[0m&amp#27;[32mThe user is on the Arrays in Python after logged in&amp#27;[0m                     &amp#27;[90m# dsAlgo_StepDefinition.FArrayPage_SD.the_user_is_on_the_arrays_in_python_after_logged_in()&amp#27;[0m
  &amp#27;[32mWhen &amp#27;[0m&amp#27;[32mThe user clicks Practice Questions link&amp#27;[0m                                  &amp#27;[90m# dsAlgo_StepDefinition.FArrayPage_SD.the_user_clicks_practice_questions_link()&amp#27;[0m
  &amp#27;[32mThen &amp#27;[0m&amp#27;[32mThe user should be redirected to &amp#27;[0m&amp#27;[32m&amp#27;[1m"practice"&amp#27;[0m&amp#27;[32m page&amp#27;[0m                         &amp#27;[90m# dsAlgo_StepDefinition.FArrayPage_SD.the_user_should_be_redirected_to_practice_page(java.lang.String)&amp#27;[0m
  &amp#27;[32mWhen &amp#27;[0m&amp#27;[32mThe user clicks Practice Questions link&amp#27;[0m                                  &amp#27;[90m# dsAlgo_StepDefinition.FArrayPage_SD.the_user_clicks_practice_questions_link()&amp#27;[0m
  &amp#27;[32mThen &amp#27;[0m&amp#27;[32mThe user should be redirected to &amp#27;[0m&amp#27;[32m&amp#27;[1m"practice"&amp#27;[0m&amp#27;[32m page&amp#27;[0m                         &amp#27;[90m# dsAlgo_StepDefinition.FArrayPage_SD.the_user_should_be_redirected_to_practice_page(java.lang.String)&amp#27;[0m
  &amp#27;[32mAnd &amp#27;[0m&amp#27;[32mThe user should redirect to &amp#27;[0m&amp#27;[32m&amp#27;[1m"Max Consecutive Ones"&amp#27;[0m&amp#27;[32m practice question page&amp#27;[0m &amp#27;[90m# dsAlgo_StepDefinition.FArrayPage_SD.the_user_should_redirect_to_practice_question_page(java.lang.String)&amp#27;[0m
[INFO ]2023-07-18 05:34:40.918 [TestNG-tests-1]LoggerLoad-Test Success
]]></system-out>
  </testcase>
  <testcase name="runScenario[&quot;The user is able to navigate to all practice questions&quot;, &quot;Optional[Test Array page]&quot;](54)" classname="dsAlgo_TestRunner.TestRunner" time="0.037">
    <system-out><![CDATA[[INFO ]2023-07-18 05:34:40.932 [TestNG-tests-1]LoggerLoad-inTestStart
  &amp#27;[32mAnd &amp#27;[0m&amp#27;[32mThe user should redirect to &amp#27;[0m&amp#27;[32m&amp#27;[1m"Max Consecutive Ones"&amp#27;[0m&amp#27;[32m practice question page&amp#27;[0m &amp#27;[90m# dsAlgo_StepDefinition.FArrayPage_SD.the_user_should_redirect_to_practice_question_page(java.lang.String)&amp#27;[0m
[INFO ]2023-07-18 05:34:40.961 [TestNG-tests-2]LoggerLoad-Test Success
]]></system-out>
  </testcase>
  <testcase name="runScenario[&quot;The user is able to navigate to all practice questions&quot;, &quot;Optional[Test Array page]&quot;](55)" classname="dsAlgo_TestRunner.TestRunner" time="1.248">
    <system-out><![CDATA[[INFO ]2023-07-18 05:34:40.972 [TestNG-tests-2]LoggerLoad-inTestStart

@ArrayTest
Scenario Outline: The user is able to navigate to all practice questions                           &amp#27;[90m# src/test/resources/Features/FArrayPage.feature:66&amp#27;[0m

@ArrayTest
Scenario Outline: The user is able to navigate to all practice questions                           &amp#27;[90m# src/test/resources/Features/FArrayPage.feature:66&amp#27;[0m
  &amp#27;[32mGiven &amp#27;[0m&amp#27;[32mThe user is on the Arrays in Python after logged in&amp#27;[0m                                        &amp#27;[90m# dsAlgo_StepDefinition.FArrayPage_SD.the_user_is_on_the_arrays_in_python_after_logged_in()&amp#27;[0m
  &amp#27;[32mGiven &amp#27;[0m&amp#27;[32mThe user is on the Arrays in Python after logged in&amp#27;[0m                                        &amp#27;[90m# dsAlgo_StepDefinition.FArrayPage_SD.the_user_is_on_the_arrays_in_python_after_logged_in()&amp#27;[0m
  &amp#27;[32mWhen &amp#27;[0m&amp#27;[32mThe user clicks Practice Questions link&amp#27;[0m                                                     &amp#27;[90m# dsAlgo_StepDefinition.FArrayPage_SD.the_user_clicks_practice_questions_link()&amp#27;[0m
  &amp#27;[32mThen &amp#27;[0m&amp#27;[32mThe user should be redirected to &amp#27;[0m&amp#27;[32m&amp#27;[1m"practice"&amp#27;[0m&amp#27;[32m page&amp#27;[0m                                            &amp#27;[90m# dsAlgo_StepDefinition.FArrayPage_SD.the_user_should_be_redirected_to_practice_page(java.lang.String)&amp#27;[0m
  &amp#27;[32mWhen &amp#27;[0m&amp#27;[32mThe user clicks Practice Questions link&amp#27;[0m                                                     &amp#27;[90m# dsAlgo_StepDefinition.FArrayPage_SD.the_user_clicks_practice_questions_link()&amp#27;[0m
  &amp#27;[32mThen &amp#27;[0m&amp#27;[32mThe user should be redirected to &amp#27;[0m&amp#27;[32m&amp#27;[1m"practice"&amp#27;[0m&amp#27;[32m page&amp#27;[0m                                            &amp#27;[90m# dsAlgo_StepDefinition.FArrayPage_SD.the_user_should_be_redirected_to_practice_page(java.lang.String)&amp#27;[0m
  &amp#27;[32mAnd &amp#27;[0m&amp#27;[32mThe user should redirect to &amp#27;[0m&amp#27;[32m&amp#27;[1m"Find Numbers with Even Number of Digits"&amp#27;[0m&amp#27;[32m practice question page&amp#27;[0m &amp#27;[90m# dsAlgo_StepDefinition.FArrayPage_SD.the_user_should_redirect_to_practice_question_page(java.lang.String)&amp#27;[0m
[INFO ]2023-07-18 05:34:42.210 [TestNG-tests-2]LoggerLoad-Test Success
]]></system-out>
    <system-err><![CDATA[Cleaning up unclosed ZipFile for archive C:\Users\subas\eclipse-workspace-new\ADsAlgo_Final\src\test\resources\Excel_Register\programdata.xlsx
Cleaning up unclosed ZipFile for archive C:\Users\subas\eclipse-workspace-new\ADsAlgo_Final\src\test\resources\Excel_Register\programdata.xlsx
Cleaning up unclosed ZipFile for archive C:\Users\subas\eclipse-workspace-new\ADsAlgo_Final\src\test\resources\Excel_Register\programdata.xlsx
Cleaning up unclosed ZipFile for archive C:\Users\subas\eclipse-workspace-new\ADsAlgo_Final\src\test\resources\Excel_Register\programdata.xlsx
]]></system-err>
  </testcase>
  <testcase name="runScenario[&quot;The user is able to navigate to all practice questions&quot;, &quot;Optional[Test Array page]&quot;](55)" classname="dsAlgo_TestRunner.TestRunner" time="0.29">
    <system-out><![CDATA[[INFO ]2023-07-18 05:34:42.225 [TestNG-tests-2]LoggerLoad-inTestStart

@ArrayTest
Scenario Outline: The user is able to run code in Practice session of Array in python                             &amp#27;[90m# src/test/resources/Features/FArrayPage.feature:77&amp#27;[0m
  &amp#27;[32mAnd &amp#27;[0m&amp#27;[32mThe user should redirect to &amp#27;[0m&amp#27;[32m&amp#27;[1m"Find Numbers with Even Number of Digits"&amp#27;[0m&amp#27;[32m practice question page&amp#27;[0m &amp#27;[90m# dsAlgo_StepDefinition.FArrayPage_SD.the_user_should_redirect_to_practice_question_page(java.lang.String)&amp#27;[0m
[INFO ]2023-07-18 05:34:42.505 [TestNG-tests-1]LoggerLoad-Test Success
]]></system-out>
  </testcase>
  <testcase name="runScenario[&quot;The user is able to run code in Practice session of Array in python&quot;, &quot;Optional[Test Array page]&quot;](56)" classname="dsAlgo_TestRunner.TestRunner" time="12.427">
    <system-out><![CDATA[[INFO ]2023-07-18 05:34:42.521 [TestNG-tests-1]LoggerLoad-inTestStart

@ArrayTest
Scenario Outline: The user is able to run code in Practice session of Array in python                             &amp#27;[90m# src/test/resources/Features/FArrayPage.feature:77&amp#27;[0m
  &amp#27;[32mGiven &amp#27;[0m&amp#27;[32mThe user is in a &amp#27;[0m&amp#27;[32m&amp#27;[1m"Search the array"&amp#27;[0m&amp#27;[32m  practice page having an tryEditor with a Run button to test&amp#27;[0m          &amp#27;[90m# dsAlgo_StepDefinition.FArrayPage_SD.the_user_is_in_a_practice_page_having_an_try_editor_with_a_run_button_to_test(java.lang.String)&amp#27;[0m
  &amp#27;[32mGiven &amp#27;[0m&amp#27;[32mThe user is in a &amp#27;[0m&amp#27;[32m&amp#27;[1m"Search the array"&amp#27;[0m&amp#27;[32m  practice page having an tryEditor with a Run button to test&amp#27;[0m          &amp#27;[90m# dsAlgo_StepDefinition.FArrayPage_SD.the_user_is_in_a_practice_page_having_an_try_editor_with_a_run_button_to_test(java.lang.String)&amp#27;[0m
  &amp#27;[32mWhen &amp#27;[0m&amp#27;[32mThe user enter valid python code in tryEditor from sheet &amp#27;[0m&amp#27;[32m&amp#27;[1m"pythoncode"&amp#27;[0m&amp#27;[32m and &amp#27;[0m&amp#27;[32m&amp#27;[1m0&amp#27;[0m&amp#27;[32m in the practice tryeditor area&amp#27;[0m &amp#27;[90m# dsAlgo_StepDefinition.FArrayPage_SD.the_user_enter_valid_python_code_in_try_editor_from_sheeet_in_the_tryeditorarea(java.lang.String,java.lang.Integer)&amp#27;[0m
  &amp#27;[32mAnd &amp#27;[0m&amp#27;[32mThe user clicks on run button&amp#27;[0m                                                                               &amp#27;[90m# dsAlgo_StepDefinition.FArrayPage_SD.the_user_clicks_on_run_button()&amp#27;[0m
  &amp#27;[32mThen &amp#27;[0m&amp#27;[32mThe user should be presented with Run result&amp#27;[0m                                                               &amp#27;[90m# dsAlgo_StepDefinition.FArrayPage_SD.the_user_should_be_presented_with_run_result()&amp#27;[0m
[INFO ]2023-07-18 05:34:54.942 [TestNG-tests-1]LoggerLoad-Test Success
]]></system-out>
  </testcase>
  <testcase name="runScenario[&quot;The user is able to run code in Practice session of Array in python&quot;, &quot;Optional[Test Array page]&quot;](56)" classname="dsAlgo_TestRunner.TestRunner" time="7.606">
    <system-out><![CDATA[[INFO ]2023-07-18 05:34:54.949 [TestNG-tests-1]LoggerLoad-inTestStart

@ArrayTest
Scenario Outline: The user is able to run code in Practice session of Array in python                             &amp#27;[90m# src/test/resources/Features/FArrayPage.feature:78&amp#27;[0m
  &amp#27;[32mGiven &amp#27;[0m&amp#27;[32mThe user is in a &amp#27;[0m&amp#27;[32m&amp#27;[1m"Max Consecutive Ones"&amp#27;[0m&amp#27;[32m  practice page having an tryEditor with a Run button to test&amp#27;[0m      &amp#27;[90m# dsAlgo_StepDefinition.FArrayPage_SD.the_user_is_in_a_practice_page_having_an_try_editor_with_a_run_button_to_test(java.lang.String)&amp#27;[0m
  &amp#27;[32mWhen &amp#27;[0m&amp#27;[32mThe user enter valid python code in tryEditor from sheet &amp#27;[0m&amp#27;[32m&amp#27;[1m"pythoncode"&amp#27;[0m&amp#27;[32m and &amp#27;[0m&amp#27;[32m&amp#27;[1m0&amp#27;[0m&amp#27;[32m in the practice tryeditor area&amp#27;[0m &amp#27;[90m# dsAlgo_StepDefinition.FArrayPage_SD.the_user_enter_valid_python_code_in_try_editor_from_sheeet_in_the_tryeditorarea(java.lang.String,java.lang.Integer)&amp#27;[0m
  &amp#27;[32mAnd &amp#27;[0m&amp#27;[32mThe user clicks on run button&amp#27;[0m                                                                               &amp#27;[90m# dsAlgo_StepDefinition.FArrayPage_SD.the_user_clicks_on_run_button()&amp#27;[0m
  &amp#27;[32mThen &amp#27;[0m&amp#27;[32mThe user should be presented with Run result&amp#27;[0m                                                               &amp#27;[90m# dsAlgo_StepDefinition.FArrayPage_SD.the_user_should_be_presented_with_run_result()&amp#27;[0m
[INFO ]2023-07-18 05:35:02.550 [TestNG-tests-2]LoggerLoad-Test Success
]]></system-out>
  </testcase>
  <testcase name="runScenario[&quot;The user is able to run code in Practice session of Array in python&quot;, &quot;Optional[Test Array page]&quot;](57)" classname="dsAlgo_TestRunner.TestRunner" time="6.394">
    <system-out><![CDATA[[INFO ]2023-07-18 05:35:02.555 [TestNG-tests-2]LoggerLoad-inTestStart

@ArrayTest
Scenario Outline: The user is able to run code in Practice session of Array in python                             &amp#27;[90m# src/test/resources/Features/FArrayPage.feature:78&amp#27;[0m
  &amp#27;[32mGiven &amp#27;[0m&amp#27;[32mThe user is in a &amp#27;[0m&amp#27;[32m&amp#27;[1m"Max Consecutive Ones"&amp#27;[0m&amp#27;[32m  practice page having an tryEditor with a Run button to test&amp#27;[0m      &amp#27;[90m# dsAlgo_StepDefinition.FArrayPage_SD.the_user_is_in_a_practice_page_having_an_try_editor_with_a_run_button_to_test(java.lang.String)&amp#27;[0m
  &amp#27;[32mWhen &amp#27;[0m&amp#27;[32mThe user enter valid python code in tryEditor from sheet &amp#27;[0m&amp#27;[32m&amp#27;[1m"pythoncode"&amp#27;[0m&amp#27;[32m and &amp#27;[0m&amp#27;[32m&amp#27;[1m0&amp#27;[0m&amp#27;[32m in the practice tryeditor area&amp#27;[0m &amp#27;[90m# dsAlgo_StepDefinition.FArrayPage_SD.the_user_enter_valid_python_code_in_try_editor_from_sheeet_in_the_tryeditorarea(java.lang.String,java.lang.Integer)&amp#27;[0m
  &amp#27;[32mAnd &amp#27;[0m&amp#27;[32mThe user clicks on run button&amp#27;[0m                                                                               &amp#27;[90m# dsAlgo_StepDefinition.FArrayPage_SD.the_user_clicks_on_run_button()&amp#27;[0m
  &amp#27;[32mThen &amp#27;[0m&amp#27;[32mThe user should be presented with Run result&amp#27;[0m                                                               &amp#27;[90m# dsAlgo_StepDefinition.FArrayPage_SD.the_user_should_be_presented_with_run_result()&amp#27;[0m
[INFO ]2023-07-18 05:35:08.941 [TestNG-tests-1]LoggerLoad-Test Success
]]></system-out>
  </testcase>
  <testcase name="runScenario[&quot;The user is able to run code in Practice session of Array in python&quot;, &quot;Optional[Test Array page]&quot;](57)" classname="dsAlgo_TestRunner.TestRunner" time="3.829">
    <system-out><![CDATA[[INFO ]2023-07-18 05:35:08.952 [TestNG-tests-1]LoggerLoad-inTestStart

@ArrayTest
Scenario Outline: The user is able to run code in Practice session of Array in python                                           &amp#27;[90m# src/test/resources/Features/FArrayPage.feature:79&amp#27;[0m
  &amp#27;[32mGiven &amp#27;[0m&amp#27;[32mThe user is in a &amp#27;[0m&amp#27;[32m&amp#27;[1m"Find Numbers with Even Number of Digits"&amp#27;[0m&amp#27;[32m  practice page having an tryEditor with a Run button to test&amp#27;[0m &amp#27;[90m# dsAlgo_StepDefinition.FArrayPage_SD.the_user_is_in_a_practice_page_having_an_try_editor_with_a_run_button_to_test(java.lang.String)&amp#27;[0m
  &amp#27;[32mWhen &amp#27;[0m&amp#27;[32mThe user enter valid python code in tryEditor from sheet &amp#27;[0m&amp#27;[32m&amp#27;[1m"pythoncode"&amp#27;[0m&amp#27;[32m and &amp#27;[0m&amp#27;[32m&amp#27;[1m0&amp#27;[0m&amp#27;[32m in the practice tryeditor area&amp#27;[0m &amp#27;[90m# dsAlgo_StepDefinition.FArrayPage_SD.the_user_enter_valid_python_code_in_try_editor_from_sheeet_in_the_tryeditorarea(java.lang.String,java.lang.Integer)&amp#27;[0m
  &amp#27;[32mAnd &amp#27;[0m&amp#27;[32mThe user clicks on run button&amp#27;[0m                                                                               &amp#27;[90m# dsAlgo_StepDefinition.FArrayPage_SD.the_user_clicks_on_run_button()&amp#27;[0m
  &amp#27;[32mThen &amp#27;[0m&amp#27;[32mThe user should be presented with Run result&amp#27;[0m                                                               &amp#27;[90m# dsAlgo_StepDefinition.FArrayPage_SD.the_user_should_be_presented_with_run_result()&amp#27;[0m
[INFO ]2023-07-18 05:35:12.773 [TestNG-tests-2]LoggerLoad-Test Success
]]></system-out>
    <system-err><![CDATA[Cleaning up unclosed ZipFile for archive C:\Users\subas\eclipse-workspace-new\ADsAlgo_Final\src\test\resources\Excel_Register\programdata.xlsx
Cleaning up unclosed ZipFile for archive C:\Users\subas\eclipse-workspace-new\ADsAlgo_Final\src\test\resources\Excel_Register\programdata.xlsx
Cleaning up unclosed ZipFile for archive C:\Users\subas\eclipse-workspace-new\ADsAlgo_Final\src\test\resources\Excel_Register\programdata.xlsx
Cleaning up unclosed ZipFile for archive C:\Users\subas\eclipse-workspace-new\ADsAlgo_Final\src\test\resources\Excel_Register\programdata.xlsx
]]></system-err>
  </testcase>
  <testcase name="runScenario[&quot;The user is able to run code in Practice session of Array in python&quot;, &quot;Optional[Test Array page]&quot;](58)" classname="dsAlgo_TestRunner.TestRunner" time="4.71">
    <system-out><![CDATA[[INFO ]2023-07-18 05:35:12.779 [TestNG-tests-2]LoggerLoad-inTestStart

@ArrayTest
Scenario Outline: The user is able to run code in Practice session of Array in python                                           &amp#27;[90m# src/test/resources/Features/FArrayPage.feature:79&amp#27;[0m
  &amp#27;[32mGiven &amp#27;[0m&amp#27;[32mThe user is in a &amp#27;[0m&amp#27;[32m&amp#27;[1m"Find Numbers with Even Number of Digits"&amp#27;[0m&amp#27;[32m  practice page having an tryEditor with a Run button to test&amp#27;[0m &amp#27;[90m# dsAlgo_StepDefinition.FArrayPage_SD.the_user_is_in_a_practice_page_having_an_try_editor_with_a_run_button_to_test(java.lang.String)&amp#27;[0m
  &amp#27;[32mWhen &amp#27;[0m&amp#27;[32mThe user enter valid python code in tryEditor from sheet &amp#27;[0m&amp#27;[32m&amp#27;[1m"pythoncode"&amp#27;[0m&amp#27;[32m and &amp#27;[0m&amp#27;[32m&amp#27;[1m0&amp#27;[0m&amp#27;[32m in the practice tryeditor area&amp#27;[0m               &amp#27;[90m# dsAlgo_StepDefinition.FArrayPage_SD.the_user_enter_valid_python_code_in_try_editor_from_sheeet_in_the_tryeditorarea(java.lang.String,java.lang.Integer)&amp#27;[0m
  &amp#27;[32mAnd &amp#27;[0m&amp#27;[32mThe user clicks on run button&amp#27;[0m                                                                                             &amp#27;[90m# dsAlgo_StepDefinition.FArrayPage_SD.the_user_clicks_on_run_button()&amp#27;[0m
  &amp#27;[32mThen &amp#27;[0m&amp#27;[32mThe user should be presented with Run result&amp#27;[0m                                                                             &amp#27;[90m# dsAlgo_StepDefinition.FArrayPage_SD.the_user_should_be_presented_with_run_result()&amp#27;[0m
[INFO ]2023-07-18 05:35:17.483 [TestNG-tests-1]LoggerLoad-Test Success
]]></system-out>
  </testcase>
  <testcase name="runScenario[&quot;The user is able to run code in Practice session of Array in python&quot;, &quot;Optional[Test Array page]&quot;](58)" classname="dsAlgo_TestRunner.TestRunner" time="4.468">
    <system-out><![CDATA[[INFO ]2023-07-18 05:35:17.495 [TestNG-tests-1]LoggerLoad-inTestStart

@ArrayTest
Scenario Outline: The user is able to run code in tryEditor for Practice session of Array in python               &amp#27;[90m# src/test/resources/Features/FArrayPage.feature:91&amp#27;[0m
  &amp#27;[32mGiven &amp#27;[0m&amp#27;[32mThe user is in a &amp#27;[0m&amp#27;[32m&amp#27;[1m"Search the array"&amp#27;[0m&amp#27;[32m  practice page having an tryEditor with a Run button to test&amp#27;[0m          &amp#27;[90m# dsAlgo_StepDefinition.FArrayPage_SD.the_user_is_in_a_practice_page_having_an_try_editor_with_a_run_button_to_test(java.lang.String)&amp#27;[0m
  &amp#27;[32mWhen &amp#27;[0m&amp#27;[32mThe user enter valid python code in tryEditor from sheet &amp#27;[0m&amp#27;[32m&amp#27;[1m"pythoncode"&amp#27;[0m&amp#27;[32m and &amp#27;[0m&amp#27;[32m&amp#27;[1m0&amp#27;[0m&amp#27;[32m in the practice tryeditor area&amp#27;[0m               &amp#27;[90m# dsAlgo_StepDefinition.FArrayPage_SD.the_user_enter_valid_python_code_in_try_editor_from_sheeet_in_the_tryeditorarea(java.lang.String,java.lang.Integer)&amp#27;[0m
  &amp#27;[32mAnd &amp#27;[0m&amp#27;[32mThe user clicks on run button&amp#27;[0m                                                                                             &amp#27;[90m# dsAlgo_StepDefinition.FArrayPage_SD.the_user_clicks_on_run_button()&amp#27;[0m
  &amp#27;[32mThen &amp#27;[0m&amp#27;[32mThe user should be presented with Run result&amp#27;[0m                                                                             &amp#27;[90m# dsAlgo_StepDefinition.FArrayPage_SD.the_user_should_be_presented_with_run_result()&amp#27;[0m
[INFO ]2023-07-18 05:35:21.951 [TestNG-tests-2]LoggerLoad-Test Success
]]></system-out>
  </testcase>
  <testcase name="runScenario[&quot;The user is able to run code in tryEditor for Practice session of Array in python&quot;, &quot;Optional[Test Array page]&quot;](59)" classname="dsAlgo_TestRunner.TestRunner" time="6.508">
    <system-out><![CDATA[[INFO ]2023-07-18 05:35:21.964 [TestNG-tests-2]LoggerLoad-inTestStart

@ArrayTest
Scenario Outline: The user is able to run code in tryEditor for Practice session of Array in python               &amp#27;[90m# src/test/resources/Features/FArrayPage.feature:91&amp#27;[0m
  &amp#27;[32mGiven &amp#27;[0m&amp#27;[32mThe user is in a &amp#27;[0m&amp#27;[32m&amp#27;[1m"Search the array"&amp#27;[0m&amp#27;[32m  practice page having an tryEditor with a Run button to test&amp#27;[0m          &amp#27;[90m# dsAlgo_StepDefinition.FArrayPage_SD.the_user_is_in_a_practice_page_having_an_try_editor_with_a_run_button_to_test(java.lang.String)&amp#27;[0m
  &amp#27;[32mWhen &amp#27;[0m&amp#27;[32mThe user enter valid python code in tryEditor from sheet &amp#27;[0m&amp#27;[32m&amp#27;[1m"pythoncode"&amp#27;[0m&amp#27;[32m and &amp#27;[0m&amp#27;[32m&amp#27;[1m0&amp#27;[0m&amp#27;[32m in the practice tryeditor area&amp#27;[0m &amp#27;[90m# dsAlgo_StepDefinition.FArrayPage_SD.the_user_enter_valid_python_code_in_try_editor_from_sheeet_in_the_tryeditorarea(java.lang.String,java.lang.Integer)&amp#27;[0m
  &amp#27;[32mAnd &amp#27;[0m&amp#27;[32mThe user clicks on run button&amp#27;[0m                                                                               &amp#27;[90m# dsAlgo_StepDefinition.FArrayPage_SD.the_user_clicks_on_run_button()&amp#27;[0m
  &amp#27;[32mAnd &amp#27;[0m&amp#27;[32mThe user clicks on submit&amp#27;[0m                                                                                   &amp#27;[90m# dsAlgo_StepDefinition.FArrayPage_SD.the_user_clicks_on_submit()&amp#27;[0m
  &amp#27;[32mThen &amp#27;[0m&amp#27;[32mThe user should be presented with Run result&amp#27;[0m                                                               &amp#27;[90m# dsAlgo_StepDefinition.FArrayPage_SD.the_user_should_be_presented_with_run_result()&amp#27;[0m
[INFO ]2023-07-18 05:35:28.464 [TestNG-tests-1]LoggerLoad-Test Success
]]></system-out>
  </testcase>
  <testcase name="runScenario[&quot;The user is able to run code in tryEditor for Practice session of Array in python&quot;, &quot;Optional[Test Array page]&quot;](59)" classname="dsAlgo_TestRunner.TestRunner" time="1.998">
    <system-out><![CDATA[[INFO ]2023-07-18 05:35:28.471 [TestNG-tests-1]LoggerLoad-inTestStart

@ArrayTest
Scenario Outline: The user is able to run code in tryEditor for Practice session of Array in python               &amp#27;[90m# src/test/resources/Features/FArrayPage.feature:92&amp#27;[0m
  &amp#27;[32mGiven &amp#27;[0m&amp#27;[32mThe user is in a &amp#27;[0m&amp#27;[32m&amp#27;[1m"Max Consecutive Ones"&amp#27;[0m&amp#27;[32m  practice page having an tryEditor with a Run button to test&amp#27;[0m      &amp#27;[90m# dsAlgo_StepDefinition.FArrayPage_SD.the_user_is_in_a_practice_page_having_an_try_editor_with_a_run_button_to_test(java.lang.String)&amp#27;[0m
  &amp#27;[32mWhen &amp#27;[0m&amp#27;[32mThe user enter valid python code in tryEditor from sheet &amp#27;[0m&amp#27;[32m&amp#27;[1m"pythoncode"&amp#27;[0m&amp#27;[32m and &amp#27;[0m&amp#27;[32m&amp#27;[1m0&amp#27;[0m&amp#27;[32m in the practice tryeditor area&amp#27;[0m &amp#27;[90m# dsAlgo_StepDefinition.FArrayPage_SD.the_user_enter_valid_python_code_in_try_editor_from_sheeet_in_the_tryeditorarea(java.lang.String,java.lang.Integer)&amp#27;[0m
  &amp#27;[32mAnd &amp#27;[0m&amp#27;[32mThe user clicks on run button&amp#27;[0m                                                                               &amp#27;[90m# dsAlgo_StepDefinition.FArrayPage_SD.the_user_clicks_on_run_button()&amp#27;[0m
  &amp#27;[32mAnd &amp#27;[0m&amp#27;[32mThe user clicks on submit&amp#27;[0m                                                                                   &amp#27;[90m# dsAlgo_StepDefinition.FArrayPage_SD.the_user_clicks_on_submit()&amp#27;[0m
  &amp#27;[32mThen &amp#27;[0m&amp#27;[32mThe user should be presented with Run result&amp#27;[0m                                                               &amp#27;[90m# dsAlgo_StepDefinition.FArrayPage_SD.the_user_should_be_presented_with_run_result()&amp#27;[0m
[INFO ]2023-07-18 05:35:30.462 [TestNG-tests-2]LoggerLoad-Test Success
]]></system-out>
  </testcase>
  <testcase name="runScenario[&quot;The user is able to run code in tryEditor for Practice session of Array in python&quot;, &quot;Optional[Test Array page]&quot;](60)" classname="dsAlgo_TestRunner.TestRunner" time="8.676">
    <system-out><![CDATA[[INFO ]2023-07-18 05:35:30.472 [TestNG-tests-2]LoggerLoad-inTestStart

@ArrayTest
Scenario Outline: The user is able to run code in tryEditor for Practice session of Array in python               &amp#27;[90m# src/test/resources/Features/FArrayPage.feature:92&amp#27;[0m
  &amp#27;[32mGiven &amp#27;[0m&amp#27;[32mThe user is in a &amp#27;[0m&amp#27;[32m&amp#27;[1m"Max Consecutive Ones"&amp#27;[0m&amp#27;[32m  practice page having an tryEditor with a Run button to test&amp#27;[0m      &amp#27;[90m# dsAlgo_StepDefinition.FArrayPage_SD.the_user_is_in_a_practice_page_having_an_try_editor_with_a_run_button_to_test(java.lang.String)&amp#27;[0m
  &amp#27;[32mWhen &amp#27;[0m&amp#27;[32mThe user enter valid python code in tryEditor from sheet &amp#27;[0m&amp#27;[32m&amp#27;[1m"pythoncode"&amp#27;[0m&amp#27;[32m and &amp#27;[0m&amp#27;[32m&amp#27;[1m0&amp#27;[0m&amp#27;[32m in the practice tryeditor area&amp#27;[0m &amp#27;[90m# dsAlgo_StepDefinition.FArrayPage_SD.the_user_enter_valid_python_code_in_try_editor_from_sheeet_in_the_tryeditorarea(java.lang.String,java.lang.Integer)&amp#27;[0m
  &amp#27;[32mAnd &amp#27;[0m&amp#27;[32mThe user clicks on run button&amp#27;[0m                                                                               &amp#27;[90m# dsAlgo_StepDefinition.FArrayPage_SD.the_user_clicks_on_run_button()&amp#27;[0m
  &amp#27;[32mAnd &amp#27;[0m&amp#27;[32mThe user clicks on submit&amp#27;[0m                                                                                   &amp#27;[90m# dsAlgo_StepDefinition.FArrayPage_SD.the_user_clicks_on_submit()&amp#27;[0m
  &amp#27;[32mThen &amp#27;[0m&amp#27;[32mThe user should be presented with Run result&amp#27;[0m                                                               &amp#27;[90m# dsAlgo_StepDefinition.FArrayPage_SD.the_user_should_be_presented_with_run_result()&amp#27;[0m
[INFO ]2023-07-18 05:35:39.141 [TestNG-tests-1]LoggerLoad-Test Success
]]></system-out>
    <system-err><![CDATA[Cleaning up unclosed ZipFile for archive C:\Users\subas\eclipse-workspace-new\ADsAlgo_Final\src\test\resources\Excel_Register\programdata.xlsx
Cleaning up unclosed ZipFile for archive C:\Users\subas\eclipse-workspace-new\ADsAlgo_Final\src\test\resources\Excel_Register\programdata.xlsx
Cleaning up unclosed ZipFile for archive C:\Users\subas\eclipse-workspace-new\ADsAlgo_Final\src\test\resources\Excel_Register\programdata.xlsx
Cleaning up unclosed ZipFile for archive C:\Users\subas\eclipse-workspace-new\ADsAlgo_Final\src\test\resources\Excel_Register\programdata.xlsx
Cleaning up unclosed ZipFile for archive C:\Users\subas\eclipse-workspace-new\ADsAlgo_Final\src\test\resources\Excel_Register\programdata.xlsx
]]></system-err>
  </testcase>
  <testcase name="runScenario[&quot;The user is able to run code in tryEditor for Practice session of Array in python&quot;, &quot;Optional[Test Array page]&quot;](60)" classname="dsAlgo_TestRunner.TestRunner" time="1.557">
    <system-out><![CDATA[[INFO ]2023-07-18 05:35:39.148 [TestNG-tests-1]LoggerLoad-inTestStart

@ArrayTest
Scenario Outline: The user is able to run code in tryEditor for Practice session of Array in python                             &amp#27;[90m# src/test/resources/Features/FArrayPage.feature:93&amp#27;[0m
  &amp#27;[32mGiven &amp#27;[0m&amp#27;[32mThe user is in a &amp#27;[0m&amp#27;[32m&amp#27;[1m"Find Numbers with Even Number of Digits"&amp#27;[0m&amp#27;[32m  practice page having an tryEditor with a Run button to test&amp#27;[0m &amp#27;[90m# dsAlgo_StepDefinition.FArrayPage_SD.the_user_is_in_a_practice_page_having_an_try_editor_with_a_run_button_to_test(java.lang.String)&amp#27;[0m
  &amp#27;[32mWhen &amp#27;[0m&amp#27;[32mThe user enter valid python code in tryEditor from sheet &amp#27;[0m&amp#27;[32m&amp#27;[1m"pythoncode"&amp#27;[0m&amp#27;[32m and &amp#27;[0m&amp#27;[32m&amp#27;[1m0&amp#27;[0m&amp#27;[32m in the practice tryeditor area&amp#27;[0m &amp#27;[90m# dsAlgo_StepDefinition.FArrayPage_SD.the_user_enter_valid_python_code_in_try_editor_from_sheeet_in_the_tryeditorarea(java.lang.String,java.lang.Integer)&amp#27;[0m
  &amp#27;[32mAnd &amp#27;[0m&amp#27;[32mThe user clicks on run button&amp#27;[0m                                                                               &amp#27;[90m# dsAlgo_StepDefinition.FArrayPage_SD.the_user_clicks_on_run_button()&amp#27;[0m
  &amp#27;[32mAnd &amp#27;[0m&amp#27;[32mThe user clicks on submit&amp#27;[0m                                                                                   &amp#27;[90m# dsAlgo_StepDefinition.FArrayPage_SD.the_user_clicks_on_submit()&amp#27;[0m
  &amp#27;[32mThen &amp#27;[0m&amp#27;[32mThe user should be presented with Run result&amp#27;[0m                                                               &amp#27;[90m# dsAlgo_StepDefinition.FArrayPage_SD.the_user_should_be_presented_with_run_result()&amp#27;[0m
[INFO ]2023-07-18 05:35:40.698 [TestNG-tests-2]LoggerLoad-Test Success
]]></system-out>
  </testcase>
  <testcase name="runScenario[&quot;The user is able to run code in tryEditor for Practice session of Array in python&quot;, &quot;Optional[Test Array page]&quot;](61)" classname="dsAlgo_TestRunner.TestRunner" time="6.658">
    <system-out><![CDATA[[INFO ]2023-07-18 05:35:40.705 [TestNG-tests-2]LoggerLoad-inTestStart

@ArrayTest
Scenario Outline: The user is able to run code in tryEditor for Practice session of Array in python                             &amp#27;[90m# src/test/resources/Features/FArrayPage.feature:93&amp#27;[0m
  &amp#27;[32mGiven &amp#27;[0m&amp#27;[32mThe user is in a &amp#27;[0m&amp#27;[32m&amp#27;[1m"Find Numbers with Even Number of Digits"&amp#27;[0m&amp#27;[32m  practice page having an tryEditor with a Run button to test&amp#27;[0m &amp#27;[90m# dsAlgo_StepDefinition.FArrayPage_SD.the_user_is_in_a_practice_page_having_an_try_editor_with_a_run_button_to_test(java.lang.String)&amp#27;[0m
  &amp#27;[32mWhen &amp#27;[0m&amp#27;[32mThe user enter valid python code in tryEditor from sheet &amp#27;[0m&amp#27;[32m&amp#27;[1m"pythoncode"&amp#27;[0m&amp#27;[32m and &amp#27;[0m&amp#27;[32m&amp#27;[1m0&amp#27;[0m&amp#27;[32m in the practice tryeditor area&amp#27;[0m               &amp#27;[90m# dsAlgo_StepDefinition.FArrayPage_SD.the_user_enter_valid_python_code_in_try_editor_from_sheeet_in_the_tryeditorarea(java.lang.String,java.lang.Integer)&amp#27;[0m
  &amp#27;[32mAnd &amp#27;[0m&amp#27;[32mThe user clicks on run button&amp#27;[0m                                                                                             &amp#27;[90m# dsAlgo_StepDefinition.FArrayPage_SD.the_user_clicks_on_run_button()&amp#27;[0m
  &amp#27;[32mAnd &amp#27;[0m&amp#27;[32mThe user clicks on submit&amp#27;[0m                                                                                                 &amp#27;[90m# dsAlgo_StepDefinition.FArrayPage_SD.the_user_clicks_on_submit()&amp#27;[0m
  &amp#27;[32mThen &amp#27;[0m&amp#27;[32mThe user should be presented with Run result&amp#27;[0m                                                                             &amp#27;[90m# dsAlgo_StepDefinition.FArrayPage_SD.the_user_should_be_presented_with_run_result()&amp#27;[0m
[INFO ]2023-07-18 05:35:47.357 [TestNG-tests-1]LoggerLoad-Test Success
]]></system-out>
  </testcase>
  <testcase name="runScenario[&quot;The user is able to run code in tryEditor for Practice session of Array in python&quot;, &quot;Optional[Test Array page]&quot;](61)" classname="dsAlgo_TestRunner.TestRunner" time="1.451">
    <system-out><![CDATA[[INFO ]2023-07-18 05:35:47.364 [TestNG-tests-1]LoggerLoad-inTestStart

@ArrayTest
Scenario Outline: The user is able to run invald code in tryEditor for Practice session of Array in python        &amp#27;[90m# src/test/resources/Features/FArrayPage.feature:102&amp#27;[0m
  &amp#27;[32mGiven &amp#27;[0m&amp#27;[32mThe user is in a &amp#27;[0m&amp#27;[32m&amp#27;[1m"Search the array"&amp#27;[0m&amp#27;[32m  practice page having an tryEditor with a Run button to test&amp#27;[0m          &amp#27;[90m# dsAlgo_StepDefinition.FArrayPage_SD.the_user_is_in_a_practice_page_having_an_try_editor_with_a_run_button_to_test(java.lang.String)&amp#27;[0m
  &amp#27;[32mWhen &amp#27;[0m&amp#27;[32mThe user enter valid python code in tryEditor from sheet &amp#27;[0m&amp#27;[32m&amp#27;[1m"pythoncode"&amp#27;[0m&amp#27;[32m and &amp#27;[0m&amp#27;[32m&amp#27;[1m0&amp#27;[0m&amp#27;[32m in the practice tryeditor area&amp#27;[0m               &amp#27;[90m# dsAlgo_StepDefinition.FArrayPage_SD.the_user_enter_valid_python_code_in_try_editor_from_sheeet_in_the_tryeditorarea(java.lang.String,java.lang.Integer)&amp#27;[0m
  &amp#27;[32mAnd &amp#27;[0m&amp#27;[32mThe user clicks on run button&amp#27;[0m                                                                                             &amp#27;[90m# dsAlgo_StepDefinition.FArrayPage_SD.the_user_clicks_on_run_button()&amp#27;[0m
  &amp#27;[32mAnd &amp#27;[0m&amp#27;[32mThe user clicks on submit&amp#27;[0m                                                                                                 &amp#27;[90m# dsAlgo_StepDefinition.FArrayPage_SD.the_user_clicks_on_submit()&amp#27;[0m
  &amp#27;[32mThen &amp#27;[0m&amp#27;[32mThe user should be presented with Run result&amp#27;[0m                                                                             &amp#27;[90m# dsAlgo_StepDefinition.FArrayPage_SD.the_user_should_be_presented_with_run_result()&amp#27;[0m
[INFO ]2023-07-18 05:35:48.805 [TestNG-tests-2]LoggerLoad-Test Success
]]></system-out>
  </testcase>
  <testcase name="runScenario[&quot;The user is able to run invald code in tryEditor for Practice session of Array in python&quot;, &quot;Optional[Test Array page]&quot;](62)" classname="dsAlgo_TestRunner.TestRunner" time="7.258">
    <system-out><![CDATA[[INFO ]2023-07-18 05:35:48.816 [TestNG-tests-2]LoggerLoad-inTestStart

@ArrayTest
Scenario Outline: The user is able to run invald code in tryEditor for Practice session of Array in python        &amp#27;[90m# src/test/resources/Features/FArrayPage.feature:102&amp#27;[0m
  &amp#27;[32mGiven &amp#27;[0m&amp#27;[32mThe user is in a &amp#27;[0m&amp#27;[32m&amp#27;[1m"Search the array"&amp#27;[0m&amp#27;[32m  practice page having an tryEditor with a Run button to test&amp#27;[0m          &amp#27;[90m# dsAlgo_StepDefinition.FArrayPage_SD.the_user_is_in_a_practice_page_having_an_try_editor_with_a_run_button_to_test(java.lang.String)&amp#27;[0m
  &amp#27;[32mWhen &amp#27;[0m&amp#27;[32mThe user enter valid python code in tryEditor from sheet &amp#27;[0m&amp#27;[32m&amp#27;[1m"pythoncode"&amp#27;[0m&amp#27;[32m and &amp#27;[0m&amp#27;[32m&amp#27;[1m1&amp#27;[0m&amp#27;[32m in the practice tryeditor area&amp#27;[0m &amp#27;[90m# dsAlgo_StepDefinition.FArrayPage_SD.the_user_enter_valid_python_code_in_try_editor_from_sheeet_in_the_tryeditorarea(java.lang.String,java.lang.Integer)&amp#27;[0m
  &amp#27;[32mAnd &amp#27;[0m&amp#27;[32mThe user clicks on run button&amp#27;[0m                                                                               &amp#27;[90m# dsAlgo_StepDefinition.FArrayPage_SD.the_user_clicks_on_run_button()&amp#27;[0m
  &amp#27;[32mThen &amp#27;[0m&amp#27;[32mThe user should be presented with error message&amp#27;[0m                                                            &amp#27;[90m# dsAlgo_StepDefinition.FArrayPage_SD.the_user_should_be_presented_with_error_message()&amp#27;[0m
[INFO ]2023-07-18 05:35:56.067 [TestNG-tests-1]LoggerLoad-Test Success
]]></system-out>
    <system-err><![CDATA[Cleaning up unclosed ZipFile for archive C:\Users\subas\eclipse-workspace-new\ADsAlgo_Final\src\test\resources\Excel_Register\programdata.xlsx
Cleaning up unclosed ZipFile for archive C:\Users\subas\eclipse-workspace-new\ADsAlgo_Final\src\test\resources\Excel_Register\programdata.xlsx
Cleaning up unclosed ZipFile for archive C:\Users\subas\eclipse-workspace-new\ADsAlgo_Final\src\test\resources\Excel_Register\programdata.xlsx
Cleaning up unclosed ZipFile for archive C:\Users\subas\eclipse-workspace-new\ADsAlgo_Final\src\test\resources\Excel_Register\programdata.xlsx
Cleaning up unclosed ZipFile for archive C:\Users\subas\eclipse-workspace-new\ADsAlgo_Final\src\test\resources\Excel_Register\programdata.xlsx
]]></system-err>
  </testcase>
  <testcase name="runScenario[&quot;The user is able to run invald code in tryEditor for Practice session of Array in python&quot;, &quot;Optional[Test Array page]&quot;](62)" classname="dsAlgo_TestRunner.TestRunner" time="1.623">
    <system-out><![CDATA[[INFO ]2023-07-18 05:35:56.075 [TestNG-tests-1]LoggerLoad-inTestStart

@ArrayTest
Scenario Outline: The user is able to run invald code in tryEditor for Practice session of Array in python        &amp#27;[90m# src/test/resources/Features/FArrayPage.feature:103&amp#27;[0m
  &amp#27;[32mGiven &amp#27;[0m&amp#27;[32mThe user is in a &amp#27;[0m&amp#27;[32m&amp#27;[1m"Max Consecutive Ones"&amp#27;[0m&amp#27;[32m  practice page having an tryEditor with a Run button to test&amp#27;[0m      &amp#27;[90m# dsAlgo_StepDefinition.FArrayPage_SD.the_user_is_in_a_practice_page_having_an_try_editor_with_a_run_button_to_test(java.lang.String)&amp#27;[0m
  &amp#27;[32mWhen &amp#27;[0m&amp#27;[32mThe user enter valid python code in tryEditor from sheet &amp#27;[0m&amp#27;[32m&amp#27;[1m"pythoncode"&amp#27;[0m&amp#27;[32m and &amp#27;[0m&amp#27;[32m&amp#27;[1m1&amp#27;[0m&amp#27;[32m in the practice tryeditor area&amp#27;[0m &amp#27;[90m# dsAlgo_StepDefinition.FArrayPage_SD.the_user_enter_valid_python_code_in_try_editor_from_sheeet_in_the_tryeditorarea(java.lang.String,java.lang.Integer)&amp#27;[0m
  &amp#27;[32mAnd &amp#27;[0m&amp#27;[32mThe user clicks on run button&amp#27;[0m                                                                               &amp#27;[90m# dsAlgo_StepDefinition.FArrayPage_SD.the_user_clicks_on_run_button()&amp#27;[0m
  &amp#27;[32mThen &amp#27;[0m&amp#27;[32mThe user should be presented with error message&amp#27;[0m                                                            &amp#27;[90m# dsAlgo_StepDefinition.FArrayPage_SD.the_user_should_be_presented_with_error_message()&amp#27;[0m
[INFO ]2023-07-18 05:35:57.685 [TestNG-tests-2]LoggerLoad-Test Success
]]></system-out>
  </testcase>
  <testcase name="runScenario[&quot;The user is able to run invald code in tryEditor for Practice session of Array in python&quot;, &quot;Optional[Test Array page]&quot;](63)" classname="dsAlgo_TestRunner.TestRunner" time="7.396">
    <system-out><![CDATA[[INFO ]2023-07-18 05:35:57.700 [TestNG-tests-2]LoggerLoad-inTestStart

@ArrayTest
Scenario Outline: The user is able to run invald code in tryEditor for Practice session of Array in python        &amp#27;[90m# src/test/resources/Features/FArrayPage.feature:103&amp#27;[0m
  &amp#27;[32mGiven &amp#27;[0m&amp#27;[32mThe user is in a &amp#27;[0m&amp#27;[32m&amp#27;[1m"Max Consecutive Ones"&amp#27;[0m&amp#27;[32m  practice page having an tryEditor with a Run button to test&amp#27;[0m      &amp#27;[90m# dsAlgo_StepDefinition.FArrayPage_SD.the_user_is_in_a_practice_page_having_an_try_editor_with_a_run_button_to_test(java.lang.String)&amp#27;[0m
  &amp#27;[32mWhen &amp#27;[0m&amp#27;[32mThe user enter valid python code in tryEditor from sheet &amp#27;[0m&amp#27;[32m&amp#27;[1m"pythoncode"&amp#27;[0m&amp#27;[32m and &amp#27;[0m&amp#27;[32m&amp#27;[1m1&amp#27;[0m&amp#27;[32m in the practice tryeditor area&amp#27;[0m &amp#27;[90m# dsAlgo_StepDefinition.FArrayPage_SD.the_user_enter_valid_python_code_in_try_editor_from_sheeet_in_the_tryeditorarea(java.lang.String,java.lang.Integer)&amp#27;[0m
  &amp#27;[32mAnd &amp#27;[0m&amp#27;[32mThe user clicks on run button&amp#27;[0m                                                                               &amp#27;[90m# dsAlgo_StepDefinition.FArrayPage_SD.the_user_clicks_on_run_button()&amp#27;[0m
  &amp#27;[32mThen &amp#27;[0m&amp#27;[32mThe user should be presented with error message&amp#27;[0m                                                            &amp#27;[90m# dsAlgo_StepDefinition.FArrayPage_SD.the_user_should_be_presented_with_error_message()&amp#27;[0m
[INFO ]2023-07-18 05:36:05.089 [TestNG-tests-1]LoggerLoad-Test Success
]]></system-out>
  </testcase>
  <testcase name="runScenario[&quot;The user is able to run invald code in tryEditor for Practice session of Array in python&quot;, &quot;Optional[Test Array page]&quot;](63)" classname="dsAlgo_TestRunner.TestRunner" time="1.583">
    <system-out><![CDATA[[INFO ]2023-07-18 05:36:05.102 [TestNG-tests-1]LoggerLoad-inTestStart

@ArrayTest
Scenario Outline: The user is able to run invald code in tryEditor for Practice session of Array in python                      &amp#27;[90m# src/test/resources/Features/FArrayPage.feature:104&amp#27;[0m
  &amp#27;[32mGiven &amp#27;[0m&amp#27;[32mThe user is in a &amp#27;[0m&amp#27;[32m&amp#27;[1m"Find Numbers with Even Number of Digits"&amp#27;[0m&amp#27;[32m  practice page having an tryEditor with a Run button to test&amp#27;[0m &amp#27;[90m# dsAlgo_StepDefinition.FArrayPage_SD.the_user_is_in_a_practice_page_having_an_try_editor_with_a_run_button_to_test(java.lang.String)&amp#27;[0m
  &amp#27;[32mWhen &amp#27;[0m&amp#27;[32mThe user enter valid python code in tryEditor from sheet &amp#27;[0m&amp#27;[32m&amp#27;[1m"pythoncode"&amp#27;[0m&amp#27;[32m and &amp#27;[0m&amp#27;[32m&amp#27;[1m1&amp#27;[0m&amp#27;[32m in the practice tryeditor area&amp#27;[0m &amp#27;[90m# dsAlgo_StepDefinition.FArrayPage_SD.the_user_enter_valid_python_code_in_try_editor_from_sheeet_in_the_tryeditorarea(java.lang.String,java.lang.Integer)&amp#27;[0m
  &amp#27;[32mAnd &amp#27;[0m&amp#27;[32mThe user clicks on run button&amp#27;[0m                                                                               &amp#27;[90m# dsAlgo_StepDefinition.FArrayPage_SD.the_user_clicks_on_run_button()&amp#27;[0m
  &amp#27;[32mThen &amp#27;[0m&amp#27;[32mThe user should be presented with error message&amp#27;[0m                                                            &amp#27;[90m# dsAlgo_StepDefinition.FArrayPage_SD.the_user_should_be_presented_with_error_message()&amp#27;[0m
[INFO ]2023-07-18 05:36:06.670 [TestNG-tests-2]LoggerLoad-Test Success
]]></system-out>
  </testcase>
  <testcase name="runScenario[&quot;The user is able to run invald code in tryEditor for Practice session of Array in python&quot;, &quot;Optional[Test Array page]&quot;](64)" classname="dsAlgo_TestRunner.TestRunner" time="6.719">
    <system-out><![CDATA[[INFO ]2023-07-18 05:36:06.684 [TestNG-tests-2]LoggerLoad-inTestStart

@ArrayTest
Scenario Outline: The user is able to run invald code in tryEditor for Practice session of Array in python                      &amp#27;[90m# src/test/resources/Features/FArrayPage.feature:104&amp#27;[0m
  &amp#27;[32mGiven &amp#27;[0m&amp#27;[32mThe user is in a &amp#27;[0m&amp#27;[32m&amp#27;[1m"Find Numbers with Even Number of Digits"&amp#27;[0m&amp#27;[32m  practice page having an tryEditor with a Run button to test&amp#27;[0m &amp#27;[90m# dsAlgo_StepDefinition.FArrayPage_SD.the_user_is_in_a_practice_page_having_an_try_editor_with_a_run_button_to_test(java.lang.String)&amp#27;[0m
  &amp#27;[32mWhen &amp#27;[0m&amp#27;[32mThe user enter valid python code in tryEditor from sheet &amp#27;[0m&amp#27;[32m&amp#27;[1m"pythoncode"&amp#27;[0m&amp#27;[32m and &amp#27;[0m&amp#27;[32m&amp#27;[1m1&amp#27;[0m&amp#27;[32m in the practice tryeditor area&amp#27;[0m               &amp#27;[90m# dsAlgo_StepDefinition.FArrayPage_SD.the_user_enter_valid_python_code_in_try_editor_from_sheeet_in_the_tryeditorarea(java.lang.String,java.lang.Integer)&amp#27;[0m
  &amp#27;[32mAnd &amp#27;[0m&amp#27;[32mThe user clicks on run button&amp#27;[0m                                                                                             &amp#27;[90m# dsAlgo_StepDefinition.FArrayPage_SD.the_user_clicks_on_run_button()&amp#27;[0m
  &amp#27;[32mThen &amp#27;[0m&amp#27;[32mThe user should be presented with error message&amp#27;[0m                                                                          &amp#27;[90m# dsAlgo_StepDefinition.FArrayPage_SD.the_user_should_be_presented_with_error_message()&amp#27;[0m
[INFO ]2023-07-18 05:36:13.400 [TestNG-tests-1]LoggerLoad-Test Success
]]></system-out>
  </testcase>
  <testcase name="runScenario[&quot;The user is able to run invald code in tryEditor for Practice session of Array in python&quot;, &quot;Optional[Test Array page]&quot;](64)" classname="dsAlgo_TestRunner.TestRunner" time="0.867">
    <system-out><![CDATA[[INFO ]2023-07-18 05:36:13.943 [TestNG-tests-1]LoggerLoad-inTestStart

@LinkedListPage @validpythoncode
Scenario Outline: User checks each of the topics in Linked List with valid python code                                                          &amp#27;[90m# src/test/resources/Features/GLinkedListPage.feature:22&amp#27;[0m
https://dsportalapp.herokuapp.com/linked-list/
  &amp#27;[32mGiven &amp#27;[0m&amp#27;[32muser clicks the Linked List getstart link&amp#27;[0m                                                                                               &amp#27;[90m# dsAlgo_StepDefinition.GLinkedListpage_SD.user_selects_the_linked_list_getstartitem()&amp#27;[0m
  &amp#27;[32mWhen &amp#27;[0m&amp#27;[32mThe user enter valid python code in tryEditor from sheet &amp#27;[0m&amp#27;[32m&amp#27;[1m"pythoncode"&amp#27;[0m&amp#27;[32m and &amp#27;[0m&amp#27;[32m&amp#27;[1m1&amp#27;[0m&amp#27;[32m in the practice tryeditor area&amp#27;[0m               &amp#27;[90m# dsAlgo_StepDefinition.FArrayPage_SD.the_user_enter_valid_python_code_in_try_editor_from_sheeet_in_the_tryeditorarea(java.lang.String,java.lang.Integer)&amp#27;[0m
  &amp#27;[32mAnd &amp#27;[0m&amp#27;[32mThe user clicks on run button&amp#27;[0m                                                                                             &amp#27;[90m# dsAlgo_StepDefinition.FArrayPage_SD.the_user_clicks_on_run_button()&amp#27;[0m
  &amp#27;[32mThen &amp#27;[0m&amp#27;[32mThe user should be presented with error message&amp#27;[0m                                                                          &amp#27;[90m# dsAlgo_StepDefinition.FArrayPage_SD.the_user_should_be_presented_with_error_message()&amp#27;[0m
[INFO ]2023-07-18 05:36:14.802 [TestNG-tests-2]LoggerLoad-Test Success
]]></system-out>
  </testcase>
  <testcase name="runScenario[&quot;User selects the Linked List item and verifies the Page Title&quot;, &quot;Optional[user validates the Linked List Page]&quot;](65)" classname="dsAlgo_TestRunner.TestRunner" time="0.537">
    <system-out><![CDATA[[INFO ]2023-07-18 05:36:13.405 [TestNG-tests-1]LoggerLoad-inTestStart

@LinkedListPage @pageverification
Scenario: User selects the Linked List item and verifies the Page Title &amp#27;[90m# src/test/resources/Features/GLinkedListPage.feature:8&amp#27;[0m
[INFO ]2023-07-18 05:36:13.556 [TestNG-tests-1]LoggerLoad-Navigated to HomePage:  https://dsportalapp.herokuapp.com/home
  &amp#27;[32mGiven &amp#27;[0m&amp#27;[32muser is on Home Page&amp#27;[0m                                            &amp#27;[90m# dsAlgo_StepDefinition.BHomePage_SD.user_is_on_home_page()&amp#27;[0m
https://dsportalapp.herokuapp.com/linked-list/
  &amp#27;[32mAnd &amp#27;[0m&amp#27;[32muser clicks the Linked List getstart link&amp#27;[0m                         &amp#27;[90m# dsAlgo_StepDefinition.GLinkedListpage_SD.user_selects_the_linked_list_getstartitem()&amp#27;[0m
https://dsportalapp.herokuapp.com/linked-list/
  &amp#27;[32mThen &amp#27;[0m&amp#27;[32muser is on the Linked List Page&amp#27;[0m                                  &amp#27;[90m# dsAlgo_StepDefinition.GLinkedListpage_SD.user_should_be_in_the_linked_list_page()&amp#27;[0m
https://dsportalapp.herokuapp.com/linked-list/
  &amp#27;[32mAnd &amp#27;[0m&amp#27;[32muser checks for the title &amp#27;[0m&amp#27;[32m&amp#27;[1m"Linked List"&amp#27;[0m&amp#27;[32m in the Linked List page&amp#27;[0m   &amp#27;[90m# dsAlgo_StepDefinition.GLinkedListpage_SD.user_checks_for_the_title_in_the_linked_list_page(java.lang.String)&amp#27;[0m
[INFO ]2023-07-18 05:36:13.935 [TestNG-tests-1]LoggerLoad-Test Success
]]></system-out>
    <system-err><![CDATA[Cleaning up unclosed ZipFile for archive C:\Users\subas\eclipse-workspace-new\ADsAlgo_Final\src\test\resources\Excel_Register\programdata.xlsx
Cleaning up unclosed ZipFile for archive C:\Users\subas\eclipse-workspace-new\ADsAlgo_Final\src\test\resources\Excel_Register\programdata.xlsx
Cleaning up unclosed ZipFile for archive C:\Users\subas\eclipse-workspace-new\ADsAlgo_Final\src\test\resources\Excel_Register\programdata.xlsx
Cleaning up unclosed ZipFile for archive C:\Users\subas\eclipse-workspace-new\ADsAlgo_Final\src\test\resources\Excel_Register\programdata.xlsx
]]></system-err>
  </testcase>
  <testcase name="runScenario[&quot;User selects the Linked List item and verifies the Page Title&quot;, &quot;Optional[user validates the Linked List Page]&quot;](65)" classname="dsAlgo_TestRunner.TestRunner" time="1.234">
    <system-out><![CDATA[[INFO ]2023-07-18 05:36:14.816 [TestNG-tests-2]LoggerLoad-inTestStart

@LinkedListPage @pageverification
Scenario: User selects the Linked List item and verifies the Page Title &amp#27;[90m# src/test/resources/Features/GLinkedListPage.feature:8&amp#27;[0m
[INFO ]2023-07-18 05:36:15.190 [TestNG-tests-2]LoggerLoad-Navigated to HomePage:  https://dsportalapp.herokuapp.com/home
  &amp#27;[32mGiven &amp#27;[0m&amp#27;[32muser is on Home Page&amp#27;[0m                                            &amp#27;[90m# dsAlgo_StepDefinition.BHomePage_SD.user_is_on_home_page()&amp#27;[0m
https://dsportalapp.herokuapp.com/linked-list/
  &amp#27;[32mAnd &amp#27;[0m&amp#27;[32muser clicks the Linked List getstart link&amp#27;[0m                         &amp#27;[90m# dsAlgo_StepDefinition.GLinkedListpage_SD.user_selects_the_linked_list_getstartitem()&amp#27;[0m
https://dsportalapp.herokuapp.com/linked-list/
  &amp#27;[32mThen &amp#27;[0m&amp#27;[32muser is on the Linked List Page&amp#27;[0m                                  &amp#27;[90m# dsAlgo_StepDefinition.GLinkedListpage_SD.user_should_be_in_the_linked_list_page()&amp#27;[0m
https://dsportalapp.herokuapp.com/linked-list/
  &amp#27;[32mAnd &amp#27;[0m&amp#27;[32muser checks for the title &amp#27;[0m&amp#27;[32m&amp#27;[1m"Linked List"&amp#27;[0m&amp#27;[32m in the Linked List page&amp#27;[0m   &amp#27;[90m# dsAlgo_StepDefinition.GLinkedListpage_SD.user_checks_for_the_title_in_the_linked_list_page(java.lang.String)&amp#27;[0m
[INFO ]2023-07-18 05:36:16.036 [TestNG-tests-2]LoggerLoad-Test Success
]]></system-out>
  </testcase>
  <testcase name="runScenario[&quot;User checks each of the topics in Linked List with valid python code&quot;, &quot;Optional[user validates the Linked List Page]&quot;](66)" classname="dsAlgo_TestRunner.TestRunner" time="2.177">
    <system-out><![CDATA[[INFO ]2023-07-18 05:36:16.050 [TestNG-tests-2]LoggerLoad-inTestStart

@LinkedListPage @validpythoncode
Scenario Outline: User checks each of the topics in Linked List with valid python code                                                          &amp#27;[90m# src/test/resources/Features/GLinkedListPage.feature:22&amp#27;[0m
https://dsportalapp.herokuapp.com/linked-list/
  &amp#27;[32mGiven &amp#27;[0m&amp#27;[32muser clicks the Linked List getstart link&amp#27;[0m                                                                                               &amp#27;[90m# dsAlgo_StepDefinition.GLinkedListpage_SD.user_selects_the_linked_list_getstartitem()&amp#27;[0m
outprut result isHello
  &amp#27;[32mWhen &amp#27;[0m&amp#27;[32mThe user select all option &amp#27;[0m&amp#27;[32m&amp#27;[1m"Introduction"&amp#27;[0m&amp#27;[32m and Verifies the tryeditor Page with the valid python code for each option  &amp#27;[0m&amp#27;[32m&amp#27;[1m"pythoncode"&amp#27;[0m&amp#27;[32m and &amp#27;[0m&amp#27;[32m&amp#27;[1m0&amp#27;[0m &amp#27;[90m# dsAlgo_StepDefinition.GLinkedListpage_SD.the_user_select_any_dropdown_menu_and_verifies_the_tryeditor_page_with_the_valid_python_code_for_each_option_and(java.lang.String,java.lang.String,java.lang.Integer)&amp#27;[0m
  &amp#27;[32mThen &amp#27;[0m&amp#27;[32muser should be presented with the run result&amp#27;[0m                                                                                             &amp#27;[90m# dsAlgo_StepDefinition.GLinkedListpage_SD.user_should_be_presented_with_the_run_result()&amp#27;[0m
[INFO ]2023-07-18 05:36:18.144 [TestNG-tests-1]LoggerLoad-Test Success
]]></system-out>
  </testcase>
  <testcase name="runScenario[&quot;User checks each of the topics in Linked List with valid python code&quot;, &quot;Optional[user validates the Linked List Page]&quot;](66)" classname="dsAlgo_TestRunner.TestRunner" time="3.162">
    <system-out><![CDATA[[INFO ]2023-07-18 05:36:18.251 [TestNG-tests-1]LoggerLoad-inTestStart

@LinkedListPage @validpythoncode
Scenario Outline: User checks each of the topics in Linked List with valid python code                                                                  &amp#27;[90m# src/test/resources/Features/GLinkedListPage.feature:23&amp#27;[0m
https://dsportalapp.herokuapp.com/linked-list/
  &amp#27;[32mGiven &amp#27;[0m&amp#27;[32muser clicks the Linked List getstart link&amp#27;[0m                                                                                                       &amp#27;[90m# dsAlgo_StepDefinition.GLinkedListpage_SD.user_selects_the_linked_list_getstartitem()&amp#27;[0m
outprut result isHello
  &amp#27;[32mWhen &amp#27;[0m&amp#27;[32mThe user select all option &amp#27;[0m&amp#27;[32m&amp#27;[1m"Introduction"&amp#27;[0m&amp#27;[32m and Verifies the tryeditor Page with the valid python code for each option  &amp#27;[0m&amp#27;[32m&amp#27;[1m"pythoncode"&amp#27;[0m&amp#27;[32m and &amp#27;[0m&amp#27;[32m&amp#27;[1m0&amp#27;[0m &amp#27;[90m# dsAlgo_StepDefinition.GLinkedListpage_SD.the_user_select_any_dropdown_menu_and_verifies_the_tryeditor_page_with_the_valid_python_code_for_each_option_and(java.lang.String,java.lang.String,java.lang.Integer)&amp#27;[0m
  &amp#27;[32mThen &amp#27;[0m&amp#27;[32muser should be presented with the run result&amp#27;[0m                                                                                             &amp#27;[90m# dsAlgo_StepDefinition.GLinkedListpage_SD.user_should_be_presented_with_the_run_result()&amp#27;[0m
[INFO ]2023-07-18 05:36:21.384 [TestNG-tests-2]LoggerLoad-Test Success
]]></system-out>
  </testcase>
  <testcase name="runScenario[&quot;User checks each of the topics in Linked List with valid python code&quot;, &quot;Optional[user validates the Linked List Page]&quot;](67)" classname="dsAlgo_TestRunner.TestRunner" time="2.28">
    <system-out><![CDATA[[INFO ]2023-07-18 05:36:21.406 [TestNG-tests-2]LoggerLoad-inTestStart

@LinkedListPage @validpythoncode
Scenario Outline: User checks each of the topics in Linked List with valid python code                                                                  &amp#27;[90m# src/test/resources/Features/GLinkedListPage.feature:23&amp#27;[0m
https://dsportalapp.herokuapp.com/linked-list/
  &amp#27;[32mGiven &amp#27;[0m&amp#27;[32muser clicks the Linked List getstart link&amp#27;[0m                                                                                                       &amp#27;[90m# dsAlgo_StepDefinition.GLinkedListpage_SD.user_selects_the_linked_list_getstartitem()&amp#27;[0m
outprut result isHello
  &amp#27;[32mWhen &amp#27;[0m&amp#27;[32mThe user select all option &amp#27;[0m&amp#27;[32m&amp#27;[1m"Creating Linked LIst"&amp#27;[0m&amp#27;[32m and Verifies the tryeditor Page with the valid python code for each option  &amp#27;[0m&amp#27;[32m&amp#27;[1m"pythoncode"&amp#27;[0m&amp#27;[32m and &amp#27;[0m&amp#27;[32m&amp#27;[1m0&amp#27;[0m &amp#27;[90m# dsAlgo_StepDefinition.GLinkedListpage_SD.the_user_select_any_dropdown_menu_and_verifies_the_tryeditor_page_with_the_valid_python_code_for_each_option_and(java.lang.String,java.lang.String,java.lang.Integer)&amp#27;[0m
  &amp#27;[32mThen &amp#27;[0m&amp#27;[32muser should be presented with the run result&amp#27;[0m                                                                                                     &amp#27;[90m# dsAlgo_StepDefinition.GLinkedListpage_SD.user_should_be_presented_with_the_run_result()&amp#27;[0m
[INFO ]2023-07-18 05:36:23.673 [TestNG-tests-1]LoggerLoad-Test Success
]]></system-out>
  </testcase>
  <testcase name="runScenario[&quot;User checks each of the topics in Linked List with valid python code&quot;, &quot;Optional[user validates the Linked List Page]&quot;](67)" classname="dsAlgo_TestRunner.TestRunner" time="1.578">
    <system-out><![CDATA[[INFO ]2023-07-18 05:36:23.684 [TestNG-tests-1]LoggerLoad-inTestStart

@LinkedListPage @validpythoncode
Scenario Outline: User checks each of the topics in Linked List with valid python code                                                                  &amp#27;[90m# src/test/resources/Features/GLinkedListPage.feature:24&amp#27;[0m
https://dsportalapp.herokuapp.com/linked-list/
  &amp#27;[32mGiven &amp#27;[0m&amp#27;[32muser clicks the Linked List getstart link&amp#27;[0m                                                                                                       &amp#27;[90m# dsAlgo_StepDefinition.GLinkedListpage_SD.user_selects_the_linked_list_getstartitem()&amp#27;[0m
outprut result isHello
  &amp#27;[32mWhen &amp#27;[0m&amp#27;[32mThe user select all option &amp#27;[0m&amp#27;[32m&amp#27;[1m"Creating Linked LIst"&amp#27;[0m&amp#27;[32m and Verifies the tryeditor Page with the valid python code for each option  &amp#27;[0m&amp#27;[32m&amp#27;[1m"pythoncode"&amp#27;[0m&amp#27;[32m and &amp#27;[0m&amp#27;[32m&amp#27;[1m0&amp#27;[0m &amp#27;[90m# dsAlgo_StepDefinition.GLinkedListpage_SD.the_user_select_any_dropdown_menu_and_verifies_the_tryeditor_page_with_the_valid_python_code_for_each_option_and(java.lang.String,java.lang.String,java.lang.Integer)&amp#27;[0m
  &amp#27;[32mThen &amp#27;[0m&amp#27;[32muser should be presented with the run result&amp#27;[0m                                                                                                     &amp#27;[90m# dsAlgo_StepDefinition.GLinkedListpage_SD.user_should_be_presented_with_the_run_result()&amp#27;[0m
[INFO ]2023-07-18 05:36:25.248 [TestNG-tests-2]LoggerLoad-Test Success
]]></system-out>
  </testcase>
  <testcase name="runScenario[&quot;User checks each of the topics in Linked List with valid python code&quot;, &quot;Optional[user validates the Linked List Page]&quot;](68)" classname="dsAlgo_TestRunner.TestRunner" time="3.638">
    <system-out><![CDATA[[INFO ]2023-07-18 05:36:25.267 [TestNG-tests-2]LoggerLoad-inTestStart

@LinkedListPage @validpythoncode
Scenario Outline: User checks each of the topics in Linked List with valid python code                                                                  &amp#27;[90m# src/test/resources/Features/GLinkedListPage.feature:24&amp#27;[0m
https://dsportalapp.herokuapp.com/linked-list/
  &amp#27;[32mGiven &amp#27;[0m&amp#27;[32muser clicks the Linked List getstart link&amp#27;[0m                                                                                                       &amp#27;[90m# dsAlgo_StepDefinition.GLinkedListpage_SD.user_selects_the_linked_list_getstartitem()&amp#27;[0m
outprut result isHello
  &amp#27;[32mWhen &amp#27;[0m&amp#27;[32mThe user select all option &amp#27;[0m&amp#27;[32m&amp#27;[1m"Types of Linked list"&amp#27;[0m&amp#27;[32m and Verifies the tryeditor Page with the valid python code for each option  &amp#27;[0m&amp#27;[32m&amp#27;[1m"pythoncode"&amp#27;[0m&amp#27;[32m and &amp#27;[0m&amp#27;[32m&amp#27;[1m0&amp#27;[0m &amp#27;[90m# dsAlgo_StepDefinition.GLinkedListpage_SD.the_user_select_any_dropdown_menu_and_verifies_the_tryeditor_page_with_the_valid_python_code_for_each_option_and(java.lang.String,java.lang.String,java.lang.Integer)&amp#27;[0m
  &amp#27;[32mThen &amp#27;[0m&amp#27;[32muser should be presented with the run result&amp#27;[0m                                                                                                     &amp#27;[90m# dsAlgo_StepDefinition.GLinkedListpage_SD.user_should_be_presented_with_the_run_result()&amp#27;[0m
[INFO ]2023-07-18 05:36:28.896 [TestNG-tests-1]LoggerLoad-Test Success
]]></system-out>
  </testcase>
  <testcase name="runScenario[&quot;User checks each of the topics in Linked List with valid python code&quot;, &quot;Optional[user validates the Linked List Page]&quot;](68)" classname="dsAlgo_TestRunner.TestRunner" time="1.289">
    <system-out><![CDATA[[INFO ]2023-07-18 05:36:28.912 [TestNG-tests-1]LoggerLoad-inTestStart

@LinkedListPage @validpythoncode
Scenario Outline: User checks each of the topics in Linked List with valid python code                                                                             &amp#27;[90m# src/test/resources/Features/GLinkedListPage.feature:25&amp#27;[0m
https://dsportalapp.herokuapp.com/linked-list/
  &amp#27;[32mGiven &amp#27;[0m&amp#27;[32muser clicks the Linked List getstart link&amp#27;[0m                                                                                                                  &amp#27;[90m# dsAlgo_StepDefinition.GLinkedListpage_SD.user_selects_the_linked_list_getstartitem()&amp#27;[0m
outprut result isHello
  &amp#27;[32mWhen &amp#27;[0m&amp#27;[32mThe user select all option &amp#27;[0m&amp#27;[32m&amp#27;[1m"Types of Linked list"&amp#27;[0m&amp#27;[32m and Verifies the tryeditor Page with the valid python code for each option  &amp#27;[0m&amp#27;[32m&amp#27;[1m"pythoncode"&amp#27;[0m&amp#27;[32m and &amp#27;[0m&amp#27;[32m&amp#27;[1m0&amp#27;[0m &amp#27;[90m# dsAlgo_StepDefinition.GLinkedListpage_SD.the_user_select_any_dropdown_menu_and_verifies_the_tryeditor_page_with_the_valid_python_code_for_each_option_and(java.lang.String,java.lang.String,java.lang.Integer)&amp#27;[0m
  &amp#27;[32mThen &amp#27;[0m&amp#27;[32muser should be presented with the run result&amp#27;[0m                                                                                                     &amp#27;[90m# dsAlgo_StepDefinition.GLinkedListpage_SD.user_should_be_presented_with_the_run_result()&amp#27;[0m
[INFO ]2023-07-18 05:36:30.184 [TestNG-tests-2]LoggerLoad-Test Success
]]></system-out>
  </testcase>
  <testcase name="runScenario[&quot;User checks each of the topics in Linked List with valid python code&quot;, &quot;Optional[user validates the Linked List Page]&quot;](69)" classname="dsAlgo_TestRunner.TestRunner" time="3.07">
    <system-out><![CDATA[[INFO ]2023-07-18 05:36:30.201 [TestNG-tests-2]LoggerLoad-inTestStart

@LinkedListPage @validpythoncode
Scenario Outline: User checks each of the topics in Linked List with valid python code                                                                             &amp#27;[90m# src/test/resources/Features/GLinkedListPage.feature:25&amp#27;[0m
https://dsportalapp.herokuapp.com/linked-list/
  &amp#27;[32mGiven &amp#27;[0m&amp#27;[32muser clicks the Linked List getstart link&amp#27;[0m                                                                                                                  &amp#27;[90m# dsAlgo_StepDefinition.GLinkedListpage_SD.user_selects_the_linked_list_getstartitem()&amp#27;[0m
outprut result isHello
  &amp#27;[32mWhen &amp#27;[0m&amp#27;[32mThe user select all option &amp#27;[0m&amp#27;[32m&amp#27;[1m"Implement Linked List in Python"&amp#27;[0m&amp#27;[32m and Verifies the tryeditor Page with the valid python code for each option  &amp#27;[0m&amp#27;[32m&amp#27;[1m"pythoncode"&amp#27;[0m&amp#27;[32m and &amp#27;[0m&amp#27;[32m&amp#27;[1m0&amp#27;[0m &amp#27;[90m# dsAlgo_StepDefinition.GLinkedListpage_SD.the_user_select_any_dropdown_menu_and_verifies_the_tryeditor_page_with_the_valid_python_code_for_each_option_and(java.lang.String,java.lang.String,java.lang.Integer)&amp#27;[0m
  &amp#27;[32mThen &amp#27;[0m&amp#27;[32muser should be presented with the run result&amp#27;[0m                                                                                                                &amp#27;[90m# dsAlgo_StepDefinition.GLinkedListpage_SD.user_should_be_presented_with_the_run_result()&amp#27;[0m
[INFO ]2023-07-18 05:36:33.263 [TestNG-tests-1]LoggerLoad-Test Success
]]></system-out>
  </testcase>
  <testcase name="runScenario[&quot;User checks each of the topics in Linked List with valid python code&quot;, &quot;Optional[user validates the Linked List Page]&quot;](69)" classname="dsAlgo_TestRunner.TestRunner" time="1.033">
    <system-out><![CDATA[[INFO ]2023-07-18 05:36:33.272 [TestNG-tests-1]LoggerLoad-inTestStart

@LinkedListPage @invalidpythoncode
Scenario Outline: User checks each of the topics in Linked List with invalid python code                                                          &amp#27;[90m# src/test/resources/Features/GLinkedListPage.feature:35&amp#27;[0m
https://dsportalapp.herokuapp.com/linked-list/
  &amp#27;[32mGiven &amp#27;[0m&amp#27;[32muser clicks the Linked List getstart link&amp#27;[0m                                                                                                 &amp#27;[90m# dsAlgo_StepDefinition.GLinkedListpage_SD.user_selects_the_linked_list_getstartitem()&amp#27;[0m
outprut result isHello
  &amp#27;[32mWhen &amp#27;[0m&amp#27;[32mThe user select all option &amp#27;[0m&amp#27;[32m&amp#27;[1m"Implement Linked List in Python"&amp#27;[0m&amp#27;[32m and Verifies the tryeditor Page with the valid python code for each option  &amp#27;[0m&amp#27;[32m&amp#27;[1m"pythoncode"&amp#27;[0m&amp#27;[32m and &amp#27;[0m&amp#27;[32m&amp#27;[1m0&amp#27;[0m &amp#27;[90m# dsAlgo_StepDefinition.GLinkedListpage_SD.the_user_select_any_dropdown_menu_and_verifies_the_tryeditor_page_with_the_valid_python_code_for_each_option_and(java.lang.String,java.lang.String,java.lang.Integer)&amp#27;[0m
  &amp#27;[32mThen &amp#27;[0m&amp#27;[32muser should be presented with the run result&amp#27;[0m                                                                                                                &amp#27;[90m# dsAlgo_StepDefinition.GLinkedListpage_SD.user_should_be_presented_with_the_run_result()&amp#27;[0m
[INFO ]2023-07-18 05:36:34.285 [TestNG-tests-2]LoggerLoad-Test Success
]]></system-out>
  </testcase>
  <testcase name="runScenario[&quot;User checks each of the topics in Linked List with invalid python code&quot;, &quot;Optional[user validates the Linked List Page]&quot;](70)" classname="dsAlgo_TestRunner.TestRunner" time="2.489">
    <system-out><![CDATA[[INFO ]2023-07-18 05:36:34.312 [TestNG-tests-2]LoggerLoad-inTestStart

@LinkedListPage @invalidpythoncode
Scenario Outline: User checks each of the topics in Linked List with invalid python code                                                          &amp#27;[90m# src/test/resources/Features/GLinkedListPage.feature:35&amp#27;[0m
https://dsportalapp.herokuapp.com/linked-list/
  &amp#27;[32mGiven &amp#27;[0m&amp#27;[32muser clicks the Linked List getstart link&amp#27;[0m                                                                                                 &amp#27;[90m# dsAlgo_StepDefinition.GLinkedListpage_SD.user_selects_the_linked_list_getstartitem()&amp#27;[0m
NameError: name 'prin' is not defined on line 1NameError: name 'prin' is not defined on line 1 compare
  &amp#27;[32mWhen &amp#27;[0m&amp#27;[32mThe user select all option &amp#27;[0m&amp#27;[32m&amp#27;[1m"Introduction"&amp#27;[0m&amp#27;[32m and Verifies the tryeditor Page with the Invalid python code for each option  &amp#27;[0m&amp#27;[32m&amp#27;[1m"pythoncode"&amp#27;[0m&amp#27;[32m and &amp#27;[0m&amp#27;[32m&amp#27;[1m1&amp#27;[0m &amp#27;[90m# dsAlgo_StepDefinition.GLinkedListpage_SD.the_user_select_any_dropdown_menu_and_verifies_the_tryeditor_page_with_the_invalid_python_code_for_each_option_and(java.lang.String,java.lang.String,java.lang.Integer)&amp#27;[0m
  &amp#27;[32mThen &amp#27;[0m&amp#27;[32muser should get the &amp#27;[0m&amp#27;[32m&amp#27;[1m"NameError: name 'prin' is not defined on line 1"&amp#27;[0m                                                                      &amp#27;[90m# dsAlgo_StepDefinition.GLinkedListpage_SD.user_should_get_the_erroroutput(java.lang.String)&amp#27;[0m
[INFO ]2023-07-18 05:36:36.782 [TestNG-tests-1]LoggerLoad-Test Success
]]></system-out>
    <system-err><![CDATA[Cleaning up unclosed ZipFile for archive C:\Users\subas\eclipse-workspace-new\ADsAlgo_Final\src\test\resources\Excel_Register\programdata.xlsx
Cleaning up unclosed ZipFile for archive C:\Users\subas\eclipse-workspace-new\ADsAlgo_Final\src\test\resources\Excel_Register\programdata.xlsx
Cleaning up unclosed ZipFile for archive C:\Users\subas\eclipse-workspace-new\ADsAlgo_Final\src\test\resources\Excel_Register\programdata.xlsx
Cleaning up unclosed ZipFile for archive C:\Users\subas\eclipse-workspace-new\ADsAlgo_Final\src\test\resources\Excel_Register\programdata.xlsx
Cleaning up unclosed ZipFile for archive C:\Users\subas\eclipse-workspace-new\ADsAlgo_Final\src\test\resources\Excel_Register\programdata.xlsx
Cleaning up unclosed ZipFile for archive C:\Users\subas\eclipse-workspace-new\ADsAlgo_Final\src\test\resources\Excel_Register\programdata.xlsx
Cleaning up unclosed ZipFile for archive C:\Users\subas\eclipse-workspace-new\ADsAlgo_Final\src\test\resources\Excel_Register\programdata.xlsx
Cleaning up unclosed ZipFile for archive C:\Users\subas\eclipse-workspace-new\ADsAlgo_Final\src\test\resources\Excel_Register\programdata.xlsx
Cleaning up unclosed ZipFile for archive C:\Users\subas\eclipse-workspace-new\ADsAlgo_Final\src\test\resources\Excel_Register\programdata.xlsx
]]></system-err>
  </testcase>
  <testcase name="runScenario[&quot;User checks each of the topics in Linked List with invalid python code&quot;, &quot;Optional[user validates the Linked List Page]&quot;](70)" classname="dsAlgo_TestRunner.TestRunner" time="1.659">
    <system-out><![CDATA[[INFO ]2023-07-18 05:36:36.802 [TestNG-tests-1]LoggerLoad-inTestStart

@LinkedListPage @invalidpythoncode
Scenario Outline: User checks each of the topics in Linked List with invalid python code                                                                  &amp#27;[90m# src/test/resources/Features/GLinkedListPage.feature:36&amp#27;[0m
https://dsportalapp.herokuapp.com/linked-list/
  &amp#27;[32mGiven &amp#27;[0m&amp#27;[32muser clicks the Linked List getstart link&amp#27;[0m                                                                                                         &amp#27;[90m# dsAlgo_StepDefinition.GLinkedListpage_SD.user_selects_the_linked_list_getstartitem()&amp#27;[0m
NameError: name 'prin' is not defined on line 1NameError: name 'prin' is not defined on line 1 compare
  &amp#27;[32mWhen &amp#27;[0m&amp#27;[32mThe user select all option &amp#27;[0m&amp#27;[32m&amp#27;[1m"Introduction"&amp#27;[0m&amp#27;[32m and Verifies the tryeditor Page with the Invalid python code for each option  &amp#27;[0m&amp#27;[32m&amp#27;[1m"pythoncode"&amp#27;[0m&amp#27;[32m and &amp#27;[0m&amp#27;[32m&amp#27;[1m1&amp#27;[0m &amp#27;[90m# dsAlgo_StepDefinition.GLinkedListpage_SD.the_user_select_any_dropdown_menu_and_verifies_the_tryeditor_page_with_the_invalid_python_code_for_each_option_and(java.lang.String,java.lang.String,java.lang.Integer)&amp#27;[0m
  &amp#27;[32mThen &amp#27;[0m&amp#27;[32muser should get the &amp#27;[0m&amp#27;[32m&amp#27;[1m"NameError: name 'prin' is not defined on line 1"&amp#27;[0m                                                                      &amp#27;[90m# dsAlgo_StepDefinition.GLinkedListpage_SD.user_should_get_the_erroroutput(java.lang.String)&amp#27;[0m
[INFO ]2023-07-18 05:36:38.440 [TestNG-tests-2]LoggerLoad-Test Success
]]></system-out>
  </testcase>
  <testcase name="runScenario[&quot;User checks each of the topics in Linked List with invalid python code&quot;, &quot;Optional[user validates the Linked List Page]&quot;](71)" classname="dsAlgo_TestRunner.TestRunner" time="3.139">
    <system-out><![CDATA[[INFO ]2023-07-18 05:36:38.472 [TestNG-tests-2]LoggerLoad-inTestStart

@LinkedListPage @invalidpythoncode
Scenario Outline: User checks each of the topics in Linked List with invalid python code                                                                  &amp#27;[90m# src/test/resources/Features/GLinkedListPage.feature:36&amp#27;[0m
https://dsportalapp.herokuapp.com/linked-list/
  &amp#27;[32mGiven &amp#27;[0m&amp#27;[32muser clicks the Linked List getstart link&amp#27;[0m                                                                                                         &amp#27;[90m# dsAlgo_StepDefinition.GLinkedListpage_SD.user_selects_the_linked_list_getstartitem()&amp#27;[0m
NameError: name 'prin' is not defined on line 1NameError: name 'prin' is not defined on line 1 compare
  &amp#27;[32mWhen &amp#27;[0m&amp#27;[32mThe user select all option &amp#27;[0m&amp#27;[32m&amp#27;[1m"Creating Linked LIst"&amp#27;[0m&amp#27;[32m and Verifies the tryeditor Page with the Invalid python code for each option  &amp#27;[0m&amp#27;[32m&amp#27;[1m"pythoncode"&amp#27;[0m&amp#27;[32m and &amp#27;[0m&amp#27;[32m&amp#27;[1m1&amp#27;[0m &amp#27;[90m# dsAlgo_StepDefinition.GLinkedListpage_SD.the_user_select_any_dropdown_menu_and_verifies_the_tryeditor_page_with_the_invalid_python_code_for_each_option_and(java.lang.String,java.lang.String,java.lang.Integer)&amp#27;[0m
  &amp#27;[32mThen &amp#27;[0m&amp#27;[32muser should get the &amp#27;[0m&amp#27;[32m&amp#27;[1m"NameError: name 'prin' is not defined on line 1"&amp#27;[0m                                                                              &amp#27;[90m# dsAlgo_StepDefinition.GLinkedListpage_SD.user_should_get_the_erroroutput(java.lang.String)&amp#27;[0m
[INFO ]2023-07-18 05:36:41.566 [TestNG-tests-1]LoggerLoad-Test Success
]]></system-out>
  </testcase>
  <testcase name="runScenario[&quot;User checks each of the topics in Linked List with invalid python code&quot;, &quot;Optional[user validates the Linked List Page]&quot;](71)" classname="dsAlgo_TestRunner.TestRunner" time="1.007">
    <system-out><![CDATA[[INFO ]2023-07-18 05:36:41.674 [TestNG-tests-1]LoggerLoad-inTestStart

@LinkedListPage @invalidpythoncode
Scenario Outline: User checks each of the topics in Linked List with invalid python code                                                                  &amp#27;[90m# src/test/resources/Features/GLinkedListPage.feature:37&amp#27;[0m
NameError: name 'prin' is not defined on line 1NameError: name 'prin' is not defined on line 1 compare
  &amp#27;[32mWhen &amp#27;[0m&amp#27;[32mThe user select all option &amp#27;[0m&amp#27;[32m&amp#27;[1m"Creating Linked LIst"&amp#27;[0m&amp#27;[32m and Verifies the tryeditor Page with the Invalid python code for each option  &amp#27;[0m&amp#27;[32m&amp#27;[1m"pythoncode"&amp#27;[0m&amp#27;[32m and &amp#27;[0m&amp#27;[32m&amp#27;[1m1&amp#27;[0m &amp#27;[90m# dsAlgo_StepDefinition.GLinkedListpage_SD.the_user_select_any_dropdown_menu_and_verifies_the_tryeditor_page_with_the_invalid_python_code_for_each_option_and(java.lang.String,java.lang.String,java.lang.Integer)&amp#27;[0m
  &amp#27;[32mThen &amp#27;[0m&amp#27;[32muser should get the &amp#27;[0m&amp#27;[32m&amp#27;[1m"NameError: name 'prin' is not defined on line 1"&amp#27;[0m                                                                              &amp#27;[90m# dsAlgo_StepDefinition.GLinkedListpage_SD.user_should_get_the_erroroutput(java.lang.String)&amp#27;[0m
[INFO ]2023-07-18 05:36:42.620 [TestNG-tests-2]LoggerLoad-Test Success
]]></system-out>
  </testcase>
  <testcase name="runScenario[&quot;User checks each of the topics in Linked List with invalid python code&quot;, &quot;Optional[user validates the Linked List Page]&quot;](72)" classname="dsAlgo_TestRunner.TestRunner" time="1.693">
    <system-out><![CDATA[[INFO ]2023-07-18 05:36:42.640 [TestNG-tests-2]LoggerLoad-inTestStart

@LinkedListPage @invalidpythoncode
Scenario Outline: User checks each of the topics in Linked List with invalid python code                                                                  &amp#27;[90m# src/test/resources/Features/GLinkedListPage.feature:37&amp#27;[0m
https://dsportalapp.herokuapp.com/linked-list/
  &amp#27;[32mGiven &amp#27;[0m&amp#27;[32muser clicks the Linked List getstart link&amp#27;[0m                                                                                                         &amp#27;[90m# dsAlgo_StepDefinition.GLinkedListpage_SD.user_selects_the_linked_list_getstartitem()&amp#27;[0m
https://dsportalapp.herokuapp.com/linked-list/
  &amp#27;[32mGiven &amp#27;[0m&amp#27;[32muser clicks the Linked List getstart link&amp#27;[0m                                                                                                         &amp#27;[90m# dsAlgo_StepDefinition.GLinkedListpage_SD.user_selects_the_linked_list_getstartitem()&amp#27;[0m
nullNameError: name 'prin' is not defined on line 1 compare
  &amp#27;[32mWhen &amp#27;[0m&amp#27;[32mThe user select all option &amp#27;[0m&amp#27;[32m&amp#27;[1m"Types of Linked list"&amp#27;[0m&amp#27;[32m and Verifies the tryeditor Page with the Invalid python code for each option  &amp#27;[0m&amp#27;[32m&amp#27;[1m"pythoncode"&amp#27;[0m&amp#27;[32m and &amp#27;[0m&amp#27;[32m&amp#27;[1m1&amp#27;[0m &amp#27;[90m# dsAlgo_StepDefinition.GLinkedListpage_SD.the_user_select_any_dropdown_menu_and_verifies_the_tryeditor_page_with_the_invalid_python_code_for_each_option_and(java.lang.String,java.lang.String,java.lang.Integer)&amp#27;[0m
  &amp#27;[32mThen &amp#27;[0m&amp#27;[32muser should get the &amp#27;[0m&amp#27;[32m&amp#27;[1m"NameError: name 'prin' is not defined on line 1"&amp#27;[0m                                                                              &amp#27;[90m# dsAlgo_StepDefinition.GLinkedListpage_SD.user_should_get_the_erroroutput(java.lang.String)&amp#27;[0m
[INFO ]2023-07-18 05:36:44.322 [TestNG-tests-1]LoggerLoad-Test Success
]]></system-out>
  </testcase>
  <testcase name="runScenario[&quot;User checks each of the topics in Linked List with invalid python code&quot;, &quot;Optional[user validates the Linked List Page]&quot;](72)" classname="dsAlgo_TestRunner.TestRunner" time="0.636">
    <system-out><![CDATA[[INFO ]2023-07-18 05:36:44.334 [TestNG-tests-1]LoggerLoad-inTestStart

@LinkedListPage @invalidpythoncode
Scenario Outline: User checks each of the topics in Linked List with invalid python code                                                                             &amp#27;[90m# src/test/resources/Features/GLinkedListPage.feature:38&amp#27;[0m
nullNameError: name 'prin' is not defined on line 1 compare
  &amp#27;[32mWhen &amp#27;[0m&amp#27;[32mThe user select all option &amp#27;[0m&amp#27;[32m&amp#27;[1m"Types of Linked list"&amp#27;[0m&amp#27;[32m and Verifies the tryeditor Page with the Invalid python code for each option  &amp#27;[0m&amp#27;[32m&amp#27;[1m"pythoncode"&amp#27;[0m&amp#27;[32m and &amp#27;[0m&amp#27;[32m&amp#27;[1m1&amp#27;[0m &amp#27;[90m# dsAlgo_StepDefinition.GLinkedListpage_SD.the_user_select_any_dropdown_menu_and_verifies_the_tryeditor_page_with_the_invalid_python_code_for_each_option_and(java.lang.String,java.lang.String,java.lang.Integer)&amp#27;[0m
  &amp#27;[32mThen &amp#27;[0m&amp#27;[32muser should get the &amp#27;[0m&amp#27;[32m&amp#27;[1m"NameError: name 'prin' is not defined on line 1"&amp#27;[0m                                                                              &amp#27;[90m# dsAlgo_StepDefinition.GLinkedListpage_SD.user_should_get_the_erroroutput(java.lang.String)&amp#27;[0m
[INFO ]2023-07-18 05:36:44.927 [TestNG-tests-2]LoggerLoad-Test Success
]]></system-out>
  </testcase>
  <testcase name="runScenario[&quot;User checks each of the topics in Linked List with invalid python code&quot;, &quot;Optional[user validates the Linked List Page]&quot;](73)" classname="dsAlgo_TestRunner.TestRunner" time="3.946">
    <system-out><![CDATA[[INFO ]2023-07-18 05:36:44.982 [TestNG-tests-2]LoggerLoad-inTestStart

@LinkedListPage @invalidpythoncode
Scenario Outline: User checks each of the topics in Linked List with invalid python code                                                                             &amp#27;[90m# src/test/resources/Features/GLinkedListPage.feature:38&amp#27;[0m
https://dsportalapp.herokuapp.com/linked-list/
  &amp#27;[32mGiven &amp#27;[0m&amp#27;[32muser clicks the Linked List getstart link&amp#27;[0m                                                                                                                    &amp#27;[90m# dsAlgo_StepDefinition.GLinkedListpage_SD.user_selects_the_linked_list_getstartitem()&amp#27;[0m
https://dsportalapp.herokuapp.com/linked-list/
  &amp#27;[32mGiven &amp#27;[0m&amp#27;[32muser clicks the Linked List getstart link&amp#27;[0m                                                                                                                    &amp#27;[90m# dsAlgo_StepDefinition.GLinkedListpage_SD.user_selects_the_linked_list_getstartitem()&amp#27;[0m
NameError: name 'prin' is not defined on line 1NameError: name 'prin' is not defined on line 1 compare
  &amp#27;[32mWhen &amp#27;[0m&amp#27;[32mThe user select all option &amp#27;[0m&amp#27;[32m&amp#27;[1m"Implement Linked List in Python"&amp#27;[0m&amp#27;[32m and Verifies the tryeditor Page with the Invalid python code for each option  &amp#27;[0m&amp#27;[32m&amp#27;[1m"pythoncode"&amp#27;[0m&amp#27;[32m and &amp#27;[0m&amp#27;[32m&amp#27;[1m1&amp#27;[0m &amp#27;[90m# dsAlgo_StepDefinition.GLinkedListpage_SD.the_user_select_any_dropdown_menu_and_verifies_the_tryeditor_page_with_the_invalid_python_code_for_each_option_and(java.lang.String,java.lang.String,java.lang.Integer)&amp#27;[0m
  &amp#27;[32mThen &amp#27;[0m&amp#27;[32muser should get the &amp#27;[0m&amp#27;[32m&amp#27;[1m"NameError: name 'prin' is not defined on line 1"&amp#27;[0m                                                                                         &amp#27;[90m# dsAlgo_StepDefinition.GLinkedListpage_SD.user_should_get_the_erroroutput(java.lang.String)&amp#27;[0m
[INFO ]2023-07-18 05:36:48.901 [TestNG-tests-1]LoggerLoad-Test Success
]]></system-out>
  </testcase>
  <testcase name="runScenario[&quot;User checks each of the topics in Linked List with invalid python code&quot;, &quot;Optional[user validates the Linked List Page]&quot;](73)" classname="dsAlgo_TestRunner.TestRunner" time="0.262">
    <system-out><![CDATA[[INFO ]2023-07-18 05:36:48.925 [TestNG-tests-1]LoggerLoad-inTestStart

@LinkedListPage @practice
Scenario Outline: The user is able to navigate to Practice page                                                                       &amp#27;[90m# src/test/resources/Features/GLinkedListPage.feature:50&amp#27;[0m
NameError: name 'prin' is not defined on line 1NameError: name 'prin' is not defined on line 1 compare
  &amp#27;[32mWhen &amp#27;[0m&amp#27;[32mThe user select all option &amp#27;[0m&amp#27;[32m&amp#27;[1m"Implement Linked List in Python"&amp#27;[0m&amp#27;[32m and Verifies the tryeditor Page with the Invalid python code for each option  &amp#27;[0m&amp#27;[32m&amp#27;[1m"pythoncode"&amp#27;[0m&amp#27;[32m and &amp#27;[0m&amp#27;[32m&amp#27;[1m1&amp#27;[0m &amp#27;[90m# dsAlgo_StepDefinition.GLinkedListpage_SD.the_user_select_any_dropdown_menu_and_verifies_the_tryeditor_page_with_the_invalid_python_code_for_each_option_and(java.lang.String,java.lang.String,java.lang.Integer)&amp#27;[0m
  &amp#27;[32mThen &amp#27;[0m&amp#27;[32muser should get the &amp#27;[0m&amp#27;[32m&amp#27;[1m"NameError: name 'prin' is not defined on line 1"&amp#27;[0m                                                                                         &amp#27;[90m# dsAlgo_StepDefinition.GLinkedListpage_SD.user_should_get_the_erroroutput(java.lang.String)&amp#27;[0m
[INFO ]2023-07-18 05:36:49.169 [TestNG-tests-2]LoggerLoad-Test Success
]]></system-out>
  </testcase>
  <testcase name="runScenario[&quot;The user is able to navigate to Practice page&quot;, &quot;Optional[user validates the Linked List Page]&quot;](74)" classname="dsAlgo_TestRunner.TestRunner" time="3.698">
    <system-out><![CDATA[[INFO ]2023-07-18 05:36:49.190 [TestNG-tests-2]LoggerLoad-inTestStart

@LinkedListPage @practice
Scenario Outline: The user is able to navigate to Practice page                                                                       &amp#27;[90m# src/test/resources/Features/GLinkedListPage.feature:50&amp#27;[0m
https://dsportalapp.herokuapp.com/linked-list/
  &amp#27;[32mGiven &amp#27;[0m&amp#27;[32muser clicks the Linked List getstart link&amp#27;[0m                                                                                     &amp#27;[90m# dsAlgo_StepDefinition.GLinkedListpage_SD.user_selects_the_linked_list_getstartitem()&amp#27;[0m
https://dsportalapp.herokuapp.com/linked-list/
  &amp#27;[32mGiven &amp#27;[0m&amp#27;[32muser clicks the Linked List getstart link&amp#27;[0m                                                                                     &amp#27;[90m# dsAlgo_StepDefinition.GLinkedListpage_SD.user_selects_the_linked_list_getstartitem()&amp#27;[0m
  &amp#27;[32mThen &amp#27;[0m&amp#27;[32mThe user select all option &amp#27;[0m&amp#27;[32m&amp#27;[1m"Introduction"&amp#27;[0m                                                                                      &amp#27;[90m# dsAlgo_StepDefinition.GLinkedListpage_SD.the_user_select_any_dropdown_menu(java.lang.String)&amp#27;[0m
[INFO ]2023-07-18 05:36:52.086 [TestNG-tests-2]LoggerLoad-https://dsportalapp.herokuapp.com/linked-list/introduction/
  &amp#27;[32mAnd &amp#27;[0m&amp#27;[32mThe User is on the &amp#27;[0m&amp#27;[32m&amp#27;[1m"Introduction"&amp#27;[0m&amp#27;[32m page&amp#27;[0m                                                                                          &amp#27;[90m# dsAlgo_StepDefinition.GLinkedListpage_SD.the_user_is_on_the_page(java.lang.String)&amp#27;[0m
  &amp#27;[32mThen &amp#27;[0m&amp#27;[32mThe user select all option &amp#27;[0m&amp#27;[32m&amp#27;[1m"Introduction"&amp#27;[0m                                                                                      &amp#27;[90m# dsAlgo_StepDefinition.GLinkedListpage_SD.the_user_select_any_dropdown_menu(java.lang.String)&amp#27;[0m
[INFO ]2023-07-18 05:36:52.221 [TestNG-tests-1]LoggerLoad-https://dsportalapp.herokuapp.com/linked-list/introduction/
  &amp#27;[32mAnd &amp#27;[0m&amp#27;[32mThe User is on the &amp#27;[0m&amp#27;[32m&amp#27;[1m"Introduction"&amp#27;[0m&amp#27;[32m page&amp#27;[0m                                                                                          &amp#27;[90m# dsAlgo_StepDefinition.GLinkedListpage_SD.the_user_is_on_the_page(java.lang.String)&amp#27;[0m
  &amp#27;[32mWhen &amp#27;[0m&amp#27;[32mThe user clicks Practice Questions &amp#27;[0m&amp#27;[32m&amp#27;[1m"Practice Questions"&amp#27;[0m&amp#27;[32m link&amp#27;[0m                                                                   &amp#27;[90m# dsAlgo_StepDefinition.GLinkedListpage_SD.the_user_clicks_Practice_Questions_link(java.lang.String)&amp#27;[0m
https://dsportalapp.herokuapp.com/linked-list/practice
  &amp#27;[32mThen &amp#27;[0m&amp#27;[32mThe user should be redirected to &amp#27;[0m&amp#27;[32m&amp#27;[1m"practice"&amp#27;[0m&amp#27;[32m page and verifies the Url &amp#27;[0m&amp#27;[32m&amp#27;[1m"https://dsportalapp.herokuapp.com/linked-list/practice"&amp#27;[0m &amp#27;[90m# dsAlgo_StepDefinition.GLinkedListpage_SD.the_user_should_be_redirected_to_page_and_verifies_the_url(java.lang.String,java.lang.String)&amp#27;[0m
[INFO ]2023-07-18 05:36:52.873 [TestNG-tests-2]LoggerLoad-Test Success
]]></system-out>
  </testcase>
  <testcase name="runScenario[&quot;The user is able to navigate to Practice page&quot;, &quot;Optional[user validates the Linked List Page]&quot;](74)" classname="dsAlgo_TestRunner.TestRunner" time="0.206">
    <system-out><![CDATA[[INFO ]2023-07-18 05:36:52.893 [TestNG-tests-2]LoggerLoad-inTestStart
  &amp#27;[32mWhen &amp#27;[0m&amp#27;[32mThe user clicks Practice Questions &amp#27;[0m&amp#27;[32m&amp#27;[1m"Practice Questions"&amp#27;[0m&amp#27;[32m link&amp#27;[0m                                                                   &amp#27;[90m# dsAlgo_StepDefinition.GLinkedListpage_SD.the_user_clicks_Practice_Questions_link(java.lang.String)&amp#27;[0m

@LinkedListPage @practice
Scenario Outline: The user is able to navigate to Practice page                                                                       &amp#27;[90m# src/test/resources/Features/GLinkedListPage.feature:51&amp#27;[0m
https://dsportalapp.herokuapp.com/linked-list/practice
  &amp#27;[32mThen &amp#27;[0m&amp#27;[32mThe user should be redirected to &amp#27;[0m&amp#27;[32m&amp#27;[1m"practice"&amp#27;[0m&amp#27;[32m page and verifies the Url &amp#27;[0m&amp#27;[32m&amp#27;[1m"https://dsportalapp.herokuapp.com/linked-list/practice"&amp#27;[0m &amp#27;[90m# dsAlgo_StepDefinition.GLinkedListpage_SD.the_user_should_be_redirected_to_page_and_verifies_the_url(java.lang.String,java.lang.String)&amp#27;[0m
[INFO ]2023-07-18 05:36:53.082 [TestNG-tests-1]LoggerLoad-Test Success
]]></system-out>
  </testcase>
  <testcase name="runScenario[&quot;The user is able to navigate to Practice page&quot;, &quot;Optional[user validates the Linked List Page]&quot;](75)" classname="dsAlgo_TestRunner.TestRunner" time="3.021">
    <system-out><![CDATA[[INFO ]2023-07-18 05:36:53.101 [TestNG-tests-1]LoggerLoad-inTestStart

@LinkedListPage @practice
Scenario Outline: The user is able to navigate to Practice page                                                                       &amp#27;[90m# src/test/resources/Features/GLinkedListPage.feature:51&amp#27;[0m
https://dsportalapp.herokuapp.com/linked-list/
  &amp#27;[32mGiven &amp#27;[0m&amp#27;[32muser clicks the Linked List getstart link&amp#27;[0m                                                                                     &amp#27;[90m# dsAlgo_StepDefinition.GLinkedListpage_SD.user_selects_the_linked_list_getstartitem()&amp#27;[0m
https://dsportalapp.herokuapp.com/linked-list/
  &amp#27;[32mGiven &amp#27;[0m&amp#27;[32muser clicks the Linked List getstart link&amp#27;[0m                                                                                     &amp#27;[90m# dsAlgo_StepDefinition.GLinkedListpage_SD.user_selects_the_linked_list_getstartitem()&amp#27;[0m
  &amp#27;[32mThen &amp#27;[0m&amp#27;[32mThe user select all option &amp#27;[0m&amp#27;[32m&amp#27;[1m"Creating Linked LIst"&amp#27;[0m                                                                              &amp#27;[90m# dsAlgo_StepDefinition.GLinkedListpage_SD.the_user_select_any_dropdown_menu(java.lang.String)&amp#27;[0m
[INFO ]2023-07-18 05:36:55.395 [TestNG-tests-2]LoggerLoad-https://dsportalapp.herokuapp.com/linked-list/creating-linked-list/
  &amp#27;[32mAnd &amp#27;[0m&amp#27;[32mThe User is on the &amp#27;[0m&amp#27;[32m&amp#27;[1m"Creating Linked LIst"&amp#27;[0m&amp#27;[32m page&amp#27;[0m                                                                                  &amp#27;[90m# dsAlgo_StepDefinition.GLinkedListpage_SD.the_user_is_on_the_page(java.lang.String)&amp#27;[0m
  &amp#27;[32mWhen &amp#27;[0m&amp#27;[32mThe user clicks Practice Questions &amp#27;[0m&amp#27;[32m&amp#27;[1m"Practice Questions"&amp#27;[0m&amp#27;[32m link&amp#27;[0m                                                                   &amp#27;[90m# dsAlgo_StepDefinition.GLinkedListpage_SD.the_user_clicks_Practice_Questions_link(java.lang.String)&amp#27;[0m
https://dsportalapp.herokuapp.com/linked-list/practice
  &amp#27;[32mThen &amp#27;[0m&amp#27;[32mThe user select all option &amp#27;[0m&amp#27;[32m&amp#27;[1m"Creating Linked LIst"&amp#27;[0m                                                                              &amp#27;[90m# dsAlgo_StepDefinition.GLinkedListpage_SD.the_user_select_any_dropdown_menu(java.lang.String)&amp#27;[0m
  &amp#27;[32mThen &amp#27;[0m&amp#27;[32mThe user should be redirected to &amp#27;[0m&amp#27;[32m&amp#27;[1m"practice"&amp#27;[0m&amp#27;[32m page and verifies the Url &amp#27;[0m&amp#27;[32m&amp#27;[1m"https://dsportalapp.herokuapp.com/linked-list/practice"&amp#27;[0m &amp#27;[90m# dsAlgo_StepDefinition.GLinkedListpage_SD.the_user_should_be_redirected_to_page_and_verifies_the_url(java.lang.String,java.lang.String)&amp#27;[0m
[INFO ]2023-07-18 05:36:56.082 [TestNG-tests-1]LoggerLoad-https://dsportalapp.herokuapp.com/linked-list/creating-linked-list/
  &amp#27;[32mAnd &amp#27;[0m&amp#27;[32mThe User is on the &amp#27;[0m&amp#27;[32m&amp#27;[1m"Creating Linked LIst"&amp#27;[0m&amp#27;[32m page&amp#27;[0m                                                                                  &amp#27;[90m# dsAlgo_StepDefinition.GLinkedListpage_SD.the_user_is_on_the_page(java.lang.String)&amp#27;[0m
[INFO ]2023-07-18 05:36:56.107 [TestNG-tests-2]LoggerLoad-Test Success
]]></system-out>
    <system-err><![CDATA[Cleaning up unclosed ZipFile for archive C:\Users\subas\eclipse-workspace-new\ADsAlgo_Final\src\test\resources\Excel_Register\programdata.xlsx
Cleaning up unclosed ZipFile for archive C:\Users\subas\eclipse-workspace-new\ADsAlgo_Final\src\test\resources\Excel_Register\programdata.xlsx
Cleaning up unclosed ZipFile for archive C:\Users\subas\eclipse-workspace-new\ADsAlgo_Final\src\test\resources\Excel_Register\programdata.xlsx
Cleaning up unclosed ZipFile for archive C:\Users\subas\eclipse-workspace-new\ADsAlgo_Final\src\test\resources\Excel_Register\programdata.xlsx
Cleaning up unclosed ZipFile for archive C:\Users\subas\eclipse-workspace-new\ADsAlgo_Final\src\test\resources\Excel_Register\programdata.xlsx
Cleaning up unclosed ZipFile for archive C:\Users\subas\eclipse-workspace-new\ADsAlgo_Final\src\test\resources\Excel_Register\programdata.xlsx
Cleaning up unclosed ZipFile for archive C:\Users\subas\eclipse-workspace-new\ADsAlgo_Final\src\test\resources\Excel_Register\programdata.xlsx
]]></system-err>
  </testcase>
  <testcase name="runScenario[&quot;The user is able to navigate to Practice page&quot;, &quot;Optional[user validates the Linked List Page]&quot;](75)" classname="dsAlgo_TestRunner.TestRunner" time="0.798">
    <system-out><![CDATA[[INFO ]2023-07-18 05:36:56.134 [TestNG-tests-2]LoggerLoad-inTestStart

@LinkedListPage @practice
Scenario Outline: The user is able to navigate to Practice page                                                                       &amp#27;[90m# src/test/resources/Features/GLinkedListPage.feature:52&amp#27;[0m
  &amp#27;[32mWhen &amp#27;[0m&amp#27;[32mThe user clicks Practice Questions &amp#27;[0m&amp#27;[32m&amp#27;[1m"Practice Questions"&amp#27;[0m&amp#27;[32m link&amp#27;[0m                                                                   &amp#27;[90m# dsAlgo_StepDefinition.GLinkedListpage_SD.the_user_clicks_Practice_Questions_link(java.lang.String)&amp#27;[0m
https://dsportalapp.herokuapp.com/linked-list/practice
  &amp#27;[32mThen &amp#27;[0m&amp#27;[32mThe user should be redirected to &amp#27;[0m&amp#27;[32m&amp#27;[1m"practice"&amp#27;[0m&amp#27;[32m page and verifies the Url &amp#27;[0m&amp#27;[32m&amp#27;[1m"https://dsportalapp.herokuapp.com/linked-list/practice"&amp#27;[0m &amp#27;[90m# dsAlgo_StepDefinition.GLinkedListpage_SD.the_user_should_be_redirected_to_page_and_verifies_the_url(java.lang.String,java.lang.String)&amp#27;[0m
[INFO ]2023-07-18 05:36:56.896 [TestNG-tests-1]LoggerLoad-Test Success
]]></system-out>
  </testcase>
  <testcase name="runScenario[&quot;The user is able to navigate to Practice page&quot;, &quot;Optional[user validates the Linked List Page]&quot;](76)" classname="dsAlgo_TestRunner.TestRunner" time="3.594">
    <system-out><![CDATA[[INFO ]2023-07-18 05:36:56.936 [TestNG-tests-1]LoggerLoad-inTestStart

@LinkedListPage @practice
Scenario Outline: The user is able to navigate to Practice page                                                                       &amp#27;[90m# src/test/resources/Features/GLinkedListPage.feature:52&amp#27;[0m
https://dsportalapp.herokuapp.com/linked-list/
  &amp#27;[32mGiven &amp#27;[0m&amp#27;[32muser clicks the Linked List getstart link&amp#27;[0m                                                                                     &amp#27;[90m# dsAlgo_StepDefinition.GLinkedListpage_SD.user_selects_the_linked_list_getstartitem()&amp#27;[0m
https://dsportalapp.herokuapp.com/linked-list/
  &amp#27;[32mGiven &amp#27;[0m&amp#27;[32muser clicks the Linked List getstart link&amp#27;[0m                                                                                     &amp#27;[90m# dsAlgo_StepDefinition.GLinkedListpage_SD.user_selects_the_linked_list_getstartitem()&amp#27;[0m
  &amp#27;[32mThen &amp#27;[0m&amp#27;[32mThe user select all option &amp#27;[0m&amp#27;[32m&amp#27;[1m"Types of Linked list"&amp#27;[0m                                                                              &amp#27;[90m# dsAlgo_StepDefinition.GLinkedListpage_SD.the_user_select_any_dropdown_menu(java.lang.String)&amp#27;[0m
[INFO ]2023-07-18 05:36:59.165 [TestNG-tests-2]LoggerLoad-https://dsportalapp.herokuapp.com/linked-list/types-of-linked-list/
  &amp#27;[32mAnd &amp#27;[0m&amp#27;[32mThe User is on the &amp#27;[0m&amp#27;[32m&amp#27;[1m"Types of Linked list"&amp#27;[0m&amp#27;[32m page&amp#27;[0m                                                                                  &amp#27;[90m# dsAlgo_StepDefinition.GLinkedListpage_SD.the_user_is_on_the_page(java.lang.String)&amp#27;[0m
  &amp#27;[32mWhen &amp#27;[0m&amp#27;[32mThe user clicks Practice Questions &amp#27;[0m&amp#27;[32m&amp#27;[1m"Practice Questions"&amp#27;[0m&amp#27;[32m link&amp#27;[0m                                                                   &amp#27;[90m# dsAlgo_StepDefinition.GLinkedListpage_SD.the_user_clicks_Practice_Questions_link(java.lang.String)&amp#27;[0m
https://dsportalapp.herokuapp.com/linked-list/practice
  &amp#27;[32mThen &amp#27;[0m&amp#27;[32mThe user should be redirected to &amp#27;[0m&amp#27;[32m&amp#27;[1m"practice"&amp#27;[0m&amp#27;[32m page and verifies the Url &amp#27;[0m&amp#27;[32m&amp#27;[1m"https://dsportalapp.herokuapp.com/linked-list/practice"&amp#27;[0m &amp#27;[90m# dsAlgo_StepDefinition.GLinkedListpage_SD.the_user_should_be_redirected_to_page_and_verifies_the_url(java.lang.String,java.lang.String)&amp#27;[0m
[INFO ]2023-07-18 05:37:00.508 [TestNG-tests-2]LoggerLoad-Test Success
]]></system-out>
  </testcase>
  <testcase name="runScenario[&quot;The user is able to navigate to Practice page&quot;, &quot;Optional[user validates the Linked List Page]&quot;](76)" classname="dsAlgo_TestRunner.TestRunner" time="2.309">
    <system-out><![CDATA[[INFO ]2023-07-18 05:37:00.532 [TestNG-tests-2]LoggerLoad-inTestStart

@StackTest
Scenario Outline: The user is able to navigate to all options in stack page &amp#27;[90m# src/test/resources/Features/HStackPage.feature:10&amp#27;[0m
  &amp#27;[32mThen &amp#27;[0m&amp#27;[32mThe user select all option &amp#27;[0m&amp#27;[32m&amp#27;[1m"Types of Linked list"&amp#27;[0m                                                                              &amp#27;[90m# dsAlgo_StepDefinition.GLinkedListpage_SD.the_user_select_any_dropdown_menu(java.lang.String)&amp#27;[0m
[INFO ]2023-07-18 05:37:01.798 [TestNG-tests-1]LoggerLoad-https://dsportalapp.herokuapp.com/linked-list/types-of-linked-list/
  &amp#27;[32mAnd &amp#27;[0m&amp#27;[32mThe User is on the &amp#27;[0m&amp#27;[32m&amp#27;[1m"Types of Linked list"&amp#27;[0m&amp#27;[32m page&amp#27;[0m                                                                                  &amp#27;[90m# dsAlgo_StepDefinition.GLinkedListpage_SD.the_user_is_on_the_page(java.lang.String)&amp#27;[0m
  &amp#27;[32mGiven &amp#27;[0m&amp#27;[32mThe user is on the &amp#27;[0m&amp#27;[32m&amp#27;[1m"Stack"&amp#27;[0m&amp#27;[32m page after logged in&amp#27;[0m                     &amp#27;[90m# dsAlgo_StepDefinition.HStackPage_SD.the_user_is_on_the_page_after_logged_in(java.lang.String)&amp#27;[0m
  &amp#27;[32mWhen &amp#27;[0m&amp#27;[32mThe user clicks Practice Questions &amp#27;[0m&amp#27;[32m&amp#27;[1m"Practice Questions"&amp#27;[0m&amp#27;[32m link&amp#27;[0m                                                                   &amp#27;[90m# dsAlgo_StepDefinition.GLinkedListpage_SD.the_user_clicks_Practice_Questions_link(java.lang.String)&amp#27;[0m
https://dsportalapp.herokuapp.com/linked-list/practice
  &amp#27;[32mThen &amp#27;[0m&amp#27;[32mThe user should be redirected to &amp#27;[0m&amp#27;[32m&amp#27;[1m"practice"&amp#27;[0m&amp#27;[32m page and verifies the Url &amp#27;[0m&amp#27;[32m&amp#27;[1m"https://dsportalapp.herokuapp.com/linked-list/practice"&amp#27;[0m &amp#27;[90m# dsAlgo_StepDefinition.GLinkedListpage_SD.the_user_should_be_redirected_to_page_and_verifies_the_url(java.lang.String,java.lang.String)&amp#27;[0m
[INFO ]2023-07-18 05:37:02.821 [TestNG-tests-1]LoggerLoad-Test Success
]]></system-out>
  </testcase>
  <testcase name="runScenario[&quot;The user is able to navigate to all options in stack page&quot;, &quot;Optional[Test Stack Page]&quot;](77)" classname="dsAlgo_TestRunner.TestRunner" time="0.801">
    <system-out><![CDATA[[INFO ]2023-07-18 05:37:02.845 [TestNG-tests-1]LoggerLoad-inTestStart

@StackTest
Scenario Outline: The user is able to navigate to all options in stack page &amp#27;[90m# src/test/resources/Features/HStackPage.feature:10&amp#27;[0m
  &amp#27;[32mWhen &amp#27;[0m&amp#27;[32mThe user clicks &amp#27;[0m&amp#27;[32m&amp#27;[1m"Operations in Stack"&amp#27;[0m&amp#27;[32m button in stack page&amp#27;[0m           &amp#27;[90m# dsAlgo_StepDefinition.HStackPage_SD.the_user_clicks_button_in_stack_page(java.lang.String)&amp#27;[0m
  &amp#27;[32mThen &amp#27;[0m&amp#27;[32mThe user in  &amp#27;[0m&amp#27;[32m&amp#27;[1m"Operations in Stack"&amp#27;[0m&amp#27;[32m page&amp#27;[0m                              &amp#27;[90m# dsAlgo_StepDefinition.FArrayPage_SD.the_user_in_page(java.lang.String)&amp#27;[0m
[INFO ]2023-07-18 05:37:03.626 [TestNG-tests-2]LoggerLoad-Test Success
]]></system-out>
  </testcase>
  <testcase name="runScenario[&quot;The user is able to navigate to all options in stack page&quot;, &quot;Optional[Test Stack Page]&quot;](77)" classname="dsAlgo_TestRunner.TestRunner" time="2.177">
    <system-out><![CDATA[[INFO ]2023-07-18 05:37:03.649 [TestNG-tests-2]LoggerLoad-inTestStart

@StackTest
Scenario Outline: The user is able to navigate to all options in stack page &amp#27;[90m# src/test/resources/Features/HStackPage.feature:11&amp#27;[0m
  &amp#27;[32mGiven &amp#27;[0m&amp#27;[32mThe user is on the &amp#27;[0m&amp#27;[32m&amp#27;[1m"Stack"&amp#27;[0m&amp#27;[32m page after logged in&amp#27;[0m                     &amp#27;[90m# dsAlgo_StepDefinition.HStackPage_SD.the_user_is_on_the_page_after_logged_in(java.lang.String)&amp#27;[0m
  &amp#27;[32mGiven &amp#27;[0m&amp#27;[32mThe user is on the &amp#27;[0m&amp#27;[32m&amp#27;[1m"Stack"&amp#27;[0m&amp#27;[32m page after logged in&amp#27;[0m                     &amp#27;[90m# dsAlgo_StepDefinition.HStackPage_SD.the_user_is_on_the_page_after_logged_in(java.lang.String)&amp#27;[0m
  &amp#27;[32mWhen &amp#27;[0m&amp#27;[32mThe user clicks &amp#27;[0m&amp#27;[32m&amp#27;[1m"Operations in Stack"&amp#27;[0m&amp#27;[32m button in stack page&amp#27;[0m           &amp#27;[90m# dsAlgo_StepDefinition.HStackPage_SD.the_user_clicks_button_in_stack_page(java.lang.String)&amp#27;[0m
  &amp#27;[32mThen &amp#27;[0m&amp#27;[32mThe user in  &amp#27;[0m&amp#27;[32m&amp#27;[1m"Operations in Stack"&amp#27;[0m&amp#27;[32m page&amp#27;[0m                              &amp#27;[90m# dsAlgo_StepDefinition.FArrayPage_SD.the_user_in_page(java.lang.String)&amp#27;[0m
[INFO ]2023-07-18 05:37:05.807 [TestNG-tests-1]LoggerLoad-Test Success
]]></system-out>
  </testcase>
  <testcase name="runScenario[&quot;The user is able to navigate to all options in stack page&quot;, &quot;Optional[Test Stack Page]&quot;](78)" classname="dsAlgo_TestRunner.TestRunner" time="0.152">
    <system-out><![CDATA[[INFO ]2023-07-18 05:37:05.837 [TestNG-tests-1]LoggerLoad-inTestStart
  &amp#27;[32mWhen &amp#27;[0m&amp#27;[32mThe user clicks &amp#27;[0m&amp#27;[32m&amp#27;[1m"Implementation"&amp#27;[0m&amp#27;[32m button in stack page&amp#27;[0m                &amp#27;[90m# dsAlgo_StepDefinition.HStackPage_SD.the_user_clicks_button_in_stack_page(java.lang.String)&amp#27;[0m
  &amp#27;[32mThen &amp#27;[0m&amp#27;[32mThe user in  &amp#27;[0m&amp#27;[32m&amp#27;[1m"Implementation"&amp#27;[0m&amp#27;[32m page&amp#27;[0m                                   &amp#27;[90m# dsAlgo_StepDefinition.FArrayPage_SD.the_user_in_page(java.lang.String)&amp#27;[0m

@StackTest
Scenario Outline: The user is able to navigate to all options in stack page &amp#27;[90m# src/test/resources/Features/HStackPage.feature:11&amp#27;[0m
[INFO ]2023-07-18 05:37:05.963 [TestNG-tests-2]LoggerLoad-Test Success
]]></system-out>
  </testcase>
  <testcase name="runScenario[&quot;The user is able to navigate to all options in stack page&quot;, &quot;Optional[Test Stack Page]&quot;](78)" classname="dsAlgo_TestRunner.TestRunner" time="0.035">
    <system-out><![CDATA[[INFO ]2023-07-18 05:37:07.994 [TestNG-tests-2]LoggerLoad-inTestStart
[INFO ]2023-07-18 05:37:08.002 [TestNG-tests-1]LoggerLoad-Test Success
]]></system-out>
  </testcase>
  <testcase name="runScenario[&quot;The user is able to navigate to all options in stack page&quot;, &quot;Optional[Test Stack Page]&quot;](79)" classname="dsAlgo_TestRunner.TestRunner" time="2.004">
    <system-out><![CDATA[[INFO ]2023-07-18 05:37:05.981 [TestNG-tests-2]LoggerLoad-inTestStart

@StackTest
Scenario Outline: The user is able to navigate to all options in stack page &amp#27;[90m# src/test/resources/Features/HStackPage.feature:12&amp#27;[0m
  &amp#27;[32mGiven &amp#27;[0m&amp#27;[32mThe user is on the &amp#27;[0m&amp#27;[32m&amp#27;[1m"Stack"&amp#27;[0m&amp#27;[32m page after logged in&amp#27;[0m                     &amp#27;[90m# dsAlgo_StepDefinition.HStackPage_SD.the_user_is_on_the_page_after_logged_in(java.lang.String)&amp#27;[0m
  &amp#27;[32mGiven &amp#27;[0m&amp#27;[32mThe user is on the &amp#27;[0m&amp#27;[32m&amp#27;[1m"Stack"&amp#27;[0m&amp#27;[32m page after logged in&amp#27;[0m                     &amp#27;[90m# dsAlgo_StepDefinition.HStackPage_SD.the_user_is_on_the_page_after_logged_in(java.lang.String)&amp#27;[0m
  &amp#27;[32mWhen &amp#27;[0m&amp#27;[32mThe user clicks &amp#27;[0m&amp#27;[32m&amp#27;[1m"Applications"&amp#27;[0m&amp#27;[32m button in stack page&amp#27;[0m                  &amp#27;[90m# dsAlgo_StepDefinition.HStackPage_SD.the_user_clicks_button_in_stack_page(java.lang.String)&amp#27;[0m
  &amp#27;[32mWhen &amp#27;[0m&amp#27;[32mThe user clicks &amp#27;[0m&amp#27;[32m&amp#27;[1m"Implementation"&amp#27;[0m&amp#27;[32m button in stack page&amp#27;[0m                &amp#27;[90m# dsAlgo_StepDefinition.HStackPage_SD.the_user_clicks_button_in_stack_page(java.lang.String)&amp#27;[0m
  &amp#27;[32mThen &amp#27;[0m&amp#27;[32mThe user in  &amp#27;[0m&amp#27;[32m&amp#27;[1m"Applications"&amp#27;[0m&amp#27;[32m page&amp#27;[0m                                     &amp#27;[90m# dsAlgo_StepDefinition.FArrayPage_SD.the_user_in_page(java.lang.String)&amp#27;[0m
[INFO ]2023-07-18 05:37:07.971 [TestNG-tests-2]LoggerLoad-Test Success
  &amp#27;[32mThen &amp#27;[0m&amp#27;[32mThe user in  &amp#27;[0m&amp#27;[32m&amp#27;[1m"Implementation"&amp#27;[0m&amp#27;[32m page&amp#27;[0m                                   &amp#27;[90m# dsAlgo_StepDefinition.FArrayPage_SD.the_user_in_page(java.lang.String)&amp#27;[0m
]]></system-out>
  </testcase>
  <testcase name="runScenario[&quot;The user is able to navigate to all options in stack page&quot;, &quot;Optional[Test Stack Page]&quot;](79)" classname="dsAlgo_TestRunner.TestRunner" time="2.539">
    <system-out><![CDATA[[INFO ]2023-07-18 05:37:08.021 [TestNG-tests-1]LoggerLoad-inTestStart

@StackTest
Scenario Outline: The user is able to navigate to all options in stack page &amp#27;[90m# src/test/resources/Features/HStackPage.feature:21&amp#27;[0m

@StackTest
Scenario Outline: The user is able to navigate to all options in stack page &amp#27;[90m# src/test/resources/Features/HStackPage.feature:12&amp#27;[0m
  &amp#27;[32mGiven &amp#27;[0m&amp#27;[32mThe user is on the &amp#27;[0m&amp#27;[32m&amp#27;[1m"Stack"&amp#27;[0m&amp#27;[32m page after logged in&amp#27;[0m                     &amp#27;[90m# dsAlgo_StepDefinition.HStackPage_SD.the_user_is_on_the_page_after_logged_in(java.lang.String)&amp#27;[0m
  &amp#27;[32mGiven &amp#27;[0m&amp#27;[32mThe user is on the &amp#27;[0m&amp#27;[32m&amp#27;[1m"Stack"&amp#27;[0m&amp#27;[32m page after logged in&amp#27;[0m                     &amp#27;[90m# dsAlgo_StepDefinition.HStackPage_SD.the_user_is_on_the_page_after_logged_in(java.lang.String)&amp#27;[0m
  &amp#27;[32mWhen &amp#27;[0m&amp#27;[32mThe user clicks &amp#27;[0m&amp#27;[32m&amp#27;[1m"Operations in Stack"&amp#27;[0m&amp#27;[32m button in stack page&amp#27;[0m           &amp#27;[90m# dsAlgo_StepDefinition.HStackPage_SD.the_user_clicks_button_in_stack_page(java.lang.String)&amp#27;[0m
  &amp#27;[32mWhen &amp#27;[0m&amp#27;[32mThe user clicks &amp#27;[0m&amp#27;[32m&amp#27;[1m"Applications"&amp#27;[0m&amp#27;[32m button in stack page&amp#27;[0m                  &amp#27;[90m# dsAlgo_StepDefinition.HStackPage_SD.the_user_clicks_button_in_stack_page(java.lang.String)&amp#27;[0m
  &amp#27;[32mThen &amp#27;[0m&amp#27;[32mThe user in  &amp#27;[0m&amp#27;[32m&amp#27;[1m"Applications"&amp#27;[0m&amp#27;[32m page&amp#27;[0m                                     &amp#27;[90m# dsAlgo_StepDefinition.FArrayPage_SD.the_user_in_page(java.lang.String)&amp#27;[0m
[INFO ]2023-07-18 05:37:10.553 [TestNG-tests-1]LoggerLoad-Test Success
]]></system-out>
  </testcase>
  <testcase name="runScenario[&quot;The user is able to navigate to all options in stack page&quot;, &quot;Optional[Test Stack Page]&quot;](80)" classname="dsAlgo_TestRunner.TestRunner" time="0.144">
    <system-out><![CDATA[[INFO ]2023-07-18 05:37:10.571 [TestNG-tests-1]LoggerLoad-inTestStart
  &amp#27;[32mAnd &amp#27;[0m&amp#27;[32mThe user clicks tryEditor with a Run button to test on stack page&amp#27;[0m     &amp#27;[90m# dsAlgo_StepDefinition.HStackPage_SD.the_user_clicks_tryEditor_with_a_Run_button_to_test_on_stack_page()&amp#27;[0m

@StackTest
Scenario Outline: The user is able to navigate to all options in stack page &amp#27;[90m# src/test/resources/Features/HStackPage.feature:21&amp#27;[0m
  &amp#27;[32mThen &amp#27;[0m&amp#27;[32mThe user in &amp#27;[0m&amp#27;[32m&amp#27;[1m"tryEditor"&amp#27;[0m&amp#27;[32m page&amp#27;[0m                                         &amp#27;[90m# dsAlgo_StepDefinition.HStackPage_SD.the_user_in_page(java.lang.String)&amp#27;[0m
[INFO ]2023-07-18 05:37:10.696 [TestNG-tests-2]LoggerLoad-Test Success
]]></system-out>
  </testcase>
  <testcase name="runScenario[&quot;The user is able to navigate to all options in stack page&quot;, &quot;Optional[Test Stack Page]&quot;](80)" classname="dsAlgo_TestRunner.TestRunner" time="0.64">
    <system-out><![CDATA[[INFO ]2023-07-18 05:37:14.119 [TestNG-tests-2]LoggerLoad-inTestStart

@StackTest
Scenario Outline: The user is able to navigate to all options in stack page &amp#27;[90m# src/test/resources/Features/HStackPage.feature:23&amp#27;[0m
  &amp#27;[32mAnd &amp#27;[0m&amp#27;[32mThe user clicks tryEditor with a Run button to test on stack page&amp#27;[0m     &amp#27;[90m# dsAlgo_StepDefinition.HStackPage_SD.the_user_clicks_tryEditor_with_a_Run_button_to_test_on_stack_page()&amp#27;[0m
  &amp#27;[32mThen &amp#27;[0m&amp#27;[32mThe user in &amp#27;[0m&amp#27;[32m&amp#27;[1m"tryEditor"&amp#27;[0m&amp#27;[32m page&amp#27;[0m                                         &amp#27;[90m# dsAlgo_StepDefinition.HStackPage_SD.the_user_in_page(java.lang.String)&amp#27;[0m
[INFO ]2023-07-18 05:37:14.736 [TestNG-tests-1]LoggerLoad-Test Success
]]></system-out>
  </testcase>
  <testcase name="runScenario[&quot;The user is able to navigate to all options in stack page&quot;, &quot;Optional[Test Stack Page]&quot;](81)" classname="dsAlgo_TestRunner.TestRunner" time="3.395">
    <system-out><![CDATA[[INFO ]2023-07-18 05:37:10.719 [TestNG-tests-2]LoggerLoad-inTestStart

@StackTest
Scenario Outline: The user is able to navigate to all options in stack page &amp#27;[90m# src/test/resources/Features/HStackPage.feature:22&amp#27;[0m
  &amp#27;[32mGiven &amp#27;[0m&amp#27;[32mThe user is on the &amp#27;[0m&amp#27;[32m&amp#27;[1m"Stack"&amp#27;[0m&amp#27;[32m page after logged in&amp#27;[0m                     &amp#27;[90m# dsAlgo_StepDefinition.HStackPage_SD.the_user_is_on_the_page_after_logged_in(java.lang.String)&amp#27;[0m
  &amp#27;[32mGiven &amp#27;[0m&amp#27;[32mThe user is on the &amp#27;[0m&amp#27;[32m&amp#27;[1m"Stack"&amp#27;[0m&amp#27;[32m page after logged in&amp#27;[0m                     &amp#27;[90m# dsAlgo_StepDefinition.HStackPage_SD.the_user_is_on_the_page_after_logged_in(java.lang.String)&amp#27;[0m
  &amp#27;[32mWhen &amp#27;[0m&amp#27;[32mThe user clicks &amp#27;[0m&amp#27;[32m&amp#27;[1m"Operations in Stack"&amp#27;[0m&amp#27;[32m button in stack page&amp#27;[0m           &amp#27;[90m# dsAlgo_StepDefinition.HStackPage_SD.the_user_clicks_button_in_stack_page(java.lang.String)&amp#27;[0m
  &amp#27;[32mWhen &amp#27;[0m&amp#27;[32mThe user clicks &amp#27;[0m&amp#27;[32m&amp#27;[1m"Implementation"&amp#27;[0m&amp#27;[32m button in stack page&amp#27;[0m                &amp#27;[90m# dsAlgo_StepDefinition.HStackPage_SD.the_user_clicks_button_in_stack_page(java.lang.String)&amp#27;[0m
  &amp#27;[32mAnd &amp#27;[0m&amp#27;[32mThe user clicks tryEditor with a Run button to test on stack page&amp#27;[0m     &amp#27;[90m# dsAlgo_StepDefinition.HStackPage_SD.the_user_clicks_tryEditor_with_a_Run_button_to_test_on_stack_page()&amp#27;[0m
  &amp#27;[32mThen &amp#27;[0m&amp#27;[32mThe user in &amp#27;[0m&amp#27;[32m&amp#27;[1m"tryEditor"&amp#27;[0m&amp#27;[32m page&amp#27;[0m                                         &amp#27;[90m# dsAlgo_StepDefinition.HStackPage_SD.the_user_in_page(java.lang.String)&amp#27;[0m
[INFO ]2023-07-18 05:37:14.094 [TestNG-tests-2]LoggerLoad-Test Success
]]></system-out>
  </testcase>
  <testcase name="runScenario[&quot;The user is able to navigate to all options in stack page&quot;, &quot;Optional[Test Stack Page]&quot;](81)" classname="dsAlgo_TestRunner.TestRunner" time="0.899">
    <system-out><![CDATA[[INFO ]2023-07-18 05:37:17.339 [TestNG-tests-2]LoggerLoad-inTestStart

@StackTest
Scenario Outline: The user is able stack run code in tryEditor                                          &amp#27;[90m# src/test/resources/Features/HStackPage.feature:33&amp#27;[0m
  &amp#27;[32mAnd &amp#27;[0m&amp#27;[32mThe user clicks tryEditor with a Run button to test on stack page&amp#27;[0m     &amp#27;[90m# dsAlgo_StepDefinition.HStackPage_SD.the_user_clicks_tryEditor_with_a_Run_button_to_test_on_stack_page()&amp#27;[0m
  &amp#27;[32mThen &amp#27;[0m&amp#27;[32mThe user in &amp#27;[0m&amp#27;[32m&amp#27;[1m"tryEditor"&amp#27;[0m&amp#27;[32m page&amp#27;[0m                                         &amp#27;[90m# dsAlgo_StepDefinition.HStackPage_SD.the_user_in_page(java.lang.String)&amp#27;[0m
[INFO ]2023-07-18 05:37:18.221 [TestNG-tests-1]LoggerLoad-Test Success
]]></system-out>
  </testcase>
  <testcase name="runScenario[&quot;The user is able to navigate to all options in stack page&quot;, &quot;Optional[Test Stack Page]&quot;](82)" classname="dsAlgo_TestRunner.TestRunner" time="2.572">
    <system-out><![CDATA[[INFO ]2023-07-18 05:37:14.763 [TestNG-tests-1]LoggerLoad-inTestStart

@StackTest
Scenario Outline: The user is able to navigate to all options in stack page &amp#27;[90m# src/test/resources/Features/HStackPage.feature:22&amp#27;[0m
  &amp#27;[32mGiven &amp#27;[0m&amp#27;[32mThe user is on the &amp#27;[0m&amp#27;[32m&amp#27;[1m"Stack"&amp#27;[0m&amp#27;[32m page after logged in&amp#27;[0m                     &amp#27;[90m# dsAlgo_StepDefinition.HStackPage_SD.the_user_is_on_the_page_after_logged_in(java.lang.String)&amp#27;[0m
  &amp#27;[32mGiven &amp#27;[0m&amp#27;[32mThe user is on the &amp#27;[0m&amp#27;[32m&amp#27;[1m"Stack"&amp#27;[0m&amp#27;[32m page after logged in&amp#27;[0m                     &amp#27;[90m# dsAlgo_StepDefinition.HStackPage_SD.the_user_is_on_the_page_after_logged_in(java.lang.String)&amp#27;[0m
  &amp#27;[32mWhen &amp#27;[0m&amp#27;[32mThe user clicks &amp#27;[0m&amp#27;[32m&amp#27;[1m"Applications"&amp#27;[0m&amp#27;[32m button in stack page&amp#27;[0m                  &amp#27;[90m# dsAlgo_StepDefinition.HStackPage_SD.the_user_clicks_button_in_stack_page(java.lang.String)&amp#27;[0m
  &amp#27;[32mWhen &amp#27;[0m&amp#27;[32mThe user clicks &amp#27;[0m&amp#27;[32m&amp#27;[1m"Implementation"&amp#27;[0m&amp#27;[32m button in stack page&amp#27;[0m                &amp#27;[90m# dsAlgo_StepDefinition.HStackPage_SD.the_user_clicks_button_in_stack_page(java.lang.String)&amp#27;[0m
  &amp#27;[32mAnd &amp#27;[0m&amp#27;[32mThe user clicks tryEditor with a Run button to test on stack page&amp#27;[0m     &amp#27;[90m# dsAlgo_StepDefinition.HStackPage_SD.the_user_clicks_tryEditor_with_a_Run_button_to_test_on_stack_page()&amp#27;[0m
  &amp#27;[32mThen &amp#27;[0m&amp#27;[32mThe user in &amp#27;[0m&amp#27;[32m&amp#27;[1m"tryEditor"&amp#27;[0m&amp#27;[32m page&amp#27;[0m                                         &amp#27;[90m# dsAlgo_StepDefinition.HStackPage_SD.the_user_in_page(java.lang.String)&amp#27;[0m
[INFO ]2023-07-18 05:37:17.318 [TestNG-tests-2]LoggerLoad-Test Success
]]></system-out>
  </testcase>
  <testcase name="runScenario[&quot;The user is able to navigate to all options in stack page&quot;, &quot;Optional[Test Stack Page]&quot;](82)" classname="dsAlgo_TestRunner.TestRunner" time="2.629">
    <system-out><![CDATA[[INFO ]2023-07-18 05:37:18.238 [TestNG-tests-1]LoggerLoad-inTestStart

@StackTest
Scenario Outline: The user is able to navigate to all options in stack page &amp#27;[90m# src/test/resources/Features/HStackPage.feature:23&amp#27;[0m
  &amp#27;[32mGiven &amp#27;[0m&amp#27;[32mThe user is on the &amp#27;[0m&amp#27;[32m&amp#27;[1m"Stack"&amp#27;[0m&amp#27;[32m page after logged in&amp#27;[0m                     &amp#27;[90m# dsAlgo_StepDefinition.HStackPage_SD.the_user_is_on_the_page_after_logged_in(java.lang.String)&amp#27;[0m
  &amp#27;[32mGiven &amp#27;[0m&amp#27;[32mThe user is in a &amp#27;[0m&amp#27;[32m&amp#27;[1m"Operations in Stack"&amp#27;[0m&amp#27;[32m stack page having an tryEditor with a Run button to test&amp#27;[0m &amp#27;[90m# dsAlgo_StepDefinition.HStackPage_SD.the_user_is_in_a_page_having_an_try_editor_with_a_run_button_to_test(java.lang.String)&amp#27;[0m
  &amp#27;[32mWhen &amp#27;[0m&amp#27;[32mThe user clicks &amp#27;[0m&amp#27;[32m&amp#27;[1m"Applications"&amp#27;[0m&amp#27;[32m button in stack page&amp#27;[0m                  &amp#27;[90m# dsAlgo_StepDefinition.HStackPage_SD.the_user_clicks_button_in_stack_page(java.lang.String)&amp#27;[0m
  &amp#27;[32mAnd &amp#27;[0m&amp#27;[32mThe user clicks tryEditor with a Run button to test on stack page&amp#27;[0m     &amp#27;[90m# dsAlgo_StepDefinition.HStackPage_SD.the_user_clicks_tryEditor_with_a_Run_button_to_test_on_stack_page()&amp#27;[0m
  &amp#27;[32mThen &amp#27;[0m&amp#27;[32mThe user in &amp#27;[0m&amp#27;[32m&amp#27;[1m"tryEditor"&amp#27;[0m&amp#27;[32m page&amp#27;[0m                                         &amp#27;[90m# dsAlgo_StepDefinition.HStackPage_SD.the_user_in_page(java.lang.String)&amp#27;[0m
[INFO ]2023-07-18 05:37:20.858 [TestNG-tests-1]LoggerLoad-Test Success
]]></system-out>
  </testcase>
  <testcase name="runScenario[&quot;The user is able stack run code in tryEditor&quot;, &quot;Optional[Test Stack Page]&quot;](83)" classname="dsAlgo_TestRunner.TestRunner" time="1.387">
    <system-out><![CDATA[[INFO ]2023-07-18 05:37:20.871 [TestNG-tests-1]LoggerLoad-inTestStart

@StackTest
Scenario Outline: The user is able stack run code in tryEditor                                          &amp#27;[90m# src/test/resources/Features/HStackPage.feature:33&amp#27;[0m
  &amp#27;[32mGiven &amp#27;[0m&amp#27;[32mThe user is in a &amp#27;[0m&amp#27;[32m&amp#27;[1m"Operations in Stack"&amp#27;[0m&amp#27;[32m stack page having an tryEditor with a Run button to test&amp#27;[0m &amp#27;[90m# dsAlgo_StepDefinition.HStackPage_SD.the_user_is_in_a_page_having_an_try_editor_with_a_run_button_to_test(java.lang.String)&amp#27;[0m
  &amp#27;[32mWhen &amp#27;[0m&amp#27;[32mThe user enter valid python code in stack tryEditor from sheet &amp#27;[0m&amp#27;[32m&amp#27;[1m"pythoncode"&amp#27;[0m&amp#27;[32m and &amp#27;[0m&amp#27;[32m&amp#27;[1m0&amp#27;[0m                &amp#27;[90m# dsAlgo_StepDefinition.HStackPage_SD.the_user_enter_valid_python_code_in_stack_try_editor_from_sheet_and(java.lang.String,java.lang.Integer)&amp#27;[0m
  &amp#27;[32mAnd &amp#27;[0m&amp#27;[32mThe user clicks on stack run button&amp#27;[0m                                                               &amp#27;[90m# dsAlgo_StepDefinition.HStackPage_SD.the_user_clicks_on_run_button()&amp#27;[0m
  &amp#27;[32mThen &amp#27;[0m&amp#27;[32mThe user should be presented with Run result of stack&amp#27;[0m                                            &amp#27;[90m# dsAlgo_StepDefinition.HStackPage_SD.the_user_should_be_presented_with_run_result()&amp#27;[0m
[INFO ]2023-07-18 05:37:22.247 [TestNG-tests-2]LoggerLoad-Test Success
]]></system-out>
  </testcase>
  <testcase name="runScenario[&quot;The user is able stack run code in tryEditor&quot;, &quot;Optional[Test Stack Page]&quot;](83)" classname="dsAlgo_TestRunner.TestRunner" time="1.944">
    <system-out><![CDATA[[INFO ]2023-07-18 05:37:22.257 [TestNG-tests-2]LoggerLoad-inTestStart

@StackTest
Scenario Outline: The user is able stack run code in tryEditor                                     &amp#27;[90m# src/test/resources/Features/HStackPage.feature:34&amp#27;[0m
  &amp#27;[32mGiven &amp#27;[0m&amp#27;[32mThe user is in a &amp#27;[0m&amp#27;[32m&amp#27;[1m"Implementation"&amp#27;[0m&amp#27;[32m stack page having an tryEditor with a Run button to test&amp#27;[0m &amp#27;[90m# dsAlgo_StepDefinition.HStackPage_SD.the_user_is_in_a_page_having_an_try_editor_with_a_run_button_to_test(java.lang.String)&amp#27;[0m
  &amp#27;[32mWhen &amp#27;[0m&amp#27;[32mThe user enter valid python code in stack tryEditor from sheet &amp#27;[0m&amp#27;[32m&amp#27;[1m"pythoncode"&amp#27;[0m&amp#27;[32m and &amp#27;[0m&amp#27;[32m&amp#27;[1m0&amp#27;[0m                &amp#27;[90m# dsAlgo_StepDefinition.HStackPage_SD.the_user_enter_valid_python_code_in_stack_try_editor_from_sheet_and(java.lang.String,java.lang.Integer)&amp#27;[0m
  &amp#27;[32mAnd &amp#27;[0m&amp#27;[32mThe user clicks on stack run button&amp#27;[0m                                                               &amp#27;[90m# dsAlgo_StepDefinition.HStackPage_SD.the_user_clicks_on_run_button()&amp#27;[0m
  &amp#27;[32mThen &amp#27;[0m&amp#27;[32mThe user should be presented with Run result of stack&amp#27;[0m                                            &amp#27;[90m# dsAlgo_StepDefinition.HStackPage_SD.the_user_should_be_presented_with_run_result()&amp#27;[0m
[INFO ]2023-07-18 05:37:24.197 [TestNG-tests-1]LoggerLoad-Test Success
]]></system-out>
  </testcase>
  <testcase name="runScenario[&quot;The user is able stack run code in tryEditor&quot;, &quot;Optional[Test Stack Page]&quot;](84)" classname="dsAlgo_TestRunner.TestRunner" time="1.238">
    <system-out><![CDATA[[INFO ]2023-07-18 05:37:24.201 [TestNG-tests-1]LoggerLoad-inTestStart

@StackTest
Scenario Outline: The user is able stack run code in tryEditor                                     &amp#27;[90m# src/test/resources/Features/HStackPage.feature:34&amp#27;[0m
  &amp#27;[32mGiven &amp#27;[0m&amp#27;[32mThe user is in a &amp#27;[0m&amp#27;[32m&amp#27;[1m"Implementation"&amp#27;[0m&amp#27;[32m stack page having an tryEditor with a Run button to test&amp#27;[0m &amp#27;[90m# dsAlgo_StepDefinition.HStackPage_SD.the_user_is_in_a_page_having_an_try_editor_with_a_run_button_to_test(java.lang.String)&amp#27;[0m
  &amp#27;[32mWhen &amp#27;[0m&amp#27;[32mThe user enter valid python code in stack tryEditor from sheet &amp#27;[0m&amp#27;[32m&amp#27;[1m"pythoncode"&amp#27;[0m&amp#27;[32m and &amp#27;[0m&amp#27;[32m&amp#27;[1m0&amp#27;[0m           &amp#27;[90m# dsAlgo_StepDefinition.HStackPage_SD.the_user_enter_valid_python_code_in_stack_try_editor_from_sheet_and(java.lang.String,java.lang.Integer)&amp#27;[0m
  &amp#27;[32mAnd &amp#27;[0m&amp#27;[32mThe user clicks on stack run button&amp#27;[0m                                                          &amp#27;[90m# dsAlgo_StepDefinition.HStackPage_SD.the_user_clicks_on_run_button()&amp#27;[0m
  &amp#27;[32mThen &amp#27;[0m&amp#27;[32mThe user should be presented with Run result of stack&amp#27;[0m                                       &amp#27;[90m# dsAlgo_StepDefinition.HStackPage_SD.the_user_should_be_presented_with_run_result()&amp#27;[0m
[INFO ]2023-07-18 05:37:25.435 [TestNG-tests-2]LoggerLoad-Test Success
]]></system-out>
  </testcase>
  <testcase name="runScenario[&quot;The user is able stack run code in tryEditor&quot;, &quot;Optional[Test Stack Page]&quot;](84)" classname="dsAlgo_TestRunner.TestRunner" time="1.583">
    <system-out><![CDATA[[INFO ]2023-07-18 05:37:25.440 [TestNG-tests-2]LoggerLoad-inTestStart

@StackTest
Scenario Outline: The user is able stack run code in tryEditor                                     &amp#27;[90m# src/test/resources/Features/HStackPage.feature:35&amp#27;[0m
  &amp#27;[32mGiven &amp#27;[0m&amp#27;[32mThe user is in a &amp#27;[0m&amp#27;[32m&amp#27;[1m"Implementation"&amp#27;[0m&amp#27;[32m stack page having an tryEditor with a Run button to test&amp#27;[0m &amp#27;[90m# dsAlgo_StepDefinition.HStackPage_SD.the_user_is_in_a_page_having_an_try_editor_with_a_run_button_to_test(java.lang.String)&amp#27;[0m
  &amp#27;[32mWhen &amp#27;[0m&amp#27;[32mThe user enter valid python code in stack tryEditor from sheet &amp#27;[0m&amp#27;[32m&amp#27;[1m"pythoncode"&amp#27;[0m&amp#27;[32m and &amp#27;[0m&amp#27;[32m&amp#27;[1m0&amp#27;[0m           &amp#27;[90m# dsAlgo_StepDefinition.HStackPage_SD.the_user_enter_valid_python_code_in_stack_try_editor_from_sheet_and(java.lang.String,java.lang.Integer)&amp#27;[0m
  &amp#27;[32mAnd &amp#27;[0m&amp#27;[32mThe user clicks on stack run button&amp#27;[0m                                                          &amp#27;[90m# dsAlgo_StepDefinition.HStackPage_SD.the_user_clicks_on_run_button()&amp#27;[0m
  &amp#27;[32mThen &amp#27;[0m&amp#27;[32mThe user should be presented with Run result of stack&amp#27;[0m                                       &amp#27;[90m# dsAlgo_StepDefinition.HStackPage_SD.the_user_should_be_presented_with_run_result()&amp#27;[0m
[INFO ]2023-07-18 05:37:27.020 [TestNG-tests-1]LoggerLoad-Test Success
]]></system-out>
  </testcase>
  <testcase name="runScenario[&quot;The user is able stack run code in tryEditor&quot;, &quot;Optional[Test Stack Page]&quot;](85)" classname="dsAlgo_TestRunner.TestRunner" time="1.307">
    <system-out><![CDATA[[INFO ]2023-07-18 05:37:27.026 [TestNG-tests-1]LoggerLoad-inTestStart

@StackTest
Scenario Outline: The user is able stack run code in tryEditor                                     &amp#27;[90m# src/test/resources/Features/HStackPage.feature:35&amp#27;[0m
  &amp#27;[32mGiven &amp#27;[0m&amp#27;[32mThe user is in a &amp#27;[0m&amp#27;[32m&amp#27;[1m"Implementation"&amp#27;[0m&amp#27;[32m stack page having an tryEditor with a Run button to test&amp#27;[0m &amp#27;[90m# dsAlgo_StepDefinition.HStackPage_SD.the_user_is_in_a_page_having_an_try_editor_with_a_run_button_to_test(java.lang.String)&amp#27;[0m
  &amp#27;[32mWhen &amp#27;[0m&amp#27;[32mThe user enter valid python code in stack tryEditor from sheet &amp#27;[0m&amp#27;[32m&amp#27;[1m"pythoncode"&amp#27;[0m&amp#27;[32m and &amp#27;[0m&amp#27;[32m&amp#27;[1m0&amp#27;[0m           &amp#27;[90m# dsAlgo_StepDefinition.HStackPage_SD.the_user_enter_valid_python_code_in_stack_try_editor_from_sheet_and(java.lang.String,java.lang.Integer)&amp#27;[0m
  &amp#27;[32mAnd &amp#27;[0m&amp#27;[32mThe user clicks on stack run button&amp#27;[0m                                                          &amp#27;[90m# dsAlgo_StepDefinition.HStackPage_SD.the_user_clicks_on_run_button()&amp#27;[0m
  &amp#27;[32mThen &amp#27;[0m&amp#27;[32mThe user should be presented with Run result of stack&amp#27;[0m                                       &amp#27;[90m# dsAlgo_StepDefinition.HStackPage_SD.the_user_should_be_presented_with_run_result()&amp#27;[0m
[INFO ]2023-07-18 05:37:28.329 [TestNG-tests-2]LoggerLoad-Test Success
]]></system-out>
  </testcase>
  <testcase name="runScenario[&quot;The user is able stack run code in tryEditor&quot;, &quot;Optional[Test Stack Page]&quot;](85)" classname="dsAlgo_TestRunner.TestRunner" time="1.511">
    <system-out><![CDATA[[INFO ]2023-07-18 05:37:28.333 [TestNG-tests-2]LoggerLoad-inTestStart

@StackTest
Scenario Outline: The user is able run code in tryEditor                                                &amp#27;[90m# src/test/resources/Features/HStackPage.feature:44&amp#27;[0m
  &amp#27;[32mGiven &amp#27;[0m&amp#27;[32mThe user is in a &amp#27;[0m&amp#27;[32m&amp#27;[1m"Operations in Stack"&amp#27;[0m&amp#27;[32m stack page having an tryEditor with a Run button to test&amp#27;[0m &amp#27;[90m# dsAlgo_StepDefinition.HStackPage_SD.the_user_is_in_a_page_having_an_try_editor_with_a_run_button_to_test(java.lang.String)&amp#27;[0m
  &amp#27;[32mWhen &amp#27;[0m&amp#27;[32mThe user enter valid python code in stack tryEditor from sheet &amp#27;[0m&amp#27;[32m&amp#27;[1m"pythoncode"&amp#27;[0m&amp#27;[32m and &amp#27;[0m&amp#27;[32m&amp#27;[1m0&amp#27;[0m           &amp#27;[90m# dsAlgo_StepDefinition.HStackPage_SD.the_user_enter_valid_python_code_in_stack_try_editor_from_sheet_and(java.lang.String,java.lang.Integer)&amp#27;[0m
  &amp#27;[32mAnd &amp#27;[0m&amp#27;[32mThe user clicks on stack run button&amp#27;[0m                                                          &amp#27;[90m# dsAlgo_StepDefinition.HStackPage_SD.the_user_clicks_on_run_button()&amp#27;[0m
  &amp#27;[32mThen &amp#27;[0m&amp#27;[32mThe user should be presented with Run result of stack&amp#27;[0m                                       &amp#27;[90m# dsAlgo_StepDefinition.HStackPage_SD.the_user_should_be_presented_with_run_result()&amp#27;[0m
[INFO ]2023-07-18 05:37:29.842 [TestNG-tests-1]LoggerLoad-Test Success
]]></system-out>
    <system-err><![CDATA[Cleaning up unclosed ZipFile for archive C:\Users\subas\eclipse-workspace-new\ADsAlgo_Final\src\test\resources\Excel_Register\programdata.xlsx
Cleaning up unclosed ZipFile for archive C:\Users\subas\eclipse-workspace-new\ADsAlgo_Final\src\test\resources\Excel_Register\programdata.xlsx
Cleaning up unclosed ZipFile for archive C:\Users\subas\eclipse-workspace-new\ADsAlgo_Final\src\test\resources\Excel_Register\programdata.xlsx
Cleaning up unclosed ZipFile for archive C:\Users\subas\eclipse-workspace-new\ADsAlgo_Final\src\test\resources\Excel_Register\programdata.xlsx
Cleaning up unclosed ZipFile for archive C:\Users\subas\eclipse-workspace-new\ADsAlgo_Final\src\test\resources\Excel_Register\programdata.xlsx
Cleaning up unclosed ZipFile for archive C:\Users\subas\eclipse-workspace-new\ADsAlgo_Final\src\test\resources\Excel_Register\programdata.xlsx
]]></system-err>
  </testcase>
  <testcase name="runScenario[&quot;The user is able run code in tryEditor&quot;, &quot;Optional[Test Stack Page]&quot;](86)" classname="dsAlgo_TestRunner.TestRunner" time="1.333">
    <system-out><![CDATA[[INFO ]2023-07-18 05:37:29.845 [TestNG-tests-1]LoggerLoad-inTestStart

@StackTest
Scenario Outline: The user is able run code in tryEditor                                                &amp#27;[90m# src/test/resources/Features/HStackPage.feature:44&amp#27;[0m
  &amp#27;[32mGiven &amp#27;[0m&amp#27;[32mThe user is in a &amp#27;[0m&amp#27;[32m&amp#27;[1m"Operations in Stack"&amp#27;[0m&amp#27;[32m stack page having an tryEditor with a Run button to test&amp#27;[0m &amp#27;[90m# dsAlgo_StepDefinition.HStackPage_SD.the_user_is_in_a_page_having_an_try_editor_with_a_run_button_to_test(java.lang.String)&amp#27;[0m
  &amp#27;[32mWhen &amp#27;[0m&amp#27;[32mThe user enter python code with invalid syntax in stack tryEditor from sheet &amp#27;[0m&amp#27;[32m&amp#27;[1m"pythoncode"&amp#27;[0m&amp#27;[32m and &amp#27;[0m&amp#27;[32m&amp#27;[1m1&amp#27;[0m  &amp#27;[90m# dsAlgo_StepDefinition.HStackPage_SD.the_user_enter_python_code_with_invalid_syntax_in_try_editor_from_sheet_and(java.lang.String,java.lang.Integer)&amp#27;[0m
  &amp#27;[32mAnd &amp#27;[0m&amp#27;[32mThe user clicks on stack run button&amp#27;[0m                                                               &amp#27;[90m# dsAlgo_StepDefinition.HStackPage_SD.the_user_clicks_on_run_button()&amp#27;[0m
  &amp#27;[32mThen &amp#27;[0m&amp#27;[32mThe user should be presented with error message in stack page&amp#27;[0m                                    &amp#27;[90m# dsAlgo_StepDefinition.HStackPage_SD.the_user_should_be_presented_with_error_message()&amp#27;[0m
[INFO ]2023-07-18 05:37:31.170 [TestNG-tests-2]LoggerLoad-Test Success
]]></system-out>
  </testcase>
  <testcase name="runScenario[&quot;The user is able run code in tryEditor&quot;, &quot;Optional[Test Stack Page]&quot;](86)" classname="dsAlgo_TestRunner.TestRunner" time="1.47">
    <system-out><![CDATA[[INFO ]2023-07-18 05:37:31.179 [TestNG-tests-2]LoggerLoad-inTestStart

@StackTest
Scenario Outline: The user is able run code in tryEditor                                               &amp#27;[90m# src/test/resources/Features/HStackPage.feature:45&amp#27;[0m
  &amp#27;[32mGiven &amp#27;[0m&amp#27;[32mThe user is in a &amp#27;[0m&amp#27;[32m&amp#27;[1m"Implementation"&amp#27;[0m&amp#27;[32m stack page having an tryEditor with a Run button to test&amp#27;[0m     &amp#27;[90m# dsAlgo_StepDefinition.HStackPage_SD.the_user_is_in_a_page_having_an_try_editor_with_a_run_button_to_test(java.lang.String)&amp#27;[0m
  &amp#27;[32mWhen &amp#27;[0m&amp#27;[32mThe user enter python code with invalid syntax in stack tryEditor from sheet &amp#27;[0m&amp#27;[32m&amp#27;[1m"pythoncode"&amp#27;[0m&amp#27;[32m and &amp#27;[0m&amp#27;[32m&amp#27;[1m1&amp#27;[0m  &amp#27;[90m# dsAlgo_StepDefinition.HStackPage_SD.the_user_enter_python_code_with_invalid_syntax_in_try_editor_from_sheet_and(java.lang.String,java.lang.Integer)&amp#27;[0m
  &amp#27;[32mAnd &amp#27;[0m&amp#27;[32mThe user clicks on stack run button&amp#27;[0m                                                               &amp#27;[90m# dsAlgo_StepDefinition.HStackPage_SD.the_user_clicks_on_run_button()&amp#27;[0m
  &amp#27;[32mThen &amp#27;[0m&amp#27;[32mThe user should be presented with error message in stack page&amp#27;[0m                                    &amp#27;[90m# dsAlgo_StepDefinition.HStackPage_SD.the_user_should_be_presented_with_error_message()&amp#27;[0m
[INFO ]2023-07-18 05:37:32.641 [TestNG-tests-1]LoggerLoad-Test Success
]]></system-out>
  </testcase>
  <testcase name="runScenario[&quot;The user is able run code in tryEditor&quot;, &quot;Optional[Test Stack Page]&quot;](87)" classname="dsAlgo_TestRunner.TestRunner" time="1.477">
    <system-out><![CDATA[[INFO ]2023-07-18 05:37:32.652 [TestNG-tests-1]LoggerLoad-inTestStart

@StackTest
Scenario Outline: The user is able run code in tryEditor                                               &amp#27;[90m# src/test/resources/Features/HStackPage.feature:45&amp#27;[0m
  &amp#27;[32mGiven &amp#27;[0m&amp#27;[32mThe user is in a &amp#27;[0m&amp#27;[32m&amp#27;[1m"Implementation"&amp#27;[0m&amp#27;[32m stack page having an tryEditor with a Run button to test&amp#27;[0m     &amp#27;[90m# dsAlgo_StepDefinition.HStackPage_SD.the_user_is_in_a_page_having_an_try_editor_with_a_run_button_to_test(java.lang.String)&amp#27;[0m
  &amp#27;[32mWhen &amp#27;[0m&amp#27;[32mThe user enter python code with invalid syntax in stack tryEditor from sheet &amp#27;[0m&amp#27;[32m&amp#27;[1m"pythoncode"&amp#27;[0m&amp#27;[32m and &amp#27;[0m&amp#27;[32m&amp#27;[1m1&amp#27;[0m &amp#27;[90m# dsAlgo_StepDefinition.HStackPage_SD.the_user_enter_python_code_with_invalid_syntax_in_try_editor_from_sheet_and(java.lang.String,java.lang.Integer)&amp#27;[0m
  &amp#27;[32mAnd &amp#27;[0m&amp#27;[32mThe user clicks on stack run button&amp#27;[0m                                                              &amp#27;[90m# dsAlgo_StepDefinition.HStackPage_SD.the_user_clicks_on_run_button()&amp#27;[0m
  &amp#27;[32mThen &amp#27;[0m&amp#27;[32mThe user should be presented with error message in stack page&amp#27;[0m                                   &amp#27;[90m# dsAlgo_StepDefinition.HStackPage_SD.the_user_should_be_presented_with_error_message()&amp#27;[0m
[INFO ]2023-07-18 05:37:34.123 [TestNG-tests-2]LoggerLoad-Test Success
]]></system-out>
  </testcase>
  <testcase name="runScenario[&quot;The user is able run code in tryEditor&quot;, &quot;Optional[Test Stack Page]&quot;](87)" classname="dsAlgo_TestRunner.TestRunner" time="1.492">
    <system-out><![CDATA[[INFO ]2023-07-18 05:37:34.128 [TestNG-tests-2]LoggerLoad-inTestStart

@StackTest
Scenario Outline: The user is able run code in tryEditor                                               &amp#27;[90m# src/test/resources/Features/HStackPage.feature:46&amp#27;[0m
  &amp#27;[32mGiven &amp#27;[0m&amp#27;[32mThe user is in a &amp#27;[0m&amp#27;[32m&amp#27;[1m"Implementation"&amp#27;[0m&amp#27;[32m stack page having an tryEditor with a Run button to test&amp#27;[0m     &amp#27;[90m# dsAlgo_StepDefinition.HStackPage_SD.the_user_is_in_a_page_having_an_try_editor_with_a_run_button_to_test(java.lang.String)&amp#27;[0m
  &amp#27;[32mWhen &amp#27;[0m&amp#27;[32mThe user enter python code with invalid syntax in stack tryEditor from sheet &amp#27;[0m&amp#27;[32m&amp#27;[1m"pythoncode"&amp#27;[0m&amp#27;[32m and &amp#27;[0m&amp#27;[32m&amp#27;[1m1&amp#27;[0m &amp#27;[90m# dsAlgo_StepDefinition.HStackPage_SD.the_user_enter_python_code_with_invalid_syntax_in_try_editor_from_sheet_and(java.lang.String,java.lang.Integer)&amp#27;[0m
  &amp#27;[32mAnd &amp#27;[0m&amp#27;[32mThe user clicks on stack run button&amp#27;[0m                                                              &amp#27;[90m# dsAlgo_StepDefinition.HStackPage_SD.the_user_clicks_on_run_button()&amp#27;[0m
  &amp#27;[32mThen &amp#27;[0m&amp#27;[32mThe user should be presented with error message in stack page&amp#27;[0m                                   &amp#27;[90m# dsAlgo_StepDefinition.HStackPage_SD.the_user_should_be_presented_with_error_message()&amp#27;[0m
[INFO ]2023-07-18 05:37:35.611 [TestNG-tests-1]LoggerLoad-Test Success
]]></system-out>
  </testcase>
  <testcase name="runScenario[&quot;The user is able run code in tryEditor&quot;, &quot;Optional[Test Stack Page]&quot;](88)" classname="dsAlgo_TestRunner.TestRunner" time="1.667">
    <system-out><![CDATA[[INFO ]2023-07-18 05:37:35.622 [TestNG-tests-1]LoggerLoad-inTestStart

@StackTest
Scenario Outline: The user is able run code in tryEditor                                               &amp#27;[90m# src/test/resources/Features/HStackPage.feature:46&amp#27;[0m
  &amp#27;[32mGiven &amp#27;[0m&amp#27;[32mThe user is in a &amp#27;[0m&amp#27;[32m&amp#27;[1m"Implementation"&amp#27;[0m&amp#27;[32m stack page having an tryEditor with a Run button to test&amp#27;[0m     &amp#27;[90m# dsAlgo_StepDefinition.HStackPage_SD.the_user_is_in_a_page_having_an_try_editor_with_a_run_button_to_test(java.lang.String)&amp#27;[0m
  &amp#27;[32mWhen &amp#27;[0m&amp#27;[32mThe user enter python code with invalid syntax in stack tryEditor from sheet &amp#27;[0m&amp#27;[32m&amp#27;[1m"pythoncode"&amp#27;[0m&amp#27;[32m and &amp#27;[0m&amp#27;[32m&amp#27;[1m1&amp#27;[0m &amp#27;[90m# dsAlgo_StepDefinition.HStackPage_SD.the_user_enter_python_code_with_invalid_syntax_in_try_editor_from_sheet_and(java.lang.String,java.lang.Integer)&amp#27;[0m
  &amp#27;[32mAnd &amp#27;[0m&amp#27;[32mThe user clicks on stack run button&amp#27;[0m                                                              &amp#27;[90m# dsAlgo_StepDefinition.HStackPage_SD.the_user_clicks_on_run_button()&amp#27;[0m
  &amp#27;[32mThen &amp#27;[0m&amp#27;[32mThe user should be presented with error message in stack page&amp#27;[0m                                   &amp#27;[90m# dsAlgo_StepDefinition.HStackPage_SD.the_user_should_be_presented_with_error_message()&amp#27;[0m
[INFO ]2023-07-18 05:37:37.273 [TestNG-tests-2]LoggerLoad-Test Success
]]></system-out>
  </testcase>
  <testcase name="runScenario[&quot;The user is able run code in tryEditor&quot;, &quot;Optional[Test Stack Page]&quot;](88)" classname="dsAlgo_TestRunner.TestRunner" time="0.967">
    <system-out><![CDATA[[INFO ]2023-07-18 05:37:38.746 [TestNG-tests-2]LoggerLoad-inTestStart

@QueuePageTest
Scenario: User selects the Graph item and verifies the Page Title &amp#27;[90m# src/test/resources/Features/IQueuePage.feature:5&amp#27;[0m
[INFO ]2023-07-18 05:37:39.097 [TestNG-tests-2]LoggerLoad-Navigated to HomePage:  https://dsportalapp.herokuapp.com/home
  &amp#27;[32mGiven &amp#27;[0m&amp#27;[32muser is on Home Page&amp#27;[0m                                      &amp#27;[90m# dsAlgo_StepDefinition.BHomePage_SD.user_is_on_home_page()&amp#27;[0m
  &amp#27;[32mWhen &amp#27;[0m&amp#27;[32mThe user enter python code with invalid syntax in stack tryEditor from sheet &amp#27;[0m&amp#27;[32m&amp#27;[1m"pythoncode"&amp#27;[0m&amp#27;[32m and &amp#27;[0m&amp#27;[32m&amp#27;[1m1&amp#27;[0m &amp#27;[90m# dsAlgo_StepDefinition.HStackPage_SD.the_user_enter_python_code_with_invalid_syntax_in_try_editor_from_sheet_and(java.lang.String,java.lang.Integer)&amp#27;[0m
  &amp#27;[32mAnd &amp#27;[0m&amp#27;[32mThe user clicks on stack run button&amp#27;[0m                                                              &amp#27;[90m# dsAlgo_StepDefinition.HStackPage_SD.the_user_clicks_on_run_button()&amp#27;[0m
  &amp#27;[32mThen &amp#27;[0m&amp#27;[32mThe user should be presented with error message in stack page&amp#27;[0m                                   &amp#27;[90m# dsAlgo_StepDefinition.HStackPage_SD.the_user_should_be_presented_with_error_message()&amp#27;[0m
[INFO ]2023-07-18 05:37:39.689 [TestNG-tests-1]LoggerLoad-Test Success
]]></system-out>
  </testcase>
  <testcase name="runScenario[&quot;The user is able to navigate to Practice page&quot;, &quot;Optional[Test Stack Page]&quot;](89)" classname="dsAlgo_TestRunner.TestRunner" time="1.445">
    <system-out><![CDATA[[INFO ]2023-07-18 05:37:37.293 [TestNG-tests-2]LoggerLoad-inTestStart

@StackTest @Tag
Scenario: The user is able to navigate to Practice page          &amp#27;[90m# src/test/resources/Features/HStackPage.feature:48&amp#27;[0m
  &amp#27;[32mGiven &amp#27;[0m&amp#27;[32mThe user is on the Operations in Stack after logged in&amp#27;[0m   &amp#27;[90m# dsAlgo_StepDefinition.HStackPage_SD.the_user_is_on_the_arrays_in_python_after_logged_in()&amp#27;[0m
  &amp#27;[32mWhen &amp#27;[0m&amp#27;[32mThe user clicks stack Practice Questions link&amp#27;[0m             &amp#27;[90m# dsAlgo_StepDefinition.HStackPage_SD.the_user_clicks_practice_questions_link()&amp#27;[0m
  &amp#27;[32mThen &amp#27;[0m&amp#27;[32mThe user should be redirected to &amp#27;[0m&amp#27;[32m&amp#27;[1m"practice"&amp#27;[0m&amp#27;[32m page in stack&amp#27;[0m &amp#27;[90m# dsAlgo_StepDefinition.HStackPage_SD.the_user_should_be_redirected_to_practice_page(java.lang.String)&amp#27;[0m
[INFO ]2023-07-18 05:37:38.725 [TestNG-tests-2]LoggerLoad-Test Success
]]></system-out>
  </testcase>
  <testcase name="runScenario[&quot;The user is able to navigate to Practice page&quot;, &quot;Optional[Test Stack Page]&quot;](89)" classname="dsAlgo_TestRunner.TestRunner" time="2.009">
    <system-out><![CDATA[[INFO ]2023-07-18 05:37:40.161 [TestNG-tests-2]LoggerLoad-inTestStart

@QueuePageTest
Scenario Outline: User checks each of the topics in Graph with valid python code                                                                                                         &amp#27;[90m# src/test/resources/Features/IQueuePage.feature:18&amp#27;[0m
  &amp#27;[32mGiven &amp#27;[0m&amp#27;[32mThe user is on the Operations in Stack after logged in&amp#27;[0m   &amp#27;[90m# dsAlgo_StepDefinition.HStackPage_SD.the_user_is_on_the_arrays_in_python_after_logged_in()&amp#27;[0m
  &amp#27;[32mGiven &amp#27;[0m&amp#27;[32muser clicks the queue getstart link&amp#27;[0m                                                                                                                                              &amp#27;[90m# dsAlgo_StepDefinition.IQueuePage_SD.user_selects_the_queue_getstartitem()&amp#27;[0m
  &amp#27;[32mWhen &amp#27;[0m&amp#27;[32mThe user clicks stack Practice Questions link&amp#27;[0m             &amp#27;[90m# dsAlgo_StepDefinition.HStackPage_SD.the_user_clicks_practice_questions_link()&amp#27;[0m
  &amp#27;[32mThen &amp#27;[0m&amp#27;[32mThe user should be redirected to &amp#27;[0m&amp#27;[32m&amp#27;[1m"practice"&amp#27;[0m&amp#27;[32m page in stack&amp#27;[0m &amp#27;[90m# dsAlgo_StepDefinition.HStackPage_SD.the_user_should_be_redirected_to_practice_page(java.lang.String)&amp#27;[0m
[INFO ]2023-07-18 05:37:42.159 [TestNG-tests-1]LoggerLoad-Test Success
]]></system-out>
  </testcase>
  <testcase name="runScenario[&quot;User selects the Graph item and verifies the Page Title&quot;, &quot;Optional[Testing queue page]&quot;](90)" classname="dsAlgo_TestRunner.TestRunner" time="0.445">
    <system-out><![CDATA[[INFO ]2023-07-18 05:37:39.715 [TestNG-tests-1]LoggerLoad-inTestStart

@StackTest @Tag
Scenario: The user is able to navigate to Practice page          &amp#27;[90m# src/test/resources/Features/HStackPage.feature:48&amp#27;[0m
  &amp#27;[32mAnd &amp#27;[0m&amp#27;[32muser clicks the queue getstart link&amp#27;[0m                         &amp#27;[90m# dsAlgo_StepDefinition.IQueuePage_SD.user_selects_the_queue_getstartitem()&amp#27;[0m
  &amp#27;[32mThen &amp#27;[0m&amp#27;[32muser is on the queue Page&amp#27;[0m                                  &amp#27;[90m# dsAlgo_StepDefinition.IQueuePage_SD.user_should_be_in_the_queue_page()&amp#27;[0m
  &amp#27;[32mThen &amp#27;[0m&amp#27;[32muser checks for the title &amp#27;[0m&amp#27;[32m&amp#27;[1m"Queue"&amp#27;[0m&amp#27;[32m in the queue page&amp#27;[0m        &amp#27;[90m# dsAlgo_StepDefinition.IQueuePage_SD.user_checks_for_the_title_in_the_queue_list_page(java.lang.String)&amp#27;[0m
[INFO ]2023-07-18 05:37:40.144 [TestNG-tests-2]LoggerLoad-Test Success
]]></system-out>
  </testcase>
  <testcase name="runScenario[&quot;User selects the Graph item and verifies the Page Title&quot;, &quot;Optional[Testing queue page]&quot;](90)" classname="dsAlgo_TestRunner.TestRunner" time="1.751">
    <system-out><![CDATA[[INFO ]2023-07-18 05:37:42.174 [TestNG-tests-1]LoggerLoad-inTestStart

@QueuePageTest
Scenario: User selects the Graph item and verifies the Page Title &amp#27;[90m# src/test/resources/Features/IQueuePage.feature:5&amp#27;[0m
[INFO ]2023-07-18 05:37:42.749 [TestNG-tests-1]LoggerLoad-Navigated to HomePage:  https://dsportalapp.herokuapp.com/home
  &amp#27;[32mGiven &amp#27;[0m&amp#27;[32muser is on Home Page&amp#27;[0m                                      &amp#27;[90m# dsAlgo_StepDefinition.BHomePage_SD.user_is_on_home_page()&amp#27;[0m
  &amp#27;[32mAnd &amp#27;[0m&amp#27;[32muser clicks the queue getstart link&amp#27;[0m                         &amp#27;[90m# dsAlgo_StepDefinition.IQueuePage_SD.user_selects_the_queue_getstartitem()&amp#27;[0m
  &amp#27;[32mThen &amp#27;[0m&amp#27;[32muser is on the queue Page&amp#27;[0m                                  &amp#27;[90m# dsAlgo_StepDefinition.IQueuePage_SD.user_should_be_in_the_queue_page()&amp#27;[0m
  &amp#27;[32mThen &amp#27;[0m&amp#27;[32muser checks for the title &amp#27;[0m&amp#27;[32m&amp#27;[1m"Queue"&amp#27;[0m&amp#27;[32m in the queue page&amp#27;[0m        &amp#27;[90m# dsAlgo_StepDefinition.IQueuePage_SD.user_checks_for_the_title_in_the_queue_list_page(java.lang.String)&amp#27;[0m
[INFO ]2023-07-18 05:37:43.913 [TestNG-tests-1]LoggerLoad-Test Success
]]></system-out>
  </testcase>
  <testcase name="runScenario[&quot;User checks each of the topics in Graph with valid python code&quot;, &quot;Optional[Testing queue page]&quot;](91)" classname="dsAlgo_TestRunner.TestRunner" time="0.226">
    <system-out><![CDATA[[INFO ]2023-07-18 05:37:43.930 [TestNG-tests-1]LoggerLoad-inTestStart

@QueuePageTest
Scenario Outline: User checks each of the topics in Graph with valid python code                                                                                                         &amp#27;[90m# src/test/resources/Features/IQueuePage.feature:18&amp#27;[0m
  &amp#27;[32mWhen &amp#27;[0m&amp#27;[32mThe user select all option &amp#27;[0m&amp#27;[32m&amp#27;[1m"Implementation of Queue in Python"&amp#27;[0m&amp#27;[32m from the queue page and Verifies the tryeditor Page with the valid python code for each option  &amp#27;[0m&amp#27;[32m&amp#27;[1m"pythoncode"&amp#27;[0m&amp#27;[32m and &amp#27;[0m&amp#27;[32m&amp#27;[1m0&amp#27;[0m &amp#27;[90m# dsAlgo_StepDefinition.IQueuePage_SD.the_user_select_any_dropdown_menu_and_verifies_the_tryeditor_page_with_the_valid_python_code_for_each_option_and(java.lang.String,java.lang.String,java.lang.Integer)&amp#27;[0m
null something went wrong
  &amp#27;[32mThen &amp#27;[0m&amp#27;[32muser should be presented with the run result in the screen &amp#27;[0m&amp#27;[32m&amp#27;[1m"hello"&amp#27;[0m                                                                                                                &amp#27;[90m# dsAlgo_StepDefinition.KGraphPage_SD.user_should_be_presented_with_the_run_result(java.lang.String)&amp#27;[0m
[INFO ]2023-07-18 05:37:44.140 [TestNG-tests-2]LoggerLoad-Test Success
]]></system-out>
    <system-err><![CDATA[Cleaning up unclosed ZipFile for archive C:\Users\subas\eclipse-workspace-new\ADsAlgo_Final\src\test\resources\Excel_Register\programdata.xlsx
Cleaning up unclosed ZipFile for archive C:\Users\subas\eclipse-workspace-new\ADsAlgo_Final\src\test\resources\Excel_Register\programdata.xlsx
Cleaning up unclosed ZipFile for archive C:\Users\subas\eclipse-workspace-new\ADsAlgo_Final\src\test\resources\Excel_Register\programdata.xlsx
Cleaning up unclosed ZipFile for archive C:\Users\subas\eclipse-workspace-new\ADsAlgo_Final\src\test\resources\Excel_Register\programdata.xlsx
Cleaning up unclosed ZipFile for archive C:\Users\subas\eclipse-workspace-new\ADsAlgo_Final\src\test\resources\Excel_Register\programdata.xlsx
Cleaning up unclosed ZipFile for archive C:\Users\subas\eclipse-workspace-new\ADsAlgo_Final\src\test\resources\Excel_Register\programdata.xlsx
Cleaning up unclosed ZipFile for archive C:\Users\subas\eclipse-workspace-new\ADsAlgo_Final\src\test\resources\Excel_Register\programdata.xlsx
]]></system-err>
  </testcase>
  <testcase name="runScenario[&quot;User checks each of the topics in Graph with valid python code&quot;, &quot;Optional[Testing queue page]&quot;](91)" classname="dsAlgo_TestRunner.TestRunner" time="0.077">
    <system-out><![CDATA[[INFO ]2023-07-18 05:37:47.817 [TestNG-tests-2]LoggerLoad-inTestStart
  &amp#27;[32mWhen &amp#27;[0m&amp#27;[32mThe user select all option &amp#27;[0m&amp#27;[32m&amp#27;[1m"Implementation of Queue in Python"&amp#27;[0m&amp#27;[32m from the queue page and Verifies the tryeditor Page with the valid python code for each option  &amp#27;[0m&amp#27;[32m&amp#27;[1m"pythoncode"&amp#27;[0m&amp#27;[32m and &amp#27;[0m&amp#27;[32m&amp#27;[1m0&amp#27;[0m &amp#27;[90m# dsAlgo_StepDefinition.IQueuePage_SD.the_user_select_any_dropdown_menu_and_verifies_the_tryeditor_page_with_the_valid_python_code_for_each_option_and(java.lang.String,java.lang.String,java.lang.Integer)&amp#27;[0m
null something went wrong
  &amp#27;[32mThen &amp#27;[0m&amp#27;[32muser should be presented with the run result in the screen &amp#27;[0m&amp#27;[32m&amp#27;[1m"hello"&amp#27;[0m                                                                                                                &amp#27;[90m# dsAlgo_StepDefinition.KGraphPage_SD.user_should_be_presented_with_the_run_result(java.lang.String)&amp#27;[0m

@QueuePageTest
Scenario Outline: User checks each of the topics in Graph with valid python code                                                                                                  &amp#27;[90m# src/test/resources/Features/IQueuePage.feature:20&amp#27;[0m
[INFO ]2023-07-18 05:37:47.886 [TestNG-tests-1]LoggerLoad-Test Success
]]></system-out>
  </testcase>
  <testcase name="runScenario[&quot;User checks each of the topics in Graph with valid python code&quot;, &quot;Optional[Testing queue page]&quot;](92)" classname="dsAlgo_TestRunner.TestRunner" time="3.655">
    <system-out><![CDATA[[INFO ]2023-07-18 05:37:44.158 [TestNG-tests-2]LoggerLoad-inTestStart

@QueuePageTest
Scenario Outline: User checks each of the topics in Graph with valid python code                                                                                                              &amp#27;[90m# src/test/resources/Features/IQueuePage.feature:19&amp#27;[0m
  &amp#27;[32mGiven &amp#27;[0m&amp#27;[32muser clicks the queue getstart link&amp#27;[0m                                                                                                                                              &amp#27;[90m# dsAlgo_StepDefinition.IQueuePage_SD.user_selects_the_queue_getstartitem()&amp#27;[0m
  &amp#27;[32mGiven &amp#27;[0m&amp#27;[32muser clicks the queue getstart link&amp#27;[0m                                                                                                                                                   &amp#27;[90m# dsAlgo_StepDefinition.IQueuePage_SD.user_selects_the_queue_getstartitem()&amp#27;[0m
  &amp#27;[32mWhen &amp#27;[0m&amp#27;[32mThe user select all option &amp#27;[0m&amp#27;[32m&amp#27;[1m"Implementation using collections.deque"&amp#27;[0m&amp#27;[32m from the queue page and Verifies the tryeditor Page with the valid python code for each option  &amp#27;[0m&amp#27;[32m&amp#27;[1m"pythoncode"&amp#27;[0m&amp#27;[32m and &amp#27;[0m&amp#27;[32m&amp#27;[1m0&amp#27;[0m &amp#27;[90m# dsAlgo_StepDefinition.IQueuePage_SD.the_user_select_any_dropdown_menu_and_verifies_the_tryeditor_page_with_the_valid_python_code_for_each_option_and(java.lang.String,java.lang.String,java.lang.Integer)&amp#27;[0m
null something went wrong
  &amp#27;[32mThen &amp#27;[0m&amp#27;[32muser should be presented with the run result in the screen &amp#27;[0m&amp#27;[32m&amp#27;[1m"hello"&amp#27;[0m                                                                                                                     &amp#27;[90m# dsAlgo_StepDefinition.KGraphPage_SD.user_should_be_presented_with_the_run_result(java.lang.String)&amp#27;[0m
[INFO ]2023-07-18 05:37:47.801 [TestNG-tests-2]LoggerLoad-Test Success
]]></system-out>
  </testcase>
  <testcase name="runScenario[&quot;User checks each of the topics in Graph with valid python code&quot;, &quot;Optional[Testing queue page]&quot;](92)" classname="dsAlgo_TestRunner.TestRunner" time="0.457">
    <system-out><![CDATA[[INFO ]2023-07-18 05:37:51.406 [TestNG-tests-2]LoggerLoad-inTestStart

@QueuePageTest
Scenario Outline: User checks each of the topics in Graph with valid python code                                                                                        &amp#27;[90m# src/test/resources/Features/IQueuePage.feature:21&amp#27;[0m
  &amp#27;[32mWhen &amp#27;[0m&amp#27;[32mThe user select all option &amp#27;[0m&amp#27;[32m&amp#27;[1m"Implementation using collections.deque"&amp#27;[0m&amp#27;[32m from the queue page and Verifies the tryeditor Page with the valid python code for each option  &amp#27;[0m&amp#27;[32m&amp#27;[1m"pythoncode"&amp#27;[0m&amp#27;[32m and &amp#27;[0m&amp#27;[32m&amp#27;[1m0&amp#27;[0m &amp#27;[90m# dsAlgo_StepDefinition.IQueuePage_SD.the_user_select_any_dropdown_menu_and_verifies_the_tryeditor_page_with_the_valid_python_code_for_each_option_and(java.lang.String,java.lang.String,java.lang.Integer)&amp#27;[0m
null something went wrong
  &amp#27;[32mThen &amp#27;[0m&amp#27;[32muser should be presented with the run result in the screen &amp#27;[0m&amp#27;[32m&amp#27;[1m"hello"&amp#27;[0m                                                                                                                     &amp#27;[90m# dsAlgo_StepDefinition.KGraphPage_SD.user_should_be_presented_with_the_run_result(java.lang.String)&amp#27;[0m
[INFO ]2023-07-18 05:37:51.850 [TestNG-tests-1]LoggerLoad-Test Success
]]></system-out>
  </testcase>
  <testcase name="runScenario[&quot;User checks each of the topics in Graph with valid python code&quot;, &quot;Optional[Testing queue page]&quot;](93)" classname="dsAlgo_TestRunner.TestRunner" time="3.502">
    <system-out><![CDATA[[INFO ]2023-07-18 05:37:47.897 [TestNG-tests-1]LoggerLoad-inTestStart

@QueuePageTest
Scenario Outline: User checks each of the topics in Graph with valid python code                                                                                                              &amp#27;[90m# src/test/resources/Features/IQueuePage.feature:19&amp#27;[0m
  &amp#27;[32mGiven &amp#27;[0m&amp#27;[32muser clicks the queue getstart link&amp#27;[0m                                                                                                                                       &amp#27;[90m# dsAlgo_StepDefinition.IQueuePage_SD.user_selects_the_queue_getstartitem()&amp#27;[0m
  &amp#27;[32mGiven &amp#27;[0m&amp#27;[32muser clicks the queue getstart link&amp#27;[0m                                                                                                                                                   &amp#27;[90m# dsAlgo_StepDefinition.IQueuePage_SD.user_selects_the_queue_getstartitem()&amp#27;[0m
  &amp#27;[32mWhen &amp#27;[0m&amp#27;[32mThe user select all option &amp#27;[0m&amp#27;[32m&amp#27;[1m"Implementation using array"&amp#27;[0m&amp#27;[32m from the queue page and Verifies the tryeditor Page with the valid python code for each option  &amp#27;[0m&amp#27;[32m&amp#27;[1m"pythoncode"&amp#27;[0m&amp#27;[32m and &amp#27;[0m&amp#27;[32m&amp#27;[1m0&amp#27;[0m &amp#27;[90m# dsAlgo_StepDefinition.IQueuePage_SD.the_user_select_any_dropdown_menu_and_verifies_the_tryeditor_page_with_the_valid_python_code_for_each_option_and(java.lang.String,java.lang.String,java.lang.Integer)&amp#27;[0m
null something went wrong
  &amp#27;[32mThen &amp#27;[0m&amp#27;[32muser should be presented with the run result in the screen &amp#27;[0m&amp#27;[32m&amp#27;[1m"hello"&amp#27;[0m                                                                                                         &amp#27;[90m# dsAlgo_StepDefinition.KGraphPage_SD.user_should_be_presented_with_the_run_result(java.lang.String)&amp#27;[0m
[INFO ]2023-07-18 05:37:51.388 [TestNG-tests-2]LoggerLoad-Test Success
]]></system-out>
  </testcase>
  <testcase name="runScenario[&quot;User checks each of the topics in Graph with valid python code&quot;, &quot;Optional[Testing queue page]&quot;](93)" classname="dsAlgo_TestRunner.TestRunner" time="0.56">
    <system-out><![CDATA[[INFO ]2023-07-18 05:37:55.185 [TestNG-tests-2]LoggerLoad-inTestStart

@QueuePageTest
Scenario Outline: User checks each of the topics in Graph with invalid python code                                                                                                        &amp#27;[90m# src/test/resources/Features/IQueuePage.feature:29&amp#27;[0m
  &amp#27;[32mWhen &amp#27;[0m&amp#27;[32mThe user select all option &amp#27;[0m&amp#27;[32m&amp#27;[1m"Implementation using array"&amp#27;[0m&amp#27;[32m from the queue page and Verifies the tryeditor Page with the valid python code for each option  &amp#27;[0m&amp#27;[32m&amp#27;[1m"pythoncode"&amp#27;[0m&amp#27;[32m and &amp#27;[0m&amp#27;[32m&amp#27;[1m0&amp#27;[0m &amp#27;[90m# dsAlgo_StepDefinition.IQueuePage_SD.the_user_select_any_dropdown_menu_and_verifies_the_tryeditor_page_with_the_valid_python_code_for_each_option_and(java.lang.String,java.lang.String,java.lang.Integer)&amp#27;[0m
null something went wrong
  &amp#27;[32mThen &amp#27;[0m&amp#27;[32muser should be presented with the run result in the screen &amp#27;[0m&amp#27;[32m&amp#27;[1m"hello"&amp#27;[0m                                                                                                         &amp#27;[90m# dsAlgo_StepDefinition.KGraphPage_SD.user_should_be_presented_with_the_run_result(java.lang.String)&amp#27;[0m
[INFO ]2023-07-18 05:37:55.723 [TestNG-tests-1]LoggerLoad-Test Success
]]></system-out>
  </testcase>
  <testcase name="runScenario[&quot;User checks each of the topics in Graph with valid python code&quot;, &quot;Optional[Testing queue page]&quot;](94)" classname="dsAlgo_TestRunner.TestRunner" time="3.315">
    <system-out><![CDATA[[INFO ]2023-07-18 05:37:51.862 [TestNG-tests-1]LoggerLoad-inTestStart

@QueuePageTest
Scenario Outline: User checks each of the topics in Graph with valid python code                                                                                                  &amp#27;[90m# src/test/resources/Features/IQueuePage.feature:20&amp#27;[0m
  &amp#27;[32mGiven &amp#27;[0m&amp#27;[32muser clicks the queue getstart link&amp#27;[0m                                                                                                                             &amp#27;[90m# dsAlgo_StepDefinition.IQueuePage_SD.user_selects_the_queue_getstartitem()&amp#27;[0m
  &amp#27;[32mGiven &amp#27;[0m&amp#27;[32muser clicks the queue getstart link&amp#27;[0m                                                                                                                                       &amp#27;[90m# dsAlgo_StepDefinition.IQueuePage_SD.user_selects_the_queue_getstartitem()&amp#27;[0m
  &amp#27;[32mWhen &amp#27;[0m&amp#27;[32mThe user select all option &amp#27;[0m&amp#27;[32m&amp#27;[1m"Queue Operations"&amp#27;[0m&amp#27;[32m from the queue page and Verifies the tryeditor Page with the valid python code for each option  &amp#27;[0m&amp#27;[32m&amp#27;[1m"pythoncode"&amp#27;[0m&amp#27;[32m and &amp#27;[0m&amp#27;[32m&amp#27;[1m0&amp#27;[0m &amp#27;[90m# dsAlgo_StepDefinition.IQueuePage_SD.the_user_select_any_dropdown_menu_and_verifies_the_tryeditor_page_with_the_valid_python_code_for_each_option_and(java.lang.String,java.lang.String,java.lang.Integer)&amp#27;[0m
null something went wrong
  &amp#27;[32mThen &amp#27;[0m&amp#27;[32muser should be presented with the run result in the screen &amp#27;[0m&amp#27;[32m&amp#27;[1m"hello"&amp#27;[0m                                                                                               &amp#27;[90m# dsAlgo_StepDefinition.KGraphPage_SD.user_should_be_presented_with_the_run_result(java.lang.String)&amp#27;[0m
[INFO ]2023-07-18 05:37:55.165 [TestNG-tests-2]LoggerLoad-Test Success
]]></system-out>
  </testcase>
  <testcase name="runScenario[&quot;User checks each of the topics in Graph with valid python code&quot;, &quot;Optional[Testing queue page]&quot;](94)" classname="dsAlgo_TestRunner.TestRunner" time="2.176">
    <system-out><![CDATA[[INFO ]2023-07-18 05:37:58.300 [TestNG-tests-2]LoggerLoad-inTestStart

@QueuePageTest
Scenario Outline: User checks each of the topics in Graph with invalid python code                                                                                                             &amp#27;[90m# src/test/resources/Features/IQueuePage.feature:30&amp#27;[0m
  &amp#27;[32mGiven &amp#27;[0m&amp#27;[32muser clicks the queue getstart link&amp#27;[0m                                                                                                                                                    &amp#27;[90m# dsAlgo_StepDefinition.IQueuePage_SD.user_selects_the_queue_getstartitem()&amp#27;[0m
prin("Hello")NameError: name 'prin' is not defined on line 1
  &amp#27;[32mWhen &amp#27;[0m&amp#27;[32mThe user select all option &amp#27;[0m&amp#27;[32m&amp#27;[1m"Queue Operations"&amp#27;[0m&amp#27;[32m from the queue page and Verifies the tryeditor Page with the valid python code for each option  &amp#27;[0m&amp#27;[32m&amp#27;[1m"pythoncode"&amp#27;[0m&amp#27;[32m and &amp#27;[0m&amp#27;[32m&amp#27;[1m0&amp#27;[0m &amp#27;[90m# dsAlgo_StepDefinition.IQueuePage_SD.the_user_select_any_dropdown_menu_and_verifies_the_tryeditor_page_with_the_valid_python_code_for_each_option_and(java.lang.String,java.lang.String,java.lang.Integer)&amp#27;[0m
null something went wrong
  &amp#27;[32mThen &amp#27;[0m&amp#27;[32muser should be presented with the run result in the screen &amp#27;[0m&amp#27;[32m&amp#27;[1m"hello"&amp#27;[0m                                                                                               &amp#27;[90m# dsAlgo_StepDefinition.KGraphPage_SD.user_should_be_presented_with_the_run_result(java.lang.String)&amp#27;[0m
[INFO ]2023-07-18 05:38:00.455 [TestNG-tests-1]LoggerLoad-Test Success
]]></system-out>
    <system-err><![CDATA[Cleaning up unclosed ZipFile for archive C:\Users\subas\eclipse-workspace-new\ADsAlgo_Final\src\test\resources\Excel_Register\programdata.xlsx
Cleaning up unclosed ZipFile for archive C:\Users\subas\eclipse-workspace-new\ADsAlgo_Final\src\test\resources\Excel_Register\programdata.xlsx
Cleaning up unclosed ZipFile for archive C:\Users\subas\eclipse-workspace-new\ADsAlgo_Final\src\test\resources\Excel_Register\programdata.xlsx
Cleaning up unclosed ZipFile for archive C:\Users\subas\eclipse-workspace-new\ADsAlgo_Final\src\test\resources\Excel_Register\programdata.xlsx
Cleaning up unclosed ZipFile for archive C:\Users\subas\eclipse-workspace-new\ADsAlgo_Final\src\test\resources\Excel_Register\programdata.xlsx
Cleaning up unclosed ZipFile for archive C:\Users\subas\eclipse-workspace-new\ADsAlgo_Final\src\test\resources\Excel_Register\programdata.xlsx
Cleaning up unclosed ZipFile for archive C:\Users\subas\eclipse-workspace-new\ADsAlgo_Final\src\test\resources\Excel_Register\programdata.xlsx
Cleaning up unclosed ZipFile for archive C:\Users\subas\eclipse-workspace-new\ADsAlgo_Final\src\test\resources\Excel_Register\programdata.xlsx
]]></system-err>
  </testcase>
  <testcase name="runScenario[&quot;User checks each of the topics in Graph with invalid python code&quot;, &quot;Optional[Testing queue page]&quot;](95)" classname="dsAlgo_TestRunner.TestRunner" time="2.545">
    <system-out><![CDATA[[INFO ]2023-07-18 05:37:55.749 [TestNG-tests-1]LoggerLoad-inTestStart

@QueuePageTest
Scenario Outline: User checks each of the topics in Graph with valid python code                                                                                        &amp#27;[90m# src/test/resources/Features/IQueuePage.feature:21&amp#27;[0m
  &amp#27;[32mGiven &amp#27;[0m&amp#27;[32muser clicks the queue getstart link&amp#27;[0m                                                                                                                                               &amp#27;[90m# dsAlgo_StepDefinition.IQueuePage_SD.user_selects_the_queue_getstartitem()&amp#27;[0m
prin("Hello")NameError: name 'prin' is not defined on line 1
  &amp#27;[32mGiven &amp#27;[0m&amp#27;[32muser clicks the queue getstart link&amp#27;[0m                                                                                                                             &amp#27;[90m# dsAlgo_StepDefinition.IQueuePage_SD.user_selects_the_queue_getstartitem()&amp#27;[0m
  &amp#27;[32mWhen &amp#27;[0m&amp#27;[32mThe user select all option &amp#27;[0m&amp#27;[32m&amp#27;[1m"Implementation of Queue in Python"&amp#27;[0m&amp#27;[32m and Verifies the tryeditor Page with the Invalid python code for each option  &amp#27;[0m&amp#27;[32m&amp#27;[1m"pythoncode"&amp#27;[0m&amp#27;[32m and &amp#27;[0m&amp#27;[32m&amp#27;[1m1&amp#27;[0m&amp#27;[32m  in the queue page&amp#27;[0m &amp#27;[90m# dsAlgo_StepDefinition.IQueuePage_SD.The_user_select_all_option_and_Verifies_the_tryeditor_Page_with_the_Invalid_python_code_for_each_option_string_and_int_in_the_queue_page(java.lang.String,java.lang.String,java.lang.Integer)&amp#27;[0m
  &amp#27;[32mThen &amp#27;[0m&amp#27;[32muser should get the &amp#27;[0m&amp#27;[32m&amp#27;[1m"NameError: name 'prin' is not defined on line 1"&amp#27;[0m&amp#27;[32m on the screen in the queue page&amp#27;[0m                                                                              &amp#27;[90m# dsAlgo_StepDefinition.IQueuePage_SD.user_should_get_the_erroroutput(java.lang.String)&amp#27;[0m
[INFO ]2023-07-18 05:37:58.271 [TestNG-tests-2]LoggerLoad-Test Success
]]></system-out>
  </testcase>
  <testcase name="runScenario[&quot;User checks each of the topics in Graph with invalid python code&quot;, &quot;Optional[Testing queue page]&quot;](95)" classname="dsAlgo_TestRunner.TestRunner" time="2.646">
    <system-out><![CDATA[[INFO ]2023-07-18 05:38:02.068 [TestNG-tests-2]LoggerLoad-inTestStart

@QueuePageTest
Scenario Outline: User checks each of the topics in Graph with invalid python code                                                                                                 &amp#27;[90m# src/test/resources/Features/IQueuePage.feature:31&amp#27;[0m
  &amp#27;[32mGiven &amp#27;[0m&amp#27;[32muser clicks the queue getstart link&amp#27;[0m                                                                                                                                        &amp#27;[90m# dsAlgo_StepDefinition.IQueuePage_SD.user_selects_the_queue_getstartitem()&amp#27;[0m
prin("Hello")NameError: name 'prin' is not defined on line 1
  &amp#27;[32mWhen &amp#27;[0m&amp#27;[32mThe user select all option &amp#27;[0m&amp#27;[32m&amp#27;[1m"Implementation of Queue in Python"&amp#27;[0m&amp#27;[32m and Verifies the tryeditor Page with the Invalid python code for each option  &amp#27;[0m&amp#27;[32m&amp#27;[1m"pythoncode"&amp#27;[0m&amp#27;[32m and &amp#27;[0m&amp#27;[32m&amp#27;[1m1&amp#27;[0m&amp#27;[32m  in the queue page&amp#27;[0m &amp#27;[90m# dsAlgo_StepDefinition.IQueuePage_SD.The_user_select_all_option_and_Verifies_the_tryeditor_Page_with_the_Invalid_python_code_for_each_option_string_and_int_in_the_queue_page(java.lang.String,java.lang.String,java.lang.Integer)&amp#27;[0m
  &amp#27;[32mThen &amp#27;[0m&amp#27;[32muser should get the &amp#27;[0m&amp#27;[32m&amp#27;[1m"NameError: name 'prin' is not defined on line 1"&amp#27;[0m&amp#27;[32m on the screen in the queue page&amp#27;[0m                                                                              &amp#27;[90m# dsAlgo_StepDefinition.IQueuePage_SD.user_should_get_the_erroroutput(java.lang.String)&amp#27;[0m
[INFO ]2023-07-18 05:38:04.701 [TestNG-tests-1]LoggerLoad-Test Success
]]></system-out>
  </testcase>
  <testcase name="runScenario[&quot;User checks each of the topics in Graph with invalid python code&quot;, &quot;Optional[Testing queue page]&quot;](96)" classname="dsAlgo_TestRunner.TestRunner" time="1.594">
    <system-out><![CDATA[[INFO ]2023-07-18 05:38:00.471 [TestNG-tests-1]LoggerLoad-inTestStart

@QueuePageTest
Scenario Outline: User checks each of the topics in Graph with invalid python code                                                                                                        &amp#27;[90m# src/test/resources/Features/IQueuePage.feature:29&amp#27;[0m
  &amp#27;[32mGiven &amp#27;[0m&amp#27;[32muser clicks the queue getstart link&amp#27;[0m                                                                                                                                               &amp#27;[90m# dsAlgo_StepDefinition.IQueuePage_SD.user_selects_the_queue_getstartitem()&amp#27;[0m
prin("Hello")NameError: name 'prin' is not defined on line 1
  &amp#27;[32mWhen &amp#27;[0m&amp#27;[32mThe user select all option &amp#27;[0m&amp#27;[32m&amp#27;[1m"Implementation using collections.deque"&amp#27;[0m&amp#27;[32m and Verifies the tryeditor Page with the Invalid python code for each option  &amp#27;[0m&amp#27;[32m&amp#27;[1m"pythoncode"&amp#27;[0m&amp#27;[32m and &amp#27;[0m&amp#27;[32m&amp#27;[1m1&amp#27;[0m&amp#27;[32m  in the queue page&amp#27;[0m &amp#27;[90m# dsAlgo_StepDefinition.IQueuePage_SD.The_user_select_all_option_and_Verifies_the_tryeditor_Page_with_the_Invalid_python_code_for_each_option_string_and_int_in_the_queue_page(java.lang.String,java.lang.String,java.lang.Integer)&amp#27;[0m
  &amp#27;[32mThen &amp#27;[0m&amp#27;[32muser should get the &amp#27;[0m&amp#27;[32m&amp#27;[1m"NameError: name 'prin' is not defined on line 1"&amp#27;[0m&amp#27;[32m on the screen in the queue page&amp#27;[0m                                                                                   &amp#27;[90m# dsAlgo_StepDefinition.IQueuePage_SD.user_should_get_the_erroroutput(java.lang.String)&amp#27;[0m
[INFO ]2023-07-18 05:38:02.050 [TestNG-tests-2]LoggerLoad-Test Success
]]></system-out>
  </testcase>
  <testcase name="runScenario[&quot;User checks each of the topics in Graph with invalid python code&quot;, &quot;Optional[Testing queue page]&quot;](96)" classname="dsAlgo_TestRunner.TestRunner" time="2.922">
    <system-out><![CDATA[[INFO ]2023-07-18 05:38:06.012 [TestNG-tests-2]LoggerLoad-inTestStart
prin("Hello")NameError: name 'prin' is not defined on line 1

@QueuePageTest
Scenario Outline: User checks each of the topics in Graph with invalid python code                                                                                       &amp#27;[90m# src/test/resources/Features/IQueuePage.feature:32&amp#27;[0m
  &amp#27;[32mGiven &amp#27;[0m&amp#27;[32muser clicks the queue getstart link&amp#27;[0m                                                                                                                              &amp#27;[90m# dsAlgo_StepDefinition.IQueuePage_SD.user_selects_the_queue_getstartitem()&amp#27;[0m
prin("Hello")NameError: name 'prin' is not defined on line 1
  &amp#27;[32mWhen &amp#27;[0m&amp#27;[32mThe user select all option &amp#27;[0m&amp#27;[32m&amp#27;[1m"Implementation using collections.deque"&amp#27;[0m&amp#27;[32m and Verifies the tryeditor Page with the Invalid python code for each option  &amp#27;[0m&amp#27;[32m&amp#27;[1m"pythoncode"&amp#27;[0m&amp#27;[32m and &amp#27;[0m&amp#27;[32m&amp#27;[1m1&amp#27;[0m&amp#27;[32m  in the queue page&amp#27;[0m &amp#27;[90m# dsAlgo_StepDefinition.IQueuePage_SD.The_user_select_all_option_and_Verifies_the_tryeditor_Page_with_the_Invalid_python_code_for_each_option_string_and_int_in_the_queue_page(java.lang.String,java.lang.String,java.lang.Integer)&amp#27;[0m
  &amp#27;[32mThen &amp#27;[0m&amp#27;[32muser should get the &amp#27;[0m&amp#27;[32m&amp#27;[1m"NameError: name 'prin' is not defined on line 1"&amp#27;[0m&amp#27;[32m on the screen in the queue page&amp#27;[0m                                                                                   &amp#27;[90m# dsAlgo_StepDefinition.IQueuePage_SD.user_should_get_the_erroroutput(java.lang.String)&amp#27;[0m
[INFO ]2023-07-18 05:38:08.912 [TestNG-tests-1]LoggerLoad-Test Success
]]></system-out>
  </testcase>
  <testcase name="runScenario[&quot;User checks each of the topics in Graph with invalid python code&quot;, &quot;Optional[Testing queue page]&quot;](97)" classname="dsAlgo_TestRunner.TestRunner" time="1.29">
    <system-out><![CDATA[[INFO ]2023-07-18 05:38:04.727 [TestNG-tests-1]LoggerLoad-inTestStart

@QueuePageTest
Scenario Outline: User checks each of the topics in Graph with invalid python code                                                                                                             &amp#27;[90m# src/test/resources/Features/IQueuePage.feature:30&amp#27;[0m
  &amp#27;[32mWhen &amp#27;[0m&amp#27;[32mThe user select all option &amp#27;[0m&amp#27;[32m&amp#27;[1m"Implementation using array"&amp#27;[0m&amp#27;[32m and Verifies the tryeditor Page with the Invalid python code for each option  &amp#27;[0m&amp#27;[32m&amp#27;[1m"pythoncode"&amp#27;[0m&amp#27;[32m and &amp#27;[0m&amp#27;[32m&amp#27;[1m1&amp#27;[0m&amp#27;[32m  in the queue page&amp#27;[0m &amp#27;[90m# dsAlgo_StepDefinition.IQueuePage_SD.The_user_select_all_option_and_Verifies_the_tryeditor_Page_with_the_Invalid_python_code_for_each_option_string_and_int_in_the_queue_page(java.lang.String,java.lang.String,java.lang.Integer)&amp#27;[0m
  &amp#27;[32mThen &amp#27;[0m&amp#27;[32muser should get the &amp#27;[0m&amp#27;[32m&amp#27;[1m"NameError: name 'prin' is not defined on line 1"&amp#27;[0m&amp#27;[32m on the screen in the queue page&amp#27;[0m                                                                       &amp#27;[90m# dsAlgo_StepDefinition.IQueuePage_SD.user_should_get_the_erroroutput(java.lang.String)&amp#27;[0m
  &amp#27;[32mGiven &amp#27;[0m&amp#27;[32muser clicks the queue getstart link&amp#27;[0m                                                                                                                                                    &amp#27;[90m# dsAlgo_StepDefinition.IQueuePage_SD.user_selects_the_queue_getstartitem()&amp#27;[0m
[INFO ]2023-07-18 05:38:05.985 [TestNG-tests-2]LoggerLoad-Test Success
]]></system-out>
  </testcase>
  <testcase name="runScenario[&quot;User checks each of the topics in Graph with invalid python code&quot;, &quot;Optional[Testing queue page]&quot;](97)" classname="dsAlgo_TestRunner.TestRunner" time="1.442">
    <system-out><![CDATA[[INFO ]2023-07-18 05:38:11.825 [TestNG-tests-2]LoggerLoad-inTestStart

@TreeTest
Scenario Outline: The user is able to navigate to all options in tree page &amp#27;[90m# src/test/resources/Features/JTreePage.feature:11&amp#27;[0m
  &amp#27;[32mGiven &amp#27;[0m&amp#27;[32mThe user is on the &amp#27;[0m&amp#27;[32m&amp#27;[1m"Tree"&amp#27;[0m&amp#27;[32m tree page after logged in&amp#27;[0m                &amp#27;[90m# dsAlgo_StepDefinition.JTreePage_SD.the_user_is_on_the_page_after_logged_in(java.lang.String)&amp#27;[0m
  &amp#27;[32mWhen &amp#27;[0m&amp#27;[32mThe user select all option &amp#27;[0m&amp#27;[32m&amp#27;[1m"Implementation using array"&amp#27;[0m&amp#27;[32m and Verifies the tryeditor Page with the Invalid python code for each option  &amp#27;[0m&amp#27;[32m&amp#27;[1m"pythoncode"&amp#27;[0m&amp#27;[32m and &amp#27;[0m&amp#27;[32m&amp#27;[1m1&amp#27;[0m&amp#27;[32m  in the queue page&amp#27;[0m &amp#27;[90m# dsAlgo_StepDefinition.IQueuePage_SD.The_user_select_all_option_and_Verifies_the_tryeditor_Page_with_the_Invalid_python_code_for_each_option_string_and_int_in_the_queue_page(java.lang.String,java.lang.String,java.lang.Integer)&amp#27;[0m
  &amp#27;[32mThen &amp#27;[0m&amp#27;[32muser should get the &amp#27;[0m&amp#27;[32m&amp#27;[1m"NameError: name 'prin' is not defined on line 1"&amp#27;[0m&amp#27;[32m on the screen in the queue page&amp#27;[0m                                                                       &amp#27;[90m# dsAlgo_StepDefinition.IQueuePage_SD.user_should_get_the_erroroutput(java.lang.String)&amp#27;[0m
[INFO ]2023-07-18 05:38:13.252 [TestNG-tests-1]LoggerLoad-Test Success
]]></system-out>
  </testcase>
  <testcase name="runScenario[&quot;User checks each of the topics in Graph with invalid python code&quot;, &quot;Optional[Testing queue page]&quot;](98)" classname="dsAlgo_TestRunner.TestRunner" time="0.787">
    <system-out><![CDATA[[INFO ]2023-07-18 05:38:08.940 [TestNG-tests-1]LoggerLoad-inTestStart

@QueuePageTest
Scenario Outline: User checks each of the topics in Graph with invalid python code                                                                                                 &amp#27;[90m# src/test/resources/Features/IQueuePage.feature:31&amp#27;[0m
  &amp#27;[32mWhen &amp#27;[0m&amp#27;[32mThe user select all option &amp#27;[0m&amp#27;[32m&amp#27;[1m"Queue Operations"&amp#27;[0m&amp#27;[32m and Verifies the tryeditor Page with the Invalid python code for each option  &amp#27;[0m&amp#27;[32m&amp#27;[1m"pythoncode"&amp#27;[0m&amp#27;[32m and &amp#27;[0m&amp#27;[32m&amp#27;[1m1&amp#27;[0m&amp#27;[32m  in the queue page&amp#27;[0m &amp#27;[90m# dsAlgo_StepDefinition.IQueuePage_SD.The_user_select_all_option_and_Verifies_the_tryeditor_Page_with_the_Invalid_python_code_for_each_option_string_and_int_in_the_queue_page(java.lang.String,java.lang.String,java.lang.Integer)&amp#27;[0m
  &amp#27;[32mThen &amp#27;[0m&amp#27;[32muser should get the &amp#27;[0m&amp#27;[32m&amp#27;[1m"NameError: name 'prin' is not defined on line 1"&amp#27;[0m&amp#27;[32m on the screen in the queue page&amp#27;[0m                                                             &amp#27;[90m# dsAlgo_StepDefinition.IQueuePage_SD.user_should_get_the_erroroutput(java.lang.String)&amp#27;[0m
[INFO ]2023-07-18 05:38:09.710 [TestNG-tests-2]LoggerLoad-Test Success
]]></system-out>
  </testcase>
  <testcase name="runScenario[&quot;User checks each of the topics in Graph with invalid python code&quot;, &quot;Optional[Testing queue page]&quot;](98)" classname="dsAlgo_TestRunner.TestRunner" time="1.694">
    <system-out><![CDATA[[INFO ]2023-07-18 05:38:16.208 [TestNG-tests-2]LoggerLoad-inTestStart

@TreeTest
Scenario Outline: The user is able to navigate to all options in tree page &amp#27;[90m# src/test/resources/Features/JTreePage.feature:13&amp#27;[0m
  &amp#27;[32mGiven &amp#27;[0m&amp#27;[32mThe user is on the &amp#27;[0m&amp#27;[32m&amp#27;[1m"Tree"&amp#27;[0m&amp#27;[32m tree page after logged in&amp#27;[0m                &amp#27;[90m# dsAlgo_StepDefinition.JTreePage_SD.the_user_is_on_the_page_after_logged_in(java.lang.String)&amp#27;[0m
  &amp#27;[32mWhen &amp#27;[0m&amp#27;[32mThe user select all option &amp#27;[0m&amp#27;[32m&amp#27;[1m"Queue Operations"&amp#27;[0m&amp#27;[32m and Verifies the tryeditor Page with the Invalid python code for each option  &amp#27;[0m&amp#27;[32m&amp#27;[1m"pythoncode"&amp#27;[0m&amp#27;[32m and &amp#27;[0m&amp#27;[32m&amp#27;[1m1&amp#27;[0m&amp#27;[32m  in the queue page&amp#27;[0m &amp#27;[90m# dsAlgo_StepDefinition.IQueuePage_SD.The_user_select_all_option_and_Verifies_the_tryeditor_Page_with_the_Invalid_python_code_for_each_option_string_and_int_in_the_queue_page(java.lang.String,java.lang.String,java.lang.Integer)&amp#27;[0m
  &amp#27;[32mThen &amp#27;[0m&amp#27;[32muser should get the &amp#27;[0m&amp#27;[32m&amp#27;[1m"NameError: name 'prin' is not defined on line 1"&amp#27;[0m&amp#27;[32m on the screen in the queue page&amp#27;[0m                                                             &amp#27;[90m# dsAlgo_StepDefinition.IQueuePage_SD.user_should_get_the_erroroutput(java.lang.String)&amp#27;[0m
[INFO ]2023-07-18 05:38:17.888 [TestNG-tests-1]LoggerLoad-Test Success
]]></system-out>
  </testcase>
  <testcase name="runScenario[&quot;The user is able to navigate to all options in tree page&quot;, &quot;Optional[Test Tree Page]&quot;](99)" classname="dsAlgo_TestRunner.TestRunner" time="2.085">
    <system-out><![CDATA[[INFO ]2023-07-18 05:38:09.772 [TestNG-tests-2]LoggerLoad-inTestStart

@TreeTest
Scenario Outline: The user is able to navigate to all options in tree page &amp#27;[90m# src/test/resources/Features/JTreePage.feature:10&amp#27;[0m
  &amp#27;[32mGiven &amp#27;[0m&amp#27;[32muser clicks the queue getstart link&amp#27;[0m                                                                                                                                        &amp#27;[90m# dsAlgo_StepDefinition.IQueuePage_SD.user_selects_the_queue_getstartitem()&amp#27;[0m
prin("Hello")NameError: name 'prin' is not defined on line 1
  &amp#27;[32mGiven &amp#27;[0m&amp#27;[32mThe user is on the &amp#27;[0m&amp#27;[32m&amp#27;[1m"Tree"&amp#27;[0m&amp#27;[32m tree page after logged in&amp#27;[0m                &amp#27;[90m# dsAlgo_StepDefinition.JTreePage_SD.the_user_is_on_the_page_after_logged_in(java.lang.String)&amp#27;[0m
  &amp#27;[32mWhen &amp#27;[0m&amp#27;[32mThe user clicks &amp#27;[0m&amp#27;[32m&amp#27;[1m"Overview of Trees"&amp#27;[0m&amp#27;[32m button in tree page&amp#27;[0m             &amp#27;[90m# dsAlgo_StepDefinition.JTreePage_SD.the_user_clicks_button_in_stack_page(java.lang.String)&amp#27;[0m
  &amp#27;[32mThen &amp#27;[0m&amp#27;[32mThe user in  &amp#27;[0m&amp#27;[32m&amp#27;[1m"Overview of Trees"&amp#27;[0m&amp#27;[32m page&amp#27;[0m                               &amp#27;[90m# dsAlgo_StepDefinition.FArrayPage_SD.the_user_in_page(java.lang.String)&amp#27;[0m
[INFO ]2023-07-18 05:38:11.794 [TestNG-tests-2]LoggerLoad-Test Success
]]></system-out>
  </testcase>
  <testcase name="runScenario[&quot;The user is able to navigate to all options in tree page&quot;, &quot;Optional[Test Tree Page]&quot;](99)" classname="dsAlgo_TestRunner.TestRunner" time="1.506">
    <system-out><![CDATA[[INFO ]2023-07-18 05:38:18.594 [TestNG-tests-2]LoggerLoad-inTestStart

@TreeTest
Scenario Outline: The user is able to navigate to all options in tree page &amp#27;[90m# src/test/resources/Features/JTreePage.feature:14&amp#27;[0m
  &amp#27;[32mGiven &amp#27;[0m&amp#27;[32mThe user is on the &amp#27;[0m&amp#27;[32m&amp#27;[1m"Tree"&amp#27;[0m&amp#27;[32m tree page after logged in&amp#27;[0m                &amp#27;[90m# dsAlgo_StepDefinition.JTreePage_SD.the_user_is_on_the_page_after_logged_in(java.lang.String)&amp#27;[0m
  &amp#27;[32mGiven &amp#27;[0m&amp#27;[32mThe user is on the &amp#27;[0m&amp#27;[32m&amp#27;[1m"Tree"&amp#27;[0m&amp#27;[32m tree page after logged in&amp#27;[0m                &amp#27;[90m# dsAlgo_StepDefinition.JTreePage_SD.the_user_is_on_the_page_after_logged_in(java.lang.String)&amp#27;[0m
  &amp#27;[32mWhen &amp#27;[0m&amp#27;[32mThe user clicks &amp#27;[0m&amp#27;[32m&amp#27;[1m"Overview of Trees"&amp#27;[0m&amp#27;[32m button in tree page&amp#27;[0m             &amp#27;[90m# dsAlgo_StepDefinition.JTreePage_SD.the_user_clicks_button_in_stack_page(java.lang.String)&amp#27;[0m
  &amp#27;[32mThen &amp#27;[0m&amp#27;[32mThe user in  &amp#27;[0m&amp#27;[32m&amp#27;[1m"Overview of Trees"&amp#27;[0m&amp#27;[32m page&amp#27;[0m                               &amp#27;[90m# dsAlgo_StepDefinition.FArrayPage_SD.the_user_in_page(java.lang.String)&amp#27;[0m
[INFO ]2023-07-18 05:38:20.086 [TestNG-tests-1]LoggerLoad-Test Success
]]></system-out>
  </testcase>
  <testcase name="runScenario[&quot;The user is able to navigate to all options in tree page&quot;, &quot;Optional[Test Tree Page]&quot;](100)" classname="dsAlgo_TestRunner.TestRunner" time="0.767">
    <system-out><![CDATA[[INFO ]2023-07-18 05:38:13.269 [TestNG-tests-1]LoggerLoad-inTestStart

@QueuePageTest
Scenario Outline: User checks each of the topics in Graph with invalid python code                                                                                       &amp#27;[90m# src/test/resources/Features/IQueuePage.feature:32&amp#27;[0m
  &amp#27;[32mWhen &amp#27;[0m&amp#27;[32mThe user clicks &amp#27;[0m&amp#27;[32m&amp#27;[1m"Terminologies"&amp#27;[0m&amp#27;[32m button in tree page&amp#27;[0m                 &amp#27;[90m# dsAlgo_StepDefinition.JTreePage_SD.the_user_clicks_button_in_stack_page(java.lang.String)&amp#27;[0m
  &amp#27;[32mThen &amp#27;[0m&amp#27;[32mThe user in  &amp#27;[0m&amp#27;[32m&amp#27;[1m"Terminologies"&amp#27;[0m&amp#27;[32m page&amp#27;[0m                                   &amp#27;[90m# dsAlgo_StepDefinition.FArrayPage_SD.the_user_in_page(java.lang.String)&amp#27;[0m
[INFO ]2023-07-18 05:38:14.019 [TestNG-tests-2]LoggerLoad-Test Success
]]></system-out>
  </testcase>
  <testcase name="runScenario[&quot;The user is able to navigate to all options in tree page&quot;, &quot;Optional[Test Tree Page]&quot;](100)" classname="dsAlgo_TestRunner.TestRunner" time="1.798">
    <system-out><![CDATA[[INFO ]2023-07-18 05:38:20.805 [TestNG-tests-2]LoggerLoad-inTestStart

@TreeTest
Scenario Outline: The user is able to navigate to all options in tree page &amp#27;[90m# src/test/resources/Features/JTreePage.feature:25&amp#27;[0m
  &amp#27;[32mGiven &amp#27;[0m&amp#27;[32mThe user is on the &amp#27;[0m&amp#27;[32m&amp#27;[1m"Tree"&amp#27;[0m&amp#27;[32m tree page after logged in&amp#27;[0m                &amp#27;[90m# dsAlgo_StepDefinition.JTreePage_SD.the_user_is_on_the_page_after_logged_in(java.lang.String)&amp#27;[0m
  &amp#27;[32mGiven &amp#27;[0m&amp#27;[32mThe user is on the &amp#27;[0m&amp#27;[32m&amp#27;[1m"Tree"&amp#27;[0m&amp#27;[32m tree page after logged in&amp#27;[0m                &amp#27;[90m# dsAlgo_StepDefinition.JTreePage_SD.the_user_is_on_the_page_after_logged_in(java.lang.String)&amp#27;[0m
  &amp#27;[32mWhen &amp#27;[0m&amp#27;[32mThe user clicks &amp#27;[0m&amp#27;[32m&amp#27;[1m"Terminologies"&amp#27;[0m&amp#27;[32m button in tree page&amp#27;[0m                 &amp#27;[90m# dsAlgo_StepDefinition.JTreePage_SD.the_user_clicks_button_in_stack_page(java.lang.String)&amp#27;[0m
  &amp#27;[32mThen &amp#27;[0m&amp#27;[32mThe user in  &amp#27;[0m&amp#27;[32m&amp#27;[1m"Terminologies"&amp#27;[0m&amp#27;[32m page&amp#27;[0m                                   &amp#27;[90m# dsAlgo_StepDefinition.FArrayPage_SD.the_user_in_page(java.lang.String)&amp#27;[0m
[INFO ]2023-07-18 05:38:22.589 [TestNG-tests-1]LoggerLoad-Test Success
]]></system-out>
  </testcase>
  <testcase name="runScenario[&quot;The user is able to navigate to all options in tree page&quot;, &quot;Optional[Test Tree Page]&quot;](101)" classname="dsAlgo_TestRunner.TestRunner" time="2.16">
    <system-out><![CDATA[[INFO ]2023-07-18 05:38:14.044 [TestNG-tests-2]LoggerLoad-inTestStart

@TreeTest
Scenario Outline: The user is able to navigate to all options in tree page &amp#27;[90m# src/test/resources/Features/JTreePage.feature:12&amp#27;[0m
  &amp#27;[32mGiven &amp#27;[0m&amp#27;[32muser clicks the queue getstart link&amp#27;[0m                                                                                                                              &amp#27;[90m# dsAlgo_StepDefinition.IQueuePage_SD.user_selects_the_queue_getstartitem()&amp#27;[0m
prin("Hello")NameError: name 'prin' is not defined on line 1
  &amp#27;[32mGiven &amp#27;[0m&amp#27;[32mThe user is on the &amp#27;[0m&amp#27;[32m&amp#27;[1m"Tree"&amp#27;[0m&amp#27;[32m tree page after logged in&amp#27;[0m                &amp#27;[90m# dsAlgo_StepDefinition.JTreePage_SD.the_user_is_on_the_page_after_logged_in(java.lang.String)&amp#27;[0m
  &amp#27;[32mWhen &amp#27;[0m&amp#27;[32mThe user clicks &amp#27;[0m&amp#27;[32m&amp#27;[1m"Types of Trees"&amp#27;[0m&amp#27;[32m button in tree page&amp#27;[0m                &amp#27;[90m# dsAlgo_StepDefinition.JTreePage_SD.the_user_clicks_button_in_stack_page(java.lang.String)&amp#27;[0m
  &amp#27;[32mThen &amp#27;[0m&amp#27;[32mThe user in  &amp#27;[0m&amp#27;[32m&amp#27;[1m"Types of Trees"&amp#27;[0m&amp#27;[32m page&amp#27;[0m                                  &amp#27;[90m# dsAlgo_StepDefinition.FArrayPage_SD.the_user_in_page(java.lang.String)&amp#27;[0m
[INFO ]2023-07-18 05:38:16.185 [TestNG-tests-2]LoggerLoad-Test Success
]]></system-out>
    <system-err><![CDATA[Cleaning up unclosed ZipFile for archive C:\Users\subas\eclipse-workspace-new\ADsAlgo_Final\src\test\resources\Excel_Register\programdata.xlsx
Cleaning up unclosed ZipFile for archive C:\Users\subas\eclipse-workspace-new\ADsAlgo_Final\src\test\resources\Excel_Register\programdata.xlsx
Cleaning up unclosed ZipFile for archive C:\Users\subas\eclipse-workspace-new\ADsAlgo_Final\src\test\resources\Excel_Register\programdata.xlsx
Cleaning up unclosed ZipFile for archive C:\Users\subas\eclipse-workspace-new\ADsAlgo_Final\src\test\resources\Excel_Register\programdata.xlsx
Cleaning up unclosed ZipFile for archive C:\Users\subas\eclipse-workspace-new\ADsAlgo_Final\src\test\resources\Excel_Register\programdata.xlsx
Cleaning up unclosed ZipFile for archive C:\Users\subas\eclipse-workspace-new\ADsAlgo_Final\src\test\resources\Excel_Register\programdata.xlsx
]]></system-err>
  </testcase>
  <testcase name="runScenario[&quot;The user is able to navigate to all options in tree page&quot;, &quot;Optional[Test Tree Page]&quot;](101)" classname="dsAlgo_TestRunner.TestRunner" time="0.794">
    <system-out><![CDATA[[INFO ]2023-07-18 05:38:24.108 [TestNG-tests-2]LoggerLoad-inTestStart

@TreeTest
Scenario Outline: The user is able to navigate to all options in tree page &amp#27;[90m# src/test/resources/Features/JTreePage.feature:26&amp#27;[0m
  &amp#27;[32mWhen &amp#27;[0m&amp#27;[32mThe user clicks &amp#27;[0m&amp#27;[32m&amp#27;[1m"Types of Trees"&amp#27;[0m&amp#27;[32m button in tree page&amp#27;[0m                &amp#27;[90m# dsAlgo_StepDefinition.JTreePage_SD.the_user_clicks_button_in_stack_page(java.lang.String)&amp#27;[0m
  &amp#27;[32mThen &amp#27;[0m&amp#27;[32mThe user in  &amp#27;[0m&amp#27;[32m&amp#27;[1m"Types of Trees"&amp#27;[0m&amp#27;[32m page&amp#27;[0m                                  &amp#27;[90m# dsAlgo_StepDefinition.FArrayPage_SD.the_user_in_page(java.lang.String)&amp#27;[0m
[INFO ]2023-07-18 05:38:24.885 [TestNG-tests-1]LoggerLoad-Test Success
]]></system-out>
  </testcase>
  <testcase name="runScenario[&quot;The user is able to navigate to all options in tree page&quot;, &quot;Optional[Test Tree Page]&quot;](102)" classname="dsAlgo_TestRunner.TestRunner" time="0.688">
    <system-out><![CDATA[[INFO ]2023-07-18 05:38:17.904 [TestNG-tests-1]LoggerLoad-inTestStart

@TreeTest
Scenario Outline: The user is able to navigate to all options in tree page &amp#27;[90m# src/test/resources/Features/JTreePage.feature:10&amp#27;[0m
  &amp#27;[32mWhen &amp#27;[0m&amp#27;[32mThe user clicks &amp#27;[0m&amp#27;[32m&amp#27;[1m"Tree Traversals"&amp#27;[0m&amp#27;[32m button in tree page&amp#27;[0m               &amp#27;[90m# dsAlgo_StepDefinition.JTreePage_SD.the_user_clicks_button_in_stack_page(java.lang.String)&amp#27;[0m
  &amp#27;[32mThen &amp#27;[0m&amp#27;[32mThe user in  &amp#27;[0m&amp#27;[32m&amp#27;[1m"Tree Traversals"&amp#27;[0m&amp#27;[32m page&amp#27;[0m                                 &amp#27;[90m# dsAlgo_StepDefinition.FArrayPage_SD.the_user_in_page(java.lang.String)&amp#27;[0m
[INFO ]2023-07-18 05:38:18.580 [TestNG-tests-2]LoggerLoad-Test Success
]]></system-out>
  </testcase>
  <testcase name="runScenario[&quot;The user is able to navigate to all options in tree page&quot;, &quot;Optional[Test Tree Page]&quot;](102)" classname="dsAlgo_TestRunner.TestRunner" time="0.695">
    <system-out><![CDATA[[INFO ]2023-07-18 05:38:27.057 [TestNG-tests-2]LoggerLoad-inTestStart

@TreeTest
Scenario Outline: The user is able to navigate to all options in tree page &amp#27;[90m# src/test/resources/Features/JTreePage.feature:27&amp#27;[0m
  &amp#27;[32mWhen &amp#27;[0m&amp#27;[32mThe user clicks &amp#27;[0m&amp#27;[32m&amp#27;[1m"Tree Traversals"&amp#27;[0m&amp#27;[32m button in tree page&amp#27;[0m               &amp#27;[90m# dsAlgo_StepDefinition.JTreePage_SD.the_user_clicks_button_in_stack_page(java.lang.String)&amp#27;[0m
  &amp#27;[32mThen &amp#27;[0m&amp#27;[32mThe user in  &amp#27;[0m&amp#27;[32m&amp#27;[1m"Tree Traversals"&amp#27;[0m&amp#27;[32m page&amp#27;[0m                                 &amp#27;[90m# dsAlgo_StepDefinition.FArrayPage_SD.the_user_in_page(java.lang.String)&amp#27;[0m
[INFO ]2023-07-18 05:38:27.737 [TestNG-tests-1]LoggerLoad-Test Success
]]></system-out>
    <system-err><![CDATA[Cleaning up unclosed ZipFile for archive C:\Users\subas\eclipse-workspace-new\ADsAlgo_Final\src\test\resources\Excel_Register\programdata.xlsx
]]></system-err>
  </testcase>
  <testcase name="runScenario[&quot;The user is able to navigate to all options in tree page&quot;, &quot;Optional[Test Tree Page]&quot;](103)" classname="dsAlgo_TestRunner.TestRunner" time="0.699">
    <system-out><![CDATA[[INFO ]2023-07-18 05:38:20.104 [TestNG-tests-1]LoggerLoad-inTestStart

@TreeTest
Scenario Outline: The user is able to navigate to all options in tree page &amp#27;[90m# src/test/resources/Features/JTreePage.feature:11&amp#27;[0m
  &amp#27;[32mWhen &amp#27;[0m&amp#27;[32mThe user clicks &amp#27;[0m&amp#27;[32m&amp#27;[1m"Traversals-Illustration"&amp#27;[0m&amp#27;[32m button in tree page&amp#27;[0m       &amp#27;[90m# dsAlgo_StepDefinition.JTreePage_SD.the_user_clicks_button_in_stack_page(java.lang.String)&amp#27;[0m
  &amp#27;[32mThen &amp#27;[0m&amp#27;[32mThe user in  &amp#27;[0m&amp#27;[32m&amp#27;[1m"Traversals-Illustration"&amp#27;[0m&amp#27;[32m page&amp#27;[0m                         &amp#27;[90m# dsAlgo_StepDefinition.FArrayPage_SD.the_user_in_page(java.lang.String)&amp#27;[0m
[INFO ]2023-07-18 05:38:20.784 [TestNG-tests-2]LoggerLoad-Test Success
]]></system-out>
  </testcase>
  <testcase name="runScenario[&quot;The user is able to navigate to all options in tree page&quot;, &quot;Optional[Test Tree Page]&quot;](103)" classname="dsAlgo_TestRunner.TestRunner" time="0.642">
    <system-out><![CDATA[[INFO ]2023-07-18 05:38:29.902 [TestNG-tests-2]LoggerLoad-inTestStart

@TreeTest
Scenario Outline: The user is able to navigate to all options in tree page &amp#27;[90m# src/test/resources/Features/JTreePage.feature:28&amp#27;[0m
  &amp#27;[32mWhen &amp#27;[0m&amp#27;[32mThe user clicks &amp#27;[0m&amp#27;[32m&amp#27;[1m"Traversals-Illustration"&amp#27;[0m&amp#27;[32m button in tree page&amp#27;[0m       &amp#27;[90m# dsAlgo_StepDefinition.JTreePage_SD.the_user_clicks_button_in_stack_page(java.lang.String)&amp#27;[0m
  &amp#27;[32mThen &amp#27;[0m&amp#27;[32mThe user in  &amp#27;[0m&amp#27;[32m&amp#27;[1m"Traversals-Illustration"&amp#27;[0m&amp#27;[32m page&amp#27;[0m                         &amp#27;[90m# dsAlgo_StepDefinition.FArrayPage_SD.the_user_in_page(java.lang.String)&amp#27;[0m
[INFO ]2023-07-18 05:38:30.527 [TestNG-tests-1]LoggerLoad-Test Success
]]></system-out>
  </testcase>
  <testcase name="runScenario[&quot;The user is able to navigate to all options in tree page&quot;, &quot;Optional[Test Tree Page]&quot;](104)" classname="dsAlgo_TestRunner.TestRunner" time="1.478">
    <system-out><![CDATA[[INFO ]2023-07-18 05:38:22.633 [TestNG-tests-1]LoggerLoad-inTestStart

@TreeTest
Scenario Outline: The user is able to navigate to all options in tree page &amp#27;[90m# src/test/resources/Features/JTreePage.feature:12&amp#27;[0m
  &amp#27;[32mWhen &amp#27;[0m&amp#27;[32mThe user clicks &amp#27;[0m&amp#27;[32m&amp#27;[1m"Overview of Trees"&amp#27;[0m&amp#27;[32m button in tree page&amp#27;[0m             &amp#27;[90m# dsAlgo_StepDefinition.JTreePage_SD.the_user_clicks_button_in_stack_page(java.lang.String)&amp#27;[0m
  &amp#27;[32mGiven &amp#27;[0m&amp#27;[32mThe user is on the &amp#27;[0m&amp#27;[32m&amp#27;[1m"Tree"&amp#27;[0m&amp#27;[32m tree page after logged in&amp#27;[0m                &amp#27;[90m# dsAlgo_StepDefinition.JTreePage_SD.the_user_is_on_the_page_after_logged_in(java.lang.String)&amp#27;[0m
  &amp#27;[32mAnd &amp#27;[0m&amp#27;[32mThe user clicks tryEditor with a Run button to test on tree page&amp#27;[0m     &amp#27;[90m# dsAlgo_StepDefinition.JTreePage_SD.the_user_clicks_tryEditor_with_a_Run_button_to_test_on_stack_page()&amp#27;[0m
  &amp#27;[32mThen &amp#27;[0m&amp#27;[32mThe user in &amp#27;[0m&amp#27;[32m&amp#27;[1m"tryEditor"&amp#27;[0m&amp#27;[32m page&amp#27;[0m                                        &amp#27;[90m# dsAlgo_StepDefinition.HStackPage_SD.the_user_in_page(java.lang.String)&amp#27;[0m
[INFO ]2023-07-18 05:38:24.091 [TestNG-tests-2]LoggerLoad-Test Success
]]></system-out>
  </testcase>
  <testcase name="runScenario[&quot;The user is able to navigate to all options in tree page&quot;, &quot;Optional[Test Tree Page]&quot;](104)" classname="dsAlgo_TestRunner.TestRunner" time="0.838">
    <system-out><![CDATA[[INFO ]2023-07-18 05:38:33.680 [TestNG-tests-2]LoggerLoad-inTestStart

@TreeTest
Scenario Outline: The user is able to navigate to all options in tree page &amp#27;[90m# src/test/resources/Features/JTreePage.feature:29&amp#27;[0m
  &amp#27;[32mAnd &amp#27;[0m&amp#27;[32mThe user clicks tryEditor with a Run button to test on tree page&amp#27;[0m     &amp#27;[90m# dsAlgo_StepDefinition.JTreePage_SD.the_user_clicks_tryEditor_with_a_Run_button_to_test_on_stack_page()&amp#27;[0m
  &amp#27;[32mThen &amp#27;[0m&amp#27;[32mThe user in &amp#27;[0m&amp#27;[32m&amp#27;[1m"tryEditor"&amp#27;[0m&amp#27;[32m page&amp#27;[0m                                        &amp#27;[90m# dsAlgo_StepDefinition.HStackPage_SD.the_user_in_page(java.lang.String)&amp#27;[0m
[INFO ]2023-07-18 05:38:34.495 [TestNG-tests-1]LoggerLoad-Test Success
]]></system-out>
  </testcase>
  <testcase name="runScenario[&quot;The user is able to navigate to all options in tree page&quot;, &quot;Optional[Test Tree Page]&quot;](105)" classname="dsAlgo_TestRunner.TestRunner" time="2.149">
    <system-out><![CDATA[[INFO ]2023-07-18 05:38:24.903 [TestNG-tests-1]LoggerLoad-inTestStart

@TreeTest
Scenario Outline: The user is able to navigate to all options in tree page &amp#27;[90m# src/test/resources/Features/JTreePage.feature:13&amp#27;[0m
  &amp#27;[32mGiven &amp#27;[0m&amp#27;[32mThe user is on the &amp#27;[0m&amp#27;[32m&amp#27;[1m"Tree"&amp#27;[0m&amp#27;[32m tree page after logged in&amp#27;[0m                &amp#27;[90m# dsAlgo_StepDefinition.JTreePage_SD.the_user_is_on_the_page_after_logged_in(java.lang.String)&amp#27;[0m
  &amp#27;[32mGiven &amp#27;[0m&amp#27;[32mThe user is on the &amp#27;[0m&amp#27;[32m&amp#27;[1m"Tree"&amp#27;[0m&amp#27;[32m tree page after logged in&amp#27;[0m                &amp#27;[90m# dsAlgo_StepDefinition.JTreePage_SD.the_user_is_on_the_page_after_logged_in(java.lang.String)&amp#27;[0m
  &amp#27;[32mWhen &amp#27;[0m&amp#27;[32mThe user clicks &amp#27;[0m&amp#27;[32m&amp#27;[1m"Terminologies"&amp#27;[0m&amp#27;[32m button in tree page&amp#27;[0m                 &amp#27;[90m# dsAlgo_StepDefinition.JTreePage_SD.the_user_clicks_button_in_stack_page(java.lang.String)&amp#27;[0m
  &amp#27;[32mAnd &amp#27;[0m&amp#27;[32mThe user clicks tryEditor with a Run button to test on tree page&amp#27;[0m     &amp#27;[90m# dsAlgo_StepDefinition.JTreePage_SD.the_user_clicks_tryEditor_with_a_Run_button_to_test_on_stack_page()&amp#27;[0m
  &amp#27;[32mThen &amp#27;[0m&amp#27;[32mThe user in &amp#27;[0m&amp#27;[32m&amp#27;[1m"tryEditor"&amp#27;[0m&amp#27;[32m page&amp#27;[0m                                        &amp#27;[90m# dsAlgo_StepDefinition.HStackPage_SD.the_user_in_page(java.lang.String)&amp#27;[0m
[INFO ]2023-07-18 05:38:27.042 [TestNG-tests-2]LoggerLoad-Test Success
]]></system-out>
  </testcase>
  <testcase name="runScenario[&quot;The user is able to navigate to all options in tree page&quot;, &quot;Optional[Test Tree Page]&quot;](105)" classname="dsAlgo_TestRunner.TestRunner" time="0.564">
    <system-out><![CDATA[[INFO ]2023-07-18 05:38:37.512 [TestNG-tests-2]LoggerLoad-inTestStart

@TreeTest
Scenario Outline: The user is able to navigate to all options in tree page &amp#27;[90m# src/test/resources/Features/JTreePage.feature:30&amp#27;[0m
  &amp#27;[32mAnd &amp#27;[0m&amp#27;[32mThe user clicks tryEditor with a Run button to test on tree page&amp#27;[0m     &amp#27;[90m# dsAlgo_StepDefinition.JTreePage_SD.the_user_clicks_tryEditor_with_a_Run_button_to_test_on_stack_page()&amp#27;[0m
  &amp#27;[32mThen &amp#27;[0m&amp#27;[32mThe user in &amp#27;[0m&amp#27;[32m&amp#27;[1m"tryEditor"&amp#27;[0m&amp#27;[32m page&amp#27;[0m                                        &amp#27;[90m# dsAlgo_StepDefinition.HStackPage_SD.the_user_in_page(java.lang.String)&amp#27;[0m
[INFO ]2023-07-18 05:38:38.055 [TestNG-tests-1]LoggerLoad-Test Success
]]></system-out>
  </testcase>
  <testcase name="runScenario[&quot;The user is able to navigate to all options in tree page&quot;, &quot;Optional[Test Tree Page]&quot;](106)" classname="dsAlgo_TestRunner.TestRunner" time="2.145">
    <system-out><![CDATA[[INFO ]2023-07-18 05:38:27.757 [TestNG-tests-1]LoggerLoad-inTestStart

@TreeTest
Scenario Outline: The user is able to navigate to all options in tree page &amp#27;[90m# src/test/resources/Features/JTreePage.feature:14&amp#27;[0m
  &amp#27;[32mGiven &amp#27;[0m&amp#27;[32mThe user is on the &amp#27;[0m&amp#27;[32m&amp#27;[1m"Tree"&amp#27;[0m&amp#27;[32m tree page after logged in&amp#27;[0m                &amp#27;[90m# dsAlgo_StepDefinition.JTreePage_SD.the_user_is_on_the_page_after_logged_in(java.lang.String)&amp#27;[0m
  &amp#27;[32mGiven &amp#27;[0m&amp#27;[32mThe user is on the &amp#27;[0m&amp#27;[32m&amp#27;[1m"Tree"&amp#27;[0m&amp#27;[32m tree page after logged in&amp#27;[0m                &amp#27;[90m# dsAlgo_StepDefinition.JTreePage_SD.the_user_is_on_the_page_after_logged_in(java.lang.String)&amp#27;[0m
  &amp#27;[32mWhen &amp#27;[0m&amp#27;[32mThe user clicks &amp#27;[0m&amp#27;[32m&amp#27;[1m"Types of Trees"&amp#27;[0m&amp#27;[32m button in tree page&amp#27;[0m                &amp#27;[90m# dsAlgo_StepDefinition.JTreePage_SD.the_user_clicks_button_in_stack_page(java.lang.String)&amp#27;[0m
  &amp#27;[32mAnd &amp#27;[0m&amp#27;[32mThe user clicks tryEditor with a Run button to test on tree page&amp#27;[0m     &amp#27;[90m# dsAlgo_StepDefinition.JTreePage_SD.the_user_clicks_tryEditor_with_a_Run_button_to_test_on_stack_page()&amp#27;[0m
  &amp#27;[32mThen &amp#27;[0m&amp#27;[32mThe user in &amp#27;[0m&amp#27;[32m&amp#27;[1m"tryEditor"&amp#27;[0m&amp#27;[32m page&amp#27;[0m                                        &amp#27;[90m# dsAlgo_StepDefinition.HStackPage_SD.the_user_in_page(java.lang.String)&amp#27;[0m
[INFO ]2023-07-18 05:38:29.883 [TestNG-tests-2]LoggerLoad-Test Success
]]></system-out>
  </testcase>
  <testcase name="runScenario[&quot;The user is able to navigate to all options in tree page&quot;, &quot;Optional[Test Tree Page]&quot;](106)" classname="dsAlgo_TestRunner.TestRunner" time="0.67">
    <system-out><![CDATA[[INFO ]2023-07-18 05:38:40.980 [TestNG-tests-2]LoggerLoad-inTestStart

@TreeTest
Scenario Outline: The user is able tree run code in tryEditor                                        &amp#27;[90m# src/test/resources/Features/JTreePage.feature:41&amp#27;[0m
  &amp#27;[32mAnd &amp#27;[0m&amp#27;[32mThe user clicks tryEditor with a Run button to test on tree page&amp#27;[0m     &amp#27;[90m# dsAlgo_StepDefinition.JTreePage_SD.the_user_clicks_tryEditor_with_a_Run_button_to_test_on_stack_page()&amp#27;[0m
  &amp#27;[32mThen &amp#27;[0m&amp#27;[32mThe user in &amp#27;[0m&amp#27;[32m&amp#27;[1m"tryEditor"&amp#27;[0m&amp#27;[32m page&amp#27;[0m                                        &amp#27;[90m# dsAlgo_StepDefinition.HStackPage_SD.the_user_in_page(java.lang.String)&amp#27;[0m
[INFO ]2023-07-18 05:38:41.620 [TestNG-tests-1]LoggerLoad-Test Success
]]></system-out>
  </testcase>
  <testcase name="runScenario[&quot;The user is able to navigate to all options in tree page&quot;, &quot;Optional[Test Tree Page]&quot;](107)" classname="dsAlgo_TestRunner.TestRunner" time="3.122">
    <system-out><![CDATA[[INFO ]2023-07-18 05:38:30.548 [TestNG-tests-1]LoggerLoad-inTestStart

@TreeTest
Scenario Outline: The user is able to navigate to all options in tree page &amp#27;[90m# src/test/resources/Features/JTreePage.feature:25&amp#27;[0m
  &amp#27;[32mGiven &amp#27;[0m&amp#27;[32mThe user is on the &amp#27;[0m&amp#27;[32m&amp#27;[1m"Tree"&amp#27;[0m&amp#27;[32m tree page after logged in&amp#27;[0m                &amp#27;[90m# dsAlgo_StepDefinition.JTreePage_SD.the_user_is_on_the_page_after_logged_in(java.lang.String)&amp#27;[0m
  &amp#27;[32mGiven &amp#27;[0m&amp#27;[32mThe user is on the &amp#27;[0m&amp#27;[32m&amp#27;[1m"Tree"&amp#27;[0m&amp#27;[32m tree page after logged in&amp#27;[0m                &amp#27;[90m# dsAlgo_StepDefinition.JTreePage_SD.the_user_is_on_the_page_after_logged_in(java.lang.String)&amp#27;[0m
  &amp#27;[32mWhen &amp#27;[0m&amp#27;[32mThe user clicks &amp#27;[0m&amp#27;[32m&amp#27;[1m"Tree Traversals"&amp#27;[0m&amp#27;[32m button in tree page&amp#27;[0m               &amp#27;[90m# dsAlgo_StepDefinition.JTreePage_SD.the_user_clicks_button_in_stack_page(java.lang.String)&amp#27;[0m
  &amp#27;[32mWhen &amp#27;[0m&amp#27;[32mThe user clicks &amp#27;[0m&amp#27;[32m&amp#27;[1m"Overview of Trees"&amp#27;[0m&amp#27;[32m button in tree page&amp#27;[0m             &amp#27;[90m# dsAlgo_StepDefinition.JTreePage_SD.the_user_clicks_button_in_stack_page(java.lang.String)&amp#27;[0m
  &amp#27;[32mAnd &amp#27;[0m&amp#27;[32mThe user clicks tryEditor with a Run button to test on tree page&amp#27;[0m     &amp#27;[90m# dsAlgo_StepDefinition.JTreePage_SD.the_user_clicks_tryEditor_with_a_Run_button_to_test_on_stack_page()&amp#27;[0m
  &amp#27;[32mThen &amp#27;[0m&amp#27;[32mThe user in &amp#27;[0m&amp#27;[32m&amp#27;[1m"tryEditor"&amp#27;[0m&amp#27;[32m page&amp#27;[0m                                        &amp#27;[90m# dsAlgo_StepDefinition.HStackPage_SD.the_user_in_page(java.lang.String)&amp#27;[0m
[INFO ]2023-07-18 05:38:33.654 [TestNG-tests-2]LoggerLoad-Test Success
]]></system-out>
  </testcase>
  <testcase name="runScenario[&quot;The user is able to navigate to all options in tree page&quot;, &quot;Optional[Test Tree Page]&quot;](107)" classname="dsAlgo_TestRunner.TestRunner" time="0.886">
    <system-out><![CDATA[[INFO ]2023-07-18 05:38:44.518 [TestNG-tests-2]LoggerLoad-inTestStart

@TreeTest
Scenario Outline: The user is able tree run code in tryEditor                                    &amp#27;[90m# src/test/resources/Features/JTreePage.feature:42&amp#27;[0m
  &amp#27;[32mAnd &amp#27;[0m&amp#27;[32mThe user clicks tryEditor with a Run button to test on tree page&amp#27;[0m     &amp#27;[90m# dsAlgo_StepDefinition.JTreePage_SD.the_user_clicks_tryEditor_with_a_Run_button_to_test_on_stack_page()&amp#27;[0m
  &amp#27;[32mThen &amp#27;[0m&amp#27;[32mThe user in &amp#27;[0m&amp#27;[32m&amp#27;[1m"tryEditor"&amp#27;[0m&amp#27;[32m page&amp#27;[0m                                        &amp#27;[90m# dsAlgo_StepDefinition.HStackPage_SD.the_user_in_page(java.lang.String)&amp#27;[0m
[INFO ]2023-07-18 05:38:45.389 [TestNG-tests-1]LoggerLoad-Test Success
]]></system-out>
  </testcase>
  <testcase name="runScenario[&quot;The user is able to navigate to all options in tree page&quot;, &quot;Optional[Test Tree Page]&quot;](108)" classname="dsAlgo_TestRunner.TestRunner" time="2.996">
    <system-out><![CDATA[[INFO ]2023-07-18 05:38:34.513 [TestNG-tests-1]LoggerLoad-inTestStart

@TreeTest
Scenario Outline: The user is able to navigate to all options in tree page &amp#27;[90m# src/test/resources/Features/JTreePage.feature:26&amp#27;[0m
  &amp#27;[32mGiven &amp#27;[0m&amp#27;[32mThe user is on the &amp#27;[0m&amp#27;[32m&amp#27;[1m"Tree"&amp#27;[0m&amp#27;[32m tree page after logged in&amp#27;[0m                &amp#27;[90m# dsAlgo_StepDefinition.JTreePage_SD.the_user_is_on_the_page_after_logged_in(java.lang.String)&amp#27;[0m
  &amp#27;[32mGiven &amp#27;[0m&amp#27;[32mThe user is on the &amp#27;[0m&amp#27;[32m&amp#27;[1m"Tree"&amp#27;[0m&amp#27;[32m tree page after logged in&amp#27;[0m                &amp#27;[90m# dsAlgo_StepDefinition.JTreePage_SD.the_user_is_on_the_page_after_logged_in(java.lang.String)&amp#27;[0m
  &amp#27;[32mWhen &amp#27;[0m&amp#27;[32mThe user clicks &amp#27;[0m&amp#27;[32m&amp#27;[1m"Traversals-Illustration"&amp#27;[0m&amp#27;[32m button in tree page&amp#27;[0m       &amp#27;[90m# dsAlgo_StepDefinition.JTreePage_SD.the_user_clicks_button_in_stack_page(java.lang.String)&amp#27;[0m
  &amp#27;[32mWhen &amp#27;[0m&amp#27;[32mThe user clicks &amp#27;[0m&amp#27;[32m&amp#27;[1m"Terminologies"&amp#27;[0m&amp#27;[32m button in tree page&amp#27;[0m                 &amp#27;[90m# dsAlgo_StepDefinition.JTreePage_SD.the_user_clicks_button_in_stack_page(java.lang.String)&amp#27;[0m
  &amp#27;[32mAnd &amp#27;[0m&amp#27;[32mThe user clicks tryEditor with a Run button to test on tree page&amp#27;[0m     &amp#27;[90m# dsAlgo_StepDefinition.JTreePage_SD.the_user_clicks_tryEditor_with_a_Run_button_to_test_on_stack_page()&amp#27;[0m
  &amp#27;[32mThen &amp#27;[0m&amp#27;[32mThe user in &amp#27;[0m&amp#27;[32m&amp#27;[1m"tryEditor"&amp#27;[0m&amp#27;[32m page&amp#27;[0m                                        &amp#27;[90m# dsAlgo_StepDefinition.HStackPage_SD.the_user_in_page(java.lang.String)&amp#27;[0m
[INFO ]2023-07-18 05:38:37.453 [TestNG-tests-2]LoggerLoad-Test Success
]]></system-out>
  </testcase>
  <testcase name="runScenario[&quot;The user is able to navigate to all options in tree page&quot;, &quot;Optional[Test Tree Page]&quot;](108)" classname="dsAlgo_TestRunner.TestRunner" time="1.124">
    <system-out><![CDATA[[INFO ]2023-07-18 05:38:47.627 [TestNG-tests-2]LoggerLoad-inTestStart

@TreeTest
Scenario Outline: The user is able tree run code in tryEditor                                     &amp#27;[90m# src/test/resources/Features/JTreePage.feature:43&amp#27;[0m
  &amp#27;[32mWhen &amp#27;[0m&amp#27;[32mThe user clicks &amp#27;[0m&amp#27;[32m&amp#27;[1m"Traversals-Illustration"&amp#27;[0m&amp#27;[32m button in tree page&amp#27;[0m       &amp#27;[90m# dsAlgo_StepDefinition.JTreePage_SD.the_user_clicks_button_in_stack_page(java.lang.String)&amp#27;[0m
  &amp#27;[32mAnd &amp#27;[0m&amp#27;[32mThe user clicks tryEditor with a Run button to test on tree page&amp#27;[0m     &amp#27;[90m# dsAlgo_StepDefinition.JTreePage_SD.the_user_clicks_tryEditor_with_a_Run_button_to_test_on_stack_page()&amp#27;[0m
  &amp#27;[32mThen &amp#27;[0m&amp#27;[32mThe user in &amp#27;[0m&amp#27;[32m&amp#27;[1m"tryEditor"&amp#27;[0m&amp#27;[32m page&amp#27;[0m                                        &amp#27;[90m# dsAlgo_StepDefinition.HStackPage_SD.the_user_in_page(java.lang.String)&amp#27;[0m
[INFO ]2023-07-18 05:38:48.730 [TestNG-tests-1]LoggerLoad-Test Success
]]></system-out>
  </testcase>
  <testcase name="runScenario[&quot;The user is able to navigate to all options in tree page&quot;, &quot;Optional[Test Tree Page]&quot;](109)" classname="dsAlgo_TestRunner.TestRunner" time="2.883">
    <system-out><![CDATA[[INFO ]2023-07-18 05:38:38.086 [TestNG-tests-1]LoggerLoad-inTestStart

@TreeTest
Scenario Outline: The user is able to navigate to all options in tree page &amp#27;[90m# src/test/resources/Features/JTreePage.feature:27&amp#27;[0m
  &amp#27;[32mGiven &amp#27;[0m&amp#27;[32mThe user is on the &amp#27;[0m&amp#27;[32m&amp#27;[1m"Tree"&amp#27;[0m&amp#27;[32m tree page after logged in&amp#27;[0m                &amp#27;[90m# dsAlgo_StepDefinition.JTreePage_SD.the_user_is_on_the_page_after_logged_in(java.lang.String)&amp#27;[0m
  &amp#27;[32mGiven &amp#27;[0m&amp#27;[32mThe user is on the &amp#27;[0m&amp#27;[32m&amp#27;[1m"Tree"&amp#27;[0m&amp#27;[32m tree page after logged in&amp#27;[0m                &amp#27;[90m# dsAlgo_StepDefinition.JTreePage_SD.the_user_is_on_the_page_after_logged_in(java.lang.String)&amp#27;[0m
  &amp#27;[32mWhen &amp#27;[0m&amp#27;[32mThe user clicks &amp#27;[0m&amp#27;[32m&amp#27;[1m"Binary Trees"&amp#27;[0m&amp#27;[32m button in tree page&amp#27;[0m                  &amp#27;[90m# dsAlgo_StepDefinition.JTreePage_SD.the_user_clicks_button_in_stack_page(java.lang.String)&amp#27;[0m
  &amp#27;[32mWhen &amp#27;[0m&amp#27;[32mThe user clicks &amp#27;[0m&amp#27;[32m&amp#27;[1m"Types of Trees"&amp#27;[0m&amp#27;[32m button in tree page&amp#27;[0m                &amp#27;[90m# dsAlgo_StepDefinition.JTreePage_SD.the_user_clicks_button_in_stack_page(java.lang.String)&amp#27;[0m
  &amp#27;[32mAnd &amp#27;[0m&amp#27;[32mThe user clicks tryEditor with a Run button to test on tree page&amp#27;[0m     &amp#27;[90m# dsAlgo_StepDefinition.JTreePage_SD.the_user_clicks_tryEditor_with_a_Run_button_to_test_on_stack_page()&amp#27;[0m
  &amp#27;[32mThen &amp#27;[0m&amp#27;[32mThe user in &amp#27;[0m&amp#27;[32m&amp#27;[1m"tryEditor"&amp#27;[0m&amp#27;[32m page&amp#27;[0m                                        &amp#27;[90m# dsAlgo_StepDefinition.HStackPage_SD.the_user_in_page(java.lang.String)&amp#27;[0m
[INFO ]2023-07-18 05:38:40.946 [TestNG-tests-2]LoggerLoad-Test Success
]]></system-out>
  </testcase>
  <testcase name="runScenario[&quot;The user is able to navigate to all options in tree page&quot;, &quot;Optional[Test Tree Page]&quot;](109)" classname="dsAlgo_TestRunner.TestRunner" time="1.517">
    <system-out><![CDATA[[INFO ]2023-07-18 05:38:50.565 [TestNG-tests-2]LoggerLoad-inTestStart

@TreeTest
Scenario Outline: The user is able tree run code in tryEditor                                      &amp#27;[90m# src/test/resources/Features/JTreePage.feature:44&amp#27;[0m
  &amp#27;[32mWhen &amp#27;[0m&amp#27;[32mThe user clicks &amp#27;[0m&amp#27;[32m&amp#27;[1m"Binary Trees"&amp#27;[0m&amp#27;[32m button in tree page&amp#27;[0m                  &amp#27;[90m# dsAlgo_StepDefinition.JTreePage_SD.the_user_clicks_button_in_stack_page(java.lang.String)&amp#27;[0m
  &amp#27;[32mAnd &amp#27;[0m&amp#27;[32mThe user clicks tryEditor with a Run button to test on tree page&amp#27;[0m     &amp#27;[90m# dsAlgo_StepDefinition.JTreePage_SD.the_user_clicks_tryEditor_with_a_Run_button_to_test_on_stack_page()&amp#27;[0m
  &amp#27;[32mThen &amp#27;[0m&amp#27;[32mThe user in &amp#27;[0m&amp#27;[32m&amp#27;[1m"tryEditor"&amp#27;[0m&amp#27;[32m page&amp#27;[0m                                        &amp#27;[90m# dsAlgo_StepDefinition.HStackPage_SD.the_user_in_page(java.lang.String)&amp#27;[0m
[INFO ]2023-07-18 05:38:52.068 [TestNG-tests-1]LoggerLoad-Test Success
]]></system-out>
  </testcase>
  <testcase name="runScenario[&quot;The user is able tree run code in tryEditor&quot;, &quot;Optional[Test Tree Page]&quot;](110)" classname="dsAlgo_TestRunner.TestRunner" time="2.872">
    <system-out><![CDATA[[INFO ]2023-07-18 05:38:41.645 [TestNG-tests-1]LoggerLoad-inTestStart

@TreeTest
Scenario Outline: The user is able to navigate to all options in tree page &amp#27;[90m# src/test/resources/Features/JTreePage.feature:28&amp#27;[0m
  &amp#27;[32mGiven &amp#27;[0m&amp#27;[32mThe user is on the &amp#27;[0m&amp#27;[32m&amp#27;[1m"Tree"&amp#27;[0m&amp#27;[32m tree page after logged in&amp#27;[0m                &amp#27;[90m# dsAlgo_StepDefinition.JTreePage_SD.the_user_is_on_the_page_after_logged_in(java.lang.String)&amp#27;[0m
  &amp#27;[32mGiven &amp#27;[0m&amp#27;[32mThe user is in a &amp#27;[0m&amp#27;[32m&amp#27;[1m"Overview of Trees"&amp#27;[0m&amp#27;[32m tree page having an tryEditor with a Run button to test&amp#27;[0m &amp#27;[90m# dsAlgo_StepDefinition.JTreePage_SD.the_user_is_in_a_page_having_an_try_editor_with_a_run_button_to_test(java.lang.String)&amp#27;[0m
  &amp#27;[32mWhen &amp#27;[0m&amp#27;[32mThe user enter valid python code in tree tryEditor from sheet &amp#27;[0m&amp#27;[32m&amp#27;[1m"pythoncode"&amp#27;[0m&amp#27;[32m and &amp#27;[0m&amp#27;[32m&amp#27;[1m0&amp#27;[0m              &amp#27;[90m# dsAlgo_StepDefinition.JTreePage_SD.the_user_enter_valid_python_code_in_stack_try_editor_from_sheet_and(java.lang.String,java.lang.Integer)&amp#27;[0m
  &amp#27;[32mWhen &amp#27;[0m&amp#27;[32mThe user clicks &amp#27;[0m&amp#27;[32m&amp#27;[1m"Tree Traversals"&amp#27;[0m&amp#27;[32m button in tree page&amp#27;[0m               &amp#27;[90m# dsAlgo_StepDefinition.JTreePage_SD.the_user_clicks_button_in_stack_page(java.lang.String)&amp#27;[0m
  &amp#27;[32mAnd &amp#27;[0m&amp#27;[32mThe user clicks on tree run button&amp#27;[0m                                                             &amp#27;[90m# dsAlgo_StepDefinition.JTreePage_SD.the_user_clicks_on_run_button()&amp#27;[0m
  &amp#27;[32mThen &amp#27;[0m&amp#27;[32mThe user should be presented with Run result of tree&amp#27;[0m                                          &amp#27;[90m# dsAlgo_StepDefinition.JTreePage_SD.the_user_should_be_presented_with_run_result()&amp#27;[0m
[INFO ]2023-07-18 05:38:44.506 [TestNG-tests-2]LoggerLoad-Test Success
]]></system-out>
  </testcase>
  <testcase name="runScenario[&quot;The user is able tree run code in tryEditor&quot;, &quot;Optional[Test Tree Page]&quot;](110)" classname="dsAlgo_TestRunner.TestRunner" time="1.674">
    <system-out><![CDATA[[INFO ]2023-07-18 05:38:53.954 [TestNG-tests-2]LoggerLoad-inTestStart

@TreeTest
Scenario Outline: The user is able tree run code in tryEditor                                              &amp#27;[90m# src/test/resources/Features/JTreePage.feature:45&amp#27;[0m
  &amp#27;[32mGiven &amp#27;[0m&amp#27;[32mThe user is in a &amp#27;[0m&amp#27;[32m&amp#27;[1m"Overview of Trees"&amp#27;[0m&amp#27;[32m tree page having an tryEditor with a Run button to test&amp#27;[0m &amp#27;[90m# dsAlgo_StepDefinition.JTreePage_SD.the_user_is_in_a_page_having_an_try_editor_with_a_run_button_to_test(java.lang.String)&amp#27;[0m
  &amp#27;[32mWhen &amp#27;[0m&amp#27;[32mThe user enter valid python code in tree tryEditor from sheet &amp#27;[0m&amp#27;[32m&amp#27;[1m"pythoncode"&amp#27;[0m&amp#27;[32m and &amp#27;[0m&amp#27;[32m&amp#27;[1m0&amp#27;[0m              &amp#27;[90m# dsAlgo_StepDefinition.JTreePage_SD.the_user_enter_valid_python_code_in_stack_try_editor_from_sheet_and(java.lang.String,java.lang.Integer)&amp#27;[0m
  &amp#27;[32mAnd &amp#27;[0m&amp#27;[32mThe user clicks on tree run button&amp#27;[0m                                                             &amp#27;[90m# dsAlgo_StepDefinition.JTreePage_SD.the_user_clicks_on_run_button()&amp#27;[0m
  &amp#27;[32mThen &amp#27;[0m&amp#27;[32mThe user should be presented with Run result of tree&amp#27;[0m                                          &amp#27;[90m# dsAlgo_StepDefinition.JTreePage_SD.the_user_should_be_presented_with_run_result()&amp#27;[0m
[INFO ]2023-07-18 05:38:55.614 [TestNG-tests-1]LoggerLoad-Test Success
]]></system-out>
    <system-err><![CDATA[Cleaning up unclosed ZipFile for archive C:\Users\subas\eclipse-workspace-new\ADsAlgo_Final\src\test\resources\Excel_Register\programdata.xlsx
Cleaning up unclosed ZipFile for archive C:\Users\subas\eclipse-workspace-new\ADsAlgo_Final\src\test\resources\Excel_Register\programdata.xlsx
Cleaning up unclosed ZipFile for archive C:\Users\subas\eclipse-workspace-new\ADsAlgo_Final\src\test\resources\Excel_Register\programdata.xlsx
Cleaning up unclosed ZipFile for archive C:\Users\subas\eclipse-workspace-new\ADsAlgo_Final\src\test\resources\Excel_Register\programdata.xlsx
]]></system-err>
  </testcase>
  <testcase name="runScenario[&quot;The user is able tree run code in tryEditor&quot;, &quot;Optional[Test Tree Page]&quot;](111)" classname="dsAlgo_TestRunner.TestRunner" time="2.211">
    <system-out><![CDATA[[INFO ]2023-07-18 05:38:45.411 [TestNG-tests-1]LoggerLoad-inTestStart

@TreeTest
Scenario Outline: The user is able to navigate to all options in tree page &amp#27;[90m# src/test/resources/Features/JTreePage.feature:29&amp#27;[0m
  &amp#27;[32mGiven &amp#27;[0m&amp#27;[32mThe user is on the &amp#27;[0m&amp#27;[32m&amp#27;[1m"Tree"&amp#27;[0m&amp#27;[32m tree page after logged in&amp#27;[0m                &amp#27;[90m# dsAlgo_StepDefinition.JTreePage_SD.the_user_is_on_the_page_after_logged_in(java.lang.String)&amp#27;[0m
  &amp#27;[32mGiven &amp#27;[0m&amp#27;[32mThe user is in a &amp#27;[0m&amp#27;[32m&amp#27;[1m"Terminologies"&amp#27;[0m&amp#27;[32m tree page having an tryEditor with a Run button to test&amp#27;[0m &amp#27;[90m# dsAlgo_StepDefinition.JTreePage_SD.the_user_is_in_a_page_having_an_try_editor_with_a_run_button_to_test(java.lang.String)&amp#27;[0m
  &amp#27;[32mWhen &amp#27;[0m&amp#27;[32mThe user enter valid python code in tree tryEditor from sheet &amp#27;[0m&amp#27;[32m&amp#27;[1m"pythoncode"&amp#27;[0m&amp#27;[32m and &amp#27;[0m&amp#27;[32m&amp#27;[1m0&amp#27;[0m          &amp#27;[90m# dsAlgo_StepDefinition.JTreePage_SD.the_user_enter_valid_python_code_in_stack_try_editor_from_sheet_and(java.lang.String,java.lang.Integer)&amp#27;[0m
  &amp#27;[32mAnd &amp#27;[0m&amp#27;[32mThe user clicks on tree run button&amp#27;[0m                                                         &amp#27;[90m# dsAlgo_StepDefinition.JTreePage_SD.the_user_clicks_on_run_button()&amp#27;[0m
  &amp#27;[32mThen &amp#27;[0m&amp#27;[32mThe user should be presented with Run result of tree&amp#27;[0m                                      &amp#27;[90m# dsAlgo_StepDefinition.JTreePage_SD.the_user_should_be_presented_with_run_result()&amp#27;[0m
[INFO ]2023-07-18 05:38:47.611 [TestNG-tests-2]LoggerLoad-Test Success
]]></system-out>
  </testcase>
  <testcase name="runScenario[&quot;The user is able tree run code in tryEditor&quot;, &quot;Optional[Test Tree Page]&quot;](111)" classname="dsAlgo_TestRunner.TestRunner" time="1.99">
    <system-out><![CDATA[[INFO ]2023-07-18 05:38:57.285 [TestNG-tests-2]LoggerLoad-inTestStart

@TreeTest
Scenario Outline: The user is able tree run code in tryEditor                                   &amp#27;[90m# src/test/resources/Features/JTreePage.feature:46&amp#27;[0m
  &amp#27;[32mGiven &amp#27;[0m&amp#27;[32mThe user is in a &amp#27;[0m&amp#27;[32m&amp#27;[1m"Terminologies"&amp#27;[0m&amp#27;[32m tree page having an tryEditor with a Run button to test&amp#27;[0m &amp#27;[90m# dsAlgo_StepDefinition.JTreePage_SD.the_user_is_in_a_page_having_an_try_editor_with_a_run_button_to_test(java.lang.String)&amp#27;[0m
  &amp#27;[32mWhen &amp#27;[0m&amp#27;[32mThe user enter valid python code in tree tryEditor from sheet &amp#27;[0m&amp#27;[32m&amp#27;[1m"pythoncode"&amp#27;[0m&amp#27;[32m and &amp#27;[0m&amp#27;[32m&amp#27;[1m0&amp#27;[0m          &amp#27;[90m# dsAlgo_StepDefinition.JTreePage_SD.the_user_enter_valid_python_code_in_stack_try_editor_from_sheet_and(java.lang.String,java.lang.Integer)&amp#27;[0m
  &amp#27;[32mAnd &amp#27;[0m&amp#27;[32mThe user clicks on tree run button&amp#27;[0m                                                         &amp#27;[90m# dsAlgo_StepDefinition.JTreePage_SD.the_user_clicks_on_run_button()&amp#27;[0m
  &amp#27;[32mThen &amp#27;[0m&amp#27;[32mThe user should be presented with Run result of tree&amp#27;[0m                                      &amp#27;[90m# dsAlgo_StepDefinition.JTreePage_SD.the_user_should_be_presented_with_run_result()&amp#27;[0m
[INFO ]2023-07-18 05:38:59.264 [TestNG-tests-1]LoggerLoad-Test Success
]]></system-out>
  </testcase>
  <testcase name="runScenario[&quot;The user is able tree run code in tryEditor&quot;, &quot;Optional[Test Tree Page]&quot;](112)" classname="dsAlgo_TestRunner.TestRunner" time="1.812">
    <system-out><![CDATA[[INFO ]2023-07-18 05:38:48.753 [TestNG-tests-1]LoggerLoad-inTestStart

@TreeTest
Scenario Outline: The user is able to navigate to all options in tree page &amp#27;[90m# src/test/resources/Features/JTreePage.feature:30&amp#27;[0m
  &amp#27;[32mGiven &amp#27;[0m&amp#27;[32mThe user is in a &amp#27;[0m&amp#27;[32m&amp#27;[1m"Types of Trees"&amp#27;[0m&amp#27;[32m tree page having an tryEditor with a Run button to test&amp#27;[0m &amp#27;[90m# dsAlgo_StepDefinition.JTreePage_SD.the_user_is_in_a_page_having_an_try_editor_with_a_run_button_to_test(java.lang.String)&amp#27;[0m
  &amp#27;[32mGiven &amp#27;[0m&amp#27;[32mThe user is on the &amp#27;[0m&amp#27;[32m&amp#27;[1m"Tree"&amp#27;[0m&amp#27;[32m tree page after logged in&amp#27;[0m                &amp#27;[90m# dsAlgo_StepDefinition.JTreePage_SD.the_user_is_on_the_page_after_logged_in(java.lang.String)&amp#27;[0m
  &amp#27;[32mWhen &amp#27;[0m&amp#27;[32mThe user enter valid python code in tree tryEditor from sheet &amp#27;[0m&amp#27;[32m&amp#27;[1m"pythoncode"&amp#27;[0m&amp#27;[32m and &amp#27;[0m&amp#27;[32m&amp#27;[1m0&amp#27;[0m           &amp#27;[90m# dsAlgo_StepDefinition.JTreePage_SD.the_user_enter_valid_python_code_in_stack_try_editor_from_sheet_and(java.lang.String,java.lang.Integer)&amp#27;[0m
  &amp#27;[32mAnd &amp#27;[0m&amp#27;[32mThe user clicks on tree run button&amp#27;[0m                                                          &amp#27;[90m# dsAlgo_StepDefinition.JTreePage_SD.the_user_clicks_on_run_button()&amp#27;[0m
  &amp#27;[32mThen &amp#27;[0m&amp#27;[32mThe user should be presented with Run result of tree&amp#27;[0m                                       &amp#27;[90m# dsAlgo_StepDefinition.JTreePage_SD.the_user_should_be_presented_with_run_result()&amp#27;[0m
[INFO ]2023-07-18 05:38:50.554 [TestNG-tests-2]LoggerLoad-Test Success
]]></system-out>
  </testcase>
  <testcase name="runScenario[&quot;The user is able tree run code in tryEditor&quot;, &quot;Optional[Test Tree Page]&quot;](112)" classname="dsAlgo_TestRunner.TestRunner" time="2.415">
    <system-out><![CDATA[[INFO ]2023-07-18 05:39:00.483 [TestNG-tests-2]LoggerLoad-inTestStart

@TreeTest
Scenario Outline: The user is able run code in tryEditor                                              &amp#27;[90m# src/test/resources/Features/JTreePage.feature:55&amp#27;[0m
  &amp#27;[32mGiven &amp#27;[0m&amp#27;[32mThe user is in a &amp#27;[0m&amp#27;[32m&amp#27;[1m"Types of Trees"&amp#27;[0m&amp#27;[32m tree page having an tryEditor with a Run button to test&amp#27;[0m &amp#27;[90m# dsAlgo_StepDefinition.JTreePage_SD.the_user_is_in_a_page_having_an_try_editor_with_a_run_button_to_test(java.lang.String)&amp#27;[0m
  &amp#27;[32mWhen &amp#27;[0m&amp#27;[32mThe user enter valid python code in tree tryEditor from sheet &amp#27;[0m&amp#27;[32m&amp#27;[1m"pythoncode"&amp#27;[0m&amp#27;[32m and &amp#27;[0m&amp#27;[32m&amp#27;[1m0&amp#27;[0m           &amp#27;[90m# dsAlgo_StepDefinition.JTreePage_SD.the_user_enter_valid_python_code_in_stack_try_editor_from_sheet_and(java.lang.String,java.lang.Integer)&amp#27;[0m
  &amp#27;[32mGiven &amp#27;[0m&amp#27;[32mThe user is in a &amp#27;[0m&amp#27;[32m&amp#27;[1m"Overview of Trees"&amp#27;[0m&amp#27;[32m tree page having an tryEditor with a Run button to test&amp#27;[0m  &amp#27;[90m# dsAlgo_StepDefinition.JTreePage_SD.the_user_is_in_a_page_having_an_try_editor_with_a_run_button_to_test(java.lang.String)&amp#27;[0m
  &amp#27;[32mAnd &amp#27;[0m&amp#27;[32mThe user clicks on tree run button&amp#27;[0m                                                          &amp#27;[90m# dsAlgo_StepDefinition.JTreePage_SD.the_user_clicks_on_run_button()&amp#27;[0m
  &amp#27;[32mWhen &amp#27;[0m&amp#27;[32mThe user enter python code with invalid syntax in tree tryEditor from sheet &amp#27;[0m&amp#27;[32m&amp#27;[1m"pythoncode"&amp#27;[0m&amp#27;[32m and &amp#27;[0m&amp#27;[32m&amp#27;[1m1&amp#27;[0m &amp#27;[90m# dsAlgo_StepDefinition.JTreePage_SD.the_user_enter_python_code_with_invalid_syntax_in_try_editor_from_sheet_and(java.lang.String,java.lang.Integer)&amp#27;[0m
  &amp#27;[32mThen &amp#27;[0m&amp#27;[32mThe user should be presented with Run result of tree&amp#27;[0m                                       &amp#27;[90m# dsAlgo_StepDefinition.JTreePage_SD.the_user_should_be_presented_with_run_result()&amp#27;[0m
[INFO ]2023-07-18 05:39:02.889 [TestNG-tests-1]LoggerLoad-Test Success
]]></system-out>
  </testcase>
  <testcase name="runScenario[&quot;The user is able tree run code in tryEditor&quot;, &quot;Optional[Test Tree Page]&quot;](113)" classname="dsAlgo_TestRunner.TestRunner" time="1.864">
    <system-out><![CDATA[[INFO ]2023-07-18 05:38:52.092 [TestNG-tests-1]LoggerLoad-inTestStart

@TreeTest
Scenario Outline: The user is able tree run code in tryEditor                                        &amp#27;[90m# src/test/resources/Features/JTreePage.feature:41&amp#27;[0m
  &amp#27;[32mGiven &amp#27;[0m&amp#27;[32mThe user is in a &amp#27;[0m&amp#27;[32m&amp#27;[1m"Tree Traversals"&amp#27;[0m&amp#27;[32m tree page having an tryEditor with a Run button to test&amp#27;[0m &amp#27;[90m# dsAlgo_StepDefinition.JTreePage_SD.the_user_is_in_a_page_having_an_try_editor_with_a_run_button_to_test(java.lang.String)&amp#27;[0m
  &amp#27;[32mWhen &amp#27;[0m&amp#27;[32mThe user enter valid python code in tree tryEditor from sheet &amp#27;[0m&amp#27;[32m&amp#27;[1m"pythoncode"&amp#27;[0m&amp#27;[32m and &amp#27;[0m&amp#27;[32m&amp#27;[1m0&amp#27;[0m            &amp#27;[90m# dsAlgo_StepDefinition.JTreePage_SD.the_user_enter_valid_python_code_in_stack_try_editor_from_sheet_and(java.lang.String,java.lang.Integer)&amp#27;[0m
  &amp#27;[32mAnd &amp#27;[0m&amp#27;[32mThe user clicks on tree run button&amp#27;[0m                                                           &amp#27;[90m# dsAlgo_StepDefinition.JTreePage_SD.the_user_clicks_on_run_button()&amp#27;[0m
  &amp#27;[32mThen &amp#27;[0m&amp#27;[32mThe user should be presented with Run result of tree&amp#27;[0m                                        &amp#27;[90m# dsAlgo_StepDefinition.JTreePage_SD.the_user_should_be_presented_with_run_result()&amp#27;[0m
[INFO ]2023-07-18 05:38:53.936 [TestNG-tests-2]LoggerLoad-Test Success
]]></system-out>
  </testcase>
  <testcase name="runScenario[&quot;The user is able tree run code in tryEditor&quot;, &quot;Optional[Test Tree Page]&quot;](113)" classname="dsAlgo_TestRunner.TestRunner" time="1.134">
    <system-out><![CDATA[[INFO ]2023-07-18 05:39:06.533 [TestNG-tests-2]LoggerLoad-inTestStart

@TreeTest
Scenario Outline: The user is able run code in tryEditor                                              &amp#27;[90m# src/test/resources/Features/JTreePage.feature:57&amp#27;[0m
  &amp#27;[32mWhen &amp#27;[0m&amp#27;[32mThe user enter valid python code in tree tryEditor from sheet &amp#27;[0m&amp#27;[32m&amp#27;[1m"pythoncode"&amp#27;[0m&amp#27;[32m and &amp#27;[0m&amp#27;[32m&amp#27;[1m0&amp#27;[0m            &amp#27;[90m# dsAlgo_StepDefinition.JTreePage_SD.the_user_enter_valid_python_code_in_stack_try_editor_from_sheet_and(java.lang.String,java.lang.Integer)&amp#27;[0m
  &amp#27;[32mAnd &amp#27;[0m&amp#27;[32mThe user clicks on tree run button&amp#27;[0m                                                           &amp#27;[90m# dsAlgo_StepDefinition.JTreePage_SD.the_user_clicks_on_run_button()&amp#27;[0m
  &amp#27;[32mThen &amp#27;[0m&amp#27;[32mThe user should be presented with Run result of tree&amp#27;[0m                                        &amp#27;[90m# dsAlgo_StepDefinition.JTreePage_SD.the_user_should_be_presented_with_run_result()&amp#27;[0m
[INFO ]2023-07-18 05:39:07.633 [TestNG-tests-1]LoggerLoad-Test Success
]]></system-out>
  </testcase>
  <testcase name="runScenario[&quot;The user is able tree run code in tryEditor&quot;, &quot;Optional[Test Tree Page]&quot;](114)" classname="dsAlgo_TestRunner.TestRunner" time="1.65">
    <system-out><![CDATA[[INFO ]2023-07-18 05:38:55.629 [TestNG-tests-1]LoggerLoad-inTestStart

@TreeTest
Scenario Outline: The user is able tree run code in tryEditor                                    &amp#27;[90m# src/test/resources/Features/JTreePage.feature:42&amp#27;[0m
  &amp#27;[32mGiven &amp#27;[0m&amp#27;[32mThe user is in a &amp#27;[0m&amp#27;[32m&amp#27;[1m"Traversals-Illustration"&amp#27;[0m&amp#27;[32m tree page having an tryEditor with a Run button to test&amp#27;[0m &amp#27;[90m# dsAlgo_StepDefinition.JTreePage_SD.the_user_is_in_a_page_having_an_try_editor_with_a_run_button_to_test(java.lang.String)&amp#27;[0m
  &amp#27;[32mWhen &amp#27;[0m&amp#27;[32mThe user enter valid python code in tree tryEditor from sheet &amp#27;[0m&amp#27;[32m&amp#27;[1m"pythoncode"&amp#27;[0m&amp#27;[32m and &amp#27;[0m&amp#27;[32m&amp#27;[1m0&amp#27;[0m                    &amp#27;[90m# dsAlgo_StepDefinition.JTreePage_SD.the_user_enter_valid_python_code_in_stack_try_editor_from_sheet_and(java.lang.String,java.lang.Integer)&amp#27;[0m
  &amp#27;[32mAnd &amp#27;[0m&amp#27;[32mThe user clicks on tree run button&amp#27;[0m                                                                   &amp#27;[90m# dsAlgo_StepDefinition.JTreePage_SD.the_user_clicks_on_run_button()&amp#27;[0m
  &amp#27;[32mThen &amp#27;[0m&amp#27;[32mThe user should be presented with Run result of tree&amp#27;[0m                                                &amp#27;[90m# dsAlgo_StepDefinition.JTreePage_SD.the_user_should_be_presented_with_run_result()&amp#27;[0m
[INFO ]2023-07-18 05:38:57.271 [TestNG-tests-2]LoggerLoad-Test Success
]]></system-out>
  </testcase>
  <testcase name="runScenario[&quot;The user is able tree run code in tryEditor&quot;, &quot;Optional[Test Tree Page]&quot;](114)" classname="dsAlgo_TestRunner.TestRunner" time="2.253">
    <system-out><![CDATA[[INFO ]2023-07-18 05:39:09.360 [TestNG-tests-2]LoggerLoad-inTestStart

@TreeTest
Scenario Outline: The user is able run code in tryEditor                                              &amp#27;[90m# src/test/resources/Features/JTreePage.feature:58&amp#27;[0m
  &amp#27;[32mGiven &amp#27;[0m&amp#27;[32mThe user is in a &amp#27;[0m&amp#27;[32m&amp#27;[1m"Traversals-Illustration"&amp#27;[0m&amp#27;[32m tree page having an tryEditor with a Run button to test&amp#27;[0m &amp#27;[90m# dsAlgo_StepDefinition.JTreePage_SD.the_user_is_in_a_page_having_an_try_editor_with_a_run_button_to_test(java.lang.String)&amp#27;[0m
  &amp#27;[32mWhen &amp#27;[0m&amp#27;[32mThe user enter valid python code in tree tryEditor from sheet &amp#27;[0m&amp#27;[32m&amp#27;[1m"pythoncode"&amp#27;[0m&amp#27;[32m and &amp#27;[0m&amp#27;[32m&amp#27;[1m0&amp#27;[0m                    &amp#27;[90m# dsAlgo_StepDefinition.JTreePage_SD.the_user_enter_valid_python_code_in_stack_try_editor_from_sheet_and(java.lang.String,java.lang.Integer)&amp#27;[0m
  &amp#27;[32mGiven &amp#27;[0m&amp#27;[32mThe user is in a &amp#27;[0m&amp#27;[32m&amp#27;[1m"Tree Traversals"&amp#27;[0m&amp#27;[32m tree page having an tryEditor with a Run button to test&amp#27;[0m    &amp#27;[90m# dsAlgo_StepDefinition.JTreePage_SD.the_user_is_in_a_page_having_an_try_editor_with_a_run_button_to_test(java.lang.String)&amp#27;[0m
  &amp#27;[32mAnd &amp#27;[0m&amp#27;[32mThe user clicks on tree run button&amp#27;[0m                                                                   &amp#27;[90m# dsAlgo_StepDefinition.JTreePage_SD.the_user_clicks_on_run_button()&amp#27;[0m
  &amp#27;[32mThen &amp#27;[0m&amp#27;[32mThe user should be presented with Run result of tree&amp#27;[0m                                                &amp#27;[90m# dsAlgo_StepDefinition.JTreePage_SD.the_user_should_be_presented_with_run_result()&amp#27;[0m
[INFO ]2023-07-18 05:39:11.601 [TestNG-tests-1]LoggerLoad-Test Success
]]></system-out>
  </testcase>
  <testcase name="runScenario[&quot;The user is able tree run code in tryEditor&quot;, &quot;Optional[Test Tree Page]&quot;](115)" classname="dsAlgo_TestRunner.TestRunner" time="1.203">
    <system-out><![CDATA[[INFO ]2023-07-18 05:38:59.281 [TestNG-tests-1]LoggerLoad-inTestStart

@TreeTest
Scenario Outline: The user is able tree run code in tryEditor                                     &amp#27;[90m# src/test/resources/Features/JTreePage.feature:43&amp#27;[0m
  &amp#27;[32mGiven &amp#27;[0m&amp#27;[32mThe user is in a &amp#27;[0m&amp#27;[32m&amp#27;[1m"Binary Trees"&amp#27;[0m&amp#27;[32m tree page having an tryEditor with a Run button to test&amp#27;[0m &amp#27;[90m# dsAlgo_StepDefinition.JTreePage_SD.the_user_is_in_a_page_having_an_try_editor_with_a_run_button_to_test(java.lang.String)&amp#27;[0m
  &amp#27;[32mWhen &amp#27;[0m&amp#27;[32mThe user enter valid python code in tree tryEditor from sheet &amp#27;[0m&amp#27;[32m&amp#27;[1m"pythoncode"&amp#27;[0m&amp#27;[32m and &amp#27;[0m&amp#27;[32m&amp#27;[1m0&amp#27;[0m         &amp#27;[90m# dsAlgo_StepDefinition.JTreePage_SD.the_user_enter_valid_python_code_in_stack_try_editor_from_sheet_and(java.lang.String,java.lang.Integer)&amp#27;[0m
  &amp#27;[32mAnd &amp#27;[0m&amp#27;[32mThe user clicks on tree run button&amp#27;[0m                                                        &amp#27;[90m# dsAlgo_StepDefinition.JTreePage_SD.the_user_clicks_on_run_button()&amp#27;[0m
  &amp#27;[32mThen &amp#27;[0m&amp#27;[32mThe user should be presented with Run result of tree&amp#27;[0m                                     &amp#27;[90m# dsAlgo_StepDefinition.JTreePage_SD.the_user_should_be_presented_with_run_result()&amp#27;[0m
[INFO ]2023-07-18 05:39:00.471 [TestNG-tests-2]LoggerLoad-Test Success
]]></system-out>
  </testcase>
  <testcase name="runScenario[&quot;The user is able tree run code in tryEditor&quot;, &quot;Optional[Test Tree Page]&quot;](115)" classname="dsAlgo_TestRunner.TestRunner" time="0.219">
    <system-out><![CDATA[[INFO ]2023-07-18 05:39:15.887 [TestNG-tests-2]LoggerLoad-inTestStart
  &amp#27;[32mAnd &amp#27;[0m&amp#27;[32mThe user clicks on tree run button&amp#27;[0m                                                        &amp#27;[90m# dsAlgo_StepDefinition.JTreePage_SD.the_user_clicks_on_run_button()&amp#27;[0m

@TreeTest
Scenario Outline: The user is able run code in tryEditor                                              &amp#27;[90m# src/test/resources/Features/JTreePage.feature:60&amp#27;[0m
  &amp#27;[32mThen &amp#27;[0m&amp#27;[32mThe user should be presented with Run result of tree&amp#27;[0m                                     &amp#27;[90m# dsAlgo_StepDefinition.JTreePage_SD.the_user_should_be_presented_with_run_result()&amp#27;[0m
[INFO ]2023-07-18 05:39:16.087 [TestNG-tests-1]LoggerLoad-Test Success
]]></system-out>
  </testcase>
  <testcase name="runScenario[&quot;The user is able run code in tryEditor&quot;, &quot;Optional[Test Tree Page]&quot;](116)" classname="dsAlgo_TestRunner.TestRunner" time="0.326">
    <system-out><![CDATA[[INFO ]2023-07-18 05:39:02.900 [TestNG-tests-1]LoggerLoad-inTestStart

@TreeTest
Scenario Outline: The user is able tree run code in tryEditor                                      &amp#27;[90m# src/test/resources/Features/JTreePage.feature:44&amp#27;[0m
  &amp#27;[32mAnd &amp#27;[0m&amp#27;[32mThe user clicks on tree run button&amp#27;[0m                                                              &amp#27;[90m# dsAlgo_StepDefinition.JTreePage_SD.the_user_clicks_on_run_button()&amp#27;[0m
  &amp#27;[32mThen &amp#27;[0m&amp#27;[32mThe user should be presented with error message in tree page&amp#27;[0m                                   &amp#27;[90m# dsAlgo_StepDefinition.JTreePage_SD.the_user_should_be_presented_with_error_message()&amp#27;[0m
[INFO ]2023-07-18 05:39:03.213 [TestNG-tests-2]LoggerLoad-Test Success
]]></system-out>
  </testcase>
  <testcase name="runScenario[&quot;The user is able run code in tryEditor&quot;, &quot;Optional[Test Tree Page]&quot;](116)" classname="dsAlgo_TestRunner.TestRunner" time="4.09">
    <system-out><![CDATA[[INFO ]2023-07-18 05:39:16.114 [TestNG-tests-1]LoggerLoad-inTestStart

@TreeTest
Scenario Outline: The user is able run code in tryEditor                                              &amp#27;[90m# src/test/resources/Features/JTreePage.feature:55&amp#27;[0m
  &amp#27;[32mGiven &amp#27;[0m&amp#27;[32mThe user is in a &amp#27;[0m&amp#27;[32m&amp#27;[1m"Binary Trees"&amp#27;[0m&amp#27;[32m tree page having an tryEditor with a Run button to test&amp#27;[0m       &amp#27;[90m# dsAlgo_StepDefinition.JTreePage_SD.the_user_is_in_a_page_having_an_try_editor_with_a_run_button_to_test(java.lang.String)&amp#27;[0m
  &amp#27;[32mGiven &amp#27;[0m&amp#27;[32mThe user is in a &amp#27;[0m&amp#27;[32m&amp#27;[1m"Overview of Trees"&amp#27;[0m&amp#27;[32m tree page having an tryEditor with a Run button to test&amp#27;[0m  &amp#27;[90m# dsAlgo_StepDefinition.JTreePage_SD.the_user_is_in_a_page_having_an_try_editor_with_a_run_button_to_test(java.lang.String)&amp#27;[0m
  &amp#27;[32mWhen &amp#27;[0m&amp#27;[32mThe user enter python code with invalid syntax in tree tryEditor from sheet &amp#27;[0m&amp#27;[32m&amp#27;[1m"pythoncode"&amp#27;[0m&amp#27;[32m and &amp#27;[0m&amp#27;[32m&amp#27;[1m1&amp#27;[0m &amp#27;[90m# dsAlgo_StepDefinition.JTreePage_SD.the_user_enter_python_code_with_invalid_syntax_in_try_editor_from_sheet_and(java.lang.String,java.lang.Integer)&amp#27;[0m
  &amp#27;[32mWhen &amp#27;[0m&amp#27;[32mThe user enter python code with invalid syntax in tree tryEditor from sheet &amp#27;[0m&amp#27;[32m&amp#27;[1m"pythoncode"&amp#27;[0m&amp#27;[32m and &amp#27;[0m&amp#27;[32m&amp#27;[1m1&amp#27;[0m &amp#27;[90m# dsAlgo_StepDefinition.JTreePage_SD.the_user_enter_python_code_with_invalid_syntax_in_try_editor_from_sheet_and(java.lang.String,java.lang.Integer)&amp#27;[0m
  &amp#27;[32mAnd &amp#27;[0m&amp#27;[32mThe user clicks on tree run button&amp#27;[0m                                                              &amp#27;[90m# dsAlgo_StepDefinition.JTreePage_SD.the_user_clicks_on_run_button()&amp#27;[0m
  &amp#27;[32mThen &amp#27;[0m&amp#27;[32mThe user should be presented with error message in tree page&amp#27;[0m                                   &amp#27;[90m# dsAlgo_StepDefinition.JTreePage_SD.the_user_should_be_presented_with_error_message()&amp#27;[0m
  &amp#27;[32mAnd &amp#27;[0m&amp#27;[32mThe user clicks on tree run button&amp#27;[0m                                                              &amp#27;[90m# dsAlgo_StepDefinition.JTreePage_SD.the_user_clicks_on_run_button()&amp#27;[0m
[INFO ]2023-07-18 05:39:20.165 [TestNG-tests-1]LoggerLoad-Test Success
]]></system-out>
    <system-err><![CDATA[Cleaning up unclosed ZipFile for archive C:\Users\subas\eclipse-workspace-new\ADsAlgo_Final\src\test\resources\Excel_Register\programdata.xlsx
Cleaning up unclosed ZipFile for archive C:\Users\subas\eclipse-workspace-new\ADsAlgo_Final\src\test\resources\Excel_Register\programdata.xlsx
Cleaning up unclosed ZipFile for archive C:\Users\subas\eclipse-workspace-new\ADsAlgo_Final\src\test\resources\Excel_Register\programdata.xlsx
Cleaning up unclosed ZipFile for archive C:\Users\subas\eclipse-workspace-new\ADsAlgo_Final\src\test\resources\Excel_Register\programdata.xlsx
Cleaning up unclosed ZipFile for archive C:\Users\subas\eclipse-workspace-new\ADsAlgo_Final\src\test\resources\Excel_Register\programdata.xlsx
Cleaning up unclosed ZipFile for archive C:\Users\subas\eclipse-workspace-new\ADsAlgo_Final\src\test\resources\Excel_Register\programdata.xlsx
]]></system-err>
  </testcase>
  <testcase name="runScenario[&quot;The user is able run code in tryEditor&quot;, &quot;Optional[Test Tree Page]&quot;](117)" classname="dsAlgo_TestRunner.TestRunner" time="3.287">
    <system-out><![CDATA[[INFO ]2023-07-18 05:39:03.230 [TestNG-tests-2]LoggerLoad-inTestStart

@TreeTest
Scenario Outline: The user is able run code in tryEditor                                              &amp#27;[90m# src/test/resources/Features/JTreePage.feature:56&amp#27;[0m
  &amp#27;[32mGiven &amp#27;[0m&amp#27;[32mThe user is in a &amp#27;[0m&amp#27;[32m&amp#27;[1m"Terminologies"&amp#27;[0m&amp#27;[32m tree page having an tryEditor with a Run button to test&amp#27;[0m      &amp#27;[90m# dsAlgo_StepDefinition.JTreePage_SD.the_user_is_in_a_page_having_an_try_editor_with_a_run_button_to_test(java.lang.String)&amp#27;[0m
  &amp#27;[32mWhen &amp#27;[0m&amp#27;[32mThe user enter python code with invalid syntax in tree tryEditor from sheet &amp#27;[0m&amp#27;[32m&amp#27;[1m"pythoncode"&amp#27;[0m&amp#27;[32m and &amp#27;[0m&amp#27;[32m&amp#27;[1m1&amp#27;[0m &amp#27;[90m# dsAlgo_StepDefinition.JTreePage_SD.the_user_enter_python_code_with_invalid_syntax_in_try_editor_from_sheet_and(java.lang.String,java.lang.Integer)&amp#27;[0m
  &amp#27;[32mAnd &amp#27;[0m&amp#27;[32mThe user clicks on tree run button&amp#27;[0m                                                              &amp#27;[90m# dsAlgo_StepDefinition.JTreePage_SD.the_user_clicks_on_run_button()&amp#27;[0m
  &amp#27;[32mThen &amp#27;[0m&amp#27;[32mThe user should be presented with error message in tree page&amp#27;[0m                                   &amp#27;[90m# dsAlgo_StepDefinition.JTreePage_SD.the_user_should_be_presented_with_error_message()&amp#27;[0m
  &amp#27;[32mGiven &amp#27;[0m&amp#27;[32mThe user is in a &amp#27;[0m&amp#27;[32m&amp#27;[1m"Tree Traversals"&amp#27;[0m&amp#27;[32m tree page having an tryEditor with a Run button to test&amp#27;[0m &amp#27;[90m# dsAlgo_StepDefinition.JTreePage_SD.the_user_is_in_a_page_having_an_try_editor_with_a_run_button_to_test(java.lang.String)&amp#27;[0m
[INFO ]2023-07-18 05:39:06.502 [TestNG-tests-2]LoggerLoad-Test Success
]]></system-out>
    <system-err><![CDATA[Cleaning up unclosed ZipFile for archive C:\Users\subas\eclipse-workspace-new\ADsAlgo_Final\src\test\resources\Excel_Register\programdata.xlsx
Cleaning up unclosed ZipFile for archive C:\Users\subas\eclipse-workspace-new\ADsAlgo_Final\src\test\resources\Excel_Register\programdata.xlsx
Cleaning up unclosed ZipFile for archive C:\Users\subas\eclipse-workspace-new\ADsAlgo_Final\src\test\resources\Excel_Register\programdata.xlsx
Cleaning up unclosed ZipFile for archive C:\Users\subas\eclipse-workspace-new\ADsAlgo_Final\src\test\resources\Excel_Register\programdata.xlsx
Cleaning up unclosed ZipFile for archive C:\Users\subas\eclipse-workspace-new\ADsAlgo_Final\src\test\resources\Excel_Register\programdata.xlsx
Cleaning up unclosed ZipFile for archive C:\Users\subas\eclipse-workspace-new\ADsAlgo_Final\src\test\resources\Excel_Register\programdata.xlsx
Cleaning up unclosed ZipFile for archive C:\Users\subas\eclipse-workspace-new\ADsAlgo_Final\src\test\resources\Excel_Register\programdata.xlsx
]]></system-err>
  </testcase>
  <testcase name="runScenario[&quot;The user is able run code in tryEditor&quot;, &quot;Optional[Test Tree Page]&quot;](117)" classname="dsAlgo_TestRunner.TestRunner" time="1.822">
    <system-out><![CDATA[[INFO ]2023-07-18 05:39:22.598 [TestNG-tests-2]LoggerLoad-inTestStart

@LinkedListPage @pageverification
Scenario: User selects the Graph item and verifies the Page Title &amp#27;[90m# src/test/resources/Features/KGraphPage.feature:7&amp#27;[0m
  &amp#27;[32mGiven &amp#27;[0m&amp#27;[32mThe user is in a &amp#27;[0m&amp#27;[32m&amp#27;[1m"Terminologies"&amp#27;[0m&amp#27;[32m tree page having an tryEditor with a Run button to test&amp#27;[0m      &amp#27;[90m# dsAlgo_StepDefinition.JTreePage_SD.the_user_is_in_a_page_having_an_try_editor_with_a_run_button_to_test(java.lang.String)&amp#27;[0m
[INFO ]2023-07-18 05:39:23.191 [TestNG-tests-2]LoggerLoad-Navigated to HomePage:  https://dsportalapp.herokuapp.com/home
  &amp#27;[32mGiven &amp#27;[0m&amp#27;[32muser is on Home Page&amp#27;[0m                                      &amp#27;[90m# dsAlgo_StepDefinition.BHomePage_SD.user_is_on_home_page()&amp#27;[0m
  &amp#27;[32mWhen &amp#27;[0m&amp#27;[32mThe user enter python code with invalid syntax in tree tryEditor from sheet &amp#27;[0m&amp#27;[32m&amp#27;[1m"pythoncode"&amp#27;[0m&amp#27;[32m and &amp#27;[0m&amp#27;[32m&amp#27;[1m1&amp#27;[0m &amp#27;[90m# dsAlgo_StepDefinition.JTreePage_SD.the_user_enter_python_code_with_invalid_syntax_in_try_editor_from_sheet_and(java.lang.String,java.lang.Integer)&amp#27;[0m
  &amp#27;[32mAnd &amp#27;[0m&amp#27;[32mThe user clicks on tree run button&amp#27;[0m                                                              &amp#27;[90m# dsAlgo_StepDefinition.JTreePage_SD.the_user_clicks_on_run_button()&amp#27;[0m
  &amp#27;[32mAnd &amp#27;[0m&amp#27;[32muser clicks the Graph getstart link&amp#27;[0m                         &amp#27;[90m# dsAlgo_StepDefinition.KGraphPage_SD.user_selects_the_linked_list_getstartitem()&amp#27;[0m
  &amp#27;[32mThen &amp#27;[0m&amp#27;[32mThe user should be presented with error message in tree page&amp#27;[0m                                   &amp#27;[90m# dsAlgo_StepDefinition.JTreePage_SD.the_user_should_be_presented_with_error_message()&amp#27;[0m
[INFO ]2023-07-18 05:39:24.393 [TestNG-tests-1]LoggerLoad-Test Success
]]></system-out>
  </testcase>
  <testcase name="runScenario[&quot;The user is able run code in tryEditor&quot;, &quot;Optional[Test Tree Page]&quot;](118)" classname="dsAlgo_TestRunner.TestRunner" time="1.691">
    <system-out><![CDATA[[INFO ]2023-07-18 05:39:07.666 [TestNG-tests-1]LoggerLoad-inTestStart

@TreeTest
Scenario Outline: The user is able tree run code in tryEditor                                              &amp#27;[90m# src/test/resources/Features/JTreePage.feature:45&amp#27;[0m
  &amp#27;[32mGiven &amp#27;[0m&amp#27;[32mThe user is in a &amp#27;[0m&amp#27;[32m&amp#27;[1m"Types of Trees"&amp#27;[0m&amp#27;[32m tree page having an tryEditor with a Run button to test&amp#27;[0m     &amp#27;[90m# dsAlgo_StepDefinition.JTreePage_SD.the_user_is_in_a_page_having_an_try_editor_with_a_run_button_to_test(java.lang.String)&amp#27;[0m
  &amp#27;[32mWhen &amp#27;[0m&amp#27;[32mThe user enter python code with invalid syntax in tree tryEditor from sheet &amp#27;[0m&amp#27;[32m&amp#27;[1m"pythoncode"&amp#27;[0m&amp#27;[32m and &amp#27;[0m&amp#27;[32m&amp#27;[1m1&amp#27;[0m &amp#27;[90m# dsAlgo_StepDefinition.JTreePage_SD.the_user_enter_python_code_with_invalid_syntax_in_try_editor_from_sheet_and(java.lang.String,java.lang.Integer)&amp#27;[0m
  &amp#27;[32mAnd &amp#27;[0m&amp#27;[32mThe user clicks on tree run button&amp#27;[0m                                                              &amp#27;[90m# dsAlgo_StepDefinition.JTreePage_SD.the_user_clicks_on_run_button()&amp#27;[0m
  &amp#27;[32mThen &amp#27;[0m&amp#27;[32mThe user should be presented with error message in tree page&amp#27;[0m                                   &amp#27;[90m# dsAlgo_StepDefinition.JTreePage_SD.the_user_should_be_presented_with_error_message()&amp#27;[0m
[INFO ]2023-07-18 05:39:09.343 [TestNG-tests-2]LoggerLoad-Test Success
]]></system-out>
  </testcase>
  <testcase name="runScenario[&quot;The user is able run code in tryEditor&quot;, &quot;Optional[Test Tree Page]&quot;](118)" classname="dsAlgo_TestRunner.TestRunner" time="0.03">
    <system-out><![CDATA[[INFO ]2023-07-18 05:39:27.923 [TestNG-tests-2]LoggerLoad-inTestStart
[INFO ]2023-07-18 05:39:27.943 [TestNG-tests-1]LoggerLoad-Test Success
]]></system-out>
  </testcase>
  <testcase name="runScenario[&quot;The user is able run code in tryEditor&quot;, &quot;Optional[Test Tree Page]&quot;](119)" classname="dsAlgo_TestRunner.TestRunner" time="0.715">
    <system-out><![CDATA[[INFO ]2023-07-18 05:39:11.617 [TestNG-tests-1]LoggerLoad-inTestStart

@TreeTest
Scenario Outline: The user is able tree run code in tryEditor                                   &amp#27;[90m# src/test/resources/Features/JTreePage.feature:46&amp#27;[0m
  &amp#27;[32mWhen &amp#27;[0m&amp#27;[32mThe user enter python code with invalid syntax in tree tryEditor from sheet &amp#27;[0m&amp#27;[32m&amp#27;[1m"pythoncode"&amp#27;[0m&amp#27;[32m and &amp#27;[0m&amp#27;[32m&amp#27;[1m1&amp#27;[0m &amp#27;[90m# dsAlgo_StepDefinition.JTreePage_SD.the_user_enter_python_code_with_invalid_syntax_in_try_editor_from_sheet_and(java.lang.String,java.lang.Integer)&amp#27;[0m
  &amp#27;[32mAnd &amp#27;[0m&amp#27;[32mThe user clicks on tree run button&amp#27;[0m                                                              &amp#27;[90m# dsAlgo_StepDefinition.JTreePage_SD.the_user_clicks_on_run_button()&amp#27;[0m
  &amp#27;[32mThen &amp#27;[0m&amp#27;[32mThe user should be presented with error message in tree page&amp#27;[0m                                   &amp#27;[90m# dsAlgo_StepDefinition.JTreePage_SD.the_user_should_be_presented_with_error_message()&amp#27;[0m
[INFO ]2023-07-18 05:39:12.317 [TestNG-tests-2]LoggerLoad-Test Success
]]></system-out>
  </testcase>
  <testcase name="runScenario[&quot;The user is able run code in tryEditor&quot;, &quot;Optional[Test Tree Page]&quot;](119)" classname="dsAlgo_TestRunner.TestRunner" time="0.125">
    <system-out><![CDATA[[INFO ]2023-07-18 05:39:31.434 [TestNG-tests-2]LoggerLoad-inTestStart
  &amp#27;[32mAnd &amp#27;[0m&amp#27;[32mThe user clicks on tree run button&amp#27;[0m                                                              &amp#27;[90m# dsAlgo_StepDefinition.JTreePage_SD.the_user_clicks_on_run_button()&amp#27;[0m

@LinkedListPage @invalidpythoncode
Scenario Outline: User checks each of the topics in Graph with invalid python code                                                                            &amp#27;[90m# src/test/resources/Features/KGraphPage.feature:31&amp#27;[0m
  &amp#27;[32mThen &amp#27;[0m&amp#27;[32mThe user should be presented with error message in tree page&amp#27;[0m                                   &amp#27;[90m# dsAlgo_StepDefinition.JTreePage_SD.the_user_should_be_presented_with_error_message()&amp#27;[0m
[INFO ]2023-07-18 05:39:31.545 [TestNG-tests-1]LoggerLoad-Test Success
]]></system-out>
  </testcase>
  <testcase name="runScenario[&quot;The user is able run code in tryEditor&quot;, &quot;Optional[Test Tree Page]&quot;](120)" classname="dsAlgo_TestRunner.TestRunner" time="3.546">
    <system-out><![CDATA[[INFO ]2023-07-18 05:39:12.336 [TestNG-tests-2]LoggerLoad-inTestStart

@TreeTest
Scenario Outline: The user is able run code in tryEditor                                                   &amp#27;[90m# src/test/resources/Features/JTreePage.feature:59&amp#27;[0m
  &amp#27;[32mGiven &amp#27;[0m&amp#27;[32mThe user is in a &amp#27;[0m&amp#27;[32m&amp#27;[1m"Binary Trees"&amp#27;[0m&amp#27;[32m tree page having an tryEditor with a Run button to test&amp#27;[0m &amp#27;[90m# dsAlgo_StepDefinition.JTreePage_SD.the_user_is_in_a_page_having_an_try_editor_with_a_run_button_to_test(java.lang.String)&amp#27;[0m
  &amp#27;[32mGiven &amp#27;[0m&amp#27;[32mThe user is in a &amp#27;[0m&amp#27;[32m&amp#27;[1m"Traversals-Illustration"&amp#27;[0m&amp#27;[32m tree page having an tryEditor with a Run button to test&amp#27;[0m &amp#27;[90m# dsAlgo_StepDefinition.JTreePage_SD.the_user_is_in_a_page_having_an_try_editor_with_a_run_button_to_test(java.lang.String)&amp#27;[0m
  &amp#27;[32mWhen &amp#27;[0m&amp#27;[32mThe user enter python code with invalid syntax in tree tryEditor from sheet &amp#27;[0m&amp#27;[32m&amp#27;[1m"pythoncode"&amp#27;[0m&amp#27;[32m and &amp#27;[0m&amp#27;[32m&amp#27;[1m1&amp#27;[0m      &amp#27;[90m# dsAlgo_StepDefinition.JTreePage_SD.the_user_enter_python_code_with_invalid_syntax_in_try_editor_from_sheet_and(java.lang.String,java.lang.Integer)&amp#27;[0m
  &amp#27;[32mWhen &amp#27;[0m&amp#27;[32mThe user enter valid python code in tree tryEditor from sheet &amp#27;[0m&amp#27;[32m&amp#27;[1m"pythoncode"&amp#27;[0m&amp#27;[32m and &amp#27;[0m&amp#27;[32m&amp#27;[1m0&amp#27;[0m         &amp#27;[90m# dsAlgo_StepDefinition.JTreePage_SD.the_user_enter_valid_python_code_in_stack_try_editor_from_sheet_and(java.lang.String,java.lang.Integer)&amp#27;[0m
  &amp#27;[32mAnd &amp#27;[0m&amp#27;[32mThe user clicks on tree run button&amp#27;[0m                                                                   &amp#27;[90m# dsAlgo_StepDefinition.JTreePage_SD.the_user_clicks_on_run_button()&amp#27;[0m
  &amp#27;[32mThen &amp#27;[0m&amp#27;[32mThe user should be presented with error message in tree page&amp#27;[0m                                        &amp#27;[90m# dsAlgo_StepDefinition.JTreePage_SD.the_user_should_be_presented_with_error_message()&amp#27;[0m
[INFO ]2023-07-18 05:39:15.810 [TestNG-tests-2]LoggerLoad-Test Success
]]></system-out>
  </testcase>
  <testcase name="runScenario[&quot;The user is able run code in tryEditor&quot;, &quot;Optional[Test Tree Page]&quot;](120)" classname="dsAlgo_TestRunner.TestRunner" time="0.844">
    <system-out><![CDATA[[INFO ]2023-07-18 05:39:34.474 [TestNG-tests-2]LoggerLoad-inTestStart

@LinkedListPage @invalidpythoncode
Scenario Outline: User checks each of the topics in Graph with invalid python code                                                                                            &amp#27;[90m# src/test/resources/Features/KGraphPage.feature:32&amp#27;[0m
  &amp#27;[32mWhen &amp#27;[0m&amp#27;[32mThe user enter python code with invalid syntax in tree tryEditor from sheet &amp#27;[0m&amp#27;[32m&amp#27;[1m"pythoncode"&amp#27;[0m&amp#27;[32m and &amp#27;[0m&amp#27;[32m&amp#27;[1m1&amp#27;[0m      &amp#27;[90m# dsAlgo_StepDefinition.JTreePage_SD.the_user_enter_python_code_with_invalid_syntax_in_try_editor_from_sheet_and(java.lang.String,java.lang.Integer)&amp#27;[0m
  &amp#27;[32mAnd &amp#27;[0m&amp#27;[32mThe user clicks on tree run button&amp#27;[0m                                                                   &amp#27;[90m# dsAlgo_StepDefinition.JTreePage_SD.the_user_clicks_on_run_button()&amp#27;[0m
  &amp#27;[32mThen &amp#27;[0m&amp#27;[32mThe user should be presented with error message in tree page&amp#27;[0m                                        &amp#27;[90m# dsAlgo_StepDefinition.JTreePage_SD.the_user_should_be_presented_with_error_message()&amp#27;[0m
[INFO ]2023-07-18 05:39:35.299 [TestNG-tests-1]LoggerLoad-Test Success
]]></system-out>
  </testcase>
  <testcase name="runScenario[&quot;The user is able run code in tryEditor&quot;, &quot;Optional[Test Tree Page]&quot;](121)" classname="dsAlgo_TestRunner.TestRunner" time="0.059">
    <system-out><![CDATA[  &amp#27;[32mThen &amp#27;[0m&amp#27;[32mThe user should be presented with error message in tree page&amp#27;[0m                                   &amp#27;[90m# dsAlgo_StepDefinition.JTreePage_SD.the_user_should_be_presented_with_error_message()&amp#27;[0m
[INFO ]2023-07-18 05:39:20.238 [TestNG-tests-1]LoggerLoad-inTestStart
[INFO ]2023-07-18 05:39:20.254 [TestNG-tests-2]LoggerLoad-Test Success
]]></system-out>
  </testcase>
  <testcase name="runScenario[&quot;The user is able run code in tryEditor&quot;, &quot;Optional[Test Tree Page]&quot;](121)" classname="dsAlgo_TestRunner.TestRunner" time="19.091">
    <system-out><![CDATA[[INFO ]2023-07-18 05:39:38.280 [TestNG-tests-2]LoggerLoad-Closing App
  &amp#27;[32mGiven &amp#27;[0m&amp#27;[32mThe user is in a &amp#27;[0m&amp#27;[32m&amp#27;[1m"Binary Trees"&amp#27;[0m&amp#27;[32m tree page having an tryEditor with a Run button to test&amp#27;[0m       &amp#27;[90m# dsAlgo_StepDefinition.JTreePage_SD.the_user_is_in_a_page_having_an_try_editor_with_a_run_button_to_test(java.lang.String)&amp#27;[0m
  &amp#27;[32mWhen &amp#27;[0m&amp#27;[32mThe user enter python code with invalid syntax in tree tryEditor from sheet &amp#27;[0m&amp#27;[32m&amp#27;[1m"pythoncode"&amp#27;[0m&amp#27;[32m and &amp#27;[0m&amp#27;[32m&amp#27;[1m1&amp#27;[0m &amp#27;[90m# dsAlgo_StepDefinition.JTreePage_SD.the_user_enter_python_code_with_invalid_syntax_in_try_editor_from_sheet_and(java.lang.String,java.lang.Integer)&amp#27;[0m
  &amp#27;[32mAnd &amp#27;[0m&amp#27;[32mThe user clicks on tree run button&amp#27;[0m                                                              &amp#27;[90m# dsAlgo_StepDefinition.JTreePage_SD.the_user_clicks_on_run_button()&amp#27;[0m
  &amp#27;[32mThen &amp#27;[0m&amp#27;[32mThe user should be presented with error message in tree page&amp#27;[0m                                   &amp#27;[90m# dsAlgo_StepDefinition.JTreePage_SD.the_user_should_be_presented_with_error_message()&amp#27;[0m
[INFO ]2023-07-18 05:39:54.404 [TestNG-tests-1]LoggerLoad-Test Success
]]></system-out>
    <system-err><![CDATA[Cleaning up unclosed ZipFile for archive C:\Users\subas\eclipse-workspace-new\ADsAlgo_Final\src\test\resources\Excel_Register\programdata.xlsx
Cleaning up unclosed ZipFile for archive C:\Users\subas\eclipse-workspace-new\ADsAlgo_Final\src\test\resources\Excel_Register\programdata.xlsx
Cleaning up unclosed ZipFile for archive C:\Users\subas\eclipse-workspace-new\ADsAlgo_Final\src\test\resources\Excel_Register\programdata.xlsx
Cleaning up unclosed ZipFile for archive C:\Users\subas\eclipse-workspace-new\ADsAlgo_Final\src\test\resources\Excel_Register\programdata.xlsx
Cleaning up unclosed ZipFile for archive C:\Users\subas\eclipse-workspace-new\ADsAlgo_Final\src\test\resources\Excel_Register\programdata.xlsx
Jul 18, 2023 5:39:41 AM tech.grasshopper.pdf.PDFCucumberReport collectReportConfiguration
INFO: PDF report configuration YAML file not found. Using default settings.
]]></system-err>
  </testcase>
  <testcase name="runScenario[&quot;The user is able to navigate to Practice page&quot;, &quot;Optional[Test Tree Page]&quot;](122)" classname="dsAlgo_TestRunner.TestRunner" time="2.32">
    <system-out><![CDATA[[INFO ]2023-07-18 05:39:20.272 [TestNG-tests-2]LoggerLoad-inTestStart

@TreeTest
Scenario: The user is able to navigate to Practice page         &amp#27;[90m# src/test/resources/Features/JTreePage.feature:63&amp#27;[0m

@TreeTest
Scenario Outline: The user is able run code in tryEditor                                              &amp#27;[90m# src/test/resources/Features/JTreePage.feature:56&amp#27;[0m
  &amp#27;[32mGiven &amp#27;[0m&amp#27;[32mThe user is on the type of tree after logged in&amp#27;[0m         &amp#27;[90m# dsAlgo_StepDefinition.JTreePage_SD.the_user_is_on_the_arrays_in_python_after_logged_in()&amp#27;[0m
  &amp#27;[32mWhen &amp#27;[0m&amp#27;[32mThe user clicks tree Practice Questions link&amp#27;[0m             &amp#27;[90m# dsAlgo_StepDefinition.JTreePage_SD.the_user_clicks_practice_questions_link()&amp#27;[0m
  &amp#27;[32mThen &amp#27;[0m&amp#27;[32mThe user should be redirected to &amp#27;[0m&amp#27;[32m&amp#27;[1m"practice"&amp#27;[0m&amp#27;[32m page in tree&amp#27;[0m &amp#27;[90m# dsAlgo_StepDefinition.JTreePage_SD.the_user_should_be_redirected_to_practice_page(java.lang.String)&amp#27;[0m
[INFO ]2023-07-18 05:39:22.575 [TestNG-tests-2]LoggerLoad-Test Success
]]></system-out>
  </testcase>
  <testcase name="runScenario[&quot;The user is able to navigate to Practice page&quot;, &quot;Optional[Test Tree Page]&quot;](122)" classname="dsAlgo_TestRunner.TestRunner" time="1.369">
    <system-out><![CDATA[[INFO ]2023-07-18 05:39:54.412 [TestNG-tests-1]LoggerLoad-inTestStart

@TreeTest
Scenario: The user is able to navigate to Practice page         &amp#27;[90m# src/test/resources/Features/JTreePage.feature:63&amp#27;[0m
  &amp#27;[32mGiven &amp#27;[0m&amp#27;[32mThe user is on the type of tree after logged in&amp#27;[0m         &amp#27;[90m# dsAlgo_StepDefinition.JTreePage_SD.the_user_is_on_the_arrays_in_python_after_logged_in()&amp#27;[0m
  &amp#27;[32mWhen &amp#27;[0m&amp#27;[32mThe user clicks tree Practice Questions link&amp#27;[0m             &amp#27;[90m# dsAlgo_StepDefinition.JTreePage_SD.the_user_clicks_practice_questions_link()&amp#27;[0m
  &amp#27;[32mThen &amp#27;[0m&amp#27;[32mThe user should be redirected to &amp#27;[0m&amp#27;[32m&amp#27;[1m"practice"&amp#27;[0m&amp#27;[32m page in tree&amp#27;[0m &amp#27;[90m# dsAlgo_StepDefinition.JTreePage_SD.the_user_should_be_redirected_to_practice_page(java.lang.String)&amp#27;[0m
[INFO ]2023-07-18 05:39:55.774 [TestNG-tests-1]LoggerLoad-Test Success
]]></system-out>
  </testcase>
  <testcase name="runScenario[&quot;User selects the Graph item and verifies the Page Title&quot;, &quot;Optional[user validates the Linked List Page]&quot;](123)" classname="dsAlgo_TestRunner.TestRunner" time="0.148">
    <system-out><![CDATA[  &amp#27;[32mThen &amp#27;[0m&amp#27;[32muser is on the Graph Page&amp#27;[0m                                  &amp#27;[90m# dsAlgo_StepDefinition.KGraphPage_SD.user_should_be_in_the_linked_list_page()&amp#27;[0m
[INFO ]2023-07-18 05:39:24.426 [TestNG-tests-1]LoggerLoad-inTestStart
  &amp#27;[32mThen &amp#27;[0m&amp#27;[32muser checks for the title &amp#27;[0m&amp#27;[32m&amp#27;[1m"Graph"&amp#27;[0m&amp#27;[32m in the Graph page&amp#27;[0m        &amp#27;[90m# dsAlgo_StepDefinition.KGraphPage_SD.user_checks_for_the_title_in_the_linked_list_page(java.lang.String)&amp#27;[0m

@TreeTest
Scenario Outline: The user is able run code in tryEditor                                              &amp#27;[90m# src/test/resources/Features/JTreePage.feature:57&amp#27;[0m
[INFO ]2023-07-18 05:39:24.562 [TestNG-tests-2]LoggerLoad-Test Success
]]></system-out>
  </testcase>
  <testcase name="runScenario[&quot;User selects the Graph item and verifies the Page Title&quot;, &quot;Optional[user validates the Linked List Page]&quot;](123)" classname="dsAlgo_TestRunner.TestRunner" time="1.514">
    <system-out><![CDATA[[INFO ]2023-07-18 05:39:55.782 [TestNG-tests-1]LoggerLoad-inTestStart

@LinkedListPage @pageverification
Scenario: User selects the Graph item and verifies the Page Title &amp#27;[90m# src/test/resources/Features/KGraphPage.feature:7&amp#27;[0m
[INFO ]2023-07-18 05:39:56.220 [TestNG-tests-1]LoggerLoad-Navigated to HomePage:  https://dsportalapp.herokuapp.com/home
  &amp#27;[32mGiven &amp#27;[0m&amp#27;[32muser is on Home Page&amp#27;[0m                                      &amp#27;[90m# dsAlgo_StepDefinition.BHomePage_SD.user_is_on_home_page()&amp#27;[0m
  &amp#27;[32mAnd &amp#27;[0m&amp#27;[32muser clicks the Graph getstart link&amp#27;[0m                         &amp#27;[90m# dsAlgo_StepDefinition.KGraphPage_SD.user_selects_the_linked_list_getstartitem()&amp#27;[0m
  &amp#27;[32mThen &amp#27;[0m&amp#27;[32muser is on the Graph Page&amp#27;[0m                                  &amp#27;[90m# dsAlgo_StepDefinition.KGraphPage_SD.user_should_be_in_the_linked_list_page()&amp#27;[0m
  &amp#27;[32mThen &amp#27;[0m&amp#27;[32muser checks for the title &amp#27;[0m&amp#27;[32m&amp#27;[1m"Graph"&amp#27;[0m&amp#27;[32m in the Graph page&amp#27;[0m        &amp#27;[90m# dsAlgo_StepDefinition.KGraphPage_SD.user_checks_for_the_title_in_the_linked_list_page(java.lang.String)&amp#27;[0m
[INFO ]2023-07-18 05:39:57.287 [TestNG-tests-1]LoggerLoad-Test Success
]]></system-out>
  </testcase>
  <testcase name="runScenario[&quot;User checks each of the topics in Graph with valid python code&quot;, &quot;Optional[user validates the Linked List Page]&quot;](124)" classname="dsAlgo_TestRunner.TestRunner" time="3.335">
    <system-out><![CDATA[[INFO ]2023-07-18 05:39:24.587 [TestNG-tests-2]LoggerLoad-inTestStart

@LinkedListPage @validpythoncode
Scenario Outline: User checks each of the topics in Graph with valid python code                                                                             &amp#27;[90m# src/test/resources/Features/KGraphPage.feature:20&amp#27;[0m
  &amp#27;[32mGiven &amp#27;[0m&amp#27;[32muser clicks the Graph getstart link&amp#27;[0m                                                                                                                  &amp#27;[90m# dsAlgo_StepDefinition.KGraphPage_SD.user_selects_the_linked_list_getstartitem()&amp#27;[0m
  &amp#27;[32mGiven &amp#27;[0m&amp#27;[32mThe user is in a &amp#27;[0m&amp#27;[32m&amp#27;[1m"Types of Trees"&amp#27;[0m&amp#27;[32m tree page having an tryEditor with a Run button to test&amp#27;[0m     &amp#27;[90m# dsAlgo_StepDefinition.JTreePage_SD.the_user_is_in_a_page_having_an_try_editor_with_a_run_button_to_test(java.lang.String)&amp#27;[0m
  &amp#27;[32mWhen &amp#27;[0m&amp#27;[32mThe user enter python code with invalid syntax in tree tryEditor from sheet &amp#27;[0m&amp#27;[32m&amp#27;[1m"pythoncode"&amp#27;[0m&amp#27;[32m and &amp#27;[0m&amp#27;[32m&amp#27;[1m1&amp#27;[0m &amp#27;[90m# dsAlgo_StepDefinition.JTreePage_SD.the_user_enter_python_code_with_invalid_syntax_in_try_editor_from_sheet_and(java.lang.String,java.lang.Integer)&amp#27;[0m
  &amp#27;[32mAnd &amp#27;[0m&amp#27;[32mThe user clicks on tree run button&amp#27;[0m                                                              &amp#27;[90m# dsAlgo_StepDefinition.JTreePage_SD.the_user_clicks_on_run_button()&amp#27;[0m
outprut result isHello
HelloHellocompare
  &amp#27;[32mWhen &amp#27;[0m&amp#27;[32mThe user select all option &amp#27;[0m&amp#27;[32m&amp#27;[1m"Graph"&amp#27;[0m&amp#27;[32m from the graph page and Verifies the tryeditor Page with the valid python code for each option  &amp#27;[0m&amp#27;[32m&amp#27;[1m"pythoncode"&amp#27;[0m&amp#27;[32m and &amp#27;[0m&amp#27;[32m&amp#27;[1m0&amp#27;[0m &amp#27;[90m# dsAlgo_StepDefinition.KGraphPage_SD.the_user_select_any_dropdown_menu_and_verifies_the_tryeditor_page_with_the_valid_python_code_for_each_option_and(java.lang.String,java.lang.String,java.lang.Integer)&amp#27;[0m
  &amp#27;[32mThen &amp#27;[0m&amp#27;[32muser should be presented with the run result in the screen &amp#27;[0m&amp#27;[32m&amp#27;[1m"Hello"&amp#27;[0m                                                                                    &amp#27;[90m# dsAlgo_StepDefinition.KGraphPage_SD.user_should_be_presented_with_the_run_result(java.lang.String)&amp#27;[0m
[INFO ]2023-07-18 05:39:27.905 [TestNG-tests-2]LoggerLoad-Test Success
  &amp#27;[32mThen &amp#27;[0m&amp#27;[32mThe user should be presented with error message in tree page&amp#27;[0m                                   &amp#27;[90m# dsAlgo_StepDefinition.JTreePage_SD.the_user_should_be_presented_with_error_message()&amp#27;[0m
]]></system-out>
  </testcase>
  <testcase name="runScenario[&quot;User checks each of the topics in Graph with valid python code&quot;, &quot;Optional[user validates the Linked List Page]&quot;](124)" classname="dsAlgo_TestRunner.TestRunner" time="2.573">
    <system-out><![CDATA[[INFO ]2023-07-18 05:39:57.299 [TestNG-tests-1]LoggerLoad-inTestStart

@LinkedListPage @validpythoncode
Scenario Outline: User checks each of the topics in Graph with valid python code                                                                             &amp#27;[90m# src/test/resources/Features/KGraphPage.feature:20&amp#27;[0m
[INFO ]2023-07-18 05:39:57.475 [TestNG-tests-2]LoggerLoad-Test FinishedTestChrome
  &amp#27;[32mGiven &amp#27;[0m&amp#27;[32muser clicks the Graph getstart link&amp#27;[0m                                                                                                                  &amp#27;[90m# dsAlgo_StepDefinition.KGraphPage_SD.user_selects_the_linked_list_getstartitem()&amp#27;[0m
outprut result isHello
HelloHellocompare
  &amp#27;[32mWhen &amp#27;[0m&amp#27;[32mThe user select all option &amp#27;[0m&amp#27;[32m&amp#27;[1m"Graph"&amp#27;[0m&amp#27;[32m from the graph page and Verifies the tryeditor Page with the valid python code for each option  &amp#27;[0m&amp#27;[32m&amp#27;[1m"pythoncode"&amp#27;[0m&amp#27;[32m and &amp#27;[0m&amp#27;[32m&amp#27;[1m0&amp#27;[0m &amp#27;[90m# dsAlgo_StepDefinition.KGraphPage_SD.the_user_select_any_dropdown_menu_and_verifies_the_tryeditor_page_with_the_valid_python_code_for_each_option_and(java.lang.String,java.lang.String,java.lang.Integer)&amp#27;[0m
  &amp#27;[32mThen &amp#27;[0m&amp#27;[32muser should be presented with the run result in the screen &amp#27;[0m&amp#27;[32m&amp#27;[1m"Hello"&amp#27;[0m                                                                                    &amp#27;[90m# dsAlgo_StepDefinition.KGraphPage_SD.user_should_be_presented_with_the_run_result(java.lang.String)&amp#27;[0m
[INFO ]2023-07-18 05:39:59.863 [TestNG-tests-1]LoggerLoad-Test Success
]]></system-out>
    <system-err><![CDATA[&amp#27;[32m&amp#27;[1m┌──────────────────────────────────────────────────────────────────────────┐&amp#27;[0m
&amp#27;[32m&amp#27;[1m│&amp#27;[0m View your Cucumber Report at:                                            &amp#27;[32m&amp#27;[1m│&amp#27;[0m
&amp#27;[32m&amp#27;[1m│&amp#27;[0m &amp#27;[1m&amp#27;[36m&amp#27;[4mhttps://reports.cucumber.io/reports/6d3a2351-26d7-43cf-9cdc-e44e17839307&amp#27;[0m &amp#27;[32m&amp#27;[1m│&amp#27;[0m
&amp#27;[32m&amp#27;[1m│&amp#27;[0m                                                                          &amp#27;[32m&amp#27;[1m│&amp#27;[0m
&amp#27;[32m&amp#27;[1m│&amp#27;[0m &amp#27;[1mThis report will self-destruct in 24h.&amp#27;[0m                                   &amp#27;[32m&amp#27;[1m│&amp#27;[0m
&amp#27;[32m&amp#27;[1m│&amp#27;[0m Keep reports forever: &amp#27;[4m&amp#27;[1m&amp#27;[36mhttps://reports.cucumber.io/profile&amp#27;[0m                &amp#27;[32m&amp#27;[1m│&amp#27;[0m
&amp#27;[32m&amp#27;[1m└──────────────────────────────────────────────────────────────────────────┘&amp#27;[0m]]></system-err>
  </testcase>
  <testcase name="runScenario[&quot;User checks each of the topics in Graph with valid python code&quot;, &quot;Optional[user validates the Linked List Page]&quot;](125)" classname="dsAlgo_TestRunner.TestRunner" time="3.476">
    <system-out><![CDATA[[INFO ]2023-07-18 05:39:27.955 [TestNG-tests-1]LoggerLoad-inTestStart

@LinkedListPage @validpythoncode
Scenario Outline: User checks each of the topics in Graph with valid python code                                                                                             &amp#27;[90m# src/test/resources/Features/KGraphPage.feature:21&amp#27;[0m

@TreeTest
Scenario Outline: The user is able run code in tryEditor                                              &amp#27;[90m# src/test/resources/Features/JTreePage.feature:58&amp#27;[0m
  &amp#27;[32mGiven &amp#27;[0m&amp#27;[32muser clicks the Graph getstart link&amp#27;[0m                                                                                                                                  &amp#27;[90m# dsAlgo_StepDefinition.KGraphPage_SD.user_selects_the_linked_list_getstartitem()&amp#27;[0m
  &amp#27;[32mGiven &amp#27;[0m&amp#27;[32mThe user is in a &amp#27;[0m&amp#27;[32m&amp#27;[1m"Tree Traversals"&amp#27;[0m&amp#27;[32m tree page having an tryEditor with a Run button to test&amp#27;[0m    &amp#27;[90m# dsAlgo_StepDefinition.JTreePage_SD.the_user_is_in_a_page_having_an_try_editor_with_a_run_button_to_test(java.lang.String)&amp#27;[0m
  &amp#27;[32mWhen &amp#27;[0m&amp#27;[32mThe user enter python code with invalid syntax in tree tryEditor from sheet &amp#27;[0m&amp#27;[32m&amp#27;[1m"pythoncode"&amp#27;[0m&amp#27;[32m and &amp#27;[0m&amp#27;[32m&amp#27;[1m1&amp#27;[0m &amp#27;[90m# dsAlgo_StepDefinition.JTreePage_SD.the_user_enter_python_code_with_invalid_syntax_in_try_editor_from_sheet_and(java.lang.String,java.lang.Integer)&amp#27;[0m
outprut result isHello
HelloHellocompare
  &amp#27;[32mWhen &amp#27;[0m&amp#27;[32mThe user select all option &amp#27;[0m&amp#27;[32m&amp#27;[1m"Graph Representations"&amp#27;[0m&amp#27;[32m from the graph page and Verifies the tryeditor Page with the valid python code for each option  &amp#27;[0m&amp#27;[32m&amp#27;[1m"pythoncode"&amp#27;[0m&amp#27;[32m and &amp#27;[0m&amp#27;[32m&amp#27;[1m0&amp#27;[0m &amp#27;[90m# dsAlgo_StepDefinition.KGraphPage_SD.the_user_select_any_dropdown_menu_and_verifies_the_tryeditor_page_with_the_valid_python_code_for_each_option_and(java.lang.String,java.lang.String,java.lang.Integer)&amp#27;[0m
  &amp#27;[32mThen &amp#27;[0m&amp#27;[32muser should be presented with the run result in the screen &amp#27;[0m&amp#27;[32m&amp#27;[1m"Hello"&amp#27;[0m                                                                                                    &amp#27;[90m# dsAlgo_StepDefinition.KGraphPage_SD.user_should_be_presented_with_the_run_result(java.lang.String)&amp#27;[0m
[INFO ]2023-07-18 05:39:31.421 [TestNG-tests-2]LoggerLoad-Test Success
]]></system-out>
    <system-err><![CDATA[Cleaning up unclosed ZipFile for archive C:\Users\subas\eclipse-workspace-new\ADsAlgo_Final\src\test\resources\Excel_Register\programdata.xlsx
Cleaning up unclosed ZipFile for archive C:\Users\subas\eclipse-workspace-new\ADsAlgo_Final\src\test\resources\Excel_Register\programdata.xlsx
Cleaning up unclosed ZipFile for archive C:\Users\subas\eclipse-workspace-new\ADsAlgo_Final\src\test\resources\Excel_Register\programdata.xlsx
Cleaning up unclosed ZipFile for archive C:\Users\subas\eclipse-workspace-new\ADsAlgo_Final\src\test\resources\Excel_Register\programdata.xlsx
Cleaning up unclosed ZipFile for archive C:\Users\subas\eclipse-workspace-new\ADsAlgo_Final\src\test\resources\Excel_Register\programdata.xlsx
Cleaning up unclosed ZipFile for archive C:\Users\subas\eclipse-workspace-new\ADsAlgo_Final\src\test\resources\Excel_Register\programdata.xlsx
]]></system-err>
  </testcase>
  <testcase name="runScenario[&quot;User checks each of the topics in Graph with valid python code&quot;, &quot;Optional[user validates the Linked List Page]&quot;](125)" classname="dsAlgo_TestRunner.TestRunner" time="1.848">
    <system-out><![CDATA[[INFO ]2023-07-18 05:39:59.876 [TestNG-tests-1]LoggerLoad-inTestStart

@LinkedListPage @validpythoncode
Scenario Outline: User checks each of the topics in Graph with valid python code                                                                                             &amp#27;[90m# src/test/resources/Features/KGraphPage.feature:21&amp#27;[0m
  &amp#27;[32mGiven &amp#27;[0m&amp#27;[32muser clicks the Graph getstart link&amp#27;[0m                                                                                                                                  &amp#27;[90m# dsAlgo_StepDefinition.KGraphPage_SD.user_selects_the_linked_list_getstartitem()&amp#27;[0m
outprut result isHello
HelloHellocompare
  &amp#27;[32mWhen &amp#27;[0m&amp#27;[32mThe user select all option &amp#27;[0m&amp#27;[32m&amp#27;[1m"Graph Representations"&amp#27;[0m&amp#27;[32m from the graph page and Verifies the tryeditor Page with the valid python code for each option  &amp#27;[0m&amp#27;[32m&amp#27;[1m"pythoncode"&amp#27;[0m&amp#27;[32m and &amp#27;[0m&amp#27;[32m&amp#27;[1m0&amp#27;[0m &amp#27;[90m# dsAlgo_StepDefinition.KGraphPage_SD.the_user_select_any_dropdown_menu_and_verifies_the_tryeditor_page_with_the_valid_python_code_for_each_option_and(java.lang.String,java.lang.String,java.lang.Integer)&amp#27;[0m
  &amp#27;[32mThen &amp#27;[0m&amp#27;[32muser should be presented with the run result in the screen &amp#27;[0m&amp#27;[32m&amp#27;[1m"Hello"&amp#27;[0m                                                                                                    &amp#27;[90m# dsAlgo_StepDefinition.KGraphPage_SD.user_should_be_presented_with_the_run_result(java.lang.String)&amp#27;[0m
[INFO ]2023-07-18 05:40:01.714 [TestNG-tests-1]LoggerLoad-Test Success
]]></system-out>
  </testcase>
  <testcase name="runScenario[&quot;User checks each of the topics in Graph with invalid python code&quot;, &quot;Optional[user validates the Linked List Page]&quot;](126)" classname="dsAlgo_TestRunner.TestRunner" time="2.901">
    <system-out><![CDATA[[INFO ]2023-07-18 05:39:31.568 [TestNG-tests-1]LoggerLoad-inTestStart

@TreeTest
Scenario Outline: The user is able run code in tryEditor                                                   &amp#27;[90m# src/test/resources/Features/JTreePage.feature:59&amp#27;[0m
  &amp#27;[32mGiven &amp#27;[0m&amp#27;[32muser clicks the Graph getstart link&amp#27;[0m                                                                                                                   &amp#27;[90m# dsAlgo_StepDefinition.KGraphPage_SD.user_selects_the_linked_list_getstartitem()&amp#27;[0m
  &amp#27;[32mGiven &amp#27;[0m&amp#27;[32mThe user is in a &amp#27;[0m&amp#27;[32m&amp#27;[1m"Traversals-Illustration"&amp#27;[0m&amp#27;[32m tree page having an tryEditor with a Run button to test&amp#27;[0m &amp#27;[90m# dsAlgo_StepDefinition.JTreePage_SD.the_user_is_in_a_page_having_an_try_editor_with_a_run_button_to_test(java.lang.String)&amp#27;[0m
  &amp#27;[32mWhen &amp#27;[0m&amp#27;[32mThe user select all option &amp#27;[0m&amp#27;[32m&amp#27;[1m"Graph"&amp#27;[0m&amp#27;[32m and Verifies the tryeditor Page with the Invalid python code for each option  &amp#27;[0m&amp#27;[32m&amp#27;[1m"pythoncode"&amp#27;[0m&amp#27;[32m and &amp#27;[0m&amp#27;[32m&amp#27;[1m1&amp#27;[0m&amp#27;[32m  in the graph page&amp#27;[0m &amp#27;[90m# dsAlgo_StepDefinition.KGraphPage_SD.The_user_select_all_option_and_Verifies_the_tryeditor_Page_with_the_Invalid_python_code_for_each_option_string_and_int_in_the_graph_page(java.lang.String,java.lang.String,java.lang.Integer)&amp#27;[0m
  &amp#27;[32mThen &amp#27;[0m&amp#27;[32muser should get the &amp#27;[0m&amp#27;[32m&amp#27;[1m"NameError: name 'prin' is not defined on line 1"&amp#27;[0m&amp#27;[32m on the screen&amp#27;[0m                                                                    &amp#27;[90m# dsAlgo_StepDefinition.KGraphPage_SD.user_should_get_the_erroroutput(java.lang.String)&amp#27;[0m
[INFO ]2023-07-18 05:39:34.451 [TestNG-tests-2]LoggerLoad-Test Success
]]></system-out>
  </testcase>
  <testcase name="runScenario[&quot;User checks each of the topics in Graph with invalid python code&quot;, &quot;Optional[user validates the Linked List Page]&quot;](126)" classname="dsAlgo_TestRunner.TestRunner" time="1.881">
    <system-out><![CDATA[[INFO ]2023-07-18 05:40:01.725 [TestNG-tests-1]LoggerLoad-inTestStart

@LinkedListPage @invalidpythoncode
Scenario Outline: User checks each of the topics in Graph with invalid python code                                                                            &amp#27;[90m# src/test/resources/Features/KGraphPage.feature:31&amp#27;[0m
  &amp#27;[32mGiven &amp#27;[0m&amp#27;[32muser clicks the Graph getstart link&amp#27;[0m                                                                                                                   &amp#27;[90m# dsAlgo_StepDefinition.KGraphPage_SD.user_selects_the_linked_list_getstartitem()&amp#27;[0m
  &amp#27;[32mWhen &amp#27;[0m&amp#27;[32mThe user select all option &amp#27;[0m&amp#27;[32m&amp#27;[1m"Graph"&amp#27;[0m&amp#27;[32m and Verifies the tryeditor Page with the Invalid python code for each option  &amp#27;[0m&amp#27;[32m&amp#27;[1m"pythoncode"&amp#27;[0m&amp#27;[32m and &amp#27;[0m&amp#27;[32m&amp#27;[1m1&amp#27;[0m&amp#27;[32m  in the graph page&amp#27;[0m &amp#27;[90m# dsAlgo_StepDefinition.KGraphPage_SD.The_user_select_all_option_and_Verifies_the_tryeditor_Page_with_the_Invalid_python_code_for_each_option_string_and_int_in_the_graph_page(java.lang.String,java.lang.String,java.lang.Integer)&amp#27;[0m
  &amp#27;[32mThen &amp#27;[0m&amp#27;[32muser should get the &amp#27;[0m&amp#27;[32m&amp#27;[1m"NameError: name 'prin' is not defined on line 1"&amp#27;[0m&amp#27;[32m on the screen&amp#27;[0m                                                                    &amp#27;[90m# dsAlgo_StepDefinition.KGraphPage_SD.user_should_get_the_erroroutput(java.lang.String)&amp#27;[0m
[INFO ]2023-07-18 05:40:03.599 [TestNG-tests-1]LoggerLoad-Test Success
]]></system-out>
  </testcase>
  <testcase name="runScenario[&quot;User checks each of the topics in Graph with invalid python code&quot;, &quot;Optional[user validates the Linked List Page]&quot;](127)" classname="dsAlgo_TestRunner.TestRunner" time="2.916">
    <system-out><![CDATA[[INFO ]2023-07-18 05:39:35.324 [TestNG-tests-1]LoggerLoad-inTestStart

@TreeTest
Scenario Outline: The user is able run code in tryEditor                                              &amp#27;[90m# src/test/resources/Features/JTreePage.feature:60&amp#27;[0m
  &amp#27;[32mGiven &amp#27;[0m&amp#27;[32muser clicks the Graph getstart link&amp#27;[0m                                                                                                                                   &amp#27;[90m# dsAlgo_StepDefinition.KGraphPage_SD.user_selects_the_linked_list_getstartitem()&amp#27;[0m
  &amp#27;[32mWhen &amp#27;[0m&amp#27;[32mThe user select all option &amp#27;[0m&amp#27;[32m&amp#27;[1m"Graph Representations"&amp#27;[0m&amp#27;[32m and Verifies the tryeditor Page with the Invalid python code for each option  &amp#27;[0m&amp#27;[32m&amp#27;[1m"pythoncode"&amp#27;[0m&amp#27;[32m and &amp#27;[0m&amp#27;[32m&amp#27;[1m1&amp#27;[0m&amp#27;[32m  in the graph page&amp#27;[0m &amp#27;[90m# dsAlgo_StepDefinition.KGraphPage_SD.The_user_select_all_option_and_Verifies_the_tryeditor_Page_with_the_Invalid_python_code_for_each_option_string_and_int_in_the_graph_page(java.lang.String,java.lang.String,java.lang.Integer)&amp#27;[0m
  &amp#27;[32mThen &amp#27;[0m&amp#27;[32muser should get the &amp#27;[0m&amp#27;[32m&amp#27;[1m"NameError: name 'prin' is not defined on line 1"&amp#27;[0m&amp#27;[32m on the screen&amp#27;[0m                                                                                    &amp#27;[90m# dsAlgo_StepDefinition.KGraphPage_SD.user_should_get_the_erroroutput(java.lang.String)&amp#27;[0m
[INFO ]2023-07-18 05:39:38.219 [TestNG-tests-2]LoggerLoad-Test Success
]]></system-out>
  </testcase>
  <testcase name="runScenario[&quot;User checks each of the topics in Graph with invalid python code&quot;, &quot;Optional[user validates the Linked List Page]&quot;](127)" classname="dsAlgo_TestRunner.TestRunner" time="1.789">
    <system-out><![CDATA[[INFO ]2023-07-18 05:40:03.607 [TestNG-tests-1]LoggerLoad-inTestStart

@LinkedListPage @invalidpythoncode
Scenario Outline: User checks each of the topics in Graph with invalid python code                                                                                            &amp#27;[90m# src/test/resources/Features/KGraphPage.feature:32&amp#27;[0m
  &amp#27;[32mGiven &amp#27;[0m&amp#27;[32muser clicks the Graph getstart link&amp#27;[0m                                                                                                                                   &amp#27;[90m# dsAlgo_StepDefinition.KGraphPage_SD.user_selects_the_linked_list_getstartitem()&amp#27;[0m
  &amp#27;[32mWhen &amp#27;[0m&amp#27;[32mThe user select all option &amp#27;[0m&amp#27;[32m&amp#27;[1m"Graph Representations"&amp#27;[0m&amp#27;[32m and Verifies the tryeditor Page with the Invalid python code for each option  &amp#27;[0m&amp#27;[32m&amp#27;[1m"pythoncode"&amp#27;[0m&amp#27;[32m and &amp#27;[0m&amp#27;[32m&amp#27;[1m1&amp#27;[0m&amp#27;[32m  in the graph page&amp#27;[0m &amp#27;[90m# dsAlgo_StepDefinition.KGraphPage_SD.The_user_select_all_option_and_Verifies_the_tryeditor_Page_with_the_Invalid_python_code_for_each_option_string_and_int_in_the_graph_page(java.lang.String,java.lang.String,java.lang.Integer)&amp#27;[0m
  &amp#27;[32mThen &amp#27;[0m&amp#27;[32muser should get the &amp#27;[0m&amp#27;[32m&amp#27;[1m"NameError: name 'prin' is not defined on line 1"&amp#27;[0m&amp#27;[32m on the screen&amp#27;[0m                                                                                    &amp#27;[90m# dsAlgo_StepDefinition.KGraphPage_SD.user_should_get_the_erroroutput(java.lang.String)&amp#27;[0m
[INFO ]2023-07-18 05:40:05.385 [TestNG-tests-1]LoggerLoad-Test Success
]]></system-out>
  </testcase>
</testsuite>