<?xml version="1.0" encoding="UTF-8"?>
<!-- Generated by org.testng.reporters.JUnitReportReporter -->
<testsuite hostname="suba-pc" failures="0" tests="254" name="dsAlgo_TestRunner.TestRunner" time="689.304" errors="0" timestamp="2023-07-16T07:27:21 EDT" skipped="0">
  <testcase classname="dsAlgo_TestRunner.TestRunner" name="runScenario" time="0.751"/>
  <system-out/>
  <testcase classname="dsAlgo_TestRunner.TestRunner" name="runScenario" time="1.979"/>
  <system-out/>
  <testcase classname="dsAlgo_TestRunner.TestRunner" name="runScenario" time="3.127"/>
  <system-out/>
  <testcase classname="dsAlgo_TestRunner.TestRunner" name="runScenario" time="2.990"/>
  <system-out/>
  <testcase classname="dsAlgo_TestRunner.TestRunner" name="runScenario" time="8.549"/>
  <system-out/>
  <testcase classname="dsAlgo_TestRunner.TestRunner" name="runScenario" time="4.054"/>
  <system-out/>
  <testcase classname="dsAlgo_TestRunner.TestRunner" name="runScenario" time="1.093"/>
  <system-out/>
  <testcase classname="dsAlgo_TestRunner.TestRunner" name="runScenario" time="0.660"/>
  <system-out/>
  <testcase classname="dsAlgo_TestRunner.TestRunner" name="runScenario" time="1.906"/>
  <system-out/>
  <testcase classname="dsAlgo_TestRunner.TestRunner" name="runScenario" time="3.037"/>
  <system-out/>
  <testcase classname="dsAlgo_TestRunner.TestRunner" name="runScenario" time="0.794"/>
  <system-out/>
  <testcase classname="dsAlgo_TestRunner.TestRunner" name="runScenario" time="0.849"/>
  <system-out/>
  <testcase classname="dsAlgo_TestRunner.TestRunner" name="runScenario" time="0.872"/>
  <system-out/>
  <testcase classname="dsAlgo_TestRunner.TestRunner" name="runScenario" time="3.227"/>
  <system-out/>
  <testcase classname="dsAlgo_TestRunner.TestRunner" name="runScenario" time="0.409"/>
  <system-out/>
  <testcase classname="dsAlgo_TestRunner.TestRunner" name="runScenario" time="0.615"/>
  <system-out/>
  <testcase classname="dsAlgo_TestRunner.TestRunner" name="runScenario" time="3.725"/>
  <system-out/>
  <testcase classname="dsAlgo_TestRunner.TestRunner" name="runScenario" time="3.382"/>
  <system-out/>
  <testcase classname="dsAlgo_TestRunner.TestRunner" name="runScenario" time="0.365"/>
  <system-out/>
  <testcase classname="dsAlgo_TestRunner.TestRunner" name="runScenario" time="6.882"/>
  <system-out/>
  <testcase classname="dsAlgo_TestRunner.TestRunner" name="runScenario" time="3.518"/>
  <system-out/>
  <testcase classname="dsAlgo_TestRunner.TestRunner" name="runScenario" time="3.179"/>
  <system-out/>
  <testcase classname="dsAlgo_TestRunner.TestRunner" name="runScenario" time="0.564"/>
  <system-out/>
  <testcase classname="dsAlgo_TestRunner.TestRunner" name="runScenario" time="3.248"/>
  <system-out/>
  <testcase classname="dsAlgo_TestRunner.TestRunner" name="runScenario" time="2.954"/>
  <system-out/>
  <testcase classname="dsAlgo_TestRunner.TestRunner" name="runScenario" time="3.105"/>
  <system-out/>
  <testcase classname="dsAlgo_TestRunner.TestRunner" name="runScenario" time="1.921"/>
  <system-out/>
  <testcase classname="dsAlgo_TestRunner.TestRunner" name="runScenario" time="3.387"/>
  <system-out/>
  <testcase classname="dsAlgo_TestRunner.TestRunner" name="runScenario" time="9.121"/>
  <system-out/>
  <testcase classname="dsAlgo_TestRunner.TestRunner" name="runScenario" time="2.855"/>
  <system-out/>
  <testcase classname="dsAlgo_TestRunner.TestRunner" name="runScenario" time="1.799"/>
  <system-out/>
  <testcase classname="dsAlgo_TestRunner.TestRunner" name="runScenario" time="0.971"/>
  <system-out/>
  <testcase classname="dsAlgo_TestRunner.TestRunner" name="runScenario" time="7.735"/>
  <system-out/>
  <testcase classname="dsAlgo_TestRunner.TestRunner" name="runScenario" time="3.653"/>
  <system-out/>
  <testcase classname="dsAlgo_TestRunner.TestRunner" name="runScenario" time="3.054"/>
  <system-out/>
  <testcase classname="dsAlgo_TestRunner.TestRunner" name="runScenario" time="1.304"/>
  <system-out/>
  <testcase classname="dsAlgo_TestRunner.TestRunner" name="runScenario" time="19.910"/>
  <system-out/>
  <testcase classname="dsAlgo_TestRunner.TestRunner" name="runScenario" time="2.748"/>
  <system-out/>
  <testcase classname="dsAlgo_TestRunner.TestRunner" name="runScenario" time="0.320"/>
  <system-out/>
  <testcase classname="dsAlgo_TestRunner.TestRunner" name="runScenario" time="1.202"/>
  <system-out/>
  <testcase classname="dsAlgo_TestRunner.TestRunner" name="runScenario" time="3.232"/>
  <system-out/>
  <testcase classname="dsAlgo_TestRunner.TestRunner" name="runScenario" time="2.836"/>
  <system-out/>
  <testcase classname="dsAlgo_TestRunner.TestRunner" name="runScenario" time="2.018"/>
  <system-out/>
  <testcase classname="dsAlgo_TestRunner.TestRunner" name="runScenario" time="0.608"/>
  <system-out/>
  <testcase classname="dsAlgo_TestRunner.TestRunner" name="runScenario" time="0.724"/>
  <system-out/>
  <testcase classname="dsAlgo_TestRunner.TestRunner" name="runScenario" time="3.156"/>
  <system-out/>
  <testcase classname="dsAlgo_TestRunner.TestRunner" name="runScenario" time="0.593"/>
  <system-out/>
  <testcase classname="dsAlgo_TestRunner.TestRunner" name="runScenario" time="6.899"/>
  <system-out/>
  <testcase classname="dsAlgo_TestRunner.TestRunner" name="runScenario" time="0.885"/>
  <system-out/>
  <testcase classname="dsAlgo_TestRunner.TestRunner" name="runScenario" time="5.026"/>
  <system-out/>
  <testcase classname="dsAlgo_TestRunner.TestRunner" name="runScenario" time="2.198"/>
  <system-out/>
  <testcase classname="dsAlgo_TestRunner.TestRunner" name="runScenario" time="12.268"/>
  <system-out/>
  <testcase classname="dsAlgo_TestRunner.TestRunner" name="runScenario" time="3.606"/>
  <system-out/>
  <testcase classname="dsAlgo_TestRunner.TestRunner" name="runScenario" time="4.636"/>
  <system-out/>
  <testcase classname="dsAlgo_TestRunner.TestRunner" name="runScenario" time="1.985"/>
  <system-out/>
  <testcase classname="dsAlgo_TestRunner.TestRunner" name="runScenario" time="3.171"/>
  <system-out/>
  <testcase classname="dsAlgo_TestRunner.TestRunner" name="runScenario" time="0.469"/>
  <system-out/>
  <testcase classname="dsAlgo_TestRunner.TestRunner" name="runScenario" time="4.218"/>
  <system-out/>
  <testcase classname="dsAlgo_TestRunner.TestRunner" name="runScenario" time="2.197"/>
  <system-out/>
  <testcase classname="dsAlgo_TestRunner.TestRunner" name="runScenario" time="2.675"/>
  <system-out/>
  <testcase classname="dsAlgo_TestRunner.TestRunner" name="runScenario" time="7.647"/>
  <system-out/>
  <testcase classname="dsAlgo_TestRunner.TestRunner" name="runScenario" time="0.722"/>
  <system-out/>
  <testcase classname="dsAlgo_TestRunner.TestRunner" name="runScenario" time="1.830"/>
  <system-out/>
  <testcase classname="dsAlgo_TestRunner.TestRunner" name="runScenario" time="1.143"/>
  <system-out/>
  <testcase classname="dsAlgo_TestRunner.TestRunner" name="runScenario" time="3.014"/>
  <system-out/>
  <testcase classname="dsAlgo_TestRunner.TestRunner" name="runScenario" time="3.011"/>
  <system-out/>
  <testcase classname="dsAlgo_TestRunner.TestRunner" name="runScenario" time="1.517"/>
  <system-out/>
  <testcase classname="dsAlgo_TestRunner.TestRunner" name="runScenario" time="0.650"/>
  <system-out/>
  <testcase classname="dsAlgo_TestRunner.TestRunner" name="runScenario" time="3.371"/>
  <system-out/>
  <testcase classname="dsAlgo_TestRunner.TestRunner" name="runScenario" time="3.056"/>
  <system-out/>
  <testcase classname="dsAlgo_TestRunner.TestRunner" name="runScenario" time="5.459"/>
  <system-out/>
  <testcase classname="dsAlgo_TestRunner.TestRunner" name="runScenario" time="3.048"/>
  <system-out/>
  <testcase classname="dsAlgo_TestRunner.TestRunner" name="runScenario" time="3.122"/>
  <system-out/>
  <testcase classname="dsAlgo_TestRunner.TestRunner" name="runScenario" time="3.410"/>
  <system-out/>
  <testcase classname="dsAlgo_TestRunner.TestRunner" name="runScenario" time="4.229"/>
  <system-out/>
  <testcase classname="dsAlgo_TestRunner.TestRunner" name="runScenario" time="3.157"/>
  <system-out/>
  <testcase classname="dsAlgo_TestRunner.TestRunner" name="runScenario" time="3.996"/>
  <system-out/>
  <testcase classname="dsAlgo_TestRunner.TestRunner" name="runScenario" time="0.597"/>
  <system-out/>
  <testcase classname="dsAlgo_TestRunner.TestRunner" name="runScenario" time="2.288"/>
  <system-out/>
  <testcase classname="dsAlgo_TestRunner.TestRunner" name="runScenario" time="4.842"/>
  <system-out/>
  <testcase classname="dsAlgo_TestRunner.TestRunner" name="runScenario" time="2.763"/>
  <system-out/>
  <testcase classname="dsAlgo_TestRunner.TestRunner" name="runScenario" time="0.718"/>
  <system-out/>
  <testcase classname="dsAlgo_TestRunner.TestRunner" name="runScenario" time="4.894"/>
  <system-out/>
  <testcase classname="dsAlgo_TestRunner.TestRunner" name="runScenario" time="6.980"/>
  <system-out/>
  <testcase classname="dsAlgo_TestRunner.TestRunner" name="runScenario" time="3.641"/>
  <system-out/>
  <testcase classname="dsAlgo_TestRunner.TestRunner" name="runScenario" time="3.268"/>
  <system-out/>
  <testcase classname="dsAlgo_TestRunner.TestRunner" name="runScenario" time="6.329"/>
  <system-out/>
  <testcase classname="dsAlgo_TestRunner.TestRunner" name="runScenario" time="0.952"/>
  <system-out/>
  <testcase classname="dsAlgo_TestRunner.TestRunner" name="runScenario" time="0.588"/>
  <system-out/>
  <testcase classname="dsAlgo_TestRunner.TestRunner" name="runScenario" time="0.744"/>
  <system-out/>
  <testcase classname="dsAlgo_TestRunner.TestRunner" name="runScenario" time="3.211"/>
  <system-out/>
  <testcase classname="dsAlgo_TestRunner.TestRunner" name="runScenario" time="0.395"/>
  <system-out/>
  <testcase classname="dsAlgo_TestRunner.TestRunner" name="runScenario" time="3.554"/>
  <system-out/>
  <testcase classname="dsAlgo_TestRunner.TestRunner" name="runScenario" time="0.377"/>
  <system-out/>
  <testcase classname="dsAlgo_TestRunner.TestRunner" name="runScenario" time="1.996"/>
  <system-out/>
  <testcase classname="dsAlgo_TestRunner.TestRunner" name="runScenario" time="3.166"/>
  <system-out/>
  <testcase classname="dsAlgo_TestRunner.TestRunner" name="runScenario" time="0.408"/>
  <system-out/>
  <testcase classname="dsAlgo_TestRunner.TestRunner" name="runScenario" time="0.379"/>
  <system-out/>
  <testcase classname="dsAlgo_TestRunner.TestRunner" name="runScenario" time="3.432"/>
  <system-out/>
  <testcase classname="dsAlgo_TestRunner.TestRunner" name="runScenario" time="3.126"/>
  <system-out/>
  <testcase classname="dsAlgo_TestRunner.TestRunner" name="runScenario" time="3.646"/>
  <system-out/>
  <testcase classname="dsAlgo_TestRunner.TestRunner" name="runScenario" time="3.523"/>
  <system-out/>
  <testcase classname="dsAlgo_TestRunner.TestRunner" name="runScenario" time="0.586"/>
  <system-out/>
  <testcase classname="dsAlgo_TestRunner.TestRunner" name="runScenario" time="0.371"/>
  <system-out/>
  <testcase classname="dsAlgo_TestRunner.TestRunner" name="runScenario" time="7.176"/>
  <system-out/>
  <testcase classname="dsAlgo_TestRunner.TestRunner" name="runScenario" time="3.258"/>
  <system-out/>
  <testcase classname="dsAlgo_TestRunner.TestRunner" name="runScenario" time="0.355"/>
  <system-out/>
  <testcase classname="dsAlgo_TestRunner.TestRunner" name="runScenario" time="0.886"/>
  <system-out/>
  <testcase classname="dsAlgo_TestRunner.TestRunner" name="runScenario" time="2.304"/>
  <system-out/>
  <testcase classname="dsAlgo_TestRunner.TestRunner" name="runScenario" time="0.573"/>
  <system-out/>
  <testcase classname="dsAlgo_TestRunner.TestRunner" name="runScenario" time="7.507"/>
  <system-out/>
  <testcase classname="dsAlgo_TestRunner.TestRunner" name="runScenario" time="2.889"/>
  <system-out/>
  <testcase classname="dsAlgo_TestRunner.TestRunner" name="runScenario" time="0.593"/>
  <system-out/>
  <testcase classname="dsAlgo_TestRunner.TestRunner" name="runScenario" time="3.940"/>
  <system-out/>
  <testcase classname="dsAlgo_TestRunner.TestRunner" name="runScenario" time="2.872"/>
  <system-out/>
  <testcase classname="dsAlgo_TestRunner.TestRunner" name="runScenario" time="3.116"/>
  <system-out/>
  <testcase classname="dsAlgo_TestRunner.TestRunner" name="runScenario" time="0.674"/>
  <system-out/>
  <testcase classname="dsAlgo_TestRunner.TestRunner" name="runScenario" time="0.609"/>
  <system-out/>
  <testcase classname="dsAlgo_TestRunner.TestRunner" name="runScenario" time="0.904"/>
  <system-out/>
  <testcase classname="dsAlgo_TestRunner.TestRunner" name="runScenario" time="2.858"/>
  <system-out/>
  <testcase classname="dsAlgo_TestRunner.TestRunner" name="runScenario" time="3.799"/>
  <system-out/>
  <testcase classname="dsAlgo_TestRunner.TestRunner" name="runScenario" time="3.730"/>
  <system-out/>
  <testcase classname="dsAlgo_TestRunner.TestRunner" name="runScenario" time="1.089"/>
  <system-out/>
  <testcase classname="dsAlgo_TestRunner.TestRunner" name="runScenario" time="0.913"/>
  <system-out/>
  <testcase classname="dsAlgo_TestRunner.TestRunner" name="runScenario" time="3.707"/>
  <system-out/>
  <testcase classname="dsAlgo_TestRunner.TestRunner" name="runScenario" time="2.421"/>
  <system-out/>
  <testcase classname="dsAlgo_TestRunner.TestRunner" name="runScenario" time="1.856"/>
  <system-out/>
  <testcase classname="dsAlgo_TestRunner.TestRunner" name="runScenario" time="2.722"/>
  <system-out/>
  <testcase classname="dsAlgo_TestRunner.TestRunner" name="runScenario" time="2.918"/>
  <system-out/>
  <testcase classname="dsAlgo_TestRunner.TestRunner" name="runScenario" time="2.405"/>
  <system-out/>
  <testcase classname="dsAlgo_TestRunner.TestRunner" name="runScenario" time="0.704"/>
  <system-out/>
  <testcase classname="dsAlgo_TestRunner.TestRunner" name="runScenario" time="2.966"/>
  <system-out/>
  <testcase classname="dsAlgo_TestRunner.TestRunner" name="runScenario" time="3.725"/>
  <system-out/>
  <testcase classname="dsAlgo_TestRunner.TestRunner" name="runScenario" time="0.607"/>
  <system-out/>
  <testcase classname="dsAlgo_TestRunner.TestRunner" name="runScenario" time="3.444"/>
  <system-out/>
  <testcase classname="dsAlgo_TestRunner.TestRunner" name="runScenario" time="0.740"/>
  <system-out/>
  <testcase classname="dsAlgo_TestRunner.TestRunner" name="runScenario" time="3.512"/>
  <system-out/>
  <testcase classname="dsAlgo_TestRunner.TestRunner" name="runScenario" time="2.731"/>
  <system-out/>
  <testcase classname="dsAlgo_TestRunner.TestRunner" name="runScenario" time="0.348"/>
  <system-out/>
  <testcase classname="dsAlgo_TestRunner.TestRunner" name="runScenario" time="2.854"/>
  <system-out/>
  <testcase classname="dsAlgo_TestRunner.TestRunner" name="runScenario" time="6.672"/>
  <system-out/>
  <testcase classname="dsAlgo_TestRunner.TestRunner" name="runScenario" time="2.939"/>
  <system-out/>
  <testcase classname="dsAlgo_TestRunner.TestRunner" name="runScenario" time="2.683"/>
  <system-out/>
  <testcase classname="dsAlgo_TestRunner.TestRunner" name="runScenario" time="0.370"/>
  <system-out/>
  <testcase classname="dsAlgo_TestRunner.TestRunner" name="runScenario" time="2.974"/>
  <system-out/>
  <testcase classname="dsAlgo_TestRunner.TestRunner" name="runScenario" time="0.368"/>
  <system-out/>
  <testcase classname="dsAlgo_TestRunner.TestRunner" name="runScenario" time="3.926"/>
  <system-out/>
  <testcase classname="dsAlgo_TestRunner.TestRunner" name="runScenario" time="0.516"/>
  <system-out/>
  <testcase classname="dsAlgo_TestRunner.TestRunner" name="runScenario" time="0.597"/>
  <system-out/>
  <testcase classname="dsAlgo_TestRunner.TestRunner" name="runScenario" time="3.341"/>
  <system-out/>
  <testcase classname="dsAlgo_TestRunner.TestRunner" name="runScenario" time="3.085"/>
  <system-out/>
  <testcase classname="dsAlgo_TestRunner.TestRunner" name="runScenario" time="3.262"/>
  <system-out/>
  <testcase classname="dsAlgo_TestRunner.TestRunner" name="runScenario" time="2.108"/>
  <system-out/>
  <testcase classname="dsAlgo_TestRunner.TestRunner" name="runScenario" time="0.410"/>
  <system-out/>
  <testcase classname="dsAlgo_TestRunner.TestRunner" name="runScenario" time="1.965"/>
  <system-out/>
  <testcase classname="dsAlgo_TestRunner.TestRunner" name="runScenario" time="0.395"/>
  <system-out/>
  <testcase classname="dsAlgo_TestRunner.TestRunner" name="runScenario" time="0.382"/>
  <system-out/>
  <testcase classname="dsAlgo_TestRunner.TestRunner" name="runScenario" time="3.807"/>
  <system-out/>
  <testcase classname="dsAlgo_TestRunner.TestRunner" name="runScenario" time="0.669"/>
  <system-out/>
  <testcase classname="dsAlgo_TestRunner.TestRunner" name="runScenario" time="2.467"/>
  <system-out/>
  <testcase classname="dsAlgo_TestRunner.TestRunner" name="runScenario" time="0.499"/>
  <system-out/>
  <testcase classname="dsAlgo_TestRunner.TestRunner" name="runScenario" time="0.709"/>
  <system-out/>
  <testcase classname="dsAlgo_TestRunner.TestRunner" name="runScenario" time="0.740"/>
  <system-out/>
  <testcase classname="dsAlgo_TestRunner.TestRunner" name="runScenario" time="1.020"/>
  <system-out/>
  <testcase classname="dsAlgo_TestRunner.TestRunner" name="runScenario" time="0.662"/>
  <system-out/>
  <testcase classname="dsAlgo_TestRunner.TestRunner" name="runScenario" time="1.892"/>
  <system-out/>
  <testcase classname="dsAlgo_TestRunner.TestRunner" name="runScenario" time="3.185"/>
  <system-out/>
  <testcase classname="dsAlgo_TestRunner.TestRunner" name="runScenario" time="3.595"/>
  <system-out/>
  <testcase classname="dsAlgo_TestRunner.TestRunner" name="runScenario" time="0.571"/>
  <system-out/>
  <testcase classname="dsAlgo_TestRunner.TestRunner" name="runScenario" time="2.536"/>
  <system-out/>
  <testcase classname="dsAlgo_TestRunner.TestRunner" name="runScenario" time="3.700"/>
  <system-out/>
  <testcase classname="dsAlgo_TestRunner.TestRunner" name="runScenario" time="0.586"/>
  <system-out/>
  <testcase classname="dsAlgo_TestRunner.TestRunner" name="runScenario" time="6.874"/>
  <system-out/>
  <testcase classname="dsAlgo_TestRunner.TestRunner" name="runScenario" time="2.198"/>
  <system-out/>
  <testcase classname="dsAlgo_TestRunner.TestRunner" name="runScenario" time="2.138"/>
  <system-out/>
  <testcase classname="dsAlgo_TestRunner.TestRunner" name="runScenario" time="0.561"/>
  <system-out/>
  <testcase classname="dsAlgo_TestRunner.TestRunner" name="runScenario" time="2.212"/>
  <system-out/>
  <testcase classname="dsAlgo_TestRunner.TestRunner" name="runScenario" time="2.365"/>
  <system-out/>
  <testcase classname="dsAlgo_TestRunner.TestRunner" name="runScenario" time="2.907"/>
  <system-out/>
  <testcase classname="dsAlgo_TestRunner.TestRunner" name="runScenario" time="3.966"/>
  <system-out/>
  <testcase classname="dsAlgo_TestRunner.TestRunner" name="runScenario" time="0.855"/>
  <system-out/>
  <testcase classname="dsAlgo_TestRunner.TestRunner" name="runScenario" time="0.682"/>
  <system-out/>
  <testcase classname="dsAlgo_TestRunner.TestRunner" name="runScenario" time="2.618"/>
  <system-out/>
  <testcase classname="dsAlgo_TestRunner.TestRunner" name="runScenario" time="0.675"/>
  <system-out/>
  <testcase classname="dsAlgo_TestRunner.TestRunner" name="runScenario" time="3.935"/>
  <system-out/>
  <testcase classname="dsAlgo_TestRunner.TestRunner" name="runScenario" time="4.090"/>
  <system-out/>
  <testcase classname="dsAlgo_TestRunner.TestRunner" name="runScenario" time="2.640"/>
  <system-out/>
  <testcase classname="dsAlgo_TestRunner.TestRunner" name="runScenario" time="3.426"/>
  <system-out/>
  <testcase classname="dsAlgo_TestRunner.TestRunner" name="runScenario" time="0.701"/>
  <system-out/>
  <testcase classname="dsAlgo_TestRunner.TestRunner" name="runScenario" time="0.647"/>
  <system-out/>
  <testcase classname="dsAlgo_TestRunner.TestRunner" name="runScenario" time="0.373"/>
  <system-out/>
  <testcase classname="dsAlgo_TestRunner.TestRunner" name="runScenario" time="3.505"/>
  <system-out/>
  <testcase classname="dsAlgo_TestRunner.TestRunner" name="runScenario" time="0.350"/>
  <system-out/>
  <testcase classname="dsAlgo_TestRunner.TestRunner" name="runScenario" time="5.789"/>
  <system-out/>
  <testcase classname="dsAlgo_TestRunner.TestRunner" name="runScenario" time="0.703"/>
  <system-out/>
  <testcase classname="dsAlgo_TestRunner.TestRunner" name="runScenario" time="1.379"/>
  <system-out/>
  <testcase classname="dsAlgo_TestRunner.TestRunner" name="runScenario" time="3.234"/>
  <system-out/>
  <testcase classname="dsAlgo_TestRunner.TestRunner" name="runScenario" time="0.613"/>
  <system-out/>
  <testcase classname="dsAlgo_TestRunner.TestRunner" name="runScenario" time="3.958"/>
  <system-out/>
  <testcase classname="dsAlgo_TestRunner.TestRunner" name="runScenario" time="2.049"/>
  <system-out/>
  <testcase classname="dsAlgo_TestRunner.TestRunner" name="runScenario" time="3.273"/>
  <system-out/>
  <testcase classname="dsAlgo_TestRunner.TestRunner" name="runScenario" time="3.159"/>
  <system-out/>
  <testcase classname="dsAlgo_TestRunner.TestRunner" name="runScenario" time="0.492"/>
  <system-out/>
  <testcase classname="dsAlgo_TestRunner.TestRunner" name="runScenario" time="7.460"/>
  <system-out/>
  <testcase classname="dsAlgo_TestRunner.TestRunner" name="runScenario" time="7.869"/>
  <system-out/>
  <testcase classname="dsAlgo_TestRunner.TestRunner" name="runScenario" time="7.084"/>
  <system-out/>
  <testcase classname="dsAlgo_TestRunner.TestRunner" name="runScenario" time="1.181"/>
  <system-out/>
  <testcase classname="dsAlgo_TestRunner.TestRunner" name="runScenario" time="3.322"/>
  <system-out/>
  <testcase classname="dsAlgo_TestRunner.TestRunner" name="runScenario" time="2.807"/>
  <system-out/>
  <testcase classname="dsAlgo_TestRunner.TestRunner" name="runScenario" time="2.939"/>
  <system-out/>
  <testcase classname="dsAlgo_TestRunner.TestRunner" name="runScenario" time="3.584"/>
  <system-out/>
  <testcase classname="dsAlgo_TestRunner.TestRunner" name="runScenario" time="0.373"/>
  <system-out/>
  <testcase classname="dsAlgo_TestRunner.TestRunner" name="runScenario" time="7.416"/>
  <system-out/>
  <testcase classname="dsAlgo_TestRunner.TestRunner" name="runScenario" time="3.674"/>
  <system-out/>
  <testcase classname="dsAlgo_TestRunner.TestRunner" name="runScenario" time="2.536"/>
  <system-out/>
  <testcase classname="dsAlgo_TestRunner.TestRunner" name="runScenario" time="4.484"/>
  <system-out/>
  <testcase classname="dsAlgo_TestRunner.TestRunner" name="runScenario" time="0.663"/>
  <system-out/>
  <testcase classname="dsAlgo_TestRunner.TestRunner" name="runScenario" time="0.480"/>
  <system-out/>
  <testcase classname="dsAlgo_TestRunner.TestRunner" name="runScenario" time="3.114"/>
  <system-out/>
  <testcase classname="dsAlgo_TestRunner.TestRunner" name="runScenario" time="3.125"/>
  <system-out/>
  <testcase classname="dsAlgo_TestRunner.TestRunner" name="runScenario" time="0.625"/>
  <system-out/>
  <testcase classname="dsAlgo_TestRunner.TestRunner" name="runScenario" time="7.803"/>
  <system-out/>
  <testcase classname="dsAlgo_TestRunner.TestRunner" name="runScenario" time="7.569"/>
  <system-out/>
  <testcase classname="dsAlgo_TestRunner.TestRunner" name="runScenario" time="2.905"/>
  <system-out/>
  <testcase classname="dsAlgo_TestRunner.TestRunner" name="runScenario" time="2.924"/>
  <system-out/>
  <testcase classname="dsAlgo_TestRunner.TestRunner" name="runScenario" time="0.854"/>
  <system-out/>
  <testcase classname="dsAlgo_TestRunner.TestRunner" name="runScenario" time="2.887"/>
  <system-out/>
  <testcase classname="dsAlgo_TestRunner.TestRunner" name="runScenario" time="4.039"/>
  <system-out/>
  <testcase classname="dsAlgo_TestRunner.TestRunner" name="runScenario" time="2.853"/>
  <system-out/>
  <testcase classname="dsAlgo_TestRunner.TestRunner" name="runScenario" time="0.369"/>
  <system-out/>
  <testcase classname="dsAlgo_TestRunner.TestRunner" name="runScenario" time="3.086"/>
  <system-out/>
  <testcase classname="dsAlgo_TestRunner.TestRunner" name="runScenario" time="1.988"/>
  <system-out/>
  <testcase classname="dsAlgo_TestRunner.TestRunner" name="runScenario" time="2.343"/>
  <system-out/>
  <testcase classname="dsAlgo_TestRunner.TestRunner" name="runScenario" time="3.229"/>
  <system-out/>
  <testcase classname="dsAlgo_TestRunner.TestRunner" name="runScenario" time="0.793"/>
  <system-out/>
  <testcase classname="dsAlgo_TestRunner.TestRunner" name="runScenario" time="0.534"/>
  <system-out/>
  <testcase classname="dsAlgo_TestRunner.TestRunner" name="runScenario" time="1.922"/>
  <system-out/>
  <testcase classname="dsAlgo_TestRunner.TestRunner" name="runScenario" time="3.091"/>
  <system-out/>
  <testcase classname="dsAlgo_TestRunner.TestRunner" name="runScenario" time="4.061"/>
  <system-out/>
  <testcase classname="dsAlgo_TestRunner.TestRunner" name="runScenario" time="2.737"/>
  <system-out/>
  <testcase classname="dsAlgo_TestRunner.TestRunner" name="runScenario" time="0.710"/>
  <system-out/>
  <testcase classname="dsAlgo_TestRunner.TestRunner" name="runScenario" time="0.438"/>
  <system-out/>
  <testcase classname="dsAlgo_TestRunner.TestRunner" name="runScenario" time="0.700"/>
  <system-out/>
  <testcase classname="dsAlgo_TestRunner.TestRunner" name="runScenario" time="3.061"/>
  <system-out/>
  <testcase classname="dsAlgo_TestRunner.TestRunner" name="runScenario" time="0.627"/>
  <system-out/>
  <testcase classname="dsAlgo_TestRunner.TestRunner" name="runScenario" time="7.569"/>
  <system-out/>
  <testcase classname="dsAlgo_TestRunner.TestRunner" name="runScenario" time="0.364"/>
  <system-out/>
  <testcase classname="dsAlgo_TestRunner.TestRunner" name="runScenario" time="6.867"/>
  <system-out/>
  <testcase classname="dsAlgo_TestRunner.TestRunner" name="runScenario" time="2.771"/>
  <system-out/>
  <testcase classname="dsAlgo_TestRunner.TestRunner" name="runScenario" time="3.495"/>
  <system-out/>
  <testcase classname="dsAlgo_TestRunner.TestRunner" name="runScenario" time="0.346"/>
  <system-out/>
  <testcase classname="dsAlgo_TestRunner.TestRunner" name="runScenario" time="8.608"/>
  <system-out/>
  <testcase classname="dsAlgo_TestRunner.TestRunner" name="runScenario" time="3.434"/>
  <system-out/>
  <testcase classname="dsAlgo_TestRunner.TestRunner" name="runScenario" time="0.518"/>
  <system-out/>
</testsuite> <!-- dsAlgo_TestRunner.TestRunner -->
